#
# A fatal error has been detected by the Java Runtime Environment:
#
#  EXCEPTION_ACCESS_VIOLATION (0xc0000005) at pc=0x00000000601ec2a4, pid=5236, tid=0x00000000000016fc
#
# JRE version: Java(TM) SE Runtime Environment (8.0_111-b14) (build 1.8.0_111-b14)
# Java VM: Java HotSpot(TM) 64-Bit Server VM (25.111-b14 mixed mode windows-amd64 compressed oops)
# Problematic frame:
# C  [ig75icd64.dll+0x43c2a4]
#
# Failed to write core dump. Minidumps are not enabled by default on client versions of Windows
#
# If you would like to submit a bug report, please visit:
#   http://bugreport.java.com/bugreport/crash.jsp
# The crash happened outside the Java Virtual Machine in native code.
# See problematic frame for where to report the bug.
#

---------------  T H R E A D  ---------------

Current thread (0x0000000059f67800):  JavaThread "Thread-20" [_thread_in_native, id=5884, stack(0x000000005fcb0000,0x000000005fdb0000)]

siginfo: ExceptionCode=0xc0000005, writing address 0x0000000002645000

Registers:
RAX=0x0001a60178240000, RBX=0x0000000000000028, RCX=0x0000000002645000, RDX=0x0000000060b71e60
RSP=0x000000005fdae4e8, RBP=0x000000005fdae5f0, RSI=0x0000000000000008, RDI=0x0000000060b71e60
R8 =0x0000000000000008, R9 =0x000000005fdb0000, R10=0x0000000002645000, R11=0x0000000002645000
R12=0x0000000060b71090, R13=0x0000000060b71080, R14=0x0000000060a8f540, R15=0x0000000060af6860
RIP=0x00000000601ec2a4, EFLAGS=0x0000000000010202

Top of Stack: (sp=0x000000005fdae4e8)
0x000000005fdae4e8:   000000005ffd305b 0000000000000000
0x000000005fdae4f8:   000000005fdae5f0 0000000060b71190
0x000000005fdae508:   0000000060b6a500 0000000060b67780
0x000000005fdae518:   0000000000000028 0000000060b66748
0x000000005fdae528:   0000000000000000 0000000060b66748
0x000000005fdae538:   0000000000000000 010000027a000003
0x000000005fdae548:   0000000000000000 0000000000000000
0x000000005fdae558:   0000000000000001 0000000000000000
0x000000005fdae568:   0000000100000001 0000000063eb3b30
0x000000005fdae578:   0000000000000000 0000000060b65cb0
0x000000005fdae588:   000007fefbc51445 000000005f5553e0
0x000000005fdae598:   000000005fdae6c0 0000000000000000
0x000000005fdae5a8:   000000005d17e7f0 0000000063d4b550
0x000000005fdae5b8:   0000000000000000 0000000060b65cb0
0x000000005fdae5c8:   0000000060b65cb0 0000000000000000
0x000000005fdae5d8:   0000000063d4c070 0000000000000000 

Instructions: (pc=0x00000000601ec2a4)
0x00000000601ec284:   c3 48 0f b6 02 48 0f b7 4a 01 8b 52 03 41 88 02
0x00000000601ec294:   66 41 89 4a 01 41 89 52 03 49 8b c3 c3 48 8b 02
0x00000000601ec2a4:   49 89 02 49 8b c3 c3 48 0f b6 02 48 8b 4a 01 41
0x00000000601ec2b4:   88 02 49 89 4a 01 49 8b c3 c3 48 0f b7 02 48 8b 


Register to memory mapping:

RAX=0x0001a60178240000 is an unknown value
RBX=0x0000000000000028 is an unknown value
RCX=0x0000000002645000 is an unknown value
RDX=0x0000000060b71e60 is an unknown value
RSP=0x000000005fdae4e8 is pointing into the stack for thread: 0x0000000059f67800
RBP=0x000000005fdae5f0 is pointing into the stack for thread: 0x0000000059f67800
RSI=0x0000000000000008 is an unknown value
RDI=0x0000000060b71e60 is an unknown value
R8 =0x0000000000000008 is an unknown value
R9 =0x000000005fdb0000 is pointing into the stack for thread: 0x0000000059f67800
R10=0x0000000002645000 is an unknown value
R11=0x0000000002645000 is an unknown value
R12=0x0000000060b71090 is an unknown value
R13=0x0000000060b71080 is an unknown value
R14=0x0000000060a8f540 is an unknown value
R15=0x0000000060af6860 is an unknown value


Stack: [0x000000005fcb0000,0x000000005fdb0000],  sp=0x000000005fdae4e8,  free space=1017k
Native frames: (J=compiled Java code, j=interpreted, Vv=VM code, C=native code)
C  [ig75icd64.dll+0x43c2a4]
C  [ig75icd64.dll+0x22305b]
C  [ig75icd64.dll+0x58f6a]
C  [ig75icd64.dll+0x251195]
C  [ig75icd64.dll+0x7c731]
C  [ig75icd64.dll+0x14ecf0]
C  [ig75icd64.dll+0x14ee51]
C  [ig75icd64.dll+0x150871]
C  0x0000000002a47f54

Java frames: (J=compiled Java code, j=interpreted, Vv=VM code)
j  org.lwjgl.opengl.GL11.nglDrawElementsBO(IIIJJ)V+0
j  org.lwjgl.opengl.GL11.glDrawElements(IIIJ)V+28
j  renderEngine.TerrainRenderer.renderL(LrenderEngine/terrains/Terrain;Ljava/util/ArrayList;FZLrenderEngine/shadowsMapping/ShadowFrameBuffer;Lorg/lwjgl/util/vector/Matrix4f;Lorg/lwjgl/util/vector/Matrix4f;)V+78
j  renderEngine.MasterRenderer.render(Ljava/util/List;LrenderEngine/entities/Camera;Ljava/awt/image/BufferedImage;LrenderEngine/entities/Light;Ljava/util/ArrayList;Lorg/lwjgl/util/vector/Vector4f;FZZZLrenderEngine/shadowsMapping/ShadowFrameBuffer;LrenderEngine/sea/SeaFrameBuffers;Lorg/lwjgl/util/vector/Matrix4f;Lorg/lwjgl/util/vector/Matrix4f;)V+160
j  renderEngine.renderMain.run()V+688
j  java.lang.Thread.run()V+11
v  ~StubRoutines::call_stub

---------------  P R O C E S S  ---------------

Java Threads: ( => current thread )
  0x0000000059f5d000 JavaThread "LWJGL Timer" daemon [_thread_blocked, id=5756, stack(0x0000000065fe0000,0x00000000660e0000)]
=>0x0000000059f67800 JavaThread "Thread-20" [_thread_in_native, id=5884, stack(0x000000005fcb0000,0x000000005fdb0000)]
  0x0000000059f64800 JavaThread "LIVING-7" [_thread_blocked, id=5388, stack(0x000000005e940000,0x000000005ea40000)]
  0x0000000059f60800 JavaThread "DestroyJavaVM" [_thread_blocked, id=1224, stack(0x0000000002660000,0x0000000002760000)]
  0x0000000059f60000 JavaThread "LIVING-2" daemon [_thread_blocked, id=6104, stack(0x000000005ee70000,0x000000005ef70000)]
  0x0000000059f5f000 JavaThread "LIVING-1" daemon [_thread_blocked, id=5824, stack(0x000000005ed30000,0x000000005ee30000)]
  0x0000000059f5d800 JavaThread "TimerQueue" daemon [_thread_blocked, id=5924, stack(0x000000005d870000,0x000000005d970000)]
  0x0000000059f46800 JavaThread "Swing-Shell" daemon [_thread_blocked, id=1636, stack(0x000000005cf90000,0x000000005d090000)]
  0x0000000059de9800 JavaThread "AWT-EventQueue-0" [_thread_in_native, id=4244, stack(0x000000005a670000,0x000000005a770000)]
  0x0000000059d1c800 JavaThread "AWT-Windows" daemon [_thread_in_native, id=5740, stack(0x000000005a8c0000,0x000000005a9c0000)]
  0x0000000059d14000 JavaThread "AWT-Shutdown" [_thread_blocked, id=4940, stack(0x000000005a770000,0x000000005a870000)]
  0x0000000059d04800 JavaThread "Java2D Disposer" daemon [_thread_blocked, id=4196, stack(0x000000005a550000,0x000000005a650000)]
  0x0000000058f86800 JavaThread "Service Thread" daemon [_thread_blocked, id=1404, stack(0x0000000058c80000,0x0000000058d80000)]
  0x0000000058f11800 JavaThread "C1 CompilerThread2" daemon [_thread_blocked, id=5564, stack(0x00000000594e0000,0x00000000595e0000)]
  0x0000000058f10800 JavaThread "C2 CompilerThread1" daemon [_thread_blocked, id=2040, stack(0x00000000593a0000,0x00000000594a0000)]
  0x0000000057816800 JavaThread "C2 CompilerThread0" daemon [_thread_blocked, id=2904, stack(0x0000000058e10000,0x0000000058f10000)]
  0x0000000057814000 JavaThread "Attach Listener" daemon [_thread_blocked, id=5508, stack(0x0000000058b50000,0x0000000058c50000)]
  0x0000000057811000 JavaThread "Signal Dispatcher" daemon [_thread_blocked, id=2304, stack(0x0000000058610000,0x0000000058710000)]
  0x00000000577f9000 JavaThread "Finalizer" daemon [_thread_blocked, id=3776, stack(0x0000000058a00000,0x0000000058b00000)]
  0x00000000577b1800 JavaThread "Reference Handler" daemon [_thread_blocked, id=5632, stack(0x00000000588b0000,0x00000000589b0000)]

Other Threads:
  0x00000000577aa000 VMThread [stack: 0x0000000058790000,0x0000000058890000] [id=160]
  0x0000000058fc6800 WatcherThread [stack: 0x0000000059790000,0x0000000059890000] [id=5528]

VM state:not at safepoint (normal execution)

VM Mutex/Monitor currently owned by a thread: None

Heap:
 PSYoungGen      total 202752K, used 52075K [0x00000000d5b80000, 0x00000000e6100000, 0x0000000100000000)
  eden space 184320K, 26% used [0x00000000d5b80000,0x00000000d8bf31c8,0x00000000e0f80000)
  from space 18432K, 13% used [0x00000000e0f80000,0x00000000e11e7b28,0x00000000e2180000)
  to   space 18944K, 0% used [0x00000000e4e80000,0x00000000e4e80000,0x00000000e6100000)
 ParOldGen       total 119808K, used 74597K [0x0000000081200000, 0x0000000088700000, 0x00000000d5b80000)
  object space 119808K, 62% used [0x0000000081200000,0x0000000085ad94a0,0x0000000088700000)
 Metaspace       used 26419K, capacity 26785K, committed 27008K, reserved 1073152K
  class space    used 3863K, capacity 3968K, committed 3968K, reserved 1048576K

Card table byte_map: [0x0000000011df0000,0x00000000121f0000] byte_map_base: 0x00000000119e7000

Marking Bits: (ParMarkBitMap*) 0x000000006ff2a6c0
 Begin Bits: [0x0000000012ab0000, 0x0000000014a68000)
 End Bits:   [0x0000000014a68000, 0x0000000016a20000)

Polling page: 0x00000000001b0000

CodeCache: size=245760Kb used=14489Kb max_used=14494Kb free=231270Kb
 bounds [0x0000000002a30000, 0x00000000038a0000, 0x0000000011a30000]
 total_blobs=4596 nmethods=3871 adapters=636
 compilation: enabled

Compilation events (10 events):
Event: 16.455 Thread 0x0000000058f11800 4319       3       java.lang.Math::toRadians (10 bytes)
Event: 16.455 Thread 0x0000000058f11800 nmethod 4319 0x0000000002ddf9d0 code [0x0000000002ddfb40, 0x0000000002ddfc90]
Event: 16.455 Thread 0x0000000058f11800 4321       3       org.lwjgl.opengl.GL13::glActiveTexture (19 bytes)
Event: 16.456 Thread 0x0000000058f11800 nmethod 4321 0x00000000033f5390 code [0x00000000033f5560, 0x00000000033f5c58]
Event: 16.456 Thread 0x0000000058f11800 4320       3       renderEngine.shaders.ShaderProgram::loadVector (17 bytes)
Event: 16.457 Thread 0x0000000058f11800 nmethod 4320 0x0000000002d30350 code [0x0000000002d30540, 0x0000000002d30d18]
Event: 16.457 Thread 0x0000000058f11800 4322       3       org.lwjgl.util.vector.Matrix4f::rotate (563 bytes)
Event: 16.458 Thread 0x0000000058f11800 nmethod 4322 0x00000000033a8b50 code [0x00000000033a8d20, 0x00000000033a9b48]
Event: 16.458 Thread 0x0000000058f11800 4323       3       renderEngine.shaders.ShaderProgram::getUniformLocation (9 bytes)
Event: 16.458 Thread 0x0000000058f11800 nmethod 4323 0x0000000002d2f450 code [0x0000000002d2f640, 0x0000000002d2fe28]

GC Heap History (10 events):
Event: 8.517 GC heap before
{Heap before GC invocations=9 (full 2):
 PSYoungGen      total 108544K, used 11365K [0x00000000d5b80000, 0x00000000e1500000, 0x0000000100000000)
  eden space 94720K, 0% used [0x00000000d5b80000,0x00000000d5b80000,0x00000000db800000)
  from space 13824K, 82% used [0x00000000db800000,0x00000000dc319590,0x00000000dc580000)
  to   space 14848K, 0% used [0x00000000e0680000,0x00000000e0680000,0x00000000e1500000)
 ParOldGen       total 60416K, used 54115K [0x0000000081200000, 0x0000000084d00000, 0x00000000d5b80000)
  object space 60416K, 89% used [0x0000000081200000,0x00000000846d8c48,0x0000000084d00000)
 Metaspace       used 25931K, capacity 26305K, committed 26496K, reserved 1071104K
  class space    used 3850K, capacity 3936K, committed 3968K, reserved 1048576K
Event: 8.578 GC heap after
Heap after GC invocations=9 (full 2):
 PSYoungGen      total 108544K, used 0K [0x00000000d5b80000, 0x00000000e1500000, 0x0000000100000000)
  eden space 94720K, 0% used [0x00000000d5b80000,0x00000000d5b80000,0x00000000db800000)
  from space 13824K, 0% used [0x00000000db800000,0x00000000db800000,0x00000000dc580000)
  to   space 14848K, 0% used [0x00000000e0680000,0x00000000e0680000,0x00000000e1500000)
 ParOldGen       total 119808K, used 37507K [0x0000000081200000, 0x0000000088700000, 0x00000000d5b80000)
  object space 119808K, 31% used [0x0000000081200000,0x00000000836a0e28,0x0000000088700000)
 Metaspace       used 25931K, capacity 26305K, committed 26496K, reserved 1071104K
  class space    used 3850K, capacity 3936K, committed 3968K, reserved 1048576K
}
Event: 9.469 GC heap before
{Heap before GC invocations=10 (full 2):
 PSYoungGen      total 108544K, used 94720K [0x00000000d5b80000, 0x00000000e1500000, 0x0000000100000000)
  eden space 94720K, 100% used [0x00000000d5b80000,0x00000000db800000,0x00000000db800000)
  from space 13824K, 0% used [0x00000000db800000,0x00000000db800000,0x00000000dc580000)
  to   space 14848K, 0% used [0x00000000e0680000,0x00000000e0680000,0x00000000e1500000)
 ParOldGen       total 119808K, used 37507K [0x0000000081200000, 0x0000000088700000, 0x00000000d5b80000)
  object space 119808K, 31% used [0x0000000081200000,0x00000000836a0e28,0x0000000088700000)
 Metaspace       used 26117K, capacity 26497K, committed 26752K, reserved 1073152K
  class space    used 3850K, capacity 3936K, committed 3968K, reserved 1048576K
Event: 9.476 GC heap after
Heap after GC invocations=10 (full 2):
 PSYoungGen      total 157184K, used 12864K [0x00000000d5b80000, 0x00000000e1380000, 0x0000000100000000)
  eden space 143872K, 0% used [0x00000000d5b80000,0x00000000d5b80000,0x00000000de800000)
  from space 13312K, 96% used [0x00000000e0680000,0x00000000e1310030,0x00000000e1380000)
  to   space 16384K, 0% used [0x00000000df380000,0x00000000df380000,0x00000000e0380000)
 ParOldGen       total 119808K, used 37515K [0x0000000081200000, 0x0000000088700000, 0x00000000d5b80000)
  object space 119808K, 31% used [0x0000000081200000,0x00000000836a2e28,0x0000000088700000)
 Metaspace       used 26117K, capacity 26497K, committed 26752K, reserved 1073152K
  class space    used 3850K, capacity 3936K, committed 3968K, reserved 1048576K
}
Event: 10.601 GC heap before
{Heap before GC invocations=11 (full 2):
 PSYoungGen      total 157184K, used 155181K [0x00000000d5b80000, 0x00000000e1380000, 0x0000000100000000)
  eden space 143872K, 98% used [0x00000000d5b80000,0x00000000de67b4d8,0x00000000de800000)
  from space 13312K, 96% used [0x00000000e0680000,0x00000000e1310030,0x00000000e1380000)
  to   space 16384K, 0% used [0x00000000df380000,0x00000000df380000,0x00000000e0380000)
 ParOldGen       total 119808K, used 41611K [0x0000000081200000, 0x0000000088700000, 0x00000000d5b80000)
  object space 119808K, 34% used [0x0000000081200000,0x0000000083aa2e38,0x0000000088700000)
 Metaspace       used 26189K, capacity 26561K, committed 26752K, reserved 1073152K
  class space    used 3851K, capacity 3936K, committed 3968K, reserved 1048576K
Event: 10.608 GC heap after
Heap after GC invocations=11 (full 2):
 PSYoungGen      total 172032K, used 13240K [0x00000000d5b80000, 0x00000000e3280000, 0x0000000100000000)
  eden space 155648K, 0% used [0x00000000d5b80000,0x00000000d5b80000,0x00000000df380000)
  from space 16384K, 80% used [0x00000000df380000,0x00000000e006e040,0x00000000e0380000)
  to   space 17408K, 0% used [0x00000000e2180000,0x00000000e2180000,0x00000000e3280000)
 ParOldGen       total 119808K, used 58003K [0x0000000081200000, 0x0000000088700000, 0x00000000d5b80000)
  object space 119808K, 48% used [0x0000000081200000,0x0000000084aa4e78,0x0000000088700000)
 Metaspace       used 26189K, capacity 26561K, committed 26752K, reserved 1073152K
  class space    used 3851K, capacity 3936K, committed 3968K, reserved 1048576K
}
Event: 11.768 GC heap before
{Heap before GC invocations=12 (full 2):
 PSYoungGen      total 172032K, used 168888K [0x00000000d5b80000, 0x00000000e3280000, 0x0000000100000000)
  eden space 155648K, 100% used [0x00000000d5b80000,0x00000000df380000,0x00000000df380000)
  from space 16384K, 80% used [0x00000000df380000,0x00000000e006e040,0x00000000e0380000)
  to   space 17408K, 0% used [0x00000000e2180000,0x00000000e2180000,0x00000000e3280000)
 ParOldGen       total 119808K, used 58197K [0x0000000081200000, 0x0000000088700000, 0x00000000d5b80000)
  object space 119808K, 48% used [0x0000000081200000,0x0000000084ad5460,0x0000000088700000)
 Metaspace       used 26200K, capacity 26625K, committed 26752K, reserved 1073152K
  class space    used 3851K, capacity 3936K, committed 3968K, reserved 1048576K
Event: 11.779 GC heap after
Heap after GC invocations=12 (full 2):
 PSYoungGen      total 201728K, used 13720K [0x00000000d5b80000, 0x00000000e4200000, 0x0000000100000000)
  eden space 184320K, 0% used [0x00000000d5b80000,0x00000000d5b80000,0x00000000e0f80000)
  from space 17408K, 78% used [0x00000000e2180000,0x00000000e2ee6040,0x00000000e3280000)
  to   space 18432K, 0% used [0x00000000e0f80000,0x00000000e0f80000,0x00000000e2180000)
 ParOldGen       total 119808K, used 74589K [0x0000000081200000, 0x0000000088700000, 0x00000000d5b80000)
  object space 119808K, 62% used [0x0000000081200000,0x0000000085ad74a0,0x0000000088700000)
 Metaspace       used 26200K, capacity 26625K, committed 26752K, reserved 1073152K
  class space    used 3851K, capacity 3936K, committed 3968K, reserved 1048576K
}
Event: 13.260 GC heap before
{Heap before GC invocations=13 (full 2):
 PSYoungGen      total 201728K, used 198040K [0x00000000d5b80000, 0x00000000e4200000, 0x0000000100000000)
  eden space 184320K, 100% used [0x00000000d5b80000,0x00000000e0f80000,0x00000000e0f80000)
  from space 17408K, 78% used [0x00000000e2180000,0x00000000e2ee6040,0x00000000e3280000)
  to   space 18432K, 0% used [0x00000000e0f80000,0x00000000e0f80000,0x00000000e2180000)
 ParOldGen       total 119808K, used 74589K [0x0000000081200000, 0x0000000088700000, 0x00000000d5b80000)
  object space 119808K, 62% used [0x0000000081200000,0x0000000085ad74a0,0x0000000088700000)
 Metaspace       used 26347K, capacity 26721K, committed 27008K, reserved 1073152K
  class space    used 3860K, capacity 3968K, committed 3968K, reserved 1048576K
Event: 13.264 GC heap after
Heap after GC invocations=13 (full 2):
 PSYoungGen      total 202752K, used 2462K [0x00000000d5b80000, 0x00000000e6100000, 0x0000000100000000)
  eden space 184320K, 0% used [0x00000000d5b80000,0x00000000d5b80000,0x00000000e0f80000)
  from space 18432K, 13% used [0x00000000e0f80000,0x00000000e11e7b28,0x00000000e2180000)
  to   space 18944K, 0% used [0x00000000e4e80000,0x00000000e4e80000,0x00000000e6100000)
 ParOldGen       total 119808K, used 74597K [0x0000000081200000, 0x0000000088700000, 0x00000000d5b80000)
  object space 119808K, 62% used [0x0000000081200000,0x0000000085ad94a0,0x0000000088700000)
 Metaspace       used 26347K, capacity 26721K, committed 27008K, reserved 1073152K
  class space    used 3860K, capacity 3968K, committed 3968K, reserved 1048576K
}

Deoptimization events (10 events):
Event: 13.375 Thread 0x0000000059f67800 Uncommon trap: reason=unstable_if action=reinterpret pc=0x00000000032209dc method=sun.awt.image.IntegerInterleavedRaster.getDataElements(IILjava/lang/Object;)Ljava/lang/Object; @ 43
Event: 13.375 Thread 0x0000000059f67800 Uncommon trap: reason=class_check action=maybe_recompile pc=0x000000000379d420 method=java.awt.image.BufferedImage.getRGB(II)I @ 11
Event: 13.375 Thread 0x0000000059f67800 Uncommon trap: reason=class_check action=maybe_recompile pc=0x000000000379d420 method=java.awt.image.BufferedImage.getRGB(II)I @ 11
Event: 13.375 Thread 0x0000000059f67800 Uncommon trap: reason=class_check action=maybe_recompile pc=0x000000000379d420 method=java.awt.image.BufferedImage.getRGB(II)I @ 11
Event: 13.376 Thread 0x0000000059f67800 Uncommon trap: reason=class_check action=maybe_recompile pc=0x00000000037d9978 method=java.awt.image.BufferedImage.getRGB(II)I @ 11
Event: 13.376 Thread 0x0000000059f67800 Uncommon trap: reason=unstable_if action=reinterpret pc=0x00000000037abdc0 method=renderEngine.terrains.Terrain.getHeight(II)F @ 15
Event: 13.430 Thread 0x0000000059f67800 Uncommon trap: reason=unstable_if action=reinterpret pc=0x0000000003358b0c method=java.awt.Color.HSBtoRGB(FFF)I @ 11
Event: 13.472 Thread 0x0000000059f67800 Uncommon trap: reason=unstable_if action=reinterpret pc=0x00000000033f70e0 method=renderEngine.terrains.Terrain.getHeight2(IILjava/awt/image/BufferedImage;Ljava/util/ArrayList;)F @ 161
Event: 13.570 Thread 0x0000000059f67800 Uncommon trap: reason=unstable_if action=reinterpret pc=0x0000000002c77c4c method=renderEngine.terrains.Terrain.getHeight(II)F @ 25
Event: 13.722 Thread 0x0000000059f67800 Uncommon trap: reason=unstable_if action=reinterpret pc=0x00000000032bee40 method=renderEngine.loaders.Loader.loadTexture(Ljava/awt/image/BufferedImage;)I @ 162

Internal exceptions (10 events):
Event: 7.158 Thread 0x0000000059de9800 Exception <a 'java/lang/NullPointerException'> (0x00000000d7b88ad0) thrown at [C:\re\workspace\8-2-build-windows-amd64-cygwin\jdk8u111\7883\hotspot\src\share\vm\runtime\sharedRuntime.cpp, line 1085]
Event: 7.158 Thread 0x0000000059de9800 Exception <a 'java/lang/NullPointerException'> (0x00000000d7b88ec0) thrown at [C:\re\workspace\8-2-build-windows-amd64-cygwin\jdk8u111\7883\hotspot\src\share\vm\runtime\sharedRuntime.cpp, line 1085]
Event: 7.158 Thread 0x0000000059de9800 Exception <a 'java/lang/NullPointerException'> (0x00000000d7b892b0) thrown at [C:\re\workspace\8-2-build-windows-amd64-cygwin\jdk8u111\7883\hotspot\src\share\vm\runtime\sharedRuntime.cpp, line 1085]
Event: 7.158 Thread 0x0000000059de9800 Exception <a 'java/lang/NullPointerException'> (0x00000000d7b896a0) thrown at [C:\re\workspace\8-2-build-windows-amd64-cygwin\jdk8u111\7883\hotspot\src\share\vm\runtime\sharedRuntime.cpp, line 1085]
Event: 7.158 Thread 0x0000000059de9800 Exception <a 'java/lang/NullPointerException'> (0x00000000d7b89a90) thrown at [C:\re\workspace\8-2-build-windows-amd64-cygwin\jdk8u111\7883\hotspot\src\share\vm\runtime\sharedRuntime.cpp, line 1085]
Event: 7.158 Thread 0x0000000059de9800 Exception <a 'java/lang/NullPointerException'> (0x00000000d7b89e80) thrown at [C:\re\workspace\8-2-build-windows-amd64-cygwin\jdk8u111\7883\hotspot\src\share\vm\runtime\sharedRuntime.cpp, line 1085]
Event: 7.462 Thread 0x0000000059de9800 Implicit null exception at 0x000000000330c274 to 0x000000000330e875
Event: 10.108 Thread 0x0000000059de9800 Implicit null exception at 0x00000000035492e8 to 0x000000000354a149
Event: 12.846 Thread 0x0000000059f67800 Implicit null exception at 0x00000000031e6670 to 0x00000000031e68cd
Event: 13.375 Thread 0x0000000059f67800 Implicit null exception at 0x000000000322086d to 0x00000000032209c1

Events (10 events):
Event: 13.755 loading class org/lwjgl/opengl/GL31 done
Event: 13.764 loading class org/lwjgl/opengl/Sync
Event: 13.764 loading class org/lwjgl/opengl/Sync done
Event: 13.765 loading class org/lwjgl/opengl/Sync$RunningAvg
Event: 13.765 loading class org/lwjgl/opengl/Sync$RunningAvg done
Event: 13.765 loading class org/lwjgl/opengl/Sync$1
Event: 13.765 loading class org/lwjgl/opengl/Sync$1 done
Event: 13.766 Thread 0x0000000059f5d000 Thread added: 0x0000000059f5d000
Event: 13.768 loading class org/lwjgl/opengl/WindowsKeycodes
Event: 13.768 loading class org/lwjgl/opengl/WindowsKeycodes done


Dynamic libraries:
0x000000013fef0000 - 0x000000013ff27000 	C:\Program Files\Java\jre1.8.0_111\bin\javaw.exe
0x0000000077750000 - 0x00000000778fb000 	C:\Windows\SYSTEM32\ntdll.dll
0x0000000077530000 - 0x000000007764f000 	C:\Windows\system32\kernel32.dll
0x000007fefd830000 - 0x000007fefd89a000 	C:\Windows\system32\KERNELBASE.dll
0x000007fefe720000 - 0x000007fefe7fb000 	C:\Windows\system32\ADVAPI32.dll
0x000007fefdca0000 - 0x000007fefdd3f000 	C:\Windows\system32\msvcrt.dll
0x000007fefe4f0000 - 0x000007fefe50f000 	C:\Windows\SYSTEM32\sechost.dll
0x000007feff7a0000 - 0x000007feff8cd000 	C:\Windows\system32\RPCRT4.dll
0x0000000077650000 - 0x000000007774a000 	C:\Windows\system32\USER32.dll
0x000007fefe480000 - 0x000007fefe4e7000 	C:\Windows\system32\GDI32.dll
0x000007feff9d0000 - 0x000007feff9de000 	C:\Windows\system32\LPK.dll
0x000007fefe3b0000 - 0x000007fefe47a000 	C:\Windows\system32\USP10.dll
0x000007fefbd00000 - 0x000007fefbef4000 	C:\Windows\WinSxS\amd64_microsoft.windows.common-controls_6595b64144ccf1df_6.0.7601.23403_none_e36ad4593102f066\COMCTL32.dll
0x000007fefe010000 - 0x000007fefe081000 	C:\Windows\system32\SHLWAPI.dll
0x000007fefe380000 - 0x000007fefe3ae000 	C:\Windows\system32\IMM32.DLL
0x000007fefe270000 - 0x000007fefe379000 	C:\Windows\system32\MSCTF.dll
0x000007fefd670000 - 0x000007fefd6a0000 	C:\Windows\system32\nvinitx.dll
0x000007fefd660000 - 0x000007fefd66c000 	C:\Windows\system32\VERSION.dll
0x00000000752d0000 - 0x00000000752d6000 	C:\Program Files\NVIDIA Corporation\CoProcManager\detoured.dll
0x000007fefb670000 - 0x000007fefb6a8000 	C:\Program Files\NVIDIA Corporation\CoProcManager\nvd3d9wrapx.dll
0x000007fefe090000 - 0x000007fefe267000 	C:\Windows\system32\SETUPAPI.dll
0x000007fefd750000 - 0x000007fefd786000 	C:\Windows\system32\CFGMGR32.dll
0x000007fefe800000 - 0x000007fefe8d8000 	C:\Windows\system32\OLEAUT32.dll
0x000007fefe510000 - 0x000007fefe713000 	C:\Windows\system32\ole32.dll
0x000007fefd8a0000 - 0x000007fefd8ba000 	C:\Windows\system32\DEVOBJ.dll
0x000007fefb640000 - 0x000007fefb664000 	C:\Program Files\NVIDIA Corporation\CoProcManager\nvdxgiwrapx.dll
0x0000000070430000 - 0x0000000070502000 	C:\Program Files\Java\jre1.8.0_111\bin\msvcr100.dll
0x000000006f710000 - 0x000000006ffaa000 	C:\Program Files\Java\jre1.8.0_111\bin\server\jvm.dll
0x000007fefa590000 - 0x000007fefa599000 	C:\Windows\system32\WSOCK32.dll
0x000007fefdfc0000 - 0x000007fefe00d000 	C:\Windows\system32\WS2_32.dll
0x000007fefdbf0000 - 0x000007fefdbf8000 	C:\Windows\system32\NSI.dll
0x000007fefa7c0000 - 0x000007fefa7fb000 	C:\Windows\system32\WINMM.dll
0x0000000077920000 - 0x0000000077927000 	C:\Windows\system32\PSAPI.DLL
0x0000000073c00000 - 0x0000000073c0f000 	C:\Program Files\Java\jre1.8.0_111\bin\verify.dll
0x0000000071590000 - 0x00000000715b9000 	C:\Program Files\Java\jre1.8.0_111\bin\java.dll
0x0000000071570000 - 0x0000000071586000 	C:\Program Files\Java\jre1.8.0_111\bin\zip.dll
0x000007fefe8e0000 - 0x000007feff66c000 	C:\Windows\system32\SHELL32.dll
0x000007fefd6a0000 - 0x000007fefd6af000 	C:\Windows\system32\profapi.dll
0x000000006f400000 - 0x000000006f598000 	C:\Program Files\Java\jre1.8.0_111\bin\awt.dll
0x000007fefb350000 - 0x000007fefb368000 	C:\Windows\system32\DWMAPI.DLL
0x000007fefbc50000 - 0x000007fefbca6000 	C:\Windows\system32\uxtheme.dll
0x000007fefd590000 - 0x000007fefd59f000 	C:\Windows\system32\CRYPTBASE.dll
0x000007fefcef0000 - 0x000007fefcf08000 	C:\Windows\system32\CRYPTSP.dll
0x000007fefcbd0000 - 0x000007fefcc17000 	C:\Windows\system32\rsaenh.dll
0x000007fefccc0000 - 0x000007fefccdf000 	C:\Windows\system32\USERENV.dll
0x0000000071550000 - 0x000000007156a000 	C:\Program Files\Java\jre1.8.0_111\bin\net.dll
0x000007fefce90000 - 0x000007fefcee5000 	C:\Windows\system32\mswsock.dll
0x000007fefce80000 - 0x000007fefce87000 	C:\Windows\System32\wship6.dll
0x000007fefa4c0000 - 0x000007fefa4e7000 	C:\Windows\system32\IPHLPAPI.DLL
0x000007fefa4b0000 - 0x000007fefa4bb000 	C:\Windows\system32\WINNSI.DLL
0x000007fefa020000 - 0x000007fefa038000 	C:\Windows\system32\dhcpcsvc.DLL
0x000007fefa000000 - 0x000007fefa011000 	C:\Windows\system32\dhcpcsvc6.DLL
0x0000000071530000 - 0x0000000071541000 	C:\Program Files\Java\jre1.8.0_111\bin\nio.dll
0x0000000071480000 - 0x00000000714c7000 	C:\Program Files\Java\jre1.8.0_111\bin\fontmanager.dll
0x0000000071410000 - 0x0000000071452000 	C:\Program Files\Java\jre1.8.0_111\bin\t2k.dll
0x000007fefa630000 - 0x000007fefa6d0000 	C:\Windows\WinSxS\amd64_microsoft.windows.common-controls_6595b64144ccf1df_5.82.7601.17514_none_a4d6a923711520a9\comctl32.dll
0x000007feff930000 - 0x000007feff9c9000 	C:\Windows\system32\CLBCatQ.DLL
0x000007fefbf00000 - 0x000007fefc02c000 	C:\Windows\system32\propsys.dll
0x000007fefbc20000 - 0x000007fefbc4d000 	C:\Windows\system32\ntmarta.dll
0x000007feff8d0000 - 0x000007feff922000 	C:\Windows\system32\WLDAP32.dll
0x000007fefd530000 - 0x000007fefd587000 	C:\Windows\system32\apphelp.dll
0x000007feefd40000 - 0x000007feefedc000 	C:\Windows\system32\NetworkExplorer.dll
0x000007fef7ab0000 - 0x000007fef7ae4000 	C:\Windows\System32\shdocvw.dll
0x000007fefb520000 - 0x000007fefb52b000 	C:\Windows\system32\slc.dll
0x000007fefa470000 - 0x000007fefa488000 	C:\Windows\system32\MPR.dll
0x000007fef1ab0000 - 0x000007fef1aba000 	C:\Windows\System32\drprov.dll
0x000007fefd040000 - 0x000007fefd07d000 	C:\Windows\System32\WINSTA.dll
0x000007fef0e30000 - 0x000007fef0e52000 	C:\Windows\System32\ntlanman.dll
0x000007fef0e10000 - 0x000007fef0e2e000 	C:\Windows\System32\davclnt.dll
0x000007fef1510000 - 0x000007fef151a000 	C:\Windows\System32\DAVHLPR.dll
0x000007fefb5f0000 - 0x000007fefb605000 	C:\Windows\system32\wkscli.dll
0x000007fef7e00000 - 0x000007fef7e0f000 	C:\Windows\system32\cscapi.dll
0x000007fefb610000 - 0x000007fefb61c000 	C:\Windows\system32\netutils.dll
0x000007fee2d30000 - 0x000007fee2fa1000 	C:\Windows\system32\wpdshext.dll
0x000007fefb720000 - 0x000007fefb936000 	C:\Windows\WinSxS\amd64_microsoft.windows.gdiplus_6595b64144ccf1df_1.1.7601.23407_none_14556c1e8b95d0b8\gdiplus.dll
0x000007fef2560000 - 0x000007fef261d000 	C:\Windows\system32\PortableDeviceApi.dll
0x000007fefd8c0000 - 0x000007fefd8fb000 	C:\Windows\system32\WINTRUST.dll
0x000007fefd900000 - 0x000007fefda6d000 	C:\Windows\system32\CRYPT32.dll
0x000007fefd740000 - 0x000007fefd74f000 	C:\Windows\system32\MSASN1.dll
0x000007fef7ea0000 - 0x000007fef7ed5000 	C:\Windows\system32\EhStorShell.dll
0x000007fee8ea0000 - 0x000007fee8ec7000 	C:\Windows\system32\EhStorAPI.dll
0x000007fef6b80000 - 0x000007fef6b8c000 	C:\Windows\system32\LINKINFO.dll
0x000007fefaf70000 - 0x000007fefb09a000 	C:\Windows\system32\WindowsCodecs.dll
0x000007fef8090000 - 0x000007fef810f000 	C:\Program Files (x86)\Adobe\Adobe Creative Cloud\CoreSyncExtension\CoreSync_x64.dll
0x000007fef8080000 - 0x000007fef8083000 	C:\Windows\system32\api-ms-win-core-synch-l1-2-0.DLL
0x000007fef7e20000 - 0x000007fef7e9e000 	C:\Windows\System32\cscui.dll
0x000007fef7e10000 - 0x000007fef7e1c000 	C:\Windows\System32\CSCDLL.dll
0x000007fef7d80000 - 0x000007fef7e00000 	C:\Windows\system32\ntshrui.dll
0x000007fefd1d0000 - 0x000007fefd1f3000 	C:\Windows\system32\srvcli.dll
0x0000000180000000 - 0x0000000180051000 	C:\Users\C17\git\MetaCiv\MetaCiv\lib\natives-win\lwjgl64.dll
0x000007fef3c30000 - 0x000007fef3d4d000 	C:\Windows\system32\OPENGL32.dll
0x000007fef3c00000 - 0x000007fef3c2d000 	C:\Windows\system32\GLU32.dll
0x000007fef3b00000 - 0x000007fef3bf1000 	C:\Windows\system32\DDRAW.dll
0x000007fef3af0000 - 0x000007fef3af8000 	C:\Windows\system32\DCIMAN32.dll
0x000000005fdb0000 - 0x000000006053e000 	C:\Windows\system32\ig75icd64.dll
0x000007fef83b0000 - 0x000007fef87f4000 	C:\Windows\system32\igdusc64.dll
0x000007fefac80000 - 0x000007fefad1c000 	C:\Windows\system32\mscms.dll
0x000007fee3d70000 - 0x000007fee3db2000 	C:\Windows\system32\icm32.dll
0x0000000071500000 - 0x000000007152a000 	C:\Program Files\Java\jre1.8.0_111\bin\dcpr.dll
0x00000000596d0000 - 0x0000000059772000 	C:\Program Files\Java\jre1.8.0_111\bin\mlib_image.dll
0x000007feebe90000 - 0x000007feebfb5000 	C:\Windows\system32\dbghelp.dll

VM Arguments:
jvm_args: -Djava.library.path=C:\Users\C17\git\MetaCiv\MetaCiv\lib\natives-win -Dfile.encoding=Cp1252 
java_command: civilisation.CivLauncher
java_class_path (initial): C:\Users\C17\git\MetaCiv\MetaCiv\bin;C:\Users\C17\git\MetaCiv\MetaCiv\lib\turtlekit-3.0.0.4.jar;C:\Users\C17\git\MetaCiv\MetaCiv\lib\jars\lwjgl_util.jar;C:\Users\C17\git\MetaCiv\MetaCiv\lib\jars\lwjgl.jar;C:\Users\C17\git\MetaCiv\MetaCiv\lib\jars\slick-util.jar
Launcher Type: SUN_STANDARD

Environment Variables:
PATH=C:/Program Files/Java/jre1.8.0_111/bin/server;C:/Program Files/Java/jre1.8.0_111/bin;C:/Program Files/Java/jre1.8.0_111/lib/amd64;C:\ProgramData\Oracle\Java\javapath;C:\Program Files (x86)\Intel\iCLS Client\;C:\Program Files\Intel\iCLS Client\;C:\Windows\system32;C:\Windows;C:\Windows\System32\Wbem;C:\Windows\System32\WindowsPowerShell\v1.0\;C:\Program Files (x86)\NVIDIA Corporation\PhysX\Common;C:\Program Files\Intel\Intel(R) Management Engine Components\DAL;C:\Program Files\Intel\Intel(R) Management Engine Components\IPT;C:\Program Files (x86)\Intel\Intel(R) Management Engine Components\DAL;C:\Program Files (x86)\Intel\Intel(R) Management Engine Components\IPT;C:\Program Files (x86)\Skype\Phone\;C:\Windows\system32\config\systemprofile\.dnx\bin;C:\Program Files\Microsoft DNX\Dnvm\;C:\Program Files\Microsoft SQL Server\130\Tools\Binn\;C:\Users\C17\Desktop;
USERNAME=C17
OS=Windows_NT
PROCESSOR_IDENTIFIER=Intel64 Family 6 Model 60 Stepping 3, GenuineIntel



---------------  S Y S T E M  ---------------

OS: Windows 7 , 64 bit Build 7601 (6.1.7601.23455)

CPU:total 4 (2 cores per cpu, 2 threads per core) family 6 model 60 stepping 3, cmov, cx8, fxsr, mmx, sse, sse2, sse3, ssse3, sse4.1, sse4.2, popcnt, avx, avx2, aes, clmul, erms, lzcnt, ht, tsc, tscinvbit, bmi1, bmi2

Memory: 4k page, physical 8307368k(3617948k free), swap 16612876k(10975752k free)

vm_info: Java HotSpot(TM) 64-Bit Server VM (25.111-b14) for windows-amd64 JRE (1.8.0_111-b14), built on Sep 22 2016 19:24:05 by "java_re" with MS VC++ 10.0 (VS2010)

time: Wed Apr 05 01:07:46 2017
elapsed time: 16 seconds (0d 0h 0m 16s)

