#
# A fatal error has been detected by the Java Runtime Environment:
#
#  EXCEPTION_ACCESS_VIOLATION (0xc0000005) at pc=0x0000000060235e5a, pid=5800, tid=0x00000000000016fc
#
# JRE version: Java(TM) SE Runtime Environment (8.0_111-b14) (build 1.8.0_111-b14)
# Java VM: Java HotSpot(TM) 64-Bit Server VM (25.111-b14 mixed mode windows-amd64 compressed oops)
# Problematic frame:
# C  [ig75icd64.dll+0x235e5a]
#
# Failed to write core dump. Minidumps are not enabled by default on client versions of Windows
#
# If you would like to submit a bug report, please visit:
#   http://bugreport.java.com/bugreport/crash.jsp
# The crash happened outside the Java Virtual Machine in native code.
# See problematic frame for where to report the bug.
#

---------------  T H R E A D  ---------------

Current thread (0x000000005de0c800):  JavaThread "Thread-19" [_thread_in_native, id=5884, stack(0x000000005ff00000,0x0000000060000000)]

siginfo: ExceptionCode=0xc0000005, writing address 0x0000000012805000

Registers:
RAX=0x0000000012805004, RBX=0x0000000060ce2ac0, RCX=0x0000000000000000, RDX=0x000000004e5986e0
RSP=0x000000005fffe520, RBP=0x000000005fffe641, RSI=0x0000000000000000, RDI=0x0000000060ce2ac0
R8 =0x0000000000000001, R9 =0x000000005d6d8a80, R10=0x0000000000000001, R11=0x0000000000000069
R12=0x0000000000000000, R13=0x0000000064111dd0, R14=0x0000000060ce2ac0, R15=0x0000000000000001
RIP=0x0000000060235e5a, EFLAGS=0x0000000000010202

Top of Stack: (sp=0x000000005fffe520)
0x000000005fffe520:   0000000000000000 0000000057e26ff7
0x000000005fffe530:   0000000064111dd0 0000000060ce2ac0
0x000000005fffe540:   0000000060ce2ac0 0000000060360354
0x000000005fffe550:   000000005fffe641 0000000060501d7a
0x000000005fffe560:   000000085fffe500 0000000060ce2ac0
0x000000005fffe570:   0000000000000001 0000000000000000
0x000000005fffe580:   0805400000000000 000000005fffe610
0x000000005fffe590:   0c05400000000180 000000005fffe8c0
0x000000005fffe5a0:   000000005f01e700 0000000000000000
0x000000005fffe5b0:   000000000000015e 000000005fffe870
0x000000005fffe5c0:   0000000063f94c20 0000000000000069
0x000000005fffe5d0:   00000000627a9110 00000000004777a0
0x000000005fffe5e0:   000000005d6ef4a0 0000000057cb4f01
0x000000005fffe5f0:   000000005992dc90 000000005fffe750
0x000000005fffe600:   0000000063e5e380 0000000062a3c200
0x000000005fffe610:   000000005de0c800 000000005fffe600 

Instructions: (pc=0x0000000060235e5a)
0x0000000060235e3a:   48 83 c2 10 f3 0f 7f 40 f0 83 f9 01 72 e8 48 2b
0x0000000060235e4a:   d0 0f 1f 44 00 00 8b 0c 02 41 ff c0 48 8d 40 04
0x0000000060235e5a:   89 48 fc 41 83 f8 03 72 ed 83 83 c8 72 06 00 1c
0x0000000060235e6a:   48 8d 8b 20 73 06 00 48 8b d3 e8 17 84 e1 ff 48 


Register to memory mapping:

RAX=0x0000000012805004 is an unknown value
RBX=0x0000000060ce2ac0 is an unknown value
RCX=0x0000000000000000 is an unknown value
RDX=0x000000004e5986e0 is an unknown value
RSP=0x000000005fffe520 is pointing into the stack for thread: 0x000000005de0c800
RBP=0x000000005fffe641 is pointing into the stack for thread: 0x000000005de0c800
RSI=0x0000000000000000 is an unknown value
RDI=0x0000000060ce2ac0 is an unknown value
R8 =0x0000000000000001 is an unknown value
R9 =0x000000005d6d8a80 is an unknown value
R10=0x0000000000000001 is an unknown value
R11=0x0000000000000069 is an unknown value
R12=0x0000000000000000 is an unknown value
R13=0x0000000064111dd0 is an unknown value
R14=0x0000000060ce2ac0 is an unknown value
R15=0x0000000000000001 is an unknown value


Stack: [0x000000005ff00000,0x0000000060000000],  sp=0x000000005fffe520,  free space=1017k
Native frames: (J=compiled Java code, j=interpreted, Vv=VM code, C=native code)
C  [ig75icd64.dll+0x235e5a]
C  [ig75icd64.dll+0x360354]
C  [ig75icd64.dll+0x3646a9]
C  [ig75icd64.dll+0x35b5b6]
C  [ig75icd64.dll+0x228fb1]
C  [ig75icd64.dll+0x138d4a]
C  [ig75icd64.dll+0x26f275]
C  [ig75icd64.dll+0x14e420]
C  [ig75icd64.dll+0x14ee04]
C  [ig75icd64.dll+0x150871]
C  0x0000000002787f54

Java frames: (J=compiled Java code, j=interpreted, Vv=VM code)
j  org.lwjgl.opengl.GL11.nglDrawElementsBO(IIIJJ)V+0
j  org.lwjgl.opengl.GL11.glDrawElements(IIIJ)V+28
j  renderEngine.TerrainRenderer.render(LrenderEngine/terrains/Terrain;Ljava/util/ArrayList;FZLrenderEngine/shadowsMapping/ShadowFrameBuffer;Lorg/lwjgl/util/vector/Matrix4f;)V+107
j  renderEngine.MasterRenderer.render(Ljava/util/List;LrenderEngine/entities/Camera;Ljava/awt/image/BufferedImage;LrenderEngine/entities/Light;Ljava/util/ArrayList;Lorg/lwjgl/util/vector/Vector4f;FZZZLrenderEngine/shadowsMapping/ShadowFrameBuffer;Lorg/lwjgl/util/vector/Matrix4f;Lorg/lwjgl/util/vector/Matrix4f;)V+116
j  renderEngine.renderMain.run()V+716
j  java.lang.Thread.run()V+11
v  ~StubRoutines::call_stub

---------------  P R O C E S S  ---------------

Java Threads: ( => current thread )
  0x000000005ad27000 JavaThread "LWJGL Timer" daemon [_thread_blocked, id=5628, stack(0x0000000066be0000,0x0000000066ce0000)]
=>0x000000005de0c800 JavaThread "Thread-19" [_thread_in_native, id=5884, stack(0x000000005ff00000,0x0000000060000000)]
  0x000000005ad2a000 JavaThread "LIVING-7" [_thread_blocked, id=5948, stack(0x000000005f880000,0x000000005f980000)]
  0x000000005ad26000 JavaThread "DestroyJavaVM" [_thread_blocked, id=5540, stack(0x00000000022e0000,0x00000000023e0000)]
  0x000000005ad31800 JavaThread "LIVING-2" daemon [_thread_blocked, id=5604, stack(0x000000005f070000,0x000000005f170000)]
  0x000000005aa05000 JavaThread "LIVING-1" daemon [_thread_blocked, id=1940, stack(0x000000005ee00000,0x000000005ef00000)]
  0x000000005a89a000 JavaThread "TimerQueue" daemon [_thread_in_Java, id=5312, stack(0x000000005dc80000,0x000000005dd80000)]
  0x000000005a712000 JavaThread "Swing-Shell" daemon [_thread_blocked, id=5620, stack(0x000000005d270000,0x000000005d370000)]
  0x000000005a6c9800 JavaThread "AWT-EventQueue-0" [_thread_in_vm, id=3204, stack(0x000000005af30000,0x000000005b030000)]
  0x0000000059c6e000 JavaThread "AWT-Windows" daemon [_thread_in_native, id=2104, stack(0x000000005b100000,0x000000005b200000)]
  0x0000000059c69800 JavaThread "AWT-Shutdown" [_thread_blocked, id=2952, stack(0x000000005a1f0000,0x000000005a2f0000)]
  0x000000005a650800 JavaThread "Java2D Disposer" daemon [_thread_blocked, id=5124, stack(0x000000005ae30000,0x000000005af30000)]
  0x0000000059903000 JavaThread "Service Thread" daemon [_thread_blocked, id=3300, stack(0x0000000059ef0000,0x0000000059ff0000)]
  0x000000005988d000 JavaThread "C1 CompilerThread2" daemon [_thread_blocked, id=5624, stack(0x0000000059cd0000,0x0000000059dd0000)]
  0x0000000059884000 JavaThread "C2 CompilerThread1" daemon [_thread_blocked, id=2052, stack(0x0000000059650000,0x0000000059750000)]
  0x000000005767f000 JavaThread "C2 CompilerThread0" daemon [_thread_blocked, id=3256, stack(0x0000000059780000,0x0000000059880000)]
  0x0000000057674000 JavaThread "Attach Listener" daemon [_thread_blocked, id=5172, stack(0x0000000059540000,0x0000000059640000)]
  0x0000000057671000 JavaThread "Signal Dispatcher" daemon [_thread_blocked, id=4832, stack(0x00000000593a0000,0x00000000594a0000)]
  0x0000000057659000 JavaThread "Finalizer" daemon [_thread_blocked, id=5968, stack(0x00000000590e0000,0x00000000591e0000)]
  0x0000000057611800 JavaThread "Reference Handler" daemon [_thread_blocked, id=4944, stack(0x0000000058f00000,0x0000000059000000)]

Other Threads:
  0x000000005760a000 VMThread [stack: 0x0000000058d90000,0x0000000058e90000] [id=6048]
  0x0000000059929000 WatcherThread [stack: 0x000000005a0c0000,0x000000005a1c0000] [id=5772]

VM state:not at safepoint (normal execution)

VM Mutex/Monitor currently owned by a thread: None

Heap:
 PSYoungGen      total 244736K, used 187322K [0x00000000d5b80000, 0x00000000e5f00000, 0x0000000100000000)
  eden space 231424K, 75% used [0x00000000d5b80000,0x00000000e0570820,0x00000000e3d80000)
  from space 13312K, 99% used [0x00000000e5200000,0x00000000e5efe040,0x00000000e5f00000)
  to   space 16896K, 0% used [0x00000000e3e00000,0x00000000e3e00000,0x00000000e4e80000)
 ParOldGen       total 106496K, used 74600K [0x0000000081200000, 0x0000000087a00000, 0x00000000d5b80000)
  object space 106496K, 70% used [0x0000000081200000,0x0000000085ada1b8,0x0000000087a00000)
 Metaspace       used 26449K, capacity 26881K, committed 27136K, reserved 1073152K
  class space    used 3867K, capacity 4000K, committed 4096K, reserved 1048576K

Card table byte_map: [0x0000000011b30000,0x0000000011f30000] byte_map_base: 0x0000000011727000

Marking Bits: (ParMarkBitMap*) 0x000000005842a6c0
 Begin Bits: [0x0000000012910000, 0x00000000148c8000)
 End Bits:   [0x00000000148c8000, 0x0000000016880000)

Polling page: 0x0000000000320000

CodeCache: size=245760Kb used=14347Kb max_used=14357Kb free=231412Kb
 bounds [0x0000000002770000, 0x0000000003590000, 0x0000000011770000]
 total_blobs=4685 nmethods=3952 adapters=644
 compilation: enabled

Compilation events (10 events):
Event: 27.592 Thread 0x0000000059884000 nmethod 4329 0x000000000357b990 code [0x000000000357bc60, 0x000000000357d870]
Event: 27.598 Thread 0x000000005988d000 4346       3       java.lang.Math::toRadians (10 bytes)
Event: 27.598 Thread 0x000000005988d000 nmethod 4346 0x000000000357b2d0 code [0x000000000357b440, 0x000000000357b590]
Event: 27.598 Thread 0x000000005988d000 4347       3       renderEngine.shaders.ShaderProgram::loadVector (17 bytes)
Event: 27.599 Thread 0x000000005988d000 nmethod 4347 0x000000000357a390 code [0x000000000357a580, 0x000000000357ad58]
Event: 27.599 Thread 0x000000005988d000 4348       3       org.lwjgl.opengl.GL20::glUniform1i (20 bytes)
Event: 27.600 Thread 0x000000005988d000 nmethod 4348 0x00000000035796d0 code [0x00000000035798a0, 0x0000000003579fb8]
Event: 27.603 Thread 0x000000005988d000 4349       3       org.lwjgl.util.vector.Matrix4f::rotate (563 bytes)
Event: 27.603 Thread 0x000000005988d000 nmethod 4349 0x000000000357fc10 code [0x000000000357fde0, 0x0000000003580c08]
Event: 27.612 Thread 0x000000005767f000 nmethod 4327 0x00000000035830d0 code [0x0000000003583380, 0x0000000003584c30]

GC Heap History (10 events):
Event: 5.843 GC heap before
{Heap before GC invocations=8 (full 2):
 PSYoungGen      total 133120K, used 12291K [0x00000000d5b80000, 0x00000000ded80000, 0x0000000100000000)
  eden space 119808K, 0% used [0x00000000d5b80000,0x00000000d5b80000,0x00000000dd080000)
  from space 13312K, 92% used [0x00000000ddf80000,0x00000000deb80f48,0x00000000dec80000)
  to   space 14848K, 0% used [0x00000000dd080000,0x00000000dd080000,0x00000000ddf00000)
 ParOldGen       total 57344K, used 40847K [0x0000000081200000, 0x0000000084a00000, 0x00000000d5b80000)
  object space 57344K, 71% used [0x0000000081200000,0x00000000839e3d18,0x0000000084a00000)
 Metaspace       used 25478K, capacity 25857K, committed 25984K, reserved 1071104K
  class space    used 3845K, capacity 3936K, committed 3968K, reserved 1048576K
Event: 5.894 GC heap after
Heap after GC invocations=8 (full 2):
 PSYoungGen      total 133120K, used 0K [0x00000000d5b80000, 0x00000000ded80000, 0x0000000100000000)
  eden space 119808K, 0% used [0x00000000d5b80000,0x00000000d5b80000,0x00000000dd080000)
  from space 13312K, 0% used [0x00000000ddf80000,0x00000000ddf80000,0x00000000dec80000)
  to   space 14848K, 0% used [0x00000000dd080000,0x00000000dd080000,0x00000000ddf00000)
 ParOldGen       total 106496K, used 33536K [0x0000000081200000, 0x0000000087a00000, 0x00000000d5b80000)
  object space 106496K, 31% used [0x0000000081200000,0x00000000832c0118,0x0000000087a00000)
 Metaspace       used 25478K, capacity 25857K, committed 25984K, reserved 1071104K
  class space    used 3845K, capacity 3936K, committed 3968K, reserved 1048576K
}
Event: 6.951 GC heap before
{Heap before GC invocations=9 (full 2):
 PSYoungGen      total 133120K, used 118877K [0x00000000d5b80000, 0x00000000ded80000, 0x0000000100000000)
  eden space 119808K, 99% used [0x00000000d5b80000,0x00000000dcf97470,0x00000000dd080000)
  from space 13312K, 0% used [0x00000000ddf80000,0x00000000ddf80000,0x00000000dec80000)
  to   space 14848K, 0% used [0x00000000dd080000,0x00000000dd080000,0x00000000ddf00000)
 ParOldGen       total 106496K, used 33536K [0x0000000081200000, 0x0000000087a00000, 0x00000000d5b80000)
  object space 106496K, 31% used [0x0000000081200000,0x00000000832c0118,0x0000000087a00000)
 Metaspace       used 25885K, capacity 26273K, committed 26496K, reserved 1071104K
  class space    used 3855K, capacity 3968K, committed 3968K, reserved 1048576K
Event: 6.959 GC heap after
Heap after GC invocations=9 (full 2):
 PSYoungGen      total 134656K, used 7808K [0x00000000d5b80000, 0x00000000e3180000, 0x0000000100000000)
  eden space 119808K, 0% used [0x00000000d5b80000,0x00000000d5b80000,0x00000000dd080000)
  from space 14848K, 52% used [0x00000000dd080000,0x00000000dd820070,0x00000000ddf00000)
  to   space 14336K, 0% used [0x00000000e2380000,0x00000000e2380000,0x00000000e3180000)
 ParOldGen       total 106496K, used 33544K [0x0000000081200000, 0x0000000087a00000, 0x00000000d5b80000)
  object space 106496K, 31% used [0x0000000081200000,0x00000000832c2118,0x0000000087a00000)
 Metaspace       used 25885K, capacity 26273K, committed 26496K, reserved 1071104K
  class space    used 3855K, capacity 3968K, committed 3968K, reserved 1048576K
}
Event: 7.943 GC heap before
{Heap before GC invocations=10 (full 2):
 PSYoungGen      total 134656K, used 127616K [0x00000000d5b80000, 0x00000000e3180000, 0x0000000100000000)
  eden space 119808K, 100% used [0x00000000d5b80000,0x00000000dd080000,0x00000000dd080000)
  from space 14848K, 52% used [0x00000000dd080000,0x00000000dd820070,0x00000000ddf00000)
  to   space 14336K, 0% used [0x00000000e2380000,0x00000000e2380000,0x00000000e3180000)
 ParOldGen       total 106496K, used 33544K [0x0000000081200000, 0x0000000087a00000, 0x00000000d5b80000)
  object space 106496K, 31% used [0x0000000081200000,0x00000000832c2118,0x0000000087a00000)
 Metaspace       used 26031K, capacity 26401K, committed 26496K, reserved 1071104K
  class space    used 3855K, capacity 3968K, committed 3968K, reserved 1048576K
Event: 7.949 GC heap after
Heap after GC invocations=10 (full 2):
 PSYoungGen      total 189440K, used 5024K [0x00000000d5b80000, 0x00000000e2980000, 0x0000000100000000)
  eden space 183296K, 0% used [0x00000000d5b80000,0x00000000d5b80000,0x00000000e0e80000)
  from space 6144K, 81% used [0x00000000e2380000,0x00000000e2868010,0x00000000e2980000)
  to   space 13824K, 0% used [0x00000000e0e80000,0x00000000e0e80000,0x00000000e1c00000)
 ParOldGen       total 106496K, used 33552K [0x0000000081200000, 0x0000000087a00000, 0x00000000d5b80000)
  object space 106496K, 31% used [0x0000000081200000,0x00000000832c4118,0x0000000087a00000)
 Metaspace       used 26031K, capacity 26401K, committed 26496K, reserved 1071104K
  class space    used 3855K, capacity 3968K, committed 3968K, reserved 1048576K
}
Event: 9.424 GC heap before
{Heap before GC invocations=11 (full 2):
 PSYoungGen      total 189440K, used 187274K [0x00000000d5b80000, 0x00000000e2980000, 0x0000000100000000)
  eden space 183296K, 99% used [0x00000000d5b80000,0x00000000e0d7ab10,0x00000000e0e80000)
  from space 6144K, 81% used [0x00000000e2380000,0x00000000e2868010,0x00000000e2980000)
  to   space 13824K, 0% used [0x00000000e0e80000,0x00000000e0e80000,0x00000000e1c00000)
 ParOldGen       total 106496K, used 33552K [0x0000000081200000, 0x0000000087a00000, 0x00000000d5b80000)
  object space 106496K, 31% used [0x0000000081200000,0x00000000832c4118,0x0000000087a00000)
 Metaspace       used 26188K, capacity 26593K, committed 26752K, reserved 1073152K
  class space    used 3855K, capacity 3968K, committed 3968K, reserved 1048576K
Event: 9.436 GC heap after
Heap after GC invocations=11 (full 2):
 PSYoungGen      total 197120K, used 13688K [0x00000000d5b80000, 0x00000000e6180000, 0x0000000100000000)
  eden space 183296K, 0% used [0x00000000d5b80000,0x00000000d5b80000,0x00000000e0e80000)
  from space 13824K, 99% used [0x00000000e0e80000,0x00000000e1bde040,0x00000000e1c00000)
  to   space 15872K, 0% used [0x00000000e5200000,0x00000000e5200000,0x00000000e6180000)
 ParOldGen       total 106496K, used 54040K [0x0000000081200000, 0x0000000087a00000, 0x00000000d5b80000)
  object space 106496K, 50% used [0x0000000081200000,0x00000000846c6168,0x0000000087a00000)
 Metaspace       used 26188K, capacity 26593K, committed 26752K, reserved 1073152K
  class space    used 3855K, capacity 3968K, committed 3968K, reserved 1048576K
}
Event: 10.691 GC heap before
{Heap before GC invocations=12 (full 2):
 PSYoungGen      total 197120K, used 196984K [0x00000000d5b80000, 0x00000000e6180000, 0x0000000100000000)
  eden space 183296K, 100% used [0x00000000d5b80000,0x00000000e0e80000,0x00000000e0e80000)
  from space 13824K, 99% used [0x00000000e0e80000,0x00000000e1bde040,0x00000000e1c00000)
  to   space 15872K, 0% used [0x00000000e5200000,0x00000000e5200000,0x00000000e6180000)
 ParOldGen       total 106496K, used 54040K [0x0000000081200000, 0x0000000087a00000, 0x00000000d5b80000)
  object space 106496K, 50% used [0x0000000081200000,0x00000000846c6168,0x0000000087a00000)
 Metaspace       used 26203K, capacity 26657K, committed 26752K, reserved 1073152K
  class space    used 3855K, capacity 3968K, committed 3968K, reserved 1048576K
Event: 10.700 GC heap after
Heap after GC invocations=12 (full 2):
 PSYoungGen      total 244736K, used 13304K [0x00000000d5b80000, 0x00000000e5f00000, 0x0000000100000000)
  eden space 231424K, 0% used [0x00000000d5b80000,0x00000000d5b80000,0x00000000e3d80000)
  from space 13312K, 99% used [0x00000000e5200000,0x00000000e5efe040,0x00000000e5f00000)
  to   space 16896K, 0% used [0x00000000e3e00000,0x00000000e3e00000,0x00000000e4e80000)
 ParOldGen       total 106496K, used 74600K [0x0000000081200000, 0x0000000087a00000, 0x00000000d5b80000)
  object space 106496K, 70% used [0x0000000081200000,0x0000000085ada1b8,0x0000000087a00000)
 Metaspace       used 26203K, capacity 26657K, committed 26752K, reserved 1073152K
  class space    used 3855K, capacity 3968K, committed 3968K, reserved 1048576K
}

Deoptimization events (10 events):
Event: 27.214 Thread 0x000000005a6c9800 Uncommon trap: reason=unstable_if action=reinterpret pc=0x0000000003397cec method=java.awt.image.DirectColorModel.createCompatibleWritableRaster(II)Ljava/awt/image/WritableRaster; @ 53
Event: 27.215 Thread 0x000000005a6c9800 Uncommon trap: reason=unstable_if action=reinterpret pc=0x000000000348a774 method=javax.swing.RepaintManager.updateWindows(Ljava/util/Map;)V @ 74
Event: 27.218 Thread 0x000000005a6c9800 Uncommon trap: reason=unstable_if action=reinterpret pc=0x00000000033aa0cc method=sun.java2d.pipe.AlphaPaintPipe$TileContext.<init>(Lsun/java2d/SunGraphics2D;Ljava/awt/PaintContext;)V @ 53
Event: 27.335 Thread 0x0000000059c6e000 Uncommon trap: reason=unstable_if action=reinterpret pc=0x0000000003280f8c method=java.util.IdentityHashMap.put(Ljava/lang/Object;Ljava/lang/Object;)Ljava/lang/Object; @ 38
Event: 27.513 Thread 0x000000005a6c9800 Uncommon trap: reason=class_check action=maybe_recompile pc=0x000000000303d638 method=sun.java2d.SunGraphics2D.fill(Ljava/awt/Shape;)V @ 6
Event: 27.513 Thread 0x000000005a6c9800 Uncommon trap: reason=bimorphic action=maybe_recompile pc=0x000000000321f27c method=sun.java2d.pipe.ShapeSpanIterator.appendPath(Ljava/awt/geom/PathIterator;)V @ 7
Event: 27.513 Thread 0x000000005a6c9800 Uncommon trap: reason=unstable_if action=reinterpret pc=0x0000000003113350 method=java.awt.geom.AffineTransform.transform([FI[FII)V @ 2
Event: 27.513 Thread 0x000000005a6c9800 Uncommon trap: reason=class_check action=maybe_recompile pc=0x00000000033917f8 method=sun.java2d.pipe.AlphaPaintPipe.startSequence(Lsun/java2d/SunGraphics2D;Ljava/awt/Shape;Ljava/awt/Rectangle;[I)Ljava/lang/Object; @ 10
Event: 27.513 Thread 0x000000005a6c9800 Uncommon trap: reason=bimorphic action=maybe_recompile pc=0x000000000329f230 method=sun.java2d.pipe.DrawImage.blitSurfaceData(Lsun/java2d/SunGraphics2D;Lsun/java2d/pipe/Region;Lsun/java2d/SurfaceData;Lsun/java2d/SurfaceData;Lsun/java2d/loops/SurfaceType;L
Event: 27.542 Thread 0x000000005a6c9800 Uncommon trap: reason=unstable_if action=reinterpret pc=0x00000000035607b0 method=javax.swing.JComponent.paintChildren(Ljava/awt/Graphics;)V @ 212

Internal exceptions (10 events):
Event: 27.718 Thread 0x000000005a6c9800 Exception <a 'java/lang/NullPointerException'> (0x00000000dffaa170) thrown at [C:\re\workspace\8-2-build-windows-amd64-cygwin\jdk8u111\7883\hotspot\src\share\vm\runtime\sharedRuntime.cpp, line 1085]
Event: 27.718 Thread 0x000000005a6c9800 Exception <a 'java/lang/NullPointerException'> (0x00000000dffaa560) thrown at [C:\re\workspace\8-2-build-windows-amd64-cygwin\jdk8u111\7883\hotspot\src\share\vm\runtime\sharedRuntime.cpp, line 1085]
Event: 27.718 Thread 0x000000005a6c9800 Exception <a 'java/lang/NullPointerException'> (0x00000000dffaa950) thrown at [C:\re\workspace\8-2-build-windows-amd64-cygwin\jdk8u111\7883\hotspot\src\share\vm\runtime\sharedRuntime.cpp, line 1085]
Event: 27.719 Thread 0x000000005a6c9800 Exception <a 'java/lang/NullPointerException'> (0x00000000dffaad40) thrown at [C:\re\workspace\8-2-build-windows-amd64-cygwin\jdk8u111\7883\hotspot\src\share\vm\runtime\sharedRuntime.cpp, line 1085]
Event: 27.719 Thread 0x000000005a6c9800 Exception <a 'java/lang/NullPointerException'> (0x00000000dffab130) thrown at [C:\re\workspace\8-2-build-windows-amd64-cygwin\jdk8u111\7883\hotspot\src\share\vm\runtime\sharedRuntime.cpp, line 1085]
Event: 27.719 Thread 0x000000005a6c9800 Exception <a 'java/lang/NullPointerException'> (0x00000000dffab520) thrown at [C:\re\workspace\8-2-build-windows-amd64-cygwin\jdk8u111\7883\hotspot\src\share\vm\runtime\sharedRuntime.cpp, line 1085]
Event: 27.719 Thread 0x000000005a6c9800 Exception <a 'java/lang/NullPointerException'> (0x00000000dffab910) thrown at [C:\re\workspace\8-2-build-windows-amd64-cygwin\jdk8u111\7883\hotspot\src\share\vm\runtime\sharedRuntime.cpp, line 1085]
Event: 27.719 Thread 0x000000005a6c9800 Exception <a 'java/lang/NullPointerException'> (0x00000000dffabd00) thrown at [C:\re\workspace\8-2-build-windows-amd64-cygwin\jdk8u111\7883\hotspot\src\share\vm\runtime\sharedRuntime.cpp, line 1085]
Event: 27.719 Thread 0x000000005a6c9800 Exception <a 'java/lang/NullPointerException'> (0x00000000dffac0f0) thrown at [C:\re\workspace\8-2-build-windows-amd64-cygwin\jdk8u111\7883\hotspot\src\share\vm\runtime\sharedRuntime.cpp, line 1085]
Event: 27.719 Thread 0x000000005a6c9800 Exception <a 'java/lang/NullPointerException'> (0x00000000dffac4e0) thrown at [C:\re\workspace\8-2-build-windows-amd64-cygwin\jdk8u111\7883\hotspot\src\share\vm\runtime\sharedRuntime.cpp, line 1085]

Events (10 events):
Event: 27.513 Thread 0x000000005a6c9800 DEOPT UNPACKING pc=0x00000000027b582a sp=0x000000005b02bdb0 mode 2
Event: 27.513 Thread 0x000000005a6c9800 Uncommon trap: trap_request=0xffffffde fr.pc=0x00000000033917f8
Event: 27.513 Thread 0x000000005a6c9800 DEOPT PACKING pc=0x00000000033917f8 sp=0x000000005b02be60
Event: 27.513 Thread 0x000000005a6c9800 DEOPT UNPACKING pc=0x00000000027b582a sp=0x000000005b02bdc8 mode 2
Event: 27.513 Thread 0x000000005a6c9800 Uncommon trap: trap_request=0xffffffc6 fr.pc=0x000000000329f230
Event: 27.513 Thread 0x000000005a6c9800 DEOPT PACKING pc=0x000000000329f230 sp=0x000000005b02bb20
Event: 27.513 Thread 0x000000005a6c9800 DEOPT UNPACKING pc=0x00000000027b582a sp=0x000000005b02b9d0 mode 2
Event: 27.542 Thread 0x000000005a6c9800 Uncommon trap: trap_request=0xffffff65 fr.pc=0x00000000035607b0
Event: 27.542 Thread 0x000000005a6c9800 DEOPT PACKING pc=0x00000000035607b0 sp=0x000000005b02c060
Event: 27.542 Thread 0x000000005a6c9800 DEOPT UNPACKING pc=0x00000000027b582a sp=0x000000005b02c010 mode 2


Dynamic libraries:
0x000000013f250000 - 0x000000013f287000 	C:\Program Files\Java\jre1.8.0_111\bin\javaw.exe
0x00000000772a0000 - 0x000000007744b000 	C:\Windows\SYSTEM32\ntdll.dll
0x0000000077180000 - 0x000000007729f000 	C:\Windows\system32\kernel32.dll
0x000007fefd2a0000 - 0x000007fefd30a000 	C:\Windows\system32\KERNELBASE.dll
0x000007feff390000 - 0x000007feff46b000 	C:\Windows\system32\ADVAPI32.dll
0x000007fefdb60000 - 0x000007fefdbff000 	C:\Windows\system32\msvcrt.dll
0x000007fefdc50000 - 0x000007fefdc6f000 	C:\Windows\SYSTEM32\sechost.dll
0x000007fefdd50000 - 0x000007fefde7d000 	C:\Windows\system32\RPCRT4.dll
0x0000000077080000 - 0x000000007717a000 	C:\Windows\system32\USER32.dll
0x000007feff470000 - 0x000007feff4d7000 	C:\Windows\system32\GDI32.dll
0x000007fefd7c0000 - 0x000007fefd7ce000 	C:\Windows\system32\LPK.dll
0x000007fefd5c0000 - 0x000007fefd68a000 	C:\Windows\system32\USP10.dll
0x000007fefb890000 - 0x000007fefba84000 	C:\Windows\WinSxS\amd64_microsoft.windows.common-controls_6595b64144ccf1df_6.0.7601.23403_none_e36ad4593102f066\COMCTL32.dll
0x000007fefed50000 - 0x000007fefedc1000 	C:\Windows\system32\SHLWAPI.dll
0x000007feff580000 - 0x000007feff5ae000 	C:\Windows\system32\IMM32.DLL
0x000007fefd690000 - 0x000007fefd799000 	C:\Windows\system32\MSCTF.dll
0x000007fefd1c0000 - 0x000007fefd1f0000 	C:\Windows\system32\nvinitx.dll
0x000007fefd1b0000 - 0x000007fefd1bc000 	C:\Windows\system32\VERSION.dll
0x0000000074e20000 - 0x0000000074e26000 	C:\Program Files\NVIDIA Corporation\CoProcManager\detoured.dll
0x000007fefad60000 - 0x000007fefad98000 	C:\Program Files\NVIDIA Corporation\CoProcManager\nvd3d9wrapx.dll
0x000007feff030000 - 0x000007feff207000 	C:\Windows\system32\SETUPAPI.dll
0x000007fefd580000 - 0x000007fefd5b6000 	C:\Windows\system32\CFGMGR32.dll
0x000007fefdc70000 - 0x000007fefdd48000 	C:\Windows\system32\OLEAUT32.dll
0x000007fefd7d0000 - 0x000007fefd9d3000 	C:\Windows\system32\ole32.dll
0x000007fefd350000 - 0x000007fefd36a000 	C:\Windows\system32\DEVOBJ.dll
0x000007fefaaa0000 - 0x000007fefaac4000 	C:\Program Files\NVIDIA Corporation\CoProcManager\nvdxgiwrapx.dll
0x0000000070e60000 - 0x0000000070f32000 	C:\Program Files\Java\jre1.8.0_111\bin\msvcr100.dll
0x0000000057c10000 - 0x00000000584aa000 	C:\Program Files\Java\jre1.8.0_111\bin\server\jvm.dll
0x000007fef1400000 - 0x000007fef1409000 	C:\Windows\system32\WSOCK32.dll
0x000007fefdc00000 - 0x000007fefdc4d000 	C:\Windows\system32\WS2_32.dll
0x000007fefec10000 - 0x000007fefec18000 	C:\Windows\system32\NSI.dll
0x000007fefa200000 - 0x000007fefa23b000 	C:\Windows\system32\WINMM.dll
0x0000000077460000 - 0x0000000077467000 	C:\Windows\system32\PSAPI.DLL
0x00000000626d0000 - 0x00000000626df000 	C:\Program Files\Java\jre1.8.0_111\bin\verify.dll
0x00000000626a0000 - 0x00000000626c9000 	C:\Program Files\Java\jre1.8.0_111\bin\java.dll
0x0000000062680000 - 0x0000000062696000 	C:\Program Files\Java\jre1.8.0_111\bin\zip.dll
0x000007fefde80000 - 0x000007fefec0c000 	C:\Windows\system32\SHELL32.dll
0x000007fefd1f0000 - 0x000007fefd1ff000 	C:\Windows\system32\profapi.dll
0x0000000071020000 - 0x00000000711b8000 	C:\Program Files\Java\jre1.8.0_111\bin\awt.dll
0x000007fefaff0000 - 0x000007fefb008000 	C:\Windows\system32\DWMAPI.DLL
0x000007fefb600000 - 0x000007fefb656000 	C:\Windows\system32\uxtheme.dll
0x000007fefd0a0000 - 0x000007fefd0af000 	C:\Windows\system32\CRYPTBASE.dll
0x000007fefca40000 - 0x000007fefca58000 	C:\Windows\system32\CRYPTSP.dll
0x000007fefc720000 - 0x000007fefc767000 	C:\Windows\system32\rsaenh.dll
0x000007fefc810000 - 0x000007fefc82f000 	C:\Windows\system32\USERENV.dll
0x0000000002070000 - 0x000000000208a000 	C:\Program Files\Java\jre1.8.0_111\bin\net.dll
0x000007fefc9e0000 - 0x000007fefca35000 	C:\Windows\system32\mswsock.dll
0x000007fefc9d0000 - 0x000007fefc9d7000 	C:\Windows\System32\wship6.dll
0x000007fefa1d0000 - 0x000007fefa1f7000 	C:\Windows\system32\IPHLPAPI.DLL
0x000007fefa120000 - 0x000007fefa12b000 	C:\Windows\system32\WINNSI.DLL
0x000007fef9e90000 - 0x000007fef9ea8000 	C:\Windows\system32\dhcpcsvc.DLL
0x000007fef9e70000 - 0x000007fef9e81000 	C:\Windows\system32\dhcpcsvc6.DLL
0x0000000002090000 - 0x00000000020a1000 	C:\Program Files\Java\jre1.8.0_111\bin\nio.dll
0x0000000072020000 - 0x0000000072067000 	C:\Program Files\Java\jre1.8.0_111\bin\fontmanager.dll
0x0000000070fd0000 - 0x0000000071012000 	C:\Program Files\Java\jre1.8.0_111\bin\t2k.dll
0x000007fefa130000 - 0x000007fefa1d0000 	C:\Windows\WinSxS\amd64_microsoft.windows.common-controls_6595b64144ccf1df_5.82.7601.17514_none_a4d6a923711520a9\comctl32.dll
0x000007feff4e0000 - 0x000007feff579000 	C:\Windows\system32\CLBCatQ.DLL
0x000007fefba90000 - 0x000007fefbbbc000 	C:\Windows\system32\propsys.dll
0x000007fefb860000 - 0x000007fefb88d000 	C:\Windows\system32\ntmarta.dll
0x000007feff210000 - 0x000007feff262000 	C:\Windows\system32\WLDAP32.dll
0x000007fefd040000 - 0x000007fefd097000 	C:\Windows\system32\apphelp.dll
0x000007fef43a0000 - 0x000007fef453c000 	C:\Windows\system32\NetworkExplorer.dll
0x000007fef7770000 - 0x000007fef77a4000 	C:\Windows\System32\shdocvw.dll
0x000007fefaf20000 - 0x000007fefaf2b000 	C:\Windows\system32\slc.dll
0x000007fef9e30000 - 0x000007fef9e48000 	C:\Windows\system32\MPR.dll
0x000007fef45e0000 - 0x000007fef45ea000 	C:\Windows\System32\drprov.dll
0x000007fefd0b0000 - 0x000007fefd0ed000 	C:\Windows\System32\WINSTA.dll
0x000007fef45b0000 - 0x000007fef45d2000 	C:\Windows\System32\ntlanman.dll
0x000007fef4590000 - 0x000007fef45ae000 	C:\Windows\System32\davclnt.dll
0x000007fef4580000 - 0x000007fef458a000 	C:\Windows\System32\DAVHLPR.dll
0x000007fefb0b0000 - 0x000007fefb0c5000 	C:\Windows\system32\wkscli.dll
0x000007fef7960000 - 0x000007fef796f000 	C:\Windows\system32\cscapi.dll
0x000007fefb210000 - 0x000007fefb21c000 	C:\Windows\system32\netutils.dll
0x000007fee2810000 - 0x000007fee2a81000 	C:\Windows\system32\wpdshext.dll
0x000007fefb3e0000 - 0x000007fefb5f6000 	C:\Windows\WinSxS\amd64_microsoft.windows.gdiplus_6595b64144ccf1df_1.1.7601.23407_none_14556c1e8b95d0b8\gdiplus.dll
0x000007feef810000 - 0x000007feef8cd000 	C:\Windows\system32\PortableDeviceApi.dll
0x000007fefd310000 - 0x000007fefd34b000 	C:\Windows\system32\WINTRUST.dll
0x000007fefd370000 - 0x000007fefd4dd000 	C:\Windows\system32\CRYPT32.dll
0x00000000022d0000 - 0x00000000022df000 	C:\Windows\system32\MSASN1.dll
0x000007fef8080000 - 0x000007fef80b5000 	C:\Windows\system32\EhStorShell.dll
0x000007fef3770000 - 0x000007fef3797000 	C:\Windows\system32\EhStorAPI.dll
0x000007fef7760000 - 0x000007fef776c000 	C:\Windows\system32\LINKINFO.dll
0x000007fefada0000 - 0x000007fefaeca000 	C:\Windows\system32\WindowsCodecs.dll
0x000007fef8fe0000 - 0x000007fef905f000 	C:\Program Files (x86)\Adobe\Adobe Creative Cloud\CoreSyncExtension\CoreSync_x64.dll
0x000007fef80c0000 - 0x000007fef80c3000 	C:\Windows\system32\api-ms-win-core-synch-l1-2-0.DLL
0x000007fef7980000 - 0x000007fef79fe000 	C:\Windows\System32\cscui.dll
0x000007fef7970000 - 0x000007fef797c000 	C:\Windows\System32\CSCDLL.dll
0x000007fef78e0000 - 0x000007fef7960000 	C:\Windows\system32\ntshrui.dll
0x000007fefccc0000 - 0x000007fefcce3000 	C:\Windows\system32\srvcli.dll
0x0000000180000000 - 0x0000000180051000 	C:\Users\C17\git\MetaCiv\MetaCiv\lib\natives-win\lwjgl64.dll
0x000007fef41e0000 - 0x000007fef42fd000 	C:\Windows\system32\OPENGL32.dll
0x000007fef41b0000 - 0x000007fef41dd000 	C:\Windows\system32\GLU32.dll
0x000007fef40b0000 - 0x000007fef41a1000 	C:\Windows\system32\DDRAW.dll
0x000007fef4570000 - 0x000007fef4578000 	C:\Windows\system32\DCIMAN32.dll
0x0000000060000000 - 0x000000006078e000 	C:\Windows\system32\ig75icd64.dll
0x000007fef7a10000 - 0x000007fef7e54000 	C:\Windows\system32\igdusc64.dll
0x000007fefa780000 - 0x000007fefa81c000 	C:\Windows\system32\mscms.dll
0x000007fef14e0000 - 0x000007fef1522000 	C:\Windows\system32\icm32.dll
0x00000000722b0000 - 0x00000000722da000 	C:\Program Files\Java\jre1.8.0_111\bin\dcpr.dll
0x00000000592d0000 - 0x0000000059372000 	C:\Program Files\Java\jre1.8.0_111\bin\mlib_image.dll
0x000007feebcc0000 - 0x000007feebde5000 	C:\Windows\system32\dbghelp.dll

VM Arguments:
jvm_args: -Djava.library.path=C:\Users\C17\git\MetaCiv\MetaCiv\lib\natives-win -Dfile.encoding=Cp1252 
java_command: civilisation.CivLauncher
java_class_path (initial): C:\Users\C17\git\MetaCiv\MetaCiv\bin;C:\Users\C17\git\MetaCiv\MetaCiv\lib\turtlekit-3.0.0.4.jar;C:\Users\C17\git\MetaCiv\MetaCiv\lib\jars\lwjgl_util.jar;C:\Users\C17\git\MetaCiv\MetaCiv\lib\jars\lwjgl.jar;C:\Users\C17\git\MetaCiv\MetaCiv\lib\jars\slick-util.jar
Launcher Type: SUN_STANDARD

Environment Variables:
PATH=C:/Program Files/Java/jre1.8.0_111/bin/server;C:/Program Files/Java/jre1.8.0_111/bin;C:/Program Files/Java/jre1.8.0_111/lib/amd64;C:\ProgramData\Oracle\Java\javapath;C:\Program Files (x86)\Intel\iCLS Client\;C:\Program Files\Intel\iCLS Client\;C:\Windows\system32;C:\Windows;C:\Windows\System32\Wbem;C:\Windows\System32\WindowsPowerShell\v1.0\;C:\Program Files (x86)\NVIDIA Corporation\PhysX\Common;C:\Program Files\Intel\Intel(R) Management Engine Components\DAL;C:\Program Files\Intel\Intel(R) Management Engine Components\IPT;C:\Program Files (x86)\Intel\Intel(R) Management Engine Components\DAL;C:\Program Files (x86)\Intel\Intel(R) Management Engine Components\IPT;C:\Program Files (x86)\Skype\Phone\;C:\Windows\system32\config\systemprofile\.dnx\bin;C:\Program Files\Microsoft DNX\Dnvm\;C:\Program Files\Microsoft SQL Server\130\Tools\Binn\;C:\Users\C17\Desktop;
USERNAME=C17
OS=Windows_NT
PROCESSOR_IDENTIFIER=Intel64 Family 6 Model 60 Stepping 3, GenuineIntel



---------------  S Y S T E M  ---------------

OS: Windows 7 , 64 bit Build 7601 (6.1.7601.23455)

CPU:total 4 (2 cores per cpu, 2 threads per core) family 6 model 60 stepping 3, cmov, cx8, fxsr, mmx, sse, sse2, sse3, ssse3, sse4.1, sse4.2, popcnt, avx, avx2, aes, clmul, erms, lzcnt, ht, tsc, tscinvbit, bmi1, bmi2

Memory: 4k page, physical 8307368k(3654364k free), swap 16612876k(11228800k free)

vm_info: Java HotSpot(TM) 64-Bit Server VM (25.111-b14) for windows-amd64 JRE (1.8.0_111-b14), built on Sep 22 2016 19:24:05 by "java_re" with MS VC++ 10.0 (VS2010)

time: Tue Mar 28 18:06:36 2017
elapsed time: 27 seconds (0d 0h 0m 27s)

