#
# A fatal error has been detected by the Java Runtime Environment:
#
#  EXCEPTION_ACCESS_VIOLATION (0xc0000005) at pc=0x000000005f822200, pid=5540, tid=0x0000000000001728
#
# JRE version: Java(TM) SE Runtime Environment (8.0_111-b14) (build 1.8.0_111-b14)
# Java VM: Java HotSpot(TM) 64-Bit Server VM (25.111-b14 mixed mode windows-amd64 compressed oops)
# Problematic frame:
# C  [ig75icd64.dll+0x362200]
#
# Failed to write core dump. Minidumps are not enabled by default on client versions of Windows
#
# If you would like to submit a bug report, please visit:
#   http://bugreport.java.com/bugreport/crash.jsp
# The crash happened outside the Java Virtual Machine in native code.
# See problematic frame for where to report the bug.
#

---------------  T H R E A D  ---------------

Current thread (0x0000000059ebe800):  JavaThread "Thread-21" [_thread_in_native, id=5928, stack(0x000000005f3c0000,0x000000005f4c0000)]

siginfo: ExceptionCode=0xc0000005, writing address 0x00000000123f5000

Registers:
RAX=0x0004f18178250000, RBX=0x00000000601c8f00, RCX=0x00000000123f4ffc, RDX=0x000000000004f1c0
RSP=0x000000005f4be718, RBP=0x000000005f4be7b9, RSI=0x000000005f4be8c0, RDI=0x0000000000000059
R8 =0x0000000000000002, R9 =0x00000000601c8f00, R10=0x0000000000000034, R11=0x000000000004f180
R12=0x0000000000000000, R13=0x0000000000000000, R14=0x0000000000000000, R15=0x00000000000000c7
RIP=0x000000005f822200, EFLAGS=0x0000000000010206

Top of Stack: (sp=0x000000005f4be718)
0x000000005f4be718:   000000005f81f001 0004f1c1780e0000
0x000000005f4be728:   000000005f4be8c0 0004f18178250000
0x000000005f4be738:   00000000601c8f00 0000000000000001
0x000000005f4be748:   00000000005900c7 0000000079000002
0x000000005f4be758:   0000000000c70059 0000000000000001
0x000000005f4be768:   000000005f4be964 0004f0e0780f0000
0x000000005f4be778:   000000005f8213d7 0000005a00000000
0x000000005f4be788:   000000c800000000 000000005f4be960
0x000000005f4be798:   0000000020000000 0004f01c14800001
0x000000005f4be7a8:   00000e3300000000 4400000000000000
0x000000005f4be7b8:   3f80000000000000 000000005f4beae8
0x000000005f4be7c8:   0000000063f69e90 000000005f4bea40
0x000000005f4be7d8:   0000000000000000 00000000000000c7
0x000000005f4be7e8:   0000000000000004 000000005f4be900
0x000000005f4be7f8:   000000005f81e8a8 0000000000000167
0x000000005f4be808:   000000005f4be8c0 0000000000000000 

Instructions: (pc=0x000000005f822200)
0x000000005f8221e0:   24 08 48 89 01 41 83 81 c8 72 06 00 08 41 8b 89
0x000000005f8221f0:   c8 72 06 00 49 03 89 b8 72 06 00 48 8b 44 24 18
0x000000005f822200:   48 89 01 41 83 81 c8 72 06 00 08 41 8b 89 c8 72
0x000000005f822210:   06 00 48 8b 05 27 6c 39 00 49 03 89 b8 72 06 00 


Register to memory mapping:

RAX=0x0004f18178250000 is an unknown value
RBX=0x00000000601c8f00 is an unknown value
RCX=0x00000000123f4ffc is an unknown value
RDX=0x000000000004f1c0 is an unknown value
RSP=0x000000005f4be718 is pointing into the stack for thread: 0x0000000059ebe800
RBP=0x000000005f4be7b9 is pointing into the stack for thread: 0x0000000059ebe800
RSI=0x000000005f4be8c0 is pointing into the stack for thread: 0x0000000059ebe800
RDI=0x0000000000000059 is an unknown value
R8 =0x0000000000000002 is an unknown value
R9 =0x00000000601c8f00 is an unknown value
R10=0x0000000000000034 is an unknown value
R11=0x000000000004f180 is an unknown value
R12=0x0000000000000000 is an unknown value
R13=0x0000000000000000 is an unknown value
R14=0x0000000000000000 is an unknown value
R15=0x00000000000000c7 is an unknown value


Stack: [0x000000005f3c0000,0x000000005f4c0000],  sp=0x000000005f4be718,  free space=1017k
Native frames: (J=compiled Java code, j=interpreted, Vv=VM code, C=native code)
C  [ig75icd64.dll+0x362200]

Java frames: (J=compiled Java code, j=interpreted, Vv=VM code)
j  org.lwjgl.opengl.GL11.nglClear(IJ)V+0
j  org.lwjgl.opengl.GL11.glClear(I)V+15
j  renderEngine.MasterRenderer.prepare()V+9
j  renderEngine.MasterRenderer.render(Ljava/util/List;LrenderEngine/entities/Camera;Ljava/awt/image/BufferedImage;LrenderEngine/entities/Light;Ljava/util/ArrayList;Lorg/lwjgl/util/vector/Vector4f;FZZZLrenderEngine/shadowsMapping/ShadowFrameBuffer;LrenderEngine/sea/SeaFrameBuffers;Lorg/lwjgl/util/vector/Matrix4f;Lorg/lwjgl/util/vector/Matrix4f;)V+1
j  renderEngine.renderMain.run()V+1131
j  java.lang.Thread.run()V+11
v  ~StubRoutines::call_stub

---------------  P R O C E S S  ---------------

Java Threads: ( => current thread )
  0x0000000059eb9000 JavaThread "LWJGL Timer" daemon [_thread_blocked, id=5292, stack(0x0000000064f30000,0x0000000065030000)]
=>0x0000000059ebe800 JavaThread "Thread-21" [_thread_in_native, id=5928, stack(0x000000005f3c0000,0x000000005f4c0000)]
  0x0000000059eba800 JavaThread "LIVING-7" [_thread_blocked, id=860, stack(0x000000005ec00000,0x000000005ed00000)]
  0x0000000059eb7000 JavaThread "DestroyJavaVM" [_thread_blocked, id=2264, stack(0x0000000002240000,0x0000000002340000)]
  0x0000000059eb6000 JavaThread "LIVING-2" daemon [_thread_blocked, id=5436, stack(0x000000005b0c0000,0x000000005b1c0000)]
  0x0000000059eb5800 JavaThread "LIVING-1" daemon [_thread_blocked, id=5524, stack(0x000000005ad00000,0x000000005ae00000)]
  0x0000000059eb3000 JavaThread "TimerQueue" daemon [_thread_blocked, id=3464, stack(0x000000005a9c0000,0x000000005aac0000)]
  0x0000000059e69800 JavaThread "Swing-Shell" daemon [_thread_blocked, id=2156, stack(0x000000005cdb0000,0x000000005ceb0000)]
  0x0000000059da8000 JavaThread "AWT-EventQueue-0" [_thread_in_vm, id=5860, stack(0x000000005b1c0000,0x000000005b2c0000)]
  0x0000000059d1c000 JavaThread "AWT-Windows" daemon [_thread_in_native, id=1056, stack(0x0000000058df0000,0x0000000058ef0000)]
  0x0000000059d19000 JavaThread "AWT-Shutdown" [_thread_blocked, id=1304, stack(0x000000005a620000,0x000000005a720000)]
  0x0000000059d13000 JavaThread "Java2D Disposer" daemon [_thread_blocked, id=4144, stack(0x000000005a4c0000,0x000000005a5c0000)]
  0x0000000059286800 JavaThread "Service Thread" daemon [_thread_blocked, id=3396, stack(0x00000000596d0000,0x00000000597d0000)]
  0x000000005767f800 JavaThread "C1 CompilerThread2" daemon [_thread_blocked, id=6108, stack(0x0000000059000000,0x0000000059100000)]
  0x000000005767e000 JavaThread "C2 CompilerThread1" daemon [_thread_blocked, id=4196, stack(0x0000000059110000,0x0000000059210000)]
  0x0000000057679800 JavaThread "C2 CompilerThread0" daemon [_thread_blocked, id=3040, stack(0x0000000058ef0000,0x0000000058ff0000)]
  0x0000000057677000 JavaThread "Attach Listener" daemon [_thread_blocked, id=3964, stack(0x0000000058cb0000,0x0000000058db0000)]
  0x0000000057674000 JavaThread "Signal Dispatcher" daemon [_thread_blocked, id=1376, stack(0x0000000058b30000,0x0000000058c30000)]
  0x0000000057659800 JavaThread "Finalizer" daemon [_thread_blocked, id=3956, stack(0x0000000058930000,0x0000000058a30000)]
  0x0000000057612000 JavaThread "Reference Handler" daemon [_thread_blocked, id=1748, stack(0x0000000058710000,0x0000000058810000)]

Other Threads:
  0x000000005760a800 VMThread [stack: 0x00000000585d0000,0x00000000586d0000] [id=5380]
  0x000000005928f800 WatcherThread [stack: 0x00000000597d0000,0x00000000598d0000] [id=804]

VM state:not at safepoint (normal execution)

VM Mutex/Monitor currently owned by a thread: None

Heap:
 PSYoungGen      total 246272K, used 55090K [0x00000000d5b80000, 0x00000000e8400000, 0x0000000100000000)
  eden space 228352K, 20% used [0x00000000d5b80000,0x00000000d8a13b18,0x00000000e3a80000)
  from space 17920K, 41% used [0x00000000e3a80000,0x00000000e41b8ed0,0x00000000e4c00000)
  to   space 17408K, 0% used [0x00000000e7300000,0x00000000e7300000,0x00000000e8400000)
 ParOldGen       total 122368K, used 53210K [0x0000000081200000, 0x0000000088980000, 0x00000000d5b80000)
  object space 122368K, 43% used [0x0000000081200000,0x00000000845f69b8,0x0000000088980000)
 Metaspace       used 26564K, capacity 27009K, committed 27392K, reserved 1073152K
  class space    used 3880K, capacity 4000K, committed 4096K, reserved 1048576K

Card table byte_map: [0x0000000011ac0000,0x0000000011ec0000] byte_map_base: 0x00000000116b7000

Marking Bits: (ParMarkBitMap*) 0x000000006f39a6c0
 Begin Bits: [0x0000000012910000, 0x00000000148c8000)
 End Bits:   [0x00000000148c8000, 0x0000000016880000)

Polling page: 0x0000000000330000

CodeCache: size=245760Kb used=13427Kb max_used=13887Kb free=232332Kb
 bounds [0x0000000002700000, 0x00000000034c0000, 0x0000000011700000]
 total_blobs=4554 nmethods=3816 adapters=649
 compilation: enabled

Compilation events (10 events):
Event: 33.830 Thread 0x000000005767f800 4522       3       org.lwjgl.util.vector.Vector4f::<init> (14 bytes)
Event: 33.830 Thread 0x000000005767f800 nmethod 4522 0x0000000002f49690 code [0x0000000002f49800, 0x0000000002f49a90]
Event: 33.830 Thread 0x000000005767f800 4523       3       org.lwjgl.util.vector.Vector4f::set (22 bytes)
Event: 33.830 Thread 0x000000005767f800 nmethod 4523 0x000000000309f490 code [0x000000000309f5e0, 0x000000000309f750]
Event: 33.830 Thread 0x000000005767f800 4524       3       org.lwjgl.opengl.GL20::glUniform1i (20 bytes)
Event: 33.831 Thread 0x000000005767f800 nmethod 4524 0x0000000002fab3d0 code [0x0000000002fab5a0, 0x0000000002fabcb8]
Event: 33.843 Thread 0x000000005767f800 4525   !   3       turtlekit.viewer.TKDefaultViewer::render (203 bytes)
Event: 33.845 Thread 0x000000005767f800 nmethod 4525 0x0000000002fa5010 code [0x0000000002fa53e0, 0x0000000002fa7b98]
Event: 33.845 Thread 0x000000005767f800 4527       3       org.lwjgl.opengl.GL20::glUniform3f (27 bytes)
Event: 33.846 Thread 0x000000005767f800 nmethod 4527 0x00000000029c5810 code [0x00000000029c59e0, 0x00000000029c6138]

GC Heap History (10 events):
Event: 10.999 GC heap before
{Heap before GC invocations=11 (full 2):
 PSYoungGen      total 160256K, used 159808K [0x00000000d5b80000, 0x00000000e1000000, 0x0000000100000000)
  eden space 146944K, 100% used [0x00000000d5b80000,0x00000000deb00000,0x00000000deb00000)
  from space 13312K, 96% used [0x00000000e0300000,0x00000000e0f90030,0x00000000e1000000)
  to   space 16384K, 0% used [0x00000000df000000,0x00000000df000000,0x00000000e0000000)
 ParOldGen       total 122368K, used 36802K [0x0000000081200000, 0x0000000088980000, 0x00000000d5b80000)
  object space 122368K, 30% used [0x0000000081200000,0x00000000835f0978,0x0000000088980000)
 Metaspace       used 26292K, capacity 26753K, committed 27136K, reserved 1073152K
  class space    used 3871K, capacity 4000K, committed 4096K, reserved 1048576K
Event: 11.007 GC heap after
Heap after GC invocations=11 (full 2):
 PSYoungGen      total 168448K, used 13472K [0x00000000d5b80000, 0x00000000e3780000, 0x0000000100000000)
  eden space 152064K, 0% used [0x00000000d5b80000,0x00000000d5b80000,0x00000000df000000)
  from space 16384K, 82% used [0x00000000df000000,0x00000000dfd28030,0x00000000e0000000)
  to   space 17408K, 0% used [0x00000000e2680000,0x00000000e2680000,0x00000000e3780000)
 ParOldGen       total 122368K, used 49098K [0x0000000081200000, 0x0000000088980000, 0x00000000d5b80000)
  object space 122368K, 40% used [0x0000000081200000,0x00000000841f29a8,0x0000000088980000)
 Metaspace       used 26292K, capacity 26753K, committed 27136K, reserved 1073152K
  class space    used 3871K, capacity 4000K, committed 4096K, reserved 1048576K
}
Event: 12.411 GC heap before
{Heap before GC invocations=12 (full 2):
 PSYoungGen      total 168448K, used 165536K [0x00000000d5b80000, 0x00000000e3780000, 0x0000000100000000)
  eden space 152064K, 100% used [0x00000000d5b80000,0x00000000df000000,0x00000000df000000)
  from space 16384K, 82% used [0x00000000df000000,0x00000000dfd28030,0x00000000e0000000)
  to   space 17408K, 0% used [0x00000000e2680000,0x00000000e2680000,0x00000000e3780000)
 ParOldGen       total 122368K, used 49098K [0x0000000081200000, 0x0000000088980000, 0x00000000d5b80000)
  object space 122368K, 40% used [0x0000000081200000,0x00000000841f29a8,0x0000000088980000)
 Metaspace       used 26343K, capacity 26817K, committed 27136K, reserved 1073152K
  class space    used 3871K, capacity 4000K, committed 4096K, reserved 1048576K
Event: 12.418 GC heap after
Heap after GC invocations=12 (full 2):
 PSYoungGen      total 206848K, used 13496K [0x00000000d5b80000, 0x00000000e3c80000, 0x0000000100000000)
  eden space 189440K, 0% used [0x00000000d5b80000,0x00000000d5b80000,0x00000000e1480000)
  from space 17408K, 77% used [0x00000000e2680000,0x00000000e33ae040,0x00000000e3780000)
  to   space 18432K, 0% used [0x00000000e1480000,0x00000000e1480000,0x00000000e2680000)
 ParOldGen       total 122368K, used 53202K [0x0000000081200000, 0x0000000088980000, 0x00000000d5b80000)
  object space 122368K, 43% used [0x0000000081200000,0x00000000845f49b8,0x0000000088980000)
 Metaspace       used 26343K, capacity 26817K, committed 27136K, reserved 1073152K
  class space    used 3871K, capacity 4000K, committed 4096K, reserved 1048576K
}
Event: 14.697 GC heap before
{Heap before GC invocations=13 (full 2):
 PSYoungGen      total 206848K, used 202936K [0x00000000d5b80000, 0x00000000e3c80000, 0x0000000100000000)
  eden space 189440K, 100% used [0x00000000d5b80000,0x00000000e1480000,0x00000000e1480000)
  from space 17408K, 77% used [0x00000000e2680000,0x00000000e33ae040,0x00000000e3780000)
  to   space 18432K, 0% used [0x00000000e1480000,0x00000000e1480000,0x00000000e2680000)
 ParOldGen       total 122368K, used 53202K [0x0000000081200000, 0x0000000088980000, 0x00000000d5b80000)
  object space 122368K, 43% used [0x0000000081200000,0x00000000845f49b8,0x0000000088980000)
 Metaspace       used 26454K, capacity 26817K, committed 27136K, reserved 1073152K
  class space    used 3876K, capacity 4000K, committed 4096K, reserved 1048576K
Event: 14.701 GC heap after
Heap after GC invocations=13 (full 2):
 PSYoungGen      total 207872K, used 1930K [0x00000000d5b80000, 0x00000000e6580000, 0x0000000100000000)
  eden space 189440K, 0% used [0x00000000d5b80000,0x00000000d5b80000,0x00000000e1480000)
  from space 18432K, 10% used [0x00000000e1480000,0x00000000e1662b38,0x00000000e2680000)
  to   space 18944K, 0% used [0x00000000e5300000,0x00000000e5300000,0x00000000e6580000)
 ParOldGen       total 122368K, used 53210K [0x0000000081200000, 0x0000000088980000, 0x00000000d5b80000)
  object space 122368K, 43% used [0x0000000081200000,0x00000000845f69b8,0x0000000088980000)
 Metaspace       used 26454K, capacity 26817K, committed 27136K, reserved 1073152K
  class space    used 3876K, capacity 4000K, committed 4096K, reserved 1048576K
}
Event: 20.957 GC heap before
{Heap before GC invocations=14 (full 2):
 PSYoungGen      total 207872K, used 191370K [0x00000000d5b80000, 0x00000000e6580000, 0x0000000100000000)
  eden space 189440K, 100% used [0x00000000d5b80000,0x00000000e1480000,0x00000000e1480000)
  from space 18432K, 10% used [0x00000000e1480000,0x00000000e1662b38,0x00000000e2680000)
  to   space 18944K, 0% used [0x00000000e5300000,0x00000000e5300000,0x00000000e6580000)
 ParOldGen       total 122368K, used 53210K [0x0000000081200000, 0x0000000088980000, 0x00000000d5b80000)
  object space 122368K, 43% used [0x0000000081200000,0x00000000845f69b8,0x0000000088980000)
 Metaspace       used 26494K, capacity 26945K, committed 27136K, reserved 1073152K
  class space    used 3877K, capacity 4000K, committed 4096K, reserved 1048576K
Event: 20.968 GC heap after
Heap after GC invocations=14 (full 2):
 PSYoungGen      total 239104K, used 6755K [0x00000000d5b80000, 0x00000000e5d80000, 0x0000000100000000)
  eden space 228352K, 0% used [0x00000000d5b80000,0x00000000d5b80000,0x00000000e3a80000)
  from space 10752K, 62% used [0x00000000e5300000,0x00000000e5998ed0,0x00000000e5d80000)
  to   space 17920K, 0% used [0x00000000e3a80000,0x00000000e3a80000,0x00000000e4c00000)
 ParOldGen       total 122368K, used 53210K [0x0000000081200000, 0x0000000088980000, 0x00000000d5b80000)
  object space 122368K, 43% used [0x0000000081200000,0x00000000845f69b8,0x0000000088980000)
 Metaspace       used 26494K, capacity 26945K, committed 27136K, reserved 1073152K
  class space    used 3877K, capacity 4000K, committed 4096K, reserved 1048576K
}
Event: 28.879 GC heap before
{Heap before GC invocations=15 (full 2):
 PSYoungGen      total 239104K, used 235107K [0x00000000d5b80000, 0x00000000e5d80000, 0x0000000100000000)
  eden space 228352K, 100% used [0x00000000d5b80000,0x00000000e3a80000,0x00000000e3a80000)
  from space 10752K, 62% used [0x00000000e5300000,0x00000000e5998ed0,0x00000000e5d80000)
  to   space 17920K, 0% used [0x00000000e3a80000,0x00000000e3a80000,0x00000000e4c00000)
 ParOldGen       total 122368K, used 53210K [0x0000000081200000, 0x0000000088980000, 0x00000000d5b80000)
  object space 122368K, 43% used [0x0000000081200000,0x00000000845f69b8,0x0000000088980000)
 Metaspace       used 26494K, capacity 26945K, committed 27136K, reserved 1073152K
  class space    used 3877K, capacity 4000K, committed 4096K, reserved 1048576K
Event: 28.891 GC heap after
Heap after GC invocations=15 (full 2):
 PSYoungGen      total 246272K, used 7395K [0x00000000d5b80000, 0x00000000e8400000, 0x0000000100000000)
  eden space 228352K, 0% used [0x00000000d5b80000,0x00000000d5b80000,0x00000000e3a80000)
  from space 17920K, 41% used [0x00000000e3a80000,0x00000000e41b8ed0,0x00000000e4c00000)
  to   space 17408K, 0% used [0x00000000e7300000,0x00000000e7300000,0x00000000e8400000)
 ParOldGen       total 122368K, used 53210K [0x0000000081200000, 0x0000000088980000, 0x00000000d5b80000)
  object space 122368K, 43% used [0x0000000081200000,0x00000000845f69b8,0x0000000088980000)
 Metaspace       used 26494K, capacity 26945K, committed 27136K, reserved 1073152K
  class space    used 3877K, capacity 4000K, committed 4096K, reserved 1048576K
}

Deoptimization events (10 events):
Event: 33.563 Thread 0x0000000059da8000 Uncommon trap: reason=bimorphic action=maybe_recompile pc=0x000000000318b2cc method=sun.java2d.pipe.ShapeSpanIterator.appendPath(Ljava/awt/geom/PathIterator;)V @ 16
Event: 33.563 Thread 0x0000000059da8000 Uncommon trap: reason=unstable_if action=reinterpret pc=0x00000000030308d0 method=java.awt.geom.AffineTransform.transform([FI[FII)V @ 2
Event: 33.563 Thread 0x0000000059da8000 Uncommon trap: reason=class_check action=maybe_recompile pc=0x0000000003330738 method=sun.java2d.pipe.AlphaPaintPipe.startSequence(Lsun/java2d/SunGraphics2D;Ljava/awt/Shape;Ljava/awt/Rectangle;[I)Ljava/lang/Object; @ 10
Event: 33.563 Thread 0x0000000059da8000 Uncommon trap: reason=unstable_if action=reinterpret pc=0x0000000002f7285c method=java.awt.geom.Path2D$Float.getBounds2D()Ljava/awt/geom/Rectangle2D; @ 71
Event: 33.563 Thread 0x0000000059da8000 Uncommon trap: reason=unstable_if action=reinterpret pc=0x000000000332e7f8 method=sun.java2d.pipe.AlphaPaintPipe$TileContext.<init>(Lsun/java2d/SunGraphics2D;Ljava/awt/PaintContext;)V @ 53
Event: 33.563 Thread 0x0000000059da8000 Uncommon trap: reason=unstable_if action=reinterpret pc=0x0000000003356760 method=sun.java2d.pipe.AlphaPaintPipe.endSequence(Ljava/lang/Object;)V @ 56
Event: 33.564 Thread 0x0000000059da8000 Uncommon trap: reason=unstable_if action=reinterpret pc=0x00000000031ef5f0 method=sun.java2d.pipe.DrawImage.copyImage(Lsun/java2d/SunGraphics2D;Ljava/awt/Image;IILjava/awt/Color;Ljava/awt/image/ImageObserver;)Z @ 4
Event: 33.638 Thread 0x0000000059da8000 Uncommon trap: reason=unstable_if action=reinterpret pc=0x00000000033ab974 method=javax.swing.RepaintManager.updateWindows(Ljava/util/Map;)V @ 74
Event: 33.698 Thread 0x0000000059da8000 Uncommon trap: reason=unstable_if action=reinterpret pc=0x0000000002f59590 method=javax.swing.JComponent.paintChildren(Ljava/awt/Graphics;)V @ 212
Event: 33.699 Thread 0x0000000059da8000 Uncommon trap: reason=bimorphic action=maybe_recompile pc=0x00000000034a0aa8 method=sun.java2d.pipe.ValidatePipe.drawLine(Lsun/java2d/SunGraphics2D;IIII)V @ 19

Internal exceptions (10 events):
Event: 33.937 Thread 0x0000000059da8000 Exception <a 'java/lang/NullPointerException'> (0x00000000d8426bb8) thrown at [C:\re\workspace\8-2-build-windows-amd64-cygwin\jdk8u111\7883\hotspot\src\share\vm\runtime\sharedRuntime.cpp, line 1085]
Event: 33.937 Thread 0x0000000059da8000 Exception <a 'java/lang/NullPointerException'> (0x00000000d8426fa8) thrown at [C:\re\workspace\8-2-build-windows-amd64-cygwin\jdk8u111\7883\hotspot\src\share\vm\runtime\sharedRuntime.cpp, line 1085]
Event: 33.937 Thread 0x0000000059da8000 Exception <a 'java/lang/NullPointerException'> (0x00000000d8427398) thrown at [C:\re\workspace\8-2-build-windows-amd64-cygwin\jdk8u111\7883\hotspot\src\share\vm\runtime\sharedRuntime.cpp, line 1085]
Event: 33.938 Thread 0x0000000059da8000 Exception <a 'java/lang/NullPointerException'> (0x00000000d8427788) thrown at [C:\re\workspace\8-2-build-windows-amd64-cygwin\jdk8u111\7883\hotspot\src\share\vm\runtime\sharedRuntime.cpp, line 1085]
Event: 33.938 Thread 0x0000000059da8000 Exception <a 'java/lang/NullPointerException'> (0x00000000d8427b78) thrown at [C:\re\workspace\8-2-build-windows-amd64-cygwin\jdk8u111\7883\hotspot\src\share\vm\runtime\sharedRuntime.cpp, line 1085]
Event: 33.938 Thread 0x0000000059da8000 Exception <a 'java/lang/NullPointerException'> (0x00000000d8427f68) thrown at [C:\re\workspace\8-2-build-windows-amd64-cygwin\jdk8u111\7883\hotspot\src\share\vm\runtime\sharedRuntime.cpp, line 1085]
Event: 33.938 Thread 0x0000000059da8000 Exception <a 'java/lang/NullPointerException'> (0x00000000d8428358) thrown at [C:\re\workspace\8-2-build-windows-amd64-cygwin\jdk8u111\7883\hotspot\src\share\vm\runtime\sharedRuntime.cpp, line 1085]
Event: 33.938 Thread 0x0000000059da8000 Exception <a 'java/lang/NullPointerException'> (0x00000000d8428748) thrown at [C:\re\workspace\8-2-build-windows-amd64-cygwin\jdk8u111\7883\hotspot\src\share\vm\runtime\sharedRuntime.cpp, line 1085]
Event: 33.938 Thread 0x0000000059da8000 Exception <a 'java/lang/NullPointerException'> (0x00000000d8428b38) thrown at [C:\re\workspace\8-2-build-windows-amd64-cygwin\jdk8u111\7883\hotspot\src\share\vm\runtime\sharedRuntime.cpp, line 1085]
Event: 33.938 Thread 0x0000000059da8000 Exception <a 'java/lang/NullPointerException'> (0x00000000d8428f28) thrown at [C:\re\workspace\8-2-build-windows-amd64-cygwin\jdk8u111\7883\hotspot\src\share\vm\runtime\sharedRuntime.cpp, line 1085]

Events (10 events):
Event: 33.564 Thread 0x0000000059da8000 DEOPT UNPACKING pc=0x000000000274582a sp=0x000000005b2bc238 mode 2
Event: 33.638 Thread 0x0000000059da8000 Uncommon trap: trap_request=0xffffff65 fr.pc=0x00000000033ab974
Event: 33.638 Thread 0x0000000059da8000 DEOPT PACKING pc=0x00000000033ab974 sp=0x000000005b2be380
Event: 33.638 Thread 0x0000000059da8000 DEOPT UNPACKING pc=0x000000000274582a sp=0x000000005b2be2c8 mode 2
Event: 33.698 Thread 0x0000000059da8000 Uncommon trap: trap_request=0xffffff65 fr.pc=0x0000000002f59590
Event: 33.698 Thread 0x0000000059da8000 DEOPT PACKING pc=0x0000000002f59590 sp=0x000000005b2bc320
Event: 33.698 Thread 0x0000000059da8000 DEOPT UNPACKING pc=0x000000000274582a sp=0x000000005b2bc2d0 mode 2
Event: 33.699 Thread 0x0000000059da8000 Uncommon trap: trap_request=0xffffffc6 fr.pc=0x00000000034a0aa8
Event: 33.699 Thread 0x0000000059da8000 DEOPT PACKING pc=0x00000000034a0aa8 sp=0x000000005b2bc410
Event: 33.699 Thread 0x0000000059da8000 DEOPT UNPACKING pc=0x000000000274582a sp=0x000000005b2bc380 mode 2


Dynamic libraries:
0x000000013f100000 - 0x000000013f137000 	C:\Program Files\Java\jre1.8.0_111\bin\javaw.exe
0x00000000771a0000 - 0x000000007734b000 	C:\Windows\SYSTEM32\ntdll.dll
0x0000000076f80000 - 0x000000007709f000 	C:\Windows\system32\kernel32.dll
0x000007fefd450000 - 0x000007fefd4ba000 	C:\Windows\system32\KERNELBASE.dll
0x000007feff2a0000 - 0x000007feff37b000 	C:\Windows\system32\ADVAPI32.dll
0x000007fefe130000 - 0x000007fefe1cf000 	C:\Windows\system32\msvcrt.dll
0x000007fefd4c0000 - 0x000007fefd4df000 	C:\Windows\SYSTEM32\sechost.dll
0x000007feff380000 - 0x000007feff4ad000 	C:\Windows\system32\RPCRT4.dll
0x00000000770a0000 - 0x000000007719a000 	C:\Windows\system32\USER32.dll
0x000007fefe0c0000 - 0x000007fefe127000 	C:\Windows\system32\GDI32.dll
0x000007feff290000 - 0x000007feff29e000 	C:\Windows\system32\LPK.dll
0x000007fefddb0000 - 0x000007fefde7a000 	C:\Windows\system32\USP10.dll
0x000007fefba20000 - 0x000007fefbc14000 	C:\Windows\WinSxS\amd64_microsoft.windows.common-controls_6595b64144ccf1df_6.0.7601.23403_none_e36ad4593102f066\COMCTL32.dll
0x000007feff200000 - 0x000007feff271000 	C:\Windows\system32\SHLWAPI.dll
0x000007fefd9f0000 - 0x000007fefda1e000 	C:\Windows\system32\IMM32.DLL
0x000007fefd4e0000 - 0x000007fefd5e9000 	C:\Windows\system32\MSCTF.dll
0x000007fefc2f0000 - 0x000007fefc320000 	C:\Windows\system32\nvinitx.dll
0x000007fefd0b0000 - 0x000007fefd0bc000 	C:\Windows\system32\VERSION.dll
0x0000000074e50000 - 0x0000000074e56000 	C:\Program Files\NVIDIA Corporation\CoProcManager\detoured.dll
0x000007fefc2b0000 - 0x000007fefc2e8000 	C:\Program Files\NVIDIA Corporation\CoProcManager\nvd3d9wrapx.dll
0x000007fefde80000 - 0x000007fefe057000 	C:\Windows\system32\SETUPAPI.dll
0x000007fefd1c0000 - 0x000007fefd1f6000 	C:\Windows\system32\CFGMGR32.dll
0x000007fefe1d0000 - 0x000007fefe2a8000 	C:\Windows\system32\OLEAUT32.dll
0x000007fefdba0000 - 0x000007fefdda3000 	C:\Windows\system32\ole32.dll
0x000007fefd1a0000 - 0x000007fefd1ba000 	C:\Windows\system32\DEVOBJ.dll
0x000007fefc260000 - 0x000007fefc284000 	C:\Program Files\NVIDIA Corporation\CoProcManager\nvdxgiwrapx.dll
0x0000000072d20000 - 0x0000000072df2000 	C:\Program Files\Java\jre1.8.0_111\bin\msvcr100.dll
0x000000006eb80000 - 0x000000006f41a000 	C:\Program Files\Java\jre1.8.0_111\bin\server\jvm.dll
0x000007feedd50000 - 0x000007feedd59000 	C:\Windows\system32\WSOCK32.dll
0x000007fefd740000 - 0x000007fefd78d000 	C:\Windows\system32\WS2_32.dll
0x000007feff280000 - 0x000007feff288000 	C:\Windows\system32\NSI.dll
0x000007fef9eb0000 - 0x000007fef9eeb000 	C:\Windows\system32\WINMM.dll
0x0000000077360000 - 0x0000000077367000 	C:\Windows\system32\PSAPI.DLL
0x0000000074290000 - 0x000000007429f000 	C:\Program Files\Java\jre1.8.0_111\bin\verify.dll
0x0000000074260000 - 0x0000000074289000 	C:\Program Files\Java\jre1.8.0_111\bin\java.dll
0x0000000074240000 - 0x0000000074256000 	C:\Program Files\Java\jre1.8.0_111\bin\zip.dll
0x000007fefe350000 - 0x000007feff0dc000 	C:\Windows\system32\SHELL32.dll
0x000007fefd0f0000 - 0x000007fefd0ff000 	C:\Windows\system32\profapi.dll
0x0000000070670000 - 0x0000000070808000 	C:\Program Files\Java\jre1.8.0_111\bin\awt.dll
0x000007fefb300000 - 0x000007fefb318000 	C:\Windows\system32\DWMAPI.DLL
0x000007fefb8a0000 - 0x000007fefb8f6000 	C:\Windows\system32\uxtheme.dll
0x000007fefcfe0000 - 0x000007fefcfef000 	C:\Windows\system32\CRYPTBASE.dll
0x000007fefc9b0000 - 0x000007fefc9c8000 	C:\Windows\system32\CRYPTSP.dll
0x000007fefc650000 - 0x000007fefc697000 	C:\Windows\system32\rsaenh.dll
0x000007fefc740000 - 0x000007fefc75f000 	C:\Windows\system32\USERENV.dll
0x0000000074220000 - 0x000000007423a000 	C:\Program Files\Java\jre1.8.0_111\bin\net.dll
0x000007fefc950000 - 0x000007fefc9a5000 	C:\Windows\system32\mswsock.dll
0x000007fefc900000 - 0x000007fefc907000 	C:\Windows\System32\wship6.dll
0x000007fef9cd0000 - 0x000007fef9cf7000 	C:\Windows\system32\IPHLPAPI.DLL
0x000007fef9cc0000 - 0x000007fef9ccb000 	C:\Windows\system32\WINNSI.DLL
0x000007fef8010000 - 0x000007fef8028000 	C:\Windows\system32\dhcpcsvc.DLL
0x000007fef7ff0000 - 0x000007fef8001000 	C:\Windows\system32\dhcpcsvc6.DLL
0x0000000074200000 - 0x0000000074211000 	C:\Program Files\Java\jre1.8.0_111\bin\nio.dll
0x00000000739d0000 - 0x0000000073a17000 	C:\Program Files\Java\jre1.8.0_111\bin\fontmanager.dll
0x0000000073380000 - 0x00000000733c2000 	C:\Program Files\Java\jre1.8.0_111\bin\t2k.dll
0x000007fef9e10000 - 0x000007fef9eb0000 	C:\Windows\WinSxS\amd64_microsoft.windows.common-controls_6595b64144ccf1df_5.82.7601.17514_none_a4d6a923711520a9\comctl32.dll
0x000007fefe2b0000 - 0x000007fefe349000 	C:\Windows\system32\CLBCatQ.DLL
0x000007fefb6f0000 - 0x000007fefb81c000 	C:\Windows\system32\propsys.dll
0x000007fefae70000 - 0x000007fefae9d000 	C:\Windows\system32\ntmarta.dll
0x000007fefe060000 - 0x000007fefe0b2000 	C:\Windows\system32\WLDAP32.dll
0x000007fefcf80000 - 0x000007fefcfd7000 	C:\Windows\system32\apphelp.dll
0x000007fef31b0000 - 0x000007fef334c000 	C:\Windows\system32\NetworkExplorer.dll
0x000007fef76e0000 - 0x000007fef7714000 	C:\Windows\System32\shdocvw.dll
0x000007fefa980000 - 0x000007fefa98b000 	C:\Windows\system32\slc.dll
0x000007fef9c80000 - 0x000007fef9c98000 	C:\Windows\system32\MPR.dll
0x000007fef9cb0000 - 0x000007fef9cba000 	C:\Windows\System32\drprov.dll
0x000007fefc4e0000 - 0x000007fefc51d000 	C:\Windows\System32\WINSTA.dll
0x000007fef5560000 - 0x000007fef5582000 	C:\Windows\System32\ntlanman.dll
0x000007fef5540000 - 0x000007fef555e000 	C:\Windows\System32\davclnt.dll
0x000007fef9ca0000 - 0x000007fef9caa000 	C:\Windows\System32\DAVHLPR.dll
0x000007fefb020000 - 0x000007fefb035000 	C:\Windows\system32\wkscli.dll
0x000007fef8340000 - 0x000007fef834f000 	C:\Windows\system32\cscapi.dll
0x000007fefb040000 - 0x000007fefb04c000 	C:\Windows\system32\netutils.dll
0x000007fee7f00000 - 0x000007fee8171000 	C:\Windows\system32\wpdshext.dll
0x000007fefb4c0000 - 0x000007fefb6d6000 	C:\Windows\WinSxS\amd64_microsoft.windows.gdiplus_6595b64144ccf1df_1.1.7601.23407_none_14556c1e8b95d0b8\gdiplus.dll
0x000007fef2960000 - 0x000007fef2a1d000 	C:\Windows\system32\PortableDeviceApi.dll
0x000007fefd200000 - 0x000007fefd23b000 	C:\Windows\system32\WINTRUST.dll
0x000000005d350000 - 0x000000005d4bd000 	C:\Windows\system32\CRYPT32.dll
0x000007fefd190000 - 0x000007fefd19f000 	C:\Windows\system32\MSASN1.dll
0x000007fef83e0000 - 0x000007fef8415000 	C:\Windows\system32\EhStorShell.dll
0x000007fefa710000 - 0x000007fefa737000 	C:\Windows\system32\EhStorAPI.dll
0x000007fef76d0000 - 0x000007fef76dc000 	C:\Windows\system32\LINKINFO.dll
0x000007fefb190000 - 0x000007fefb2ba000 	C:\Windows\system32\WindowsCodecs.dll
0x000007fef8430000 - 0x000007fef84af000 	C:\Program Files (x86)\Adobe\Adobe Creative Cloud\CoreSyncExtension\CoreSync_x64.dll
0x000007fef8420000 - 0x000007fef8423000 	C:\Windows\system32\api-ms-win-core-synch-l1-2-0.DLL
0x000007fef8360000 - 0x000007fef83de000 	C:\Windows\System32\cscui.dll
0x000007fef8350000 - 0x000007fef835c000 	C:\Windows\System32\CSCDLL.dll
0x000007fef82c0000 - 0x000007fef8340000 	C:\Windows\system32\ntshrui.dll
0x000007fefc920000 - 0x000007fefc943000 	C:\Windows\system32\srvcli.dll
0x0000000180000000 - 0x0000000180051000 	C:\Users\C17\git\MetaCiv\MetaCiv\lib\natives-win\lwjgl64.dll
0x000007fef6780000 - 0x000007fef689d000 	C:\Windows\system32\OPENGL32.dll
0x000007fef6190000 - 0x000007fef61bd000 	C:\Windows\system32\GLU32.dll
0x000007fef6090000 - 0x000007fef6181000 	C:\Windows\system32\DDRAW.dll
0x000007fef6080000 - 0x000007fef6088000 	C:\Windows\system32\DCIMAN32.dll
0x000000005f4c0000 - 0x000000005fc4e000 	C:\Windows\system32\ig75icd64.dll
0x000007fef85f0000 - 0x000007fef8a34000 	C:\Windows\system32\igdusc64.dll
0x000007fef5fe0000 - 0x000007fef607c000 	C:\Windows\system32\mscms.dll
0x000007fefa5b0000 - 0x000007fefa5f2000 	C:\Windows\system32\icm32.dll
0x0000000074160000 - 0x000000007418a000 	C:\Program Files\Java\jre1.8.0_111\bin\dcpr.dll
0x0000000059610000 - 0x00000000596b2000 	C:\Program Files\Java\jre1.8.0_111\bin\mlib_image.dll
0x000007feebb10000 - 0x000007feebc35000 	C:\Windows\system32\dbghelp.dll

VM Arguments:
jvm_args: -Djava.library.path=C:\Users\C17\git\MetaCiv\MetaCiv\lib\natives-win -Dfile.encoding=Cp1252 
java_command: civilisation.CivLauncher
java_class_path (initial): C:\Users\C17\git\MetaCiv\MetaCiv\bin;C:\Users\C17\git\MetaCiv\MetaCiv\lib\turtlekit-3.0.0.4.jar;C:\Users\C17\git\MetaCiv\MetaCiv\lib\jars\lwjgl_util.jar;C:\Users\C17\git\MetaCiv\MetaCiv\lib\jars\lwjgl.jar;C:\Users\C17\git\MetaCiv\MetaCiv\lib\jars\slick-util.jar
Launcher Type: SUN_STANDARD

Environment Variables:
PATH=C:/Program Files/Java/jre1.8.0_111/bin/server;C:/Program Files/Java/jre1.8.0_111/bin;C:/Program Files/Java/jre1.8.0_111/lib/amd64;C:\ProgramData\Oracle\Java\javapath;C:\Program Files (x86)\Intel\iCLS Client\;C:\Program Files\Intel\iCLS Client\;C:\Windows\system32;C:\Windows;C:\Windows\System32\Wbem;C:\Windows\System32\WindowsPowerShell\v1.0\;C:\Program Files (x86)\NVIDIA Corporation\PhysX\Common;C:\Program Files\Intel\Intel(R) Management Engine Components\DAL;C:\Program Files\Intel\Intel(R) Management Engine Components\IPT;C:\Program Files (x86)\Intel\Intel(R) Management Engine Components\DAL;C:\Program Files (x86)\Intel\Intel(R) Management Engine Components\IPT;C:\Program Files (x86)\Skype\Phone\;C:\Windows\system32\config\systemprofile\.dnx\bin;C:\Program Files\Microsoft DNX\Dnvm\;C:\Program Files\Microsoft SQL Server\130\Tools\Binn\;C:\Program Files\Common Files\Autodesk Shared\;%R_HOME%;c:\python27\lib\site-packages\pywin32_system32;C:\Python27\Lib\site-packages\shared_libs;c:\python27\lib\site-packages\scons-2.3.0-py2.7-win32.egg\EGG-INFO\scripts;c:\python27\lib\site-packages\ann-1.1.2-win32.egg\bin;c:\python27\lib\site-packages\vplants.plantgl-2.19.0-py2.7-win32.egg\bin;c:\python27\lib\site-packages\qt4-4.8.5-py2.7-win32.egg\bin;c:\python27\lib\site-packages\vplants.aml-1.2.0-py2.7-win32.egg\bin;c:\python27\lib\site-packages\cgal-4.0-win32.egg\bin;c:\python27\lib\site-packages\mingw-5.1.4_4c-py2.7-win32.egg\bin;c:\python27\lib\site-packages\qt4_dev-4.8.5-py2.7-win32.egg\bin;c:\python27\lib\site-packages\bisonflex-2.4.1_2.5.35-win32.egg\bin;c:\python27\lib\site-packages\cmake-2.8.11.2-py2.7-win32.egg\bin;c:\python27\lib\site-packages\alinea.caribu-6.1.0-py2.7-win32.egg\bin;C:\Users\C17\Desktop;
USERNAME=C17
OS=Windows_NT
PROCESSOR_IDENTIFIER=Intel64 Family 6 Model 60 Stepping 3, GenuineIntel



---------------  S Y S T E M  ---------------

OS: Windows 7 , 64 bit Build 7601 (6.1.7601.23455)

CPU:total 4 (2 cores per cpu, 2 threads per core) family 6 model 60 stepping 3, cmov, cx8, fxsr, mmx, sse, sse2, sse3, ssse3, sse4.1, sse4.2, popcnt, avx, avx2, aes, clmul, erms, lzcnt, ht, tsc, tscinvbit, bmi1, bmi2

Memory: 4k page, physical 8307368k(4291604k free), swap 16612876k(12097604k free)

vm_info: Java HotSpot(TM) 64-Bit Server VM (25.111-b14) for windows-amd64 JRE (1.8.0_111-b14), built on Sep 22 2016 19:24:05 by "java_re" with MS VC++ 10.0 (VS2010)

time: Tue Apr 25 16:34:29 2017
elapsed time: 33 seconds (0d 0h 0m 33s)

