#
# A fatal error has been detected by the Java Runtime Environment:
#
#  EXCEPTION_ACCESS_VIOLATION (0xc0000005) at pc=0x000000005f31ce84, pid=7916, tid=0x000000000000135c
#
# JRE version: Java(TM) SE Runtime Environment (8.0_111-b14) (build 1.8.0_111-b14)
# Java VM: Java HotSpot(TM) 64-Bit Server VM (25.111-b14 mixed mode windows-amd64 compressed oops)
# Problematic frame:
# C  [ig75icd64.dll+0x25ce84]
#
# Failed to write core dump. Minidumps are not enabled by default on client versions of Windows
#
# If you would like to submit a bug report, please visit:
#   http://bugreport.java.com/bugreport/crash.jsp
# The crash happened outside the Java Virtual Machine in native code.
# See problematic frame for where to report the bug.
#

---------------  T H R E A D  ---------------

Current thread (0x0000000059e45000):  JavaThread "Thread-21" [_thread_in_native, id=4956, stack(0x000000005efc0000,0x000000005f0c0000)]

siginfo: ExceptionCode=0xc0000005, reading address 0x0000000000000000

Registers:
RAX=0x000000005d36f630, RBX=0x000000005f0beac0, RCX=0x0000000063bb7450, RDX=0x000000005f0beac0
RSP=0x000000005f0bea40, RBP=0x000000005fd7af00, RSI=0x0000000000000000, RDI=0x0000000063bb7450
R8 =0x000000005fd7af00, R9 =0x000000005f0c0000, R10=0x00000000620acc40, R11=0x000000005f0beb38
R12=0x0000000000000000, R13=0x00000000d6145f68, R14=0x000000005f0bed68, R15=0x0000000059e45000
RIP=0x000000005f31ce84, EFLAGS=0x0000000000010246

Top of Stack: (sp=0x000000005f0bea40)
0x000000005f0bea40:   6405400000000000 0000000000000000
0x000000005f0bea50:   000000005f0beb91 0000000000000000
0x000000005f0bea60:   000000005f0beb92 00000000ffffffff
0x000000005f0bea70:   000000005f0beb10 00000000000000c0
0x000000005f0bea80:   000000005fd7af00 000000005f31adc0
0x000000005f0bea90:   0000000000000000 0000000000000000
0x000000005f0beaa0:   0000000063bb7450 000000005f0beb10
0x000000005f0beab0:   000000005fd7af00 000000005f31d200
0x000000005f0beac0:   0000000000000001 0000000063bb7450
0x000000005f0bead0:   000000005fd7af00 0000000000000002
0x000000005f0beae0:   00000000620acc40 00000000620acae0
0x000000005f0beaf0:   0000000063b8a834 0000000000000000
0x000000005f0beb00:   000000005fd7af00 000000005f31d348
0x000000005f0beb10:   0000000000000001 0000000063bb7450
0x000000005f0beb20:   0000000059e45000 0000000000000006
0x000000005f0beb30:   000000005fd7af00 000000005f319aee 

Instructions: (pc=0x000000005f31ce84)
0x000000005f31ce64:   80 78 58 00 48 8b f9 c7 02 01 00 00 00 74 06 48
0x000000005f31ce74:   8b 70 50 eb 04 48 8b 70 48 49 8b 80 00 71 06 00
0x000000005f31ce84:   48 8b 0e 4c 8d 4c 24 58 48 89 44 24 28 48 8d 44
0x000000005f31ce94:   24 50 41 b8 0a 00 00 00 48 8b d6 48 89 44 24 20 


Register to memory mapping:

RAX=0x000000005d36f630 is an unknown value
RBX=0x000000005f0beac0 is pointing into the stack for thread: 0x0000000059e45000
RCX=0x0000000063bb7450 is an unknown value
RDX=0x000000005f0beac0 is pointing into the stack for thread: 0x0000000059e45000
RSP=0x000000005f0bea40 is pointing into the stack for thread: 0x0000000059e45000
RBP=0x000000005fd7af00 is an unknown value
RSI=0x0000000000000000 is an unknown value
RDI=0x0000000063bb7450 is an unknown value
R8 =0x000000005fd7af00 is an unknown value
R9 =0x000000005f0c0000 is pointing into the stack for thread: 0x0000000059e45000
R10=0x00000000620acc40 is an unknown value
R11=0x000000005f0beb38 is pointing into the stack for thread: 0x0000000059e45000
R12=0x0000000000000000 is an unknown value
R13=0x00000000d6145f68 is an oop
org.lwjgl.util.vector.Vector3f 
 - klass: 'org/lwjgl/util/vector/Vector3f'
R14=0x000000005f0bed68 is pointing into the stack for thread: 0x0000000059e45000
R15=0x0000000059e45000 is a thread


Stack: [0x000000005efc0000,0x000000005f0c0000],  sp=0x000000005f0bea40,  free space=1018k
Native frames: (J=compiled Java code, j=interpreted, Vv=VM code, C=native code)
C  [ig75icd64.dll+0x25ce84]
C  [ig75icd64.dll+0x25adc0]
C  [ig75icd64.dll+0x25d200]
C  [ig75icd64.dll+0x25d348]
C  [ig75icd64.dll+0x259aee]
C  [ig75icd64.dll+0x131bf4]
C  [ig75icd64.dll+0x26f294]
C  [ig75icd64.dll+0x14e420]
C  [ig75icd64.dll+0x14ee04]
C  [ig75icd64.dll+0x150871]
C  0x000000000294719c

Java frames: (J=compiled Java code, j=interpreted, Vv=VM code)
J 4577  org.lwjgl.opengl.GL11.nglDrawElementsBO(IIIJJ)V (0 bytes) @ 0x0000000002947116 [0x00000000029470c0+0x56]
J 4621 C1 renderEngine.TerrainRenderer.render(LrenderEngine/terrains/Terrain;Ljava/util/ArrayList;FZLrenderEngine/shadowsMapping/ShadowFrameBuffer;Lorg/lwjgl/util/vector/Matrix4f;)V (38 bytes) @ 0x00000000031ea204 [0x00000000031e97e0+0xa24]
J 4584 C1 renderEngine.MasterRenderer.render(Ljava/util/List;LrenderEngine/entities/Camera;Ljava/awt/image/BufferedImage;LrenderEngine/entities/Light;Ljava/util/ArrayList;Lorg/lwjgl/util/vector/Vector4f;FZZZLrenderEngine/shadowsMapping/ShadowFrameBuffer;LrenderEngine/sea/SeaFrameBuffers;Lorg/lwjgl/util/vector/Matrix4f;Lorg/lwjgl/util/vector/Matrix4f;Z)V (200 bytes) @ 0x00000000036c6314 [0x00000000036c3160+0x31b4]
j  renderEngine.renderMain.run()V+1998
j  java.lang.Thread.run()V+11
v  ~StubRoutines::call_stub

---------------  P R O C E S S  ---------------

Java Threads: ( => current thread )
  0x0000000059e40800 JavaThread "LWJGL Timer" daemon [_thread_blocked, id=3880, stack(0x000000005c940000,0x000000005ca40000)]
=>0x0000000059e45000 JavaThread "Thread-21" [_thread_in_native, id=4956, stack(0x000000005efc0000,0x000000005f0c0000)]
  0x0000000059e41800 JavaThread "LIVING-7" [_thread_blocked, id=7376, stack(0x000000005cdd0000,0x000000005ced0000)]
  0x0000000059e3d000 JavaThread "DestroyJavaVM" [_thread_blocked, id=4952, stack(0x0000000002430000,0x0000000002530000)]
  0x0000000059e3c000 JavaThread "LIVING-2" daemon [_thread_blocked, id=7588, stack(0x000000005b130000,0x000000005b230000)]
  0x0000000059e3b800 JavaThread "LIVING-1" daemon [_thread_blocked, id=7284, stack(0x000000005aff0000,0x000000005b0f0000)]
  0x0000000059e3a000 JavaThread "TimerQueue" daemon [_thread_blocked, id=4684, stack(0x000000005d8b0000,0x000000005d9b0000)]
  0x0000000059e07800 JavaThread "Swing-Shell" daemon [_thread_blocked, id=7852, stack(0x000000005d080000,0x000000005d180000)]
  0x0000000059d39000 JavaThread "AWT-EventQueue-0" [_thread_in_vm, id=4980, stack(0x000000005b400000,0x000000005b500000)]
  0x0000000059cb3000 JavaThread "AWT-Windows" daemon [_thread_in_native, id=7524, stack(0x000000005a7e0000,0x000000005a8e0000)]
  0x0000000059cb0800 JavaThread "AWT-Shutdown" [_thread_blocked, id=6620, stack(0x000000005a6b0000,0x000000005a7b0000)]
  0x0000000059caa000 JavaThread "Java2D Disposer" daemon [_thread_blocked, id=7612, stack(0x000000005a520000,0x000000005a620000)]
  0x0000000058edc000 JavaThread "Service Thread" daemon [_thread_blocked, id=6676, stack(0x0000000059700000,0x0000000059800000)]
  0x0000000058e73000 JavaThread "C1 CompilerThread2" daemon [_thread_blocked, id=7856, stack(0x0000000059500000,0x0000000059600000)]
  0x000000005767e800 JavaThread "C2 CompilerThread1" daemon [_thread_blocked, id=6468, stack(0x0000000059300000,0x0000000059400000)]
  0x000000005767a000 JavaThread "C2 CompilerThread0" daemon [_thread_blocked, id=7964, stack(0x0000000058c20000,0x0000000058d20000)]
  0x0000000057677000 JavaThread "Attach Listener" daemon [_thread_blocked, id=7368, stack(0x0000000058d70000,0x0000000058e70000)]
  0x0000000057674000 JavaThread "Signal Dispatcher" daemon [_thread_blocked, id=6480, stack(0x0000000058b20000,0x0000000058c20000)]
  0x0000000057659000 JavaThread "Finalizer" daemon [_thread_blocked, id=2592, stack(0x0000000058910000,0x0000000058a10000)]
  0x0000000057612800 JavaThread "Reference Handler" daemon [_thread_blocked, id=7152, stack(0x0000000058790000,0x0000000058890000)]

Other Threads:
  0x000000005760a800 VMThread [stack: 0x0000000058640000,0x0000000058740000] [id=7248]
  0x0000000058f36800 WatcherThread [stack: 0x00000000599b0000,0x0000000059ab0000] [id=1808]

VM state:not at safepoint (normal execution)

VM Mutex/Monitor currently owned by a thread: None

Heap:
 PSYoungGen      total 373760K, used 97215K [0x00000000d5b80000, 0x00000000f3880000, 0x0000000100000000)
  eden space 271360K, 35% used [0x00000000d5b80000,0x00000000db905b28,0x00000000e6480000)
  from space 102400K, 1% used [0x00000000ed480000,0x00000000ed5ea310,0x00000000f3880000)
  to   space 108544K, 0% used [0x00000000e6480000,0x00000000e6480000,0x00000000ece80000)
 ParOldGen       total 245760K, used 106119K [0x0000000081200000, 0x0000000090200000, 0x00000000d5b80000)
  object space 245760K, 43% used [0x0000000081200000,0x00000000879a1f30,0x0000000090200000)
 Metaspace       used 27202K, capacity 27553K, committed 27648K, reserved 1073152K
  class space    used 3983K, capacity 4096K, committed 4096K, reserved 1048576K

Card table byte_map: [0x0000000011bc0000,0x0000000011fc0000] byte_map_base: 0x00000000117b7000

Marking Bits: (ParMarkBitMap*) 0x000000006ff3a6c0
 Begin Bits: [0x0000000012910000, 0x00000000148c8000)
 End Bits:   [0x00000000148c8000, 0x0000000016880000)

Polling page: 0x0000000002000000

CodeCache: size=245760Kb used=15019Kb max_used=15758Kb free=230740Kb
 bounds [0x0000000002800000, 0x0000000003780000, 0x0000000011800000]
 total_blobs=4986 nmethods=4256 adapters=640
 compilation: enabled

Compilation events (10 events):
Event: 86.852 Thread 0x0000000058e73000 5176   !   3       javax.swing.JComponent::paintChildren (669 bytes)
Event: 86.859 Thread 0x0000000058e73000 nmethod 5176 0x0000000003095bd0 code [0x0000000003096140, 0x000000000309a2f8]
Event: 86.859 Thread 0x0000000058e73000 5175       1       sun.swing.MenuItemLayoutHelper$LayoutResult::access$900 (5 bytes)
Event: 86.859 Thread 0x0000000058e73000 nmethod 5175 0x00000000035a22d0 code [0x00000000035a2420, 0x00000000035a2510]
Event: 86.859 Thread 0x0000000058e73000 5177       1       sun.swing.MenuItemLayoutHelper$LayoutResult::access$800 (5 bytes)
Event: 86.859 Thread 0x0000000058e73000 nmethod 5177 0x0000000003690a50 code [0x0000000003690ba0, 0x0000000003690c90]
Event: 86.859 Thread 0x0000000058e73000 5178       1       sun.swing.MenuItemLayoutHelper$LayoutResult::access$500 (5 bytes)
Event: 86.859 Thread 0x0000000058e73000 nmethod 5178 0x000000000369e210 code [0x000000000369e360, 0x000000000369e450]
Event: 86.859 Thread 0x0000000058e73000 5179       1       sun.swing.MenuItemLayoutHelper$RectSize::getOrigWidth (5 bytes)
Event: 86.859 Thread 0x0000000058e73000 nmethod 5179 0x0000000003675c90 code [0x0000000003675de0, 0x0000000003675ef0]

GC Heap History (10 events):
Event: 47.515 GC heap before
{Heap before GC invocations=22 (full 4):
 PSYoungGen      total 375296K, used 262112K [0x00000000d5b80000, 0x00000000f4080000, 0x0000000100000000)
  eden space 260608K, 100% used [0x00000000d5b80000,0x00000000e5a00000,0x00000000e5a00000)
  from space 114688K, 1% used [0x00000000e5a00000,0x00000000e5b78000,0x00000000eca00000)
  to   space 111104K, 0% used [0x00000000ed400000,0x00000000ed400000,0x00000000f4080000)
 ParOldGen       total 245760K, used 67881K [0x0000000081200000, 0x0000000090200000, 0x00000000d5b80000)
  object space 245760K, 27% used [0x0000000081200000,0x000000008544a5f0,0x0000000090200000)
 Metaspace       used 27169K, capacity 27553K, committed 27648K, reserved 1073152K
  class space    used 3983K, capacity 4096K, committed 4096K, reserved 1048576K
Event: 47.546 GC heap after
Heap after GC invocations=22 (full 4):
 PSYoungGen      total 370688K, used 90053K [0x00000000d5b80000, 0x00000000f5b80000, 0x0000000100000000)
  eden space 259584K, 0% used [0x00000000d5b80000,0x00000000d5b80000,0x00000000e5900000)
  from space 111104K, 81% used [0x00000000ed400000,0x00000000f2bf15c0,0x00000000f4080000)
  to   space 125952K, 0% used [0x00000000e5900000,0x00000000e5900000,0x00000000ed400000)
 ParOldGen       total 245760K, used 106111K [0x0000000081200000, 0x0000000090200000, 0x00000000d5b80000)
  object space 245760K, 43% used [0x0000000081200000,0x000000008799ff30,0x0000000090200000)
 Metaspace       used 27169K, capacity 27553K, committed 27648K, reserved 1073152K
  class space    used 3983K, capacity 4096K, committed 4096K, reserved 1048576K
}
Event: 52.068 GC heap before
{Heap before GC invocations=23 (full 4):
 PSYoungGen      total 370688K, used 348570K [0x00000000d5b80000, 0x00000000f5b80000, 0x0000000100000000)
  eden space 259584K, 99% used [0x00000000d5b80000,0x00000000e57f5440,0x00000000e5900000)
  from space 111104K, 81% used [0x00000000ed400000,0x00000000f2bf15c0,0x00000000f4080000)
  to   space 125952K, 0% used [0x00000000e5900000,0x00000000e5900000,0x00000000ed400000)
 ParOldGen       total 245760K, used 106111K [0x0000000081200000, 0x0000000090200000, 0x00000000d5b80000)
  object space 245760K, 43% used [0x0000000081200000,0x000000008799ff30,0x0000000090200000)
 Metaspace       used 27185K, capacity 27553K, committed 27648K, reserved 1073152K
  class space    used 3983K, capacity 4096K, committed 4096K, reserved 1048576K
Event: 52.074 GC heap after
Heap after GC invocations=23 (full 4):
 PSYoungGen      total 385536K, used 1576K [0x00000000d5b80000, 0x00000000f5100000, 0x0000000100000000)
  eden space 259584K, 0% used [0x00000000d5b80000,0x00000000d5b80000,0x00000000e5900000)
  from space 125952K, 1% used [0x00000000e5900000,0x00000000e5a8a310,0x00000000ed400000)
  to   space 122368K, 0% used [0x00000000ed980000,0x00000000ed980000,0x00000000f5100000)
 ParOldGen       total 245760K, used 106111K [0x0000000081200000, 0x0000000090200000, 0x00000000d5b80000)
  object space 245760K, 43% used [0x0000000081200000,0x000000008799ff30,0x0000000090200000)
 Metaspace       used 27185K, capacity 27553K, committed 27648K, reserved 1073152K
  class space    used 3983K, capacity 4096K, committed 4096K, reserved 1048576K
}
Event: 59.301 GC heap before
{Heap before GC invocations=24 (full 4):
 PSYoungGen      total 385536K, used 260655K [0x00000000d5b80000, 0x00000000f5100000, 0x0000000100000000)
  eden space 259584K, 99% used [0x00000000d5b80000,0x00000000e5881b60,0x00000000e5900000)
  from space 125952K, 1% used [0x00000000e5900000,0x00000000e5a8a310,0x00000000ed400000)
  to   space 122368K, 0% used [0x00000000ed980000,0x00000000ed980000,0x00000000f5100000)
 ParOldGen       total 245760K, used 106111K [0x0000000081200000, 0x0000000090200000, 0x00000000d5b80000)
  object space 245760K, 43% used [0x0000000081200000,0x000000008799ff30,0x0000000090200000)
 Metaspace       used 27188K, capacity 27553K, committed 27648K, reserved 1073152K
  class space    used 3983K, capacity 4096K, committed 4096K, reserved 1048576K
Event: 59.305 GC heap after
Heap after GC invocations=24 (full 4):
 PSYoungGen      total 377856K, used 1672K [0x00000000d5b80000, 0x00000000f4600000, 0x0000000100000000)
  eden space 266752K, 0% used [0x00000000d5b80000,0x00000000d5b80000,0x00000000e6000000)
  from space 111104K, 1% used [0x00000000ed980000,0x00000000edb22310,0x00000000f4600000)
  to   space 117760K, 0% used [0x00000000e6000000,0x00000000e6000000,0x00000000ed300000)
 ParOldGen       total 245760K, used 106111K [0x0000000081200000, 0x0000000090200000, 0x00000000d5b80000)
  object space 245760K, 43% used [0x0000000081200000,0x000000008799ff30,0x0000000090200000)
 Metaspace       used 27188K, capacity 27553K, committed 27648K, reserved 1073152K
  class space    used 3983K, capacity 4096K, committed 4096K, reserved 1048576K
}
Event: 67.226 GC heap before
{Heap before GC invocations=25 (full 4):
 PSYoungGen      total 377856K, used 268424K [0x00000000d5b80000, 0x00000000f4600000, 0x0000000100000000)
  eden space 266752K, 100% used [0x00000000d5b80000,0x00000000e6000000,0x00000000e6000000)
  from space 111104K, 1% used [0x00000000ed980000,0x00000000edb22310,0x00000000f4600000)
  to   space 117760K, 0% used [0x00000000e6000000,0x00000000e6000000,0x00000000ed300000)
 ParOldGen       total 245760K, used 106111K [0x0000000081200000, 0x0000000090200000, 0x00000000d5b80000)
  object space 245760K, 43% used [0x0000000081200000,0x000000008799ff30,0x0000000090200000)
 Metaspace       used 27188K, capacity 27553K, committed 27648K, reserved 1073152K
  class space    used 3983K, capacity 4096K, committed 4096K, reserved 1048576K
Event: 67.231 GC heap after
Heap after GC invocations=25 (full 4):
 PSYoungGen      total 384512K, used 1544K [0x00000000d5b80000, 0x00000000f4380000, 0x0000000100000000)
  eden space 266752K, 0% used [0x00000000d5b80000,0x00000000d5b80000,0x00000000e6000000)
  from space 117760K, 1% used [0x00000000e6000000,0x00000000e6182310,0x00000000ed300000)
  to   space 113664K, 0% used [0x00000000ed480000,0x00000000ed480000,0x00000000f4380000)
 ParOldGen       total 245760K, used 106111K [0x0000000081200000, 0x0000000090200000, 0x00000000d5b80000)
  object space 245760K, 43% used [0x0000000081200000,0x000000008799ff30,0x0000000090200000)
 Metaspace       used 27188K, capacity 27553K, committed 27648K, reserved 1073152K
  class space    used 3983K, capacity 4096K, committed 4096K, reserved 1048576K
}
Event: 79.416 GC heap before
{Heap before GC invocations=26 (full 4):
 PSYoungGen      total 384512K, used 266965K [0x00000000d5b80000, 0x00000000f4380000, 0x0000000100000000)
  eden space 266752K, 99% used [0x00000000d5b80000,0x00000000e5eb3460,0x00000000e6000000)
  from space 117760K, 1% used [0x00000000e6000000,0x00000000e6182310,0x00000000ed300000)
  to   space 113664K, 0% used [0x00000000ed480000,0x00000000ed480000,0x00000000f4380000)
 ParOldGen       total 245760K, used 106111K [0x0000000081200000, 0x0000000090200000, 0x00000000d5b80000)
  object space 245760K, 43% used [0x0000000081200000,0x000000008799ff30,0x0000000090200000)
 Metaspace       used 27194K, capacity 27553K, committed 27648K, reserved 1073152K
  class space    used 3983K, capacity 4096K, committed 4096K, reserved 1048576K
Event: 79.421 GC heap after
Heap after GC invocations=26 (full 4):
 PSYoungGen      total 373760K, used 1448K [0x00000000d5b80000, 0x00000000f3880000, 0x0000000100000000)
  eden space 271360K, 0% used [0x00000000d5b80000,0x00000000d5b80000,0x00000000e6480000)
  from space 102400K, 1% used [0x00000000ed480000,0x00000000ed5ea310,0x00000000f3880000)
  to   space 108544K, 0% used [0x00000000e6480000,0x00000000e6480000,0x00000000ece80000)
 ParOldGen       total 245760K, used 106119K [0x0000000081200000, 0x0000000090200000, 0x00000000d5b80000)
  object space 245760K, 43% used [0x0000000081200000,0x00000000879a1f30,0x0000000090200000)
 Metaspace       used 27194K, capacity 27553K, committed 27648K, reserved 1073152K
  class space    used 3983K, capacity 4096K, committed 4096K, reserved 1048576K
}

Deoptimization events (10 events):
Event: 47.332 Thread 0x0000000059e45000 Uncommon trap: reason=unstable_if action=reinterpret pc=0x0000000003756618 method=org.lwjgl.opengl.FastIntMap.containsKey(I)Z @ 14
Event: 86.432 Thread 0x0000000059d39000 Uncommon trap: reason=unstable_if action=reinterpret pc=0x00000000030e9350 method=sun.java2d.SunGraphics2D.hitClip(IIII)Z @ 6
Event: 86.667 Thread 0x0000000059cb3000 Uncommon trap: reason=unstable_if action=reinterpret pc=0x0000000003371d4c method=java.util.IdentityHashMap.put(Ljava/lang/Object;Ljava/lang/Object;)Ljava/lang/Object; @ 38
Event: 86.797 Thread 0x0000000059d39000 Uncommon trap: reason=class_check action=maybe_recompile pc=0x0000000003337cc0 method=javax.swing.border.TitledBorder.getBorderInsets(Ljavax/swing/border/Border;Ljava/awt/Component;Ljava/awt/Insets;)Ljava/awt/Insets; @ 16
Event: 86.797 Thread 0x0000000059d39000 Uncommon trap: reason=class_check action=maybe_recompile pc=0x0000000003666a0c method=java.awt.geom.RectIterator.<init>(Ljava/awt/geom/Rectangle2D;Ljava/awt/geom/AffineTransform;)V @ 6
Event: 86.797 Thread 0x0000000059d39000 Uncommon trap: reason=class_check action=maybe_recompile pc=0x0000000003666a0c method=java.awt.geom.RectIterator.<init>(Ljava/awt/geom/Rectangle2D;Ljava/awt/geom/AffineTransform;)V @ 6
Event: 86.797 Thread 0x0000000059d39000 Uncommon trap: reason=class_check action=maybe_recompile pc=0x00000000030a97f8 method=sun.java2d.SunGraphics2D.fill(Ljava/awt/Shape;)V @ 6
Event: 86.797 Thread 0x0000000059d39000 Uncommon trap: reason=bimorphic action=maybe_recompile pc=0x000000000326a288 method=sun.java2d.pipe.ShapeSpanIterator.appendPath(Ljava/awt/geom/PathIterator;)V @ 16
Event: 86.797 Thread 0x0000000059d39000 Uncommon trap: reason=unstable_if action=reinterpret pc=0x0000000003175690 method=java.awt.geom.AffineTransform.transform([FI[FII)V @ 2
Event: 86.798 Thread 0x0000000059d39000 Uncommon trap: reason=unstable_if action=reinterpret pc=0x000000000359fbdc method=java.awt.geom.Path2D$Float.getBounds2D()Ljava/awt/geom/Rectangle2D; @ 71

Internal exceptions (10 events):
Event: 86.888 Thread 0x0000000059d39000 Exception <a 'java/lang/NullPointerException'> (0x00000000db741848) thrown at [C:\re\workspace\8-2-build-windows-amd64-cygwin\jdk8u111\7883\hotspot\src\share\vm\runtime\sharedRuntime.cpp, line 1085]
Event: 86.888 Thread 0x0000000059d39000 Exception <a 'java/lang/NullPointerException'> (0x00000000db741c38) thrown at [C:\re\workspace\8-2-build-windows-amd64-cygwin\jdk8u111\7883\hotspot\src\share\vm\runtime\sharedRuntime.cpp, line 1085]
Event: 86.888 Thread 0x0000000059d39000 Exception <a 'java/lang/NullPointerException'> (0x00000000db742028) thrown at [C:\re\workspace\8-2-build-windows-amd64-cygwin\jdk8u111\7883\hotspot\src\share\vm\runtime\sharedRuntime.cpp, line 1085]
Event: 86.888 Thread 0x0000000059d39000 Exception <a 'java/lang/NullPointerException'> (0x00000000db742418) thrown at [C:\re\workspace\8-2-build-windows-amd64-cygwin\jdk8u111\7883\hotspot\src\share\vm\runtime\sharedRuntime.cpp, line 1085]
Event: 86.888 Thread 0x0000000059d39000 Exception <a 'java/lang/NullPointerException'> (0x00000000db742808) thrown at [C:\re\workspace\8-2-build-windows-amd64-cygwin\jdk8u111\7883\hotspot\src\share\vm\runtime\sharedRuntime.cpp, line 1085]
Event: 86.888 Thread 0x0000000059d39000 Exception <a 'java/lang/NullPointerException'> (0x00000000db742bf8) thrown at [C:\re\workspace\8-2-build-windows-amd64-cygwin\jdk8u111\7883\hotspot\src\share\vm\runtime\sharedRuntime.cpp, line 1085]
Event: 86.888 Thread 0x0000000059d39000 Exception <a 'java/lang/NullPointerException'> (0x00000000db742fe8) thrown at [C:\re\workspace\8-2-build-windows-amd64-cygwin\jdk8u111\7883\hotspot\src\share\vm\runtime\sharedRuntime.cpp, line 1085]
Event: 86.888 Thread 0x0000000059d39000 Exception <a 'java/lang/NullPointerException'> (0x00000000db7433d8) thrown at [C:\re\workspace\8-2-build-windows-amd64-cygwin\jdk8u111\7883\hotspot\src\share\vm\runtime\sharedRuntime.cpp, line 1085]
Event: 86.888 Thread 0x0000000059d39000 Exception <a 'java/lang/NullPointerException'> (0x00000000db7437c8) thrown at [C:\re\workspace\8-2-build-windows-amd64-cygwin\jdk8u111\7883\hotspot\src\share\vm\runtime\sharedRuntime.cpp, line 1085]
Event: 86.888 Thread 0x0000000059d39000 Exception <a 'java/lang/NullPointerException'> (0x00000000db743bb8) thrown at [C:\re\workspace\8-2-build-windows-amd64-cygwin\jdk8u111\7883\hotspot\src\share\vm\runtime\sharedRuntime.cpp, line 1085]

Events (10 events):
Event: 86.797 Executing VM operation: RevokeBias
Event: 86.798 Executing VM operation: RevokeBias done
Event: 86.798 Thread 0x0000000059d39000 DEOPT PACKING pc=0x000000000359fbdc sp=0x000000005b4fbc30
Event: 86.798 Thread 0x0000000059d39000 DEOPT UNPACKING pc=0x000000000284582a sp=0x000000005b4fbbc8 mode 2
Event: 86.852 Thread 0x0000000058e73000 flushing nmethod 0x000000000363df50
Event: 86.852 Thread 0x0000000058e73000 flushing nmethod 0x0000000003657290
Event: 86.852 Thread 0x0000000058e73000 flushing nmethod 0x0000000003659010
Event: 86.852 Thread 0x0000000058e73000 flushing nmethod 0x0000000003675ad0
Event: 86.852 Thread 0x0000000058e73000 flushing nmethod 0x0000000003690a50
Event: 86.852 Thread 0x0000000058e73000 flushing nmethod 0x000000000369e210


Dynamic libraries:
0x000000013f2f0000 - 0x000000013f327000 	C:\Program Files\Java\jre1.8.0_111\bin\javaw.exe
0x0000000077510000 - 0x00000000776bb000 	C:\Windows\SYSTEM32\ntdll.dll
0x00000000773f0000 - 0x000000007750f000 	C:\Windows\system32\kernel32.dll
0x000007fefd510000 - 0x000007fefd57a000 	C:\Windows\system32\KERNELBASE.dll
0x000007fefe280000 - 0x000007fefe35b000 	C:\Windows\system32\ADVAPI32.dll
0x000007fefe360000 - 0x000007fefe3ff000 	C:\Windows\system32\msvcrt.dll
0x000007fefe260000 - 0x000007fefe27f000 	C:\Windows\SYSTEM32\sechost.dll
0x000007fefd8c0000 - 0x000007fefd9ed000 	C:\Windows\system32\RPCRT4.dll
0x00000000772f0000 - 0x00000000773ea000 	C:\Windows\system32\USER32.dll
0x000007feff5a0000 - 0x000007feff607000 	C:\Windows\system32\GDI32.dll
0x000007fefe460000 - 0x000007fefe46e000 	C:\Windows\system32\LPK.dll
0x000007feff2f0000 - 0x000007feff3ba000 	C:\Windows\system32\USP10.dll
0x000007fefaf10000 - 0x000007fefb104000 	C:\Windows\WinSxS\amd64_microsoft.windows.common-controls_6595b64144ccf1df_6.0.7601.23403_none_e36ad4593102f066\COMCTL32.dll
0x000007fefd840000 - 0x000007fefd8b1000 	C:\Windows\system32\SHLWAPI.dll
0x000007fefe1b0000 - 0x000007fefe1de000 	C:\Windows\system32\IMM32.DLL
0x000007fefdbe0000 - 0x000007fefdce9000 	C:\Windows\system32\MSCTF.dll
0x000007fefd430000 - 0x000007fefd460000 	C:\Windows\system32\nvinitx.dll
0x000007fefd420000 - 0x000007fefd42c000 	C:\Windows\system32\VERSION.dll
0x00000000750a0000 - 0x00000000750a6000 	C:\Program Files\NVIDIA Corporation\CoProcManager\detoured.dll
0x000007fefbf30000 - 0x000007fefbf68000 	C:\Program Files\NVIDIA Corporation\CoProcManager\nvd3d9wrapx.dll
0x000007feff3c0000 - 0x000007feff597000 	C:\Windows\system32\SETUPAPI.dll
0x000007fefd7f0000 - 0x000007fefd826000 	C:\Windows\system32\CFGMGR32.dll
0x000007fefde70000 - 0x000007fefdf48000 	C:\Windows\system32\OLEAUT32.dll
0x000007feff610000 - 0x000007feff813000 	C:\Windows\system32\ole32.dll
0x000007fefd620000 - 0x000007fefd63a000 	C:\Windows\system32\DEVOBJ.dll
0x000007fefbf00000 - 0x000007fefbf24000 	C:\Program Files\NVIDIA Corporation\CoProcManager\nvdxgiwrapx.dll
0x00000000778e0000 - 0x00000000779b2000 	C:\Program Files\Java\jre1.8.0_111\bin\msvcr100.dll
0x000000006f720000 - 0x000000006ffba000 	C:\Program Files\Java\jre1.8.0_111\bin\server\jvm.dll
0x000007fef17b0000 - 0x000007fef17b9000 	C:\Windows\system32\WSOCK32.dll
0x000007feff2a0000 - 0x000007feff2ed000 	C:\Windows\system32\WS2_32.dll
0x000007fefd830000 - 0x000007fefd838000 	C:\Windows\system32\NSI.dll
0x000007fefbb30000 - 0x000007fefbb6b000 	C:\Windows\system32\WINMM.dll
0x00000000776e0000 - 0x00000000776e7000 	C:\Windows\system32\PSAPI.DLL
0x00000000596a0000 - 0x00000000596af000 	C:\Program Files\Java\jre1.8.0_111\bin\verify.dll
0x0000000077e00000 - 0x0000000077e29000 	C:\Program Files\Java\jre1.8.0_111\bin\java.dll
0x0000000077de0000 - 0x0000000077df6000 	C:\Program Files\Java\jre1.8.0_111\bin\zip.dll
0x000007fefe510000 - 0x000007feff29c000 	C:\Windows\system32\SHELL32.dll
0x000007fefd460000 - 0x000007fefd46f000 	C:\Windows\system32\profapi.dll
0x000000006ca30000 - 0x000000006cbc8000 	C:\Program Files\Java\jre1.8.0_111\bin\awt.dll
0x000007fefbd90000 - 0x000007fefbda8000 	C:\Windows\system32\DWMAPI.DLL
0x000007fefb940000 - 0x000007fefb996000 	C:\Windows\system32\uxtheme.dll
0x000007fefd310000 - 0x000007fefd31f000 	C:\Windows\system32\CRYPTBASE.dll
0x000007fefccb0000 - 0x000007fefccc8000 	C:\Windows\system32\CRYPTSP.dll
0x000007fefc990000 - 0x000007fefc9d7000 	C:\Windows\system32\rsaenh.dll
0x000007fefca80000 - 0x000007fefca9f000 	C:\Windows\system32\USERENV.dll
0x0000000077dc0000 - 0x0000000077dda000 	C:\Program Files\Java\jre1.8.0_111\bin\net.dll
0x000007fefcc50000 - 0x000007fefcca5000 	C:\Windows\system32\mswsock.dll
0x000007fefcc40000 - 0x000007fefcc47000 	C:\Windows\System32\wship6.dll
0x000007fef9ec0000 - 0x000007fef9ee7000 	C:\Windows\system32\IPHLPAPI.DLL
0x000007fef9eb0000 - 0x000007fef9ebb000 	C:\Windows\system32\WINNSI.DLL
0x000007fef9bb0000 - 0x000007fef9bc8000 	C:\Windows\system32\dhcpcsvc.DLL
0x000007fef9b90000 - 0x000007fef9ba1000 	C:\Windows\system32\dhcpcsvc6.DLL
0x0000000077da0000 - 0x0000000077db1000 	C:\Program Files\Java\jre1.8.0_111\bin\nio.dll
0x0000000073f30000 - 0x0000000073f77000 	C:\Program Files\Java\jre1.8.0_111\bin\fontmanager.dll
0x0000000073f80000 - 0x0000000073fc2000 	C:\Program Files\Java\jre1.8.0_111\bin\t2k.dll
0x000007fefba90000 - 0x000007fefbb30000 	C:\Windows\WinSxS\amd64_microsoft.windows.common-controls_6595b64144ccf1df_5.82.7601.17514_none_a4d6a923711520a9\comctl32.dll
0x000007fefe470000 - 0x000007fefe509000 	C:\Windows\system32\CLBCatQ.DLL
0x000007fefbfa0000 - 0x000007fefc0cc000 	C:\Windows\system32\propsys.dll
0x000007fefc3a0000 - 0x000007fefc3cd000 	C:\Windows\system32\ntmarta.dll
0x000007fefe400000 - 0x000007fefe452000 	C:\Windows\system32\WLDAP32.dll
0x000007fefd2b0000 - 0x000007fefd307000 	C:\Windows\system32\apphelp.dll
0x000007fef73f0000 - 0x000007fef758c000 	C:\Windows\system32\NetworkExplorer.dll
0x000007fef7970000 - 0x000007fef79a4000 	C:\Windows\System32\shdocvw.dll
0x000007fefa420000 - 0x000007fefa42b000 	C:\Windows\system32\slc.dll
0x000007fef9e70000 - 0x000007fef9e88000 	C:\Windows\system32\MPR.dll
0x000007fef73e0000 - 0x000007fef73ea000 	C:\Windows\System32\drprov.dll
0x000007fefd3e0000 - 0x000007fefd41d000 	C:\Windows\System32\WINSTA.dll
0x000007fef73b0000 - 0x000007fef73d2000 	C:\Windows\System32\ntlanman.dll
0x000007fef7390000 - 0x000007fef73ae000 	C:\Windows\System32\davclnt.dll
0x000007fef7380000 - 0x000007fef738a000 	C:\Windows\System32\DAVHLPR.dll
0x000007fefa520000 - 0x000007fefa535000 	C:\Windows\system32\wkscli.dll
0x000007fef9360000 - 0x000007fef936f000 	C:\Windows\system32\cscapi.dll
0x000007fefa540000 - 0x000007fefa54c000 	C:\Windows\system32\netutils.dll
0x000007fee4930000 - 0x000007fee4ba1000 	C:\Windows\system32\wpdshext.dll
0x000007fefbb70000 - 0x000007fefbd86000 	C:\Windows\WinSxS\amd64_microsoft.windows.gdiplus_6595b64144ccf1df_1.1.7601.23407_none_14556c1e8b95d0b8\gdiplus.dll
0x000007fef1ac0000 - 0x000007fef1b7d000 	C:\Windows\system32\PortableDeviceApi.dll
0x000007fefd640000 - 0x000007fefd67b000 	C:\Windows\system32\WINTRUST.dll
0x000007fefd680000 - 0x000007fefd7ed000 	C:\Windows\system32\CRYPT32.dll
0x00000000022f0000 - 0x00000000022ff000 	C:\Windows\system32\MSASN1.dll
0x000007fef9890000 - 0x000007fef98c5000 	C:\Windows\system32\EhStorShell.dll
0x000007feeed10000 - 0x000007feeed37000 	C:\Windows\system32\EhStorAPI.dll
0x000007fef7960000 - 0x000007fef796c000 	C:\Windows\system32\LINKINFO.dll
0x000007fefa2f0000 - 0x000007fefa41a000 	C:\Windows\system32\WindowsCodecs.dll
0x000007fef98d0000 - 0x000007fef994f000 	C:\Program Files (x86)\Adobe\Adobe Creative Cloud\CoreSyncExtension\CoreSync_x64.dll
0x000007fefb420000 - 0x000007fefb423000 	C:\Windows\system32\api-ms-win-core-synch-l1-2-0.DLL
0x000007fef9380000 - 0x000007fef93fe000 	C:\Windows\System32\cscui.dll
0x000007fef9370000 - 0x000007fef937c000 	C:\Windows\System32\CSCDLL.dll
0x000007fef9240000 - 0x000007fef92c0000 	C:\Windows\system32\ntshrui.dll
0x000007fefcf50000 - 0x000007fefcf73000 	C:\Windows\system32\srvcli.dll
0x0000000180000000 - 0x0000000180051000 	C:\Users\C17\git\MetaCiv\MetaCiv\lib\natives\lwjgl64.dll
0x000007fef6570000 - 0x000007fef668d000 	C:\Windows\system32\OPENGL32.dll
0x000007fef50a0000 - 0x000007fef50cd000 	C:\Windows\system32\GLU32.dll
0x000007fef4b50000 - 0x000007fef4c41000 	C:\Windows\system32\DDRAW.dll
0x000007fef4b40000 - 0x000007fef4b48000 	C:\Windows\system32\DCIMAN32.dll
0x000000005f0c0000 - 0x000000005f84e000 	C:\Windows\system32\ig75icd64.dll
0x000007fef7e00000 - 0x000007fef8244000 	C:\Windows\system32\igdusc64.dll
0x000007fefb110000 - 0x000007fefb1ac000 	C:\Windows\system32\mscms.dll
0x000007fee6e80000 - 0x000007fee6ec2000 	C:\Windows\system32\icm32.dll
0x000000006c290000 - 0x000000006c2ba000 	C:\Program Files\Java\jre1.8.0_111\bin\dcpr.dll
0x0000000059800000 - 0x00000000598a2000 	C:\Program Files\Java\jre1.8.0_111\bin\mlib_image.dll
0x000007feec960000 - 0x000007feeca85000 	C:\Windows\system32\dbghelp.dll

VM Arguments:
jvm_args: -Djava.library.path=C:\Users\C17\git\MetaCiv\MetaCiv\lib\natives -Dfile.encoding=Cp1252 
java_command: civilisation.CivLauncher
java_class_path (initial): C:\Users\C17\git\MetaCiv\MetaCiv\bin;C:\Users\C17\git\MetaCiv\MetaCiv\lib\turtlekit-3.0.0.4.jar;C:\Users\C17\git\MetaCiv\MetaCiv\lib\jars\lwjgl_util.jar;C:\Users\C17\git\MetaCiv\MetaCiv\lib\jars\lwjgl.jar;C:\Users\C17\git\MetaCiv\MetaCiv\lib\jars\slick-util.jar
Launcher Type: SUN_STANDARD

Environment Variables:
PATH=C:/Program Files/Java/jre1.8.0_111/bin/server;C:/Program Files/Java/jre1.8.0_111/bin;C:/Program Files/Java/jre1.8.0_111/lib/amd64;C:\ProgramData\Oracle\Java\javapath;C:\Program Files (x86)\Intel\iCLS Client\;C:\Program Files\Intel\iCLS Client\;C:\Windows\system32;C:\Windows;C:\Windows\System32\Wbem;C:\Windows\System32\WindowsPowerShell\v1.0\;C:\Program Files (x86)\NVIDIA Corporation\PhysX\Common;C:\Program Files\Intel\Intel(R) Management Engine Components\DAL;C:\Program Files\Intel\Intel(R) Management Engine Components\IPT;C:\Program Files (x86)\Intel\Intel(R) Management Engine Components\DAL;C:\Program Files (x86)\Intel\Intel(R) Management Engine Components\IPT;C:\Program Files (x86)\Skype\Phone\;C:\Windows\system32\config\systemprofile\.dnx\bin;C:\Program Files\Microsoft DNX\Dnvm\;C:\Program Files\Microsoft SQL Server\130\Tools\Binn\;C:\Program Files\Common Files\Autodesk Shared\;%R_HOME%;c:\python27\lib\site-packages\pywin32_system32;C:\Python27\Lib\site-packages\shared_libs;c:\python27\lib\site-packages\scons-2.3.0-py2.7-win32.egg\EGG-INFO\scripts;c:\python27\lib\site-packages\ann-1.1.2-win32.egg\bin;c:\python27\lib\site-packages\vplants.plantgl-2.19.0-py2.7-win32.egg\bin;c:\python27\lib\site-packages\qt4-4.8.5-py2.7-win32.egg\bin;c:\python27\lib\site-packages\vplants.aml-1.2.0-py2.7-win32.egg\bin;c:\python27\lib\site-packages\cgal-4.0-win32.egg\bin;c:\python27\lib\site-packages\mingw-5.1.4_4c-py2.7-win32.egg\bin;c:\python27\lib\site-packages\qt4_dev-4.8.5-py2.7-win32.egg\bin;c:\python27\lib\site-packages\bisonflex-2.4.1_2.5.35-win32.egg\bin;c:\python27\lib\site-packages\cmake-2.8.11.2-py2.7-win32.egg\bin;c:\python27\lib\site-packages\alinea.caribu-6.1.0-py2.7-win32.egg\bin;C:\Users\C17\Desktop;
USERNAME=C17
OS=Windows_NT
PROCESSOR_IDENTIFIER=Intel64 Family 6 Model 60 Stepping 3, GenuineIntel



---------------  S Y S T E M  ---------------

OS: Windows 7 , 64 bit Build 7601 (6.1.7601.23455)

CPU:total 4 (2 cores per cpu, 2 threads per core) family 6 model 60 stepping 3, cmov, cx8, fxsr, mmx, sse, sse2, sse3, ssse3, sse4.1, sse4.2, popcnt, avx, avx2, aes, clmul, erms, lzcnt, ht, tsc, tscinvbit, bmi1, bmi2

Memory: 4k page, physical 8307368k(1273340k free), swap 16612876k(7321640k free)

vm_info: Java HotSpot(TM) 64-Bit Server VM (25.111-b14) for windows-amd64 JRE (1.8.0_111-b14), built on Sep 22 2016 19:24:05 by "java_re" with MS VC++ 10.0 (VS2010)

time: Sat May 20 17:32:47 2017
elapsed time: 86 seconds (0d 0h 1m 26s)

