#
# A fatal error has been detected by the Java Runtime Environment:
#
#  EXCEPTION_ACCESS_VIOLATION (0xc0000005) at pc=0x000000005f7bd430, pid=1240, tid=0x00000000000014f8
#
# JRE version: Java(TM) SE Runtime Environment (8.0_111-b14) (build 1.8.0_111-b14)
# Java VM: Java HotSpot(TM) 64-Bit Server VM (25.111-b14 mixed mode windows-amd64 compressed oops)
# Problematic frame:
# C  [ig75icd64.dll+0x7d430]
#
# Failed to write core dump. Minidumps are not enabled by default on client versions of Windows
#
# If you would like to submit a bug report, please visit:
#   http://bugreport.java.com/bugreport/crash.jsp
# The crash happened outside the Java Virtual Machine in native code.
# See problematic frame for where to report the bug.
#

---------------  T H R E A D  ---------------

Current thread (0x0000000059e68800):  JavaThread "Thread-20" [_thread_in_native, id=5368, stack(0x000000005f4e0000,0x000000005f5e0000)]

siginfo: ExceptionCode=0xc0000005, reading address 0x000000011a720040

Registers:
RAX=0x0000000000000000, RBX=0x000000005f5de7e0, RCX=0x0000000000000000, RDX=0x000000011a720040
RSP=0x000000005f5de700, RBP=0x0000000000000257, RSI=0x0000000059a10000, RDI=0x0000000059a10000
R8 =0x0000000000000960, R9 =0x0000000000000012, R10=0x0000000000000000, R11=0x0000000000001b00
R12=0x0000000059a10000, R13=0x0000000060396084, R14=0x0000000000000960, R15=0x000000005fe34880
RIP=0x000000005f7bd430, EFLAGS=0x0000000000010206

Top of Stack: (sp=0x000000005f5de700)
0x000000005f5de700:   000000003f800000 0000000000000000
0x000000005f5de710:   0000000000000000 0000000000000000
0x000000005f5de720:   000000011a720040 000000005faa53a0
0x000000005f5de730:   000000005f5de760 000000005c820220
0x000000005f5de740:   0000000000000000 0000000063c04460
0x000000005f5de750:   0000000063c04460 000000005f98af8a
0x000000005f5de760:   000000011a720040 000000005fce4e70
0x000000005f5de770:   0000000000000000 000000005f5de910
0x000000005f5de780:   0000000000000001 000000011a720040
0x000000005f5de790:   0000000000000980 0000000000000002
0x000000005f5de7a0:   0000000000000000 0000000000000007
0x000000005f5de7b0:   0000000000000000 0000000000000980
0x000000005f5de7c0:   0000000000000000 0000000000000000
0x000000005f5de7d0:   fffffffffffffffe 0000000000000000
0x000000005f5de7e0:   000000005fc47d68 0000000060389000
0x000000005f5de7f0:   0000025800000258 0000004800000000 

Instructions: (pc=0x000000005f7bd430)
0x000000005f7bd410:   c2 10 66 0f e7 47 f0 49 3b c2 72 e4 e9 ab 00 00
0x000000005f7bd420:   00 4d 85 c9 74 6c 66 66 0f 1f 84 00 00 00 00 00
0x000000005f7bd430:   66 0f 6f 3a 66 0f 6f 72 10 66 0f 6f 6a 20 41 ff
0x000000005f7bd440:   c2 48 83 ef 80 41 8b c2 66 0f 6f 62 30 66 0f 6f 


Register to memory mapping:

RAX=0x0000000000000000 is an unknown value
RBX=0x000000005f5de7e0 is pointing into the stack for thread: 0x0000000059e68800
RCX=0x0000000000000000 is an unknown value
RDX=0x000000011a720040 is an unknown value
RSP=0x000000005f5de700 is pointing into the stack for thread: 0x0000000059e68800
RBP=0x0000000000000257 is an unknown value
RSI=0x0000000059a10000 is pointing into the stack for thread: 0x0000000059c28000
RDI=0x0000000059a10000 is pointing into the stack for thread: 0x0000000059c28000
R8 =0x0000000000000960 is an unknown value
R9 =0x0000000000000012 is an unknown value
R10=0x0000000000000000 is an unknown value
R11=0x0000000000001b00 is an unknown value
R12=0x0000000059a10000 is pointing into the stack for thread: 0x0000000059c28000
R13=0x0000000060396084 is an unknown value
R14=0x0000000000000960 is an unknown value
R15=0x000000005fe34880 is an unknown value


Stack: [0x000000005f4e0000,0x000000005f5e0000],  sp=0x000000005f5de700,  free space=1017k
Native frames: (J=compiled Java code, j=interpreted, Vv=VM code, C=native code)
C  [ig75icd64.dll+0x7d430]
C  [ig75icd64.dll+0x3653a0]
C  [ig75icd64.dll+0x24af8a]
C  [ig75icd64.dll+0x24a0cf]
C  [ig75icd64.dll+0x24b327]
C  [ig75icd64.dll+0x68d4d]
C  [ig75icd64.dll+0x68bd5]
C  [ig75icd64.dll+0x77da2]
C  [lwjgl64.dll+0xb8aa]
C  0x0000000002827f54

Java frames: (J=compiled Java code, j=interpreted, Vv=VM code)
j  org.lwjgl.opengl.GL11.nglTexSubImage2D(IIIIIIIIJJ)V+0
J 4636 C1 org.lwjgl.opengl.GL11.glTexSubImage2D(IIIIIIIILjava/nio/ByteBuffer;)V (64 bytes) @ 0x00000000036c4fd4 [0x00000000036c43e0+0xbf4]
J 4352 C2 renderEngine.loaders.Loader.updateData(Ljava/awt/image/BufferedImage;)V (255 bytes) @ 0x00000000035a5658 [0x00000000035a4c40+0xa18]
j  renderEngine.renderMain.run()V+684
j  java.lang.Thread.run()V+11
v  ~StubRoutines::call_stub

---------------  P R O C E S S  ---------------

Java Threads: ( => current thread )
  0x0000000059e67800 JavaThread "Image Fetcher 0" daemon [_thread_blocked, id=5064, stack(0x000000005f610000,0x000000005f710000)]
  0x0000000059e64000 JavaThread "LWJGL Timer" daemon [_thread_blocked, id=3092, stack(0x0000000067db0000,0x0000000067eb0000)]
=>0x0000000059e68800 JavaThread "Thread-20" [_thread_in_native, id=5368, stack(0x000000005f4e0000,0x000000005f5e0000)]
  0x0000000059e65800 JavaThread "LIVING-7" [_thread_in_vm, id=3888, stack(0x000000005ecf0000,0x000000005edf0000)]
  0x0000000059e61800 JavaThread "DestroyJavaVM" [_thread_blocked, id=4000, stack(0x0000000002380000,0x0000000002480000)]
  0x0000000059e61000 JavaThread "LIVING-2" daemon [_thread_blocked, id=1808, stack(0x000000005e550000,0x000000005e650000)]
  0x0000000059e60000 JavaThread "LIVING-1" daemon [_thread_blocked, id=4228, stack(0x0000000059500000,0x0000000059600000)]
  0x0000000059e5e000 JavaThread "TimerQueue" daemon [_thread_blocked, id=4332, stack(0x000000005d080000,0x000000005d180000)]
  0x0000000059e2b000 JavaThread "Swing-Shell" daemon [_thread_blocked, id=4852, stack(0x000000005ca40000,0x000000005cb40000)]
  0x0000000059cbd000 JavaThread "AWT-EventQueue-0" [_thread_in_vm, id=4020, stack(0x000000005b060000,0x000000005b160000)]
  0x0000000059c31000 JavaThread "AWT-Windows" daemon [_thread_in_native, id=5992, stack(0x000000005a5c0000,0x000000005a6c0000)]
  0x0000000059c2e000 JavaThread "AWT-Shutdown" [_thread_blocked, id=5852, stack(0x000000005a480000,0x000000005a580000)]
  0x0000000059c28000 JavaThread "Java2D Disposer" daemon [_thread_blocked, id=3740, stack(0x0000000059910000,0x0000000059a10000)]
  0x0000000058f38000 JavaThread "Service Thread" daemon [_thread_blocked, id=1116, stack(0x0000000059620000,0x0000000059720000)]
  0x0000000058ece800 JavaThread "C1 CompilerThread2" daemon [_thread_blocked, id=4204, stack(0x0000000058cb0000,0x0000000058db0000)]
  0x0000000058ec6000 JavaThread "C2 CompilerThread1" daemon [_thread_in_native, id=3592, stack(0x00000000593c0000,0x00000000594c0000)]
  0x0000000057549800 JavaThread "C2 CompilerThread0" daemon [_thread_blocked, id=4112, stack(0x0000000058dc0000,0x0000000058ec0000)]
  0x0000000057547000 JavaThread "Attach Listener" daemon [_thread_blocked, id=1224, stack(0x0000000058b20000,0x0000000058c20000)]
  0x0000000057544000 JavaThread "Signal Dispatcher" daemon [_thread_blocked, id=2592, stack(0x0000000058650000,0x0000000058750000)]
  0x0000000057523800 JavaThread "Finalizer" daemon [_thread_blocked, id=3604, stack(0x00000000589b0000,0x0000000058ab0000)]
  0x00000000574e2000 JavaThread "Reference Handler" daemon [_thread_blocked, id=2616, stack(0x00000000587d0000,0x00000000588d0000)]

Other Threads:
  0x00000000574da800 VMThread [stack: 0x0000000058540000,0x0000000058640000] [id=2884]
  0x0000000058f44000 WatcherThread [stack: 0x0000000059810000,0x0000000059910000] [id=1204]

VM state:not at safepoint (normal execution)

VM Mutex/Monitor currently owned by a thread: None

Heap:
 PSYoungGen      total 359936K, used 14782K [0x00000000d5b80000, 0x00000000f2700000, 0x0000000100000000)
  eden space 342528K, 3% used [0x00000000d5b80000,0x00000000d6804cd8,0x00000000eaa00000)
  from space 17408K, 11% used [0x00000000eaa00000,0x00000000eabeabb0,0x00000000ebb00000)
  to   space 17408K, 0% used [0x00000000f1600000,0x00000000f1600000,0x00000000f2700000)
 ParOldGen       total 56320K, used 39308K [0x0000000081200000, 0x0000000084900000, 0x00000000d5b80000)
  object space 56320K, 69% used [0x0000000081200000,0x0000000083863370,0x0000000084900000)
 Metaspace       used 26786K, capacity 27175K, committed 27392K, reserved 1073152K
  class space    used 3875K, capacity 3969K, committed 4096K, reserved 1048576K

Card table byte_map: [0x0000000011bd0000,0x0000000011fd0000] byte_map_base: 0x00000000117c7000

Marking Bits: (ParMarkBitMap*) 0x000000007076a6c0
 Begin Bits: [0x00000000127e0000, 0x0000000014798000)
 End Bits:   [0x0000000014798000, 0x0000000016750000)

Polling page: 0x0000000000320000

CodeCache: size=245760Kb used=13808Kb max_used=15123Kb free=231951Kb
 bounds [0x0000000002810000, 0x0000000003720000, 0x0000000011810000]
 total_blobs=4785 nmethods=4054 adapters=640
 compilation: enabled

Compilation events (10 events):
Event: 43.311 Thread 0x0000000058ece800 4986       3       org.lwjgl.opengl.WindowsDisplay::readKeyboard (9 bytes)
Event: 43.312 Thread 0x0000000058ece800 nmethod 4986 0x000000000317a5d0 code [0x000000000317a760, 0x000000000317aa38]
Event: 43.312 Thread 0x0000000058ece800 4984       3       java.nio.ByteBuffer::put (9 bytes)
Event: 43.312 Thread 0x0000000058ece800 nmethod 4984 0x0000000002be9a90 code [0x0000000002be9c00, 0x0000000002be9e28]
Event: 43.362 Thread 0x0000000058ec6000 4988       4       java.lang.ref.Finalizer::access$100 (6 bytes)
Event: 43.366 Thread 0x0000000058ec6000 nmethod 4988 0x0000000003254350 code [0x00000000032544c0, 0x0000000003254a78]
Event: 43.366 Thread 0x0000000057549800 4989   !   4       java.lang.ref.Finalizer::runFinalizer (62 bytes)
Event: 43.368 Thread 0x0000000058ece800 4990       3       madkit.kernel.Role::contains (11 bytes)
Event: 43.369 Thread 0x0000000058ece800 nmethod 4990 0x0000000002fa0d10 code [0x0000000002fa0e80, 0x0000000002fa10a8]
Event: 43.375 Thread 0x0000000057549800 nmethod 4989 0x0000000002cfe310 code [0x0000000002cfe480, 0x0000000002cfea38]

GC Heap History (10 events):
Event: 11.842 GC heap before
{Heap before GC invocations=10 (full 1):
 PSYoungGen      total 204800K, used 203812K [0x00000000d5b80000, 0x00000000e3500000, 0x0000000100000000)
  eden space 190976K, 100% used [0x00000000d5b80000,0x00000000e1600000,0x00000000e1600000)
  from space 13824K, 92% used [0x00000000e2780000,0x00000000e3409060,0x00000000e3500000)
  to   space 15872K, 0% used [0x00000000e1600000,0x00000000e1600000,0x00000000e2580000)
 ParOldGen       total 56320K, used 29057K [0x0000000081200000, 0x0000000084900000, 0x00000000d5b80000)
  object space 56320K, 51% used [0x0000000081200000,0x0000000082e607a0,0x0000000084900000)
 Metaspace       used 26283K, capacity 26721K, committed 27008K, reserved 1073152K
  class space    used 3861K, capacity 3968K, committed 3968K, reserved 1048576K
Event: 11.850 GC heap after
Heap after GC invocations=10 (full 1):
 PSYoungGen      total 206848K, used 9560K [0x00000000d5b80000, 0x00000000e8080000, 0x0000000100000000)
  eden space 190976K, 0% used [0x00000000d5b80000,0x00000000d5b80000,0x00000000e1600000)
  from space 15872K, 60% used [0x00000000e1600000,0x00000000e1f56030,0x00000000e2580000)
  to   space 15872K, 0% used [0x00000000e7100000,0x00000000e7100000,0x00000000e8080000)
 ParOldGen       total 56320K, used 32674K [0x0000000081200000, 0x0000000084900000, 0x00000000d5b80000)
  object space 56320K, 58% used [0x0000000081200000,0x00000000831e8980,0x0000000084900000)
 Metaspace       used 26283K, capacity 26721K, committed 27008K, reserved 1073152K
  class space    used 3861K, capacity 3968K, committed 3968K, reserved 1048576K
}
Event: 13.495 GC heap before
{Heap before GC invocations=11 (full 1):
 PSYoungGen      total 206848K, used 200536K [0x00000000d5b80000, 0x00000000e8080000, 0x0000000100000000)
  eden space 190976K, 100% used [0x00000000d5b80000,0x00000000e1600000,0x00000000e1600000)
  from space 15872K, 60% used [0x00000000e1600000,0x00000000e1f56030,0x00000000e2580000)
  to   space 15872K, 0% used [0x00000000e7100000,0x00000000e7100000,0x00000000e8080000)
 ParOldGen       total 56320K, used 32678K [0x0000000081200000, 0x0000000084900000, 0x00000000d5b80000)
  object space 56320K, 58% used [0x0000000081200000,0x00000000831e9990,0x0000000084900000)
 Metaspace       used 26309K, capacity 26721K, committed 27008K, reserved 1073152K
  class space    used 3861K, capacity 3968K, committed 3968K, reserved 1048576K
Event: 13.502 GC heap after
Heap after GC invocations=11 (full 1):
 PSYoungGen      total 276992K, used 13464K [0x00000000d5b80000, 0x00000000e7e80000, 0x0000000100000000)
  eden space 263168K, 0% used [0x00000000d5b80000,0x00000000d5b80000,0x00000000e5c80000)
  from space 13824K, 97% used [0x00000000e7100000,0x00000000e7e26040,0x00000000e7e80000)
  to   space 16896K, 0% used [0x00000000e5d80000,0x00000000e5d80000,0x00000000e6e00000)
 ParOldGen       total 56320K, used 36830K [0x0000000081200000, 0x0000000084900000, 0x00000000d5b80000)
  object space 56320K, 65% used [0x0000000081200000,0x00000000835f79a0,0x0000000084900000)
 Metaspace       used 26309K, capacity 26721K, committed 27008K, reserved 1073152K
  class space    used 3861K, capacity 3968K, committed 3968K, reserved 1048576K
}
Event: 33.853 GC heap before
{Heap before GC invocations=12 (full 1):
 PSYoungGen      total 276992K, used 276632K [0x00000000d5b80000, 0x00000000e7e80000, 0x0000000100000000)
  eden space 263168K, 100% used [0x00000000d5b80000,0x00000000e5c80000,0x00000000e5c80000)
  from space 13824K, 97% used [0x00000000e7100000,0x00000000e7e26040,0x00000000e7e80000)
  to   space 16896K, 0% used [0x00000000e5d80000,0x00000000e5d80000,0x00000000e6e00000)
 ParOldGen       total 56320K, used 36836K [0x0000000081200000, 0x0000000084900000, 0x00000000d5b80000)
  object space 56320K, 65% used [0x0000000081200000,0x00000000835f9088,0x0000000084900000)
 Metaspace       used 26559K, capacity 26977K, committed 27264K, reserved 1073152K
  class space    used 3870K, capacity 3968K, committed 3968K, reserved 1048576K
Event: 33.861 GC heap after
Heap after GC invocations=12 (full 1):
 PSYoungGen      total 281088K, used 3787K [0x00000000d5b80000, 0x00000000ed400000, 0x0000000100000000)
  eden space 264192K, 0% used [0x00000000d5b80000,0x00000000d5b80000,0x00000000e5d80000)
  from space 16896K, 22% used [0x00000000e5d80000,0x00000000e6132d68,0x00000000e6e00000)
  to   space 16896K, 0% used [0x00000000ec380000,0x00000000ec380000,0x00000000ed400000)
 ParOldGen       total 56320K, used 36884K [0x0000000081200000, 0x0000000084900000, 0x00000000d5b80000)
  object space 56320K, 65% used [0x0000000081200000,0x0000000083605088,0x0000000084900000)
 Metaspace       used 26559K, capacity 26977K, committed 27264K, reserved 1073152K
  class space    used 3870K, capacity 3968K, committed 3968K, reserved 1048576K
}
Event: 38.970 GC heap before
{Heap before GC invocations=13 (full 1):
 PSYoungGen      total 281088K, used 267580K [0x00000000d5b80000, 0x00000000ed400000, 0x0000000100000000)
  eden space 264192K, 99% used [0x00000000d5b80000,0x00000000e5d1c510,0x00000000e5d80000)
  from space 16896K, 22% used [0x00000000e5d80000,0x00000000e6132d68,0x00000000e6e00000)
  to   space 16896K, 0% used [0x00000000ec380000,0x00000000ec380000,0x00000000ed400000)
 ParOldGen       total 56320K, used 38290K [0x0000000081200000, 0x0000000084900000, 0x00000000d5b80000)
  object space 56320K, 67% used [0x0000000081200000,0x0000000083764998,0x0000000084900000)
 Metaspace       used 26607K, capacity 26977K, committed 27264K, reserved 1073152K
  class space    used 3870K, capacity 3968K, committed 3968K, reserved 1048576K
Event: 38.974 GC heap after
Heap after GC invocations=13 (full 1):
 PSYoungGen      total 351232K, used 768K [0x00000000d5b80000, 0x00000000ecc00000, 0x0000000100000000)
  eden space 342528K, 0% used [0x00000000d5b80000,0x00000000d5b80000,0x00000000eaa00000)
  from space 8704K, 8% used [0x00000000ec380000,0x00000000ec440000,0x00000000ecc00000)
  to   space 17408K, 0% used [0x00000000eaa00000,0x00000000eaa00000,0x00000000ebb00000)
 ParOldGen       total 56320K, used 39023K [0x0000000081200000, 0x0000000084900000, 0x00000000d5b80000)
  object space 56320K, 69% used [0x0000000081200000,0x000000008381bcd8,0x0000000084900000)
 Metaspace       used 26607K, capacity 26977K, committed 27264K, reserved 1073152K
  class space    used 3870K, capacity 3968K, committed 3968K, reserved 1048576K
}
Event: 43.331 GC heap before
{Heap before GC invocations=14 (full 1):
 PSYoungGen      total 351232K, used 343296K [0x00000000d5b80000, 0x00000000ecc00000, 0x0000000100000000)
  eden space 342528K, 100% used [0x00000000d5b80000,0x00000000eaa00000,0x00000000eaa00000)
  from space 8704K, 8% used [0x00000000ec380000,0x00000000ec440000,0x00000000ecc00000)
  to   space 17408K, 0% used [0x00000000eaa00000,0x00000000eaa00000,0x00000000ebb00000)
 ParOldGen       total 56320K, used 39028K [0x0000000081200000, 0x0000000084900000, 0x00000000d5b80000)
  object space 56320K, 69% used [0x0000000081200000,0x000000008381d370,0x0000000084900000)
 Metaspace       used 26784K, capacity 27175K, committed 27392K, reserved 1073152K
  class space    used 3875K, capacity 3969K, committed 4096K, reserved 1048576K
Event: 43.345 GC heap after
Heap after GC invocations=14 (full 1):
 PSYoungGen      total 359936K, used 1962K [0x00000000d5b80000, 0x00000000f2700000, 0x0000000100000000)
  eden space 342528K, 0% used [0x00000000d5b80000,0x00000000d5b80000,0x00000000eaa00000)
  from space 17408K, 11% used [0x00000000eaa00000,0x00000000eabeabb0,0x00000000ebb00000)
  to   space 17408K, 0% used [0x00000000f1600000,0x00000000f1600000,0x00000000f2700000)
 ParOldGen       total 56320K, used 39308K [0x0000000081200000, 0x0000000084900000, 0x00000000d5b80000)
  object space 56320K, 69% used [0x0000000081200000,0x0000000083863370,0x0000000084900000)
 Metaspace       used 26784K, capacity 27175K, committed 27392K, reserved 1073152K
  class space    used 3875K, capacity 3969K, committed 4096K, reserved 1048576K
}

Deoptimization events (10 events):
Event: 41.006 Thread 0x0000000059cbd000 Uncommon trap: reason=speculate_class_check action=maybe_recompile pc=0x00000000032467e8 method=java.awt.Component.move(II)V @ 23
Event: 41.006 Thread 0x0000000059cbd000 Uncommon trap: reason=speculate_class_check action=maybe_recompile pc=0x00000000032467e8 method=java.awt.Component.move(II)V @ 23
Event: 41.018 Thread 0x0000000059cbd000 Uncommon trap: reason=class_check action=maybe_recompile pc=0x000000000346fd38 method=sun.java2d.pipe.AlphaPaintPipe.startSequence(Lsun/java2d/SunGraphics2D;Ljava/awt/Shape;Ljava/awt/Rectangle;[I)Ljava/lang/Object; @ 10
Event: 41.406 Thread 0x0000000059e65800 Uncommon trap: reason=null_check action=make_not_entrant pc=0x0000000002dcb750 method=turtlekit.kernel.TKEnvironment.getPheromone(Ljava/lang/String;FF)Lturtlekit/pheromone/Pheromone; @ 10
Event: 43.167 Thread 0x0000000059cbd000 Uncommon trap: reason=class_check action=maybe_recompile pc=0x00000000035e510c method=java.awt.geom.RectIterator.<init>(Ljava/awt/geom/Rectangle2D;Ljava/awt/geom/AffineTransform;)V @ 6
Event: 43.167 Thread 0x0000000059cbd000 Uncommon trap: reason=class_check action=maybe_recompile pc=0x00000000035e510c method=java.awt.geom.RectIterator.<init>(Ljava/awt/geom/Rectangle2D;Ljava/awt/geom/AffineTransform;)V @ 6
Event: 43.167 Thread 0x0000000059cbd000 Uncommon trap: reason=class_check action=maybe_recompile pc=0x000000000306ad38 method=sun.java2d.SunGraphics2D.fill(Ljava/awt/Shape;)V @ 6
Event: 43.167 Thread 0x0000000059cbd000 Uncommon trap: reason=bimorphic action=maybe_recompile pc=0x0000000003316d7c method=sun.java2d.pipe.ShapeSpanIterator.appendPath(Ljava/awt/geom/PathIterator;)V @ 7
Event: 43.174 Thread 0x0000000059e65800 Uncommon trap: reason=unstable_if action=reinterpret pc=0x0000000002a807c8 method=civilisation.individu.Human.AStar(Lturtlekit/kernel/Patch;)Ljava/util/ArrayList; @ 514
Event: 43.186 Thread 0x0000000059e65800 Uncommon trap: reason=unstable_if action=reinterpret pc=0x00000000035a1550 method=civilisation.individu.Human.AStar(Lturtlekit/kernel/Patch;)Ljava/util/ArrayList; @ 514

Internal exceptions (10 events):
Event: 43.458 Thread 0x0000000059cbd000 Exception <a 'java/lang/NullPointerException'> (0x00000000d60aad68) thrown at [C:\re\workspace\8-2-build-windows-amd64-cygwin\jdk8u111\7883\hotspot\src\share\vm\runtime\sharedRuntime.cpp, line 1085]
Event: 43.458 Thread 0x0000000059cbd000 Exception <a 'java/lang/NullPointerException'> (0x00000000d60ab158) thrown at [C:\re\workspace\8-2-build-windows-amd64-cygwin\jdk8u111\7883\hotspot\src\share\vm\runtime\sharedRuntime.cpp, line 1085]
Event: 43.458 Thread 0x0000000059cbd000 Exception <a 'java/lang/NullPointerException'> (0x00000000d60ab548) thrown at [C:\re\workspace\8-2-build-windows-amd64-cygwin\jdk8u111\7883\hotspot\src\share\vm\runtime\sharedRuntime.cpp, line 1085]
Event: 43.458 Thread 0x0000000059cbd000 Exception <a 'java/lang/NullPointerException'> (0x00000000d60ab938) thrown at [C:\re\workspace\8-2-build-windows-amd64-cygwin\jdk8u111\7883\hotspot\src\share\vm\runtime\sharedRuntime.cpp, line 1085]
Event: 43.458 Thread 0x0000000059cbd000 Exception <a 'java/lang/NullPointerException'> (0x00000000d60abd28) thrown at [C:\re\workspace\8-2-build-windows-amd64-cygwin\jdk8u111\7883\hotspot\src\share\vm\runtime\sharedRuntime.cpp, line 1085]
Event: 43.458 Thread 0x0000000059cbd000 Exception <a 'java/lang/NullPointerException'> (0x00000000d60ac118) thrown at [C:\re\workspace\8-2-build-windows-amd64-cygwin\jdk8u111\7883\hotspot\src\share\vm\runtime\sharedRuntime.cpp, line 1085]
Event: 43.459 Thread 0x0000000059cbd000 Exception <a 'java/lang/NullPointerException'> (0x00000000d60ac508) thrown at [C:\re\workspace\8-2-build-windows-amd64-cygwin\jdk8u111\7883\hotspot\src\share\vm\runtime\sharedRuntime.cpp, line 1085]
Event: 43.459 Thread 0x0000000059cbd000 Exception <a 'java/lang/NullPointerException'> (0x00000000d60ac8f8) thrown at [C:\re\workspace\8-2-build-windows-amd64-cygwin\jdk8u111\7883\hotspot\src\share\vm\runtime\sharedRuntime.cpp, line 1085]
Event: 43.459 Thread 0x0000000059cbd000 Exception <a 'java/lang/NullPointerException'> (0x00000000d60acce8) thrown at [C:\re\workspace\8-2-build-windows-amd64-cygwin\jdk8u111\7883\hotspot\src\share\vm\runtime\sharedRuntime.cpp, line 1085]
Event: 43.459 Thread 0x0000000059cbd000 Exception <a 'java/lang/NullPointerException'> (0x00000000d60ad0d8) thrown at [C:\re\workspace\8-2-build-windows-amd64-cygwin\jdk8u111\7883\hotspot\src\share\vm\runtime\sharedRuntime.cpp, line 1085]

Events (10 events):
Event: 43.167 Thread 0x0000000059cbd000 DEOPT PACKING pc=0x0000000003316d7c sp=0x000000005b15c510
Event: 43.167 Thread 0x0000000059cbd000 DEOPT UNPACKING pc=0x000000000285582a sp=0x000000005b15c4f8 mode 2
Event: 43.174 Thread 0x0000000059e65800 Uncommon trap: trap_request=0xffffff65 fr.pc=0x0000000002a807c8
Event: 43.174 Thread 0x0000000059e65800 DEOPT PACKING pc=0x0000000002a807c8 sp=0x000000005edee740
Event: 43.174 Thread 0x0000000059e65800 DEOPT UNPACKING pc=0x000000000285582a sp=0x000000005edee6d0 mode 2
Event: 43.186 Thread 0x0000000059e65800 Uncommon trap: trap_request=0xffffff65 fr.pc=0x00000000035a1550
Event: 43.186 Thread 0x0000000059e65800 DEOPT PACKING pc=0x00000000035a1550 sp=0x000000005edee730
Event: 43.186 Thread 0x0000000059e65800 DEOPT UNPACKING pc=0x000000000285582a sp=0x000000005edee6e0 mode 2
Event: 43.330 Executing VM operation: ParallelGCFailedAllocation
Event: 43.345 Executing VM operation: ParallelGCFailedAllocation done


Dynamic libraries:
0x000000013fee0000 - 0x000000013ff17000 	C:\Program Files\Java\jre1.8.0_111\bin\javaw.exe
0x0000000077af0000 - 0x0000000077c9b000 	C:\Windows\SYSTEM32\ntdll.dll
0x00000000778d0000 - 0x00000000779ef000 	C:\Windows\system32\kernel32.dll
0x000007fefdbf0000 - 0x000007fefdc5a000 	C:\Windows\system32\KERNELBASE.dll
0x000007fefeb80000 - 0x000007fefec5b000 	C:\Windows\system32\ADVAPI32.dll
0x000007fefec60000 - 0x000007fefecff000 	C:\Windows\system32\msvcrt.dll
0x000007fefdec0000 - 0x000007fefdedf000 	C:\Windows\SYSTEM32\sechost.dll
0x000007fefdef0000 - 0x000007fefe01d000 	C:\Windows\system32\RPCRT4.dll
0x00000000779f0000 - 0x0000000077aea000 	C:\Windows\system32\USER32.dll
0x000007fefef60000 - 0x000007fefefc7000 	C:\Windows\system32\GDI32.dll
0x000007fefdee0000 - 0x000007fefdeee000 	C:\Windows\system32\LPK.dll
0x000007fefeab0000 - 0x000007fefeb7a000 	C:\Windows\system32\USP10.dll
0x000007fefc290000 - 0x000007fefc484000 	C:\Windows\WinSxS\amd64_microsoft.windows.common-controls_6595b64144ccf1df_6.0.7601.23403_none_e36ad4593102f066\COMCTL32.dll
0x000007fefde40000 - 0x000007fefdeb1000 	C:\Windows\system32\SHLWAPI.dll
0x000007fefde10000 - 0x000007fefde3e000 	C:\Windows\system32\IMM32.DLL
0x000007fefe330000 - 0x000007fefe439000 	C:\Windows\system32\MSCTF.dll
0x000007fefda10000 - 0x000007fefda40000 	C:\Windows\system32\nvinitx.dll
0x000007fefda00000 - 0x000007fefda0c000 	C:\Windows\system32\VERSION.dll
0x000000006fd00000 - 0x000000006fdd2000 	C:\Program Files\Java\jre1.8.0_111\bin\msvcr100.dll
0x000000006ff50000 - 0x00000000707ea000 	C:\Program Files\Java\jre1.8.0_111\bin\server\jvm.dll
0x000007fef8620000 - 0x000007fef8629000 	C:\Windows\system32\WSOCK32.dll
0x000007fefe450000 - 0x000007fefe49d000 	C:\Windows\system32\WS2_32.dll
0x000007fefe440000 - 0x000007fefe448000 	C:\Windows\system32\NSI.dll
0x000007fef9df0000 - 0x000007fef9e2b000 	C:\Windows\system32\WINMM.dll
0x0000000077cb0000 - 0x0000000077cb7000 	C:\Windows\system32\PSAPI.DLL
0x0000000072f70000 - 0x0000000072f7f000 	C:\Program Files\Java\jre1.8.0_111\bin\verify.dll
0x0000000072c00000 - 0x0000000072c29000 	C:\Program Files\Java\jre1.8.0_111\bin\java.dll
0x0000000072be0000 - 0x0000000072bf6000 	C:\Program Files\Java\jre1.8.0_111\bin\zip.dll
0x000007fefefd0000 - 0x000007feffd5c000 	C:\Windows\system32\SHELL32.dll
0x000007fefe7c0000 - 0x000007fefe9c3000 	C:\Windows\system32\ole32.dll
0x000007fefda40000 - 0x000007fefda4f000 	C:\Windows\system32\profapi.dll
0x0000000062000000 - 0x0000000062198000 	C:\Program Files\Java\jre1.8.0_111\bin\awt.dll
0x000007fefe9d0000 - 0x000007fefeaa8000 	C:\Windows\system32\OLEAUT32.dll
0x000007fefbc50000 - 0x000007fefbc68000 	C:\Windows\system32\DWMAPI.DLL
0x000007fefc0b0000 - 0x000007fefc106000 	C:\Windows\system32\uxtheme.dll
0x000007fefd930000 - 0x000007fefd93f000 	C:\Windows\system32\CRYPTBASE.dll
0x000007fefd2d0000 - 0x000007fefd2e8000 	C:\Windows\system32\CRYPTSP.dll
0x000007fefcfb0000 - 0x000007fefcff7000 	C:\Windows\system32\rsaenh.dll
0x000007fefd0a0000 - 0x000007fefd0bf000 	C:\Windows\system32\USERENV.dll
0x0000000072870000 - 0x000000007288a000 	C:\Program Files\Java\jre1.8.0_111\bin\net.dll
0x000007fefd270000 - 0x000007fefd2c5000 	C:\Windows\system32\mswsock.dll
0x000007fefd260000 - 0x000007fefd267000 	C:\Windows\System32\wship6.dll
0x000007fefb960000 - 0x000007fefb987000 	C:\Windows\system32\IPHLPAPI.DLL
0x000007fefb140000 - 0x000007fefb14b000 	C:\Windows\system32\WINNSI.DLL
0x000007fefae50000 - 0x000007fefae68000 	C:\Windows\system32\dhcpcsvc.DLL
0x000007fefae30000 - 0x000007fefae41000 	C:\Windows\system32\dhcpcsvc6.DLL
0x0000000072190000 - 0x00000000721a1000 	C:\Program Files\Java\jre1.8.0_111\bin\nio.dll
0x0000000071ef0000 - 0x0000000071f37000 	C:\Program Files\Java\jre1.8.0_111\bin\fontmanager.dll
0x0000000071ea0000 - 0x0000000071ee2000 	C:\Program Files\Java\jre1.8.0_111\bin\t2k.dll
0x000007fef3ff0000 - 0x000007fef4090000 	C:\Windows\WinSxS\amd64_microsoft.windows.common-controls_6595b64144ccf1df_5.82.7601.17514_none_a4d6a923711520a9\comctl32.dll
0x000007fefe700000 - 0x000007fefe799000 	C:\Windows\system32\CLBCatQ.DLL
0x000007fefc110000 - 0x000007fefc23c000 	C:\Windows\system32\propsys.dll
0x000007fefe020000 - 0x000007fefe1f7000 	C:\Windows\system32\SETUPAPI.dll
0x000007fefdb10000 - 0x000007fefdb46000 	C:\Windows\system32\CFGMGR32.dll
0x000007fefdaf0000 - 0x000007fefdb0a000 	C:\Windows\system32\DEVOBJ.dll
0x000007fefbab0000 - 0x000007fefbadd000 	C:\Windows\system32\ntmarta.dll
0x000007fefe6a0000 - 0x000007fefe6f2000 	C:\Windows\system32\WLDAP32.dll
0x000007fefd8d0000 - 0x000007fefd927000 	C:\Windows\system32\apphelp.dll
0x000007fef7250000 - 0x000007fef73ec000 	C:\Windows\system32\NetworkExplorer.dll
0x000007fef87a0000 - 0x000007fef87d4000 	C:\Windows\System32\shdocvw.dll
0x000007fefb410000 - 0x000007fefb41b000 	C:\Windows\system32\slc.dll
0x000007fefb060000 - 0x000007fefb078000 	C:\Windows\system32\MPR.dll
0x000007fefb130000 - 0x000007fefb13a000 	C:\Windows\System32\drprov.dll
0x000007fefce00000 - 0x000007fefce3d000 	C:\Windows\System32\WINSTA.dll
0x000007fefb100000 - 0x000007fefb122000 	C:\Windows\System32\ntlanman.dll
0x000007fefb0e0000 - 0x000007fefb0fe000 	C:\Windows\System32\davclnt.dll
0x000007fefb0d0000 - 0x000007fefb0da000 	C:\Windows\System32\DAVHLPR.dll
0x000007fefb860000 - 0x000007fefb875000 	C:\Windows\system32\wkscli.dll
0x000007fef8a50000 - 0x000007fef8a5f000 	C:\Windows\system32\cscapi.dll
0x000007fefb880000 - 0x000007fefb88c000 	C:\Windows\system32\netutils.dll
0x000007fee19e0000 - 0x000007fee1c51000 	C:\Windows\system32\wpdshext.dll
0x000007fefbe90000 - 0x000007fefc0a6000 	C:\Windows\WinSxS\amd64_microsoft.windows.gdiplus_6595b64144ccf1df_1.1.7601.23407_none_14556c1e8b95d0b8\gdiplus.dll
0x000007fef5ec0000 - 0x000007fef5f7d000 	C:\Windows\system32\PortableDeviceApi.dll
0x000007fefdc60000 - 0x000007fefdc9b000 	C:\Windows\system32\WINTRUST.dll
0x000007fefdca0000 - 0x000007fefde0d000 	C:\Windows\system32\CRYPT32.dll
0x000007fefdae0000 - 0x000007fefdaef000 	C:\Windows\system32\MSASN1.dll
0x000007fef8af0000 - 0x000007fef8b25000 	C:\Windows\system32\EhStorShell.dll
0x000007feebe60000 - 0x000007feebe87000 	C:\Windows\system32\EhStorAPI.dll
0x000007fef8790000 - 0x000007fef879c000 	C:\Windows\system32\LINKINFO.dll
0x000007fefbae0000 - 0x000007fefbc0a000 	C:\Windows\system32\WindowsCodecs.dll
0x000007fef8b40000 - 0x000007fef8bbf000 	C:\Program Files (x86)\Adobe\Adobe Creative Cloud\CoreSyncExtension\CoreSync_x64.dll
0x000007fef8b30000 - 0x000007fef8b33000 	C:\Windows\system32\api-ms-win-core-synch-l1-2-0.DLL
0x000007fef8a70000 - 0x000007fef8aee000 	C:\Windows\System32\cscui.dll
0x000007fef8a60000 - 0x000007fef8a6c000 	C:\Windows\System32\CSCDLL.dll
0x000007fef89d0000 - 0x000007fef8a50000 	C:\Windows\system32\ntshrui.dll
0x000007fefd550000 - 0x000007fefd573000 	C:\Windows\system32\srvcli.dll
0x0000000180000000 - 0x0000000180051000 	C:\Users\C17\git\MetaCiv\MetaCiv\lib\natives-win\lwjgl64.dll
0x000007fef7820000 - 0x000007fef793d000 	C:\Windows\system32\OPENGL32.dll
0x000007fef77f0000 - 0x000007fef781d000 	C:\Windows\system32\GLU32.dll
0x000007fef76f0000 - 0x000007fef77e1000 	C:\Windows\system32\DDRAW.dll
0x000007fef76e0000 - 0x000007fef76e8000 	C:\Windows\system32\DCIMAN32.dll
0x000000005f740000 - 0x000000005fece000 	C:\Windows\system32\ig75icd64.dll
0x000007fef8bc0000 - 0x000007fef9004000 	C:\Windows\system32\igdusc64.dll
0x000007fefb8c0000 - 0x000007fefb95c000 	C:\Windows\system32\mscms.dll
0x000007feec2a0000 - 0x000007feec2e2000 	C:\Windows\system32\icm32.dll
0x0000000072d40000 - 0x0000000072d6a000 	C:\Program Files\Java\jre1.8.0_111\bin\dcpr.dll
0x0000000072c90000 - 0x0000000072d32000 	C:\Program Files\Java\jre1.8.0_111\bin\mlib_image.dll
0x000007feec150000 - 0x000007feec275000 	C:\Windows\system32\dbghelp.dll

VM Arguments:
jvm_args: -Djava.library.path=C:\Users\C17\git\MetaCiv\MetaCiv\lib\natives-win -Dfile.encoding=Cp1252 
java_command: civilisation.CivLauncher
java_class_path (initial): C:\Users\C17\git\MetaCiv\MetaCiv\bin;C:\Users\C17\git\MetaCiv\MetaCiv\lib\turtlekit-3.0.0.4.jar;C:\Users\C17\git\MetaCiv\MetaCiv\lib\jars\lwjgl_util.jar;C:\Users\C17\git\MetaCiv\MetaCiv\lib\jars\lwjgl.jar;C:\Users\C17\git\MetaCiv\MetaCiv\lib\jars\slick-util.jar
Launcher Type: SUN_STANDARD

Environment Variables:
PATH=C:/Program Files/Java/jre1.8.0_111/bin/server;C:/Program Files/Java/jre1.8.0_111/bin;C:/Program Files/Java/jre1.8.0_111/lib/amd64;C:\ProgramData\Oracle\Java\javapath;C:\Program Files (x86)\Intel\iCLS Client\;C:\Program Files\Intel\iCLS Client\;C:\Windows\system32;C:\Windows;C:\Windows\System32\Wbem;C:\Windows\System32\WindowsPowerShell\v1.0\;C:\Program Files (x86)\NVIDIA Corporation\PhysX\Common;C:\Program Files\Intel\Intel(R) Management Engine Components\DAL;C:\Program Files\Intel\Intel(R) Management Engine Components\IPT;C:\Program Files (x86)\Intel\Intel(R) Management Engine Components\DAL;C:\Program Files (x86)\Intel\Intel(R) Management Engine Components\IPT;C:\Program Files (x86)\Skype\Phone\;C:\Users\C17\.dnx\bin;C:\Program Files\Microsoft DNX\Dnvm\;C:\Program Files\Microsoft SQL Server\130\Tools\Binn\;C:\Program Files\Common Files\Autodesk Shared\;%R_HOME%;c:\python27\lib\site-packages\pywin32_system32;C:\Python27\Lib\site-packages\shared_libs;c:\python27\lib\site-packages\scons-2.3.0-py2.7-win32.egg\EGG-INFO\scripts;c:\python27\lib\site-packages\ann-1.1.2-win32.egg\bin;c:\python27\lib\site-packages\vplants.plantgl-2.19.0-py2.7-win32.egg\bin;c:\python27\lib\site-packages\qt4-4.8.5-py2.7-win32.egg\bin;c:\python27\lib\site-packages\vplants.aml-1.2.0-py2.7-win32.egg\bin;c:\python27\lib\site-packages\cgal-4.0-win32.egg\bin;c:\python27\lib\site-packages\mingw-5.1.4_4c-py2.7-win32.egg\bin;c:\python27\lib\site-packages\qt4_dev-4.8.5-py2.7-win32.egg\bin;c:\python27\lib\site-packages\bisonflex-2.4.1_2.5.35-win32.egg\bin;c:\python27\lib\site-packages\cmake-2.8.11.2-py2.7-win32.egg\bin;c:\python27\lib\site-packages\alinea.caribu-6.1.0-py2.7-win32.egg\bin;C:\Users\C17\eclipse\java-neon\eclipse;
USERNAME=C17
OS=Windows_NT
PROCESSOR_IDENTIFIER=Intel64 Family 6 Model 60 Stepping 3, GenuineIntel



---------------  S Y S T E M  ---------------

OS: Windows 7 , 64 bit Build 7601 (6.1.7601.23455)

CPU:total 4 (2 cores per cpu, 2 threads per core) family 6 model 60 stepping 3, cmov, cx8, fxsr, mmx, sse, sse2, sse3, ssse3, sse4.1, sse4.2, popcnt, avx, avx2, aes, clmul, erms, lzcnt, ht, tsc, tscinvbit, bmi1, bmi2

Memory: 4k page, physical 8307368k(2705060k free), swap 16612876k(10087376k free)

vm_info: Java HotSpot(TM) 64-Bit Server VM (25.111-b14) for windows-amd64 JRE (1.8.0_111-b14), built on Sep 22 2016 19:24:05 by "java_re" with MS VC++ 10.0 (VS2010)

time: Tue Apr 25 00:37:26 2017
elapsed time: 43 seconds (0d 0h 0m 43s)

