#
# A fatal error has been detected by the Java Runtime Environment:
#
#  EXCEPTION_ACCESS_VIOLATION (0xc0000005) at pc=0x000000001fdcd4b0, pid=4632, tid=0x00000000000001e8
#
# JRE version: Java(TM) SE Runtime Environment (8.0_111-b14) (build 1.8.0_111-b14)
# Java VM: Java HotSpot(TM) 64-Bit Server VM (25.111-b14 mixed mode windows-amd64 compressed oops)
# Problematic frame:
# C  [ig75icd64.dll+0x7d4b0]
#
# Failed to write core dump. Minidumps are not enabled by default on client versions of Windows
#
# If you would like to submit a bug report, please visit:
#   http://bugreport.java.com/bugreport/crash.jsp
# The crash happened outside the Java Virtual Machine in native code.
# See problematic frame for where to report the bug.
#

---------------  T H R E A D  ---------------

Current thread (0x0000000019dc0000):  JavaThread "Thread-20" [_thread_in_native, id=488, stack(0x000000001fc50000,0x000000001fd50000)]

siginfo: ExceptionCode=0xc0000005, reading address 0x0000000000000000

Registers:
RAX=0x0000000000000000, RBX=0x00000000209eed80, RCX=0x0000000000000000, RDX=0x0000000000000000
RSP=0x000000001fd4d010, RBP=0x000000001fd4d140, RSI=0x0000000024036ca8, RDI=0x0000000050b3d000
R8 =0x0000000000000040, R9 =0x0000000000000000, R10=0x0000000000000004, R11=0x000000001fd4d800
R12=0x00000000221af6f0, R13=0x0000000000000040, R14=0x0000000024036c80, R15=0x0000000000000010
RIP=0x000000001fdcd4b0, EFLAGS=0x0000000000010202

Top of Stack: (sp=0x000000001fd4d010)
0x000000001fd4d010:   000000003f27f381 0000000000000000
0x000000001fd4d020:   0000000000000000 0000000000000000
0x000000001fd4d030:   0000000020a071a0 000000001feb02d9
0x000000001fd4d040:   00000000209eed80 0000000024036ca8
0x000000001fd4d050:   000000001fd4d140 0000000018da1a30
0x000000001fd4d060:   000000001fd4d101 0000000052cde95b
0x000000001fd4d070:   0000004000000006 000000001fd4d800
0x000000001fd4d080:   0000000020a071a0 0000000000000006
0x000000001fd4d090:   00000000189b6f3c 0000000019dc0000
0x000000001fd4d0a0:   0000000000000054 00000000189b6f70
0x000000001fd4d0b0:   000000001fd4d0f0 0000000023cf9a00
0x000000001fd4d0c0:   00000000189b6ff4 000000001fd4daf0
0x000000001fd4d0d0:   000000001fd4d0f0 0000000000000000
0x000000001fd4d0e0:   0000000000000006 00000000000002d9
0x000000001fd4d0f0:   0000000000000006 0000000000000040
0x000000001fd4d100:   00000000189b6f90 0000000000000006 

Instructions: (pc=0x000000001fdcd4b0)
0x000000001fdcd490:   72 9e 41 83 e0 7f 74 34 45 8b d0 44 8b c9 49 c1
0x000000001fdcd4a0:   ea 04 4d 85 d2 74 25 66 0f 1f 84 00 00 00 00 00
0x000000001fdcd4b0:   66 0f 6f 02 41 ff c1 48 83 c7 10 41 8b c1 66 0f
0x000000001fdcd4c0:   e7 47 f0 48 83 c2 10 49 3b c2 72 e4 0f 28 74 24 


Register to memory mapping:

RAX=0x0000000000000000 is an unknown value
RBX=0x00000000209eed80 is an unknown value
RCX=0x0000000000000000 is an unknown value
RDX=0x0000000000000000 is an unknown value
RSP=0x000000001fd4d010 is pointing into the stack for thread: 0x0000000019dc0000
RBP=0x000000001fd4d140 is pointing into the stack for thread: 0x0000000019dc0000
RSI=0x0000000024036ca8 is an unknown value
RDI=0x0000000050b3d000 is an unknown value
R8 =0x0000000000000040 is an unknown value
R9 =0x0000000000000000 is an unknown value
R10=0x0000000000000004 is an unknown value
R11=0x000000001fd4d800 is pointing into the stack for thread: 0x0000000019dc0000
R12=0x00000000221af6f0 is an unknown value
R13=0x0000000000000040 is an unknown value
R14=0x0000000024036c80 is an unknown value
R15=0x0000000000000010 is an unknown value


Stack: [0x000000001fc50000,0x000000001fd50000],  sp=0x000000001fd4d010,  free space=1012k
Native frames: (J=compiled Java code, j=interpreted, Vv=VM code, C=native code)
C  [ig75icd64.dll+0x7d4b0]
C  [ig75icd64.dll+0x1602d9]
C  [ig75icd64.dll+0x206305]
C  [ig75icd64.dll+0x58fb0]
C  [ig75icd64.dll+0x251195]
C  [ig75icd64.dll+0x7c731]
C  [ig75icd64.dll+0x14ecf0]
C  [ig75icd64.dll+0x14ee51]
C  [ig75icd64.dll+0x150a43]
C  [lwjgl64.dll+0xbd00]
C  0x00000000028e7f74

Java frames: (J=compiled Java code, j=interpreted, Vv=VM code)
j  org.lwjgl.opengl.GL31.nglDrawElementsInstancedBO(IIIJIJ)V+0
j  org.lwjgl.opengl.GL31.glDrawElementsInstanced(IIIJI)V+30
J 4403 C1 renderEngine.instanced.InstancedRenderer.render(Ljava/util/Map;LrenderEngine/entities/Camera;)V (368 bytes) @ 0x0000000003668544 [0x0000000003665da0+0x27a4]
J 4371 C1 renderEngine.MasterRenderer.render(Ljava/util/List;LrenderEngine/entities/Camera;Ljava/awt/image/BufferedImage;LrenderEngine/entities/Light;Ljava/util/ArrayList;Lorg/lwjgl/util/vector/Vector4f;FZZZLrenderEngine/shadowsMapping/ShadowFrameBuffer;LrenderEngine/sea/SeaFrameBuffers;Lorg/lwjgl/util/vector/Matrix4f;Lorg/lwjgl/util/vector/Matrix4f;)V (205 bytes) @ 0x0000000003629b14 [0x00000000036279a0+0x2174]
j  renderEngine.renderMain.run()V+1149
j  java.lang.Thread.run()V+11
v  ~StubRoutines::call_stub

---------------  P R O C E S S  ---------------

Java Threads: ( => current thread )
  0x0000000019db5800 JavaThread "Image Fetcher 0" daemon [_thread_blocked, id=3236, stack(0x0000000026650000,0x0000000026750000)]
  0x0000000019db7000 JavaThread "LWJGL Timer" daemon [_thread_blocked, id=5716, stack(0x0000000026210000,0x0000000026310000)]
=>0x0000000019dc0000 JavaThread "Thread-20" [_thread_in_native, id=488, stack(0x000000001fc50000,0x000000001fd50000)]
  0x0000000019dbd000 JavaThread "LIVING-7" [_thread_blocked, id=1300, stack(0x000000001f580000,0x000000001f680000)]
  0x0000000019db9000 JavaThread "DestroyJavaVM" [_thread_blocked, id=5528, stack(0x0000000002500000,0x0000000002600000)]
  0x0000000019db8800 JavaThread "LIVING-2" daemon [_thread_blocked, id=3052, stack(0x000000001ebe0000,0x000000001ece0000)]
  0x0000000019db7800 JavaThread "LIVING-1" daemon [_thread_blocked, id=1184, stack(0x00000000199e0000,0x0000000019ae0000)]
  0x0000000019db6000 JavaThread "TimerQueue" daemon [_thread_blocked, id=5536, stack(0x000000001d870000,0x000000001d970000)]
  0x0000000019d7f000 JavaThread "Swing-Shell" daemon [_thread_blocked, id=1096, stack(0x000000001cd70000,0x000000001ce70000)]
  0x000000001911f000 JavaThread "AWT-EventQueue-0" [_thread_in_vm, id=4348, stack(0x0000000019790000,0x0000000019890000)]
  0x0000000019bc2800 JavaThread "AWT-Windows" daemon [_thread_in_native, id=4580, stack(0x000000001a6d0000,0x000000001a7d0000)]
  0x0000000019bb6000 JavaThread "AWT-Shutdown" [_thread_blocked, id=3692, stack(0x000000001a510000,0x000000001a610000)]
  0x0000000019b4f000 JavaThread "Java2D Disposer" daemon [_thread_blocked, id=3388, stack(0x000000001a340000,0x000000001a440000)]
  0x0000000018d97000 JavaThread "Service Thread" daemon [_thread_blocked, id=2984, stack(0x0000000019650000,0x0000000019750000)]
  0x0000000018d7d000 JavaThread "C1 CompilerThread2" daemon [_thread_blocked, id=5044, stack(0x0000000019450000,0x0000000019550000)]
  0x0000000018d21000 JavaThread "C2 CompilerThread1" daemon [_thread_blocked, id=3932, stack(0x00000000191f0000,0x00000000192f0000)]
  0x0000000017529000 JavaThread "C2 CompilerThread0" daemon [_thread_in_native, id=6112, stack(0x0000000018c20000,0x0000000018d20000)]
  0x0000000017524800 JavaThread "Attach Listener" daemon [_thread_blocked, id=1172, stack(0x0000000018720000,0x0000000018820000)]
  0x0000000017521800 JavaThread "Signal Dispatcher" daemon [_thread_blocked, id=4724, stack(0x0000000018a30000,0x0000000018b30000)]
  0x0000000017509000 JavaThread "Finalizer" daemon [_thread_blocked, id=3908, stack(0x00000000188b0000,0x00000000189b0000)]
  0x00000000174c1800 JavaThread "Reference Handler" daemon [_thread_blocked, id=2552, stack(0x0000000018470000,0x0000000018570000)]

Other Threads:
  0x00000000174ba000 VMThread [stack: 0x00000000185c0000,0x00000000186c0000] [id=5692]
  0x0000000018da1000 WatcherThread [stack: 0x00000000198b0000,0x00000000199b0000] [id=3284]

VM state:not at safepoint (normal execution)

VM Mutex/Monitor currently owned by a thread: None

Heap:
 PSYoungGen      total 207872K, used 146322K [0x00000000d5b80000, 0x00000000e4000000, 0x0000000100000000)
  eden space 193024K, 74% used [0x00000000d5b80000,0x00000000de7aa690,0x00000000e1800000)
  from space 14848K, 18% used [0x00000000e3180000,0x00000000e343a550,0x00000000e4000000)
  to   space 20480K, 0% used [0x00000000e1800000,0x00000000e1800000,0x00000000e2c00000)
 ParOldGen       total 116224K, used 77636K [0x0000000081200000, 0x0000000088380000, 0x00000000d5b80000)
  object space 116224K, 66% used [0x0000000081200000,0x0000000085dd1180,0x0000000088380000)
 Metaspace       used 26803K, capacity 27207K, committed 27392K, reserved 1073152K
  class space    used 3890K, capacity 4001K, committed 4096K, reserved 1048576K

Card table byte_map: [0x0000000011c90000,0x0000000012090000] byte_map_base: 0x0000000011887000

Marking Bits: (ParMarkBitMap*) 0x00000000531da6c0
 Begin Bits: [0x00000000127c0000, 0x0000000014778000)
 End Bits:   [0x0000000014778000, 0x0000000016730000)

Polling page: 0x0000000000220000

CodeCache: size=245760Kb used=14754Kb max_used=14774Kb free=231005Kb
 bounds [0x00000000028d0000, 0x0000000003770000, 0x00000000118d0000]
 total_blobs=4888 nmethods=4152 adapters=646
 compilation: enabled

Compilation events (10 events):
Event: 19.693 Thread 0x0000000018d7d000 4832       3       civilisation.individu.plan.action.A_ChangeCognitonWeightOneTick::effectuer (20 bytes)
Event: 19.694 Thread 0x0000000018d7d000 nmethod 4832 0x00000000030c2ed0 code [0x00000000030c3040, 0x00000000030c3228]
Event: 19.694 Thread 0x0000000018d7d000 4835       3       civilisation.individu.plan.NPlanPondere::activer (13 bytes)
Event: 19.695 Thread 0x0000000018d7d000 nmethod 4835 0x00000000030c2ad0 code [0x00000000030c2c40, 0x00000000030c2de8]
Event: 19.862 Thread 0x0000000018d7d000 4836       3       civilisation.world.WorldViewer::paintPatch (287 bytes)
Event: 19.866 Thread 0x0000000018d7d000 nmethod 4836 0x0000000002db4a90 code [0x0000000002db4e40, 0x0000000002db7358]
Event: 19.874 Thread 0x0000000018d7d000 4837       3       sun.misc.FloatingDecimal::getBinaryToASCIIBuffer (10 bytes)
Event: 19.875 Thread 0x0000000018d7d000 nmethod 4837 0x00000000030c2550 code [0x00000000030c26c0, 0x00000000030c29a8]
Event: 19.875 Thread 0x0000000018d7d000 4838       3       sun.misc.FloatingDecimal$BinaryToASCIIBuffer::access$000 (6 bytes)
Event: 19.876 Thread 0x0000000018d7d000 nmethod 4838 0x0000000002a14350 code [0x0000000002a144a0, 0x0000000002a14630]

GC Heap History (10 events):
Event: 8.890 GC heap before
{Heap before GC invocations=10 (full 2):
 PSYoungGen      total 96768K, used 83456K [0x00000000d5b80000, 0x00000000df800000, 0x0000000100000000)
  eden space 83456K, 100% used [0x00000000d5b80000,0x00000000dad00000,0x00000000dad00000)
  from space 13312K, 0% used [0x00000000dad00000,0x00000000dad00000,0x00000000dba00000)
  to   space 14848K, 0% used [0x00000000de980000,0x00000000de980000,0x00000000df800000)
 ParOldGen       total 116224K, used 28452K [0x0000000081200000, 0x0000000088380000, 0x00000000d5b80000)
  object space 116224K, 24% used [0x0000000081200000,0x0000000082dc90c0,0x0000000088380000)
 Metaspace       used 26183K, capacity 26625K, committed 26880K, reserved 1073152K
  class space    used 3865K, capacity 4000K, committed 4096K, reserved 1048576K
Event: 8.899 GC heap after
Heap after GC invocations=10 (full 2):
 PSYoungGen      total 140288K, used 12864K [0x00000000d5b80000, 0x00000000df700000, 0x0000000100000000)
  eden space 126464K, 0% used [0x00000000d5b80000,0x00000000d5b80000,0x00000000dd700000)
  from space 13824K, 93% used [0x00000000de980000,0x00000000df610030,0x00000000df700000)
  to   space 16384K, 0% used [0x00000000dd700000,0x00000000dd700000,0x00000000de700000)
 ParOldGen       total 116224K, used 40748K [0x0000000081200000, 0x0000000088380000, 0x00000000d5b80000)
  object space 116224K, 35% used [0x0000000081200000,0x00000000839cb0f0,0x0000000088380000)
 Metaspace       used 26183K, capacity 26625K, committed 26880K, reserved 1073152K
  class space    used 3865K, capacity 4000K, committed 4096K, reserved 1048576K
}
Event: 10.105 GC heap before
{Heap before GC invocations=11 (full 2):
 PSYoungGen      total 140288K, used 139328K [0x00000000d5b80000, 0x00000000df700000, 0x0000000100000000)
  eden space 126464K, 100% used [0x00000000d5b80000,0x00000000dd700000,0x00000000dd700000)
  from space 13824K, 93% used [0x00000000de980000,0x00000000df610030,0x00000000df700000)
  to   space 16384K, 0% used [0x00000000dd700000,0x00000000dd700000,0x00000000de700000)
 ParOldGen       total 116224K, used 40748K [0x0000000081200000, 0x0000000088380000, 0x00000000d5b80000)
  object space 116224K, 35% used [0x0000000081200000,0x00000000839cb0f0,0x0000000088380000)
 Metaspace       used 26278K, capacity 26689K, committed 26880K, reserved 1073152K
  class space    used 3865K, capacity 4000K, committed 4096K, reserved 1048576K
Event: 10.107 GC heap after
Heap after GC invocations=11 (full 2):
 PSYoungGen      total 142848K, used 1548K [0x00000000d5b80000, 0x00000000e1a00000, 0x0000000100000000)
  eden space 126464K, 0% used [0x00000000d5b80000,0x00000000d5b80000,0x00000000dd700000)
  from space 16384K, 9% used [0x00000000dd700000,0x00000000dd8832f8,0x00000000de700000)
  to   space 16896K, 0% used [0x00000000e0980000,0x00000000e0980000,0x00000000e1a00000)
 ParOldGen       total 116224K, used 40756K [0x0000000081200000, 0x0000000088380000, 0x00000000d5b80000)
  object space 116224K, 35% used [0x0000000081200000,0x00000000839cd0f0,0x0000000088380000)
 Metaspace       used 26278K, capacity 26689K, committed 26880K, reserved 1073152K
  class space    used 3865K, capacity 4000K, committed 4096K, reserved 1048576K
}
Event: 11.233 GC heap before
{Heap before GC invocations=12 (full 2):
 PSYoungGen      total 142848K, used 128012K [0x00000000d5b80000, 0x00000000e1a00000, 0x0000000100000000)
  eden space 126464K, 100% used [0x00000000d5b80000,0x00000000dd700000,0x00000000dd700000)
  from space 16384K, 9% used [0x00000000dd700000,0x00000000dd8832f8,0x00000000de700000)
  to   space 16896K, 0% used [0x00000000e0980000,0x00000000e0980000,0x00000000e1a00000)
 ParOldGen       total 116224K, used 40756K [0x0000000081200000, 0x0000000088380000, 0x00000000d5b80000)
  object space 116224K, 35% used [0x0000000081200000,0x00000000839cd0f0,0x0000000088380000)
 Metaspace       used 26297K, capacity 26753K, committed 27136K, reserved 1073152K
  class space    used 3865K, capacity 4000K, committed 4096K, reserved 1048576K
Event: 11.240 GC heap after
Heap after GC invocations=12 (full 2):
 PSYoungGen      total 174080K, used 13400K [0x00000000d5b80000, 0x00000000e1900000, 0x0000000100000000)
  eden space 158208K, 0% used [0x00000000d5b80000,0x00000000d5b80000,0x00000000df600000)
  from space 15872K, 84% used [0x00000000e0980000,0x00000000e1696040,0x00000000e1900000)
  to   space 17920K, 0% used [0x00000000df600000,0x00000000df600000,0x00000000e0780000)
 ParOldGen       total 116224K, used 48956K [0x0000000081200000, 0x0000000088380000, 0x00000000d5b80000)
  object space 116224K, 42% used [0x0000000081200000,0x00000000841cf110,0x0000000088380000)
 Metaspace       used 26297K, capacity 26753K, committed 27136K, reserved 1073152K
  class space    used 3865K, capacity 4000K, committed 4096K, reserved 1048576K
}
Event: 12.500 GC heap before
{Heap before GC invocations=13 (full 2):
 PSYoungGen      total 174080K, used 171608K [0x00000000d5b80000, 0x00000000e1900000, 0x0000000100000000)
  eden space 158208K, 100% used [0x00000000d5b80000,0x00000000df600000,0x00000000df600000)
  from space 15872K, 84% used [0x00000000e0980000,0x00000000e1696040,0x00000000e1900000)
  to   space 17920K, 0% used [0x00000000df600000,0x00000000df600000,0x00000000e0780000)
 ParOldGen       total 116224K, used 48956K [0x0000000081200000, 0x0000000088380000, 0x00000000d5b80000)
  object space 116224K, 42% used [0x0000000081200000,0x00000000841cf110,0x0000000088380000)
 Metaspace       used 26307K, capacity 26753K, committed 27136K, reserved 1073152K
  class space    used 3865K, capacity 4000K, committed 4096K, reserved 1048576K
Event: 12.517 GC heap after
Heap after GC invocations=13 (full 2):
 PSYoungGen      total 176128K, used 17720K [0x00000000d5b80000, 0x00000000e4580000, 0x0000000100000000)
  eden space 158208K, 0% used [0x00000000d5b80000,0x00000000d5b80000,0x00000000df600000)
  from space 17920K, 98% used [0x00000000df600000,0x00000000e074e050,0x00000000e0780000)
  to   space 20480K, 0% used [0x00000000e3180000,0x00000000e3180000,0x00000000e4580000)
 ParOldGen       total 116224K, used 77628K [0x0000000081200000, 0x0000000088380000, 0x00000000d5b80000)
  object space 116224K, 66% used [0x0000000081200000,0x0000000085dcf180,0x0000000088380000)
 Metaspace       used 26307K, capacity 26753K, committed 27136K, reserved 1073152K
  class space    used 3865K, capacity 4000K, committed 4096K, reserved 1048576K
}
Event: 16.824 GC heap before
{Heap before GC invocations=14 (full 2):
 PSYoungGen      total 176128K, used 175928K [0x00000000d5b80000, 0x00000000e4580000, 0x0000000100000000)
  eden space 158208K, 100% used [0x00000000d5b80000,0x00000000df600000,0x00000000df600000)
  from space 17920K, 98% used [0x00000000df600000,0x00000000e074e050,0x00000000e0780000)
  to   space 20480K, 0% used [0x00000000e3180000,0x00000000e3180000,0x00000000e4580000)
 ParOldGen       total 116224K, used 77628K [0x0000000081200000, 0x0000000088380000, 0x00000000d5b80000)
  object space 116224K, 66% used [0x0000000081200000,0x0000000085dcf180,0x0000000088380000)
 Metaspace       used 26644K, capacity 27015K, committed 27392K, reserved 1073152K
  class space    used 3879K, capacity 4001K, committed 4096K, reserved 1048576K
Event: 16.832 GC heap after
Heap after GC invocations=14 (full 2):
 PSYoungGen      total 207872K, used 2793K [0x00000000d5b80000, 0x00000000e4000000, 0x0000000100000000)
  eden space 193024K, 0% used [0x00000000d5b80000,0x00000000d5b80000,0x00000000e1800000)
  from space 14848K, 18% used [0x00000000e3180000,0x00000000e343a550,0x00000000e4000000)
  to   space 20480K, 0% used [0x00000000e1800000,0x00000000e1800000,0x00000000e2c00000)
 ParOldGen       total 116224K, used 77636K [0x0000000081200000, 0x0000000088380000, 0x00000000d5b80000)
  object space 116224K, 66% used [0x0000000081200000,0x0000000085dd1180,0x0000000088380000)
 Metaspace       used 26644K, capacity 27015K, committed 27392K, reserved 1073152K
  class space    used 3879K, capacity 4001K, committed 4096K, reserved 1048576K
}

Deoptimization events (10 events):
Event: 17.450 Thread 0x000000001911f000 Uncommon trap: reason=class_check action=maybe_recompile pc=0x0000000003575040 method=java.awt.EventQueue.setCurrentEventAndMostRecentTimeImpl(Ljava/awt/AWTEvent;)V @ 53
Event: 18.565 Thread 0x0000000019dbd000 Uncommon trap: reason=unstable_if action=reinterpret pc=0x0000000002bba1f0 method=turtlekit.kernel.Patch.getNeighbors(IZ)Ljava/util/List; @ 262
Event: 18.813 Thread 0x0000000019dbd000 Uncommon trap: reason=unstable_if action=reinterpret pc=0x00000000030fdca0 method=civilisation.individu.Human.AStar(Lturtlekit/kernel/Patch;)Ljava/util/ArrayList; @ 514
Event: 18.822 Thread 0x000000001911f000 Uncommon trap: reason=class_check action=maybe_recompile pc=0x00000000030ea708 method=sun.java2d.SunGraphics2D.fill(Ljava/awt/Shape;)V @ 6
Event: 18.822 Thread 0x000000001911f000 Uncommon trap: reason=bimorphic action=maybe_recompile pc=0x0000000003375194 method=sun.java2d.pipe.ShapeSpanIterator.appendPath(Ljava/awt/geom/PathIterator;)V @ 7
Event: 18.822 Thread 0x000000001911f000 Uncommon trap: reason=unstable_if action=reinterpret pc=0x0000000003201fe0 method=java.awt.geom.AffineTransform.transform([FI[FII)V @ 2
Event: 18.822 Thread 0x000000001911f000 Uncommon trap: reason=class_check action=maybe_recompile pc=0x0000000003529550 method=sun.java2d.pipe.AlphaPaintPipe.startSequence(Lsun/java2d/SunGraphics2D;Ljava/awt/Shape;Ljava/awt/Rectangle;[I)Ljava/lang/Object; @ 10
Event: 18.825 Thread 0x000000001911f000 Uncommon trap: reason=unstable_if action=reinterpret pc=0x0000000003621470 method=java.awt.geom.Path2D$Float.getBounds2D()Ljava/awt/geom/Rectangle2D; @ 71
Event: 18.826 Thread 0x0000000019dbd000 Uncommon trap: reason=unstable_if action=reinterpret pc=0x00000000031a46c4 method=civilisation.individu.Human.AStar(Lturtlekit/kernel/Patch;)Ljava/util/ArrayList; @ 514
Event: 19.859 Thread 0x000000001911f000 Uncommon trap: reason=unstable_if action=reinterpret pc=0x0000000002f35ae8 method=civilisation.world.WorldViewer.paintPatch(Ljava/awt/Graphics;Lturtlekit/kernel/Patch;III)V @ 235

Internal exceptions (10 events):
Event: 19.877 Thread 0x000000001911f000 Implicit null exception at 0x0000000002db66df to 0x0000000002db70d2
Event: 19.878 Thread 0x000000001911f000 Exception <a 'java/lang/NullPointerException'> (0x00000000de46ab68) thrown at [C:\re\workspace\8-2-build-windows-amd64-cygwin\jdk8u111\7883\hotspot\src\share\vm\runtime\sharedRuntime.cpp, line 605]
Event: 19.878 Thread 0x000000001911f000 Implicit null exception at 0x0000000002db66df to 0x0000000002db70d2
Event: 19.878 Thread 0x000000001911f000 Exception <a 'java/lang/NullPointerException'> (0x00000000de46af58) thrown at [C:\re\workspace\8-2-build-windows-amd64-cygwin\jdk8u111\7883\hotspot\src\share\vm\runtime\sharedRuntime.cpp, line 605]
Event: 19.878 Thread 0x000000001911f000 Implicit null exception at 0x0000000002db66df to 0x0000000002db70d2
Event: 19.878 Thread 0x000000001911f000 Exception <a 'java/lang/NullPointerException'> (0x00000000de46b348) thrown at [C:\re\workspace\8-2-build-windows-amd64-cygwin\jdk8u111\7883\hotspot\src\share\vm\runtime\sharedRuntime.cpp, line 605]
Event: 19.878 Thread 0x000000001911f000 Implicit null exception at 0x0000000002db66df to 0x0000000002db70d2
Event: 19.878 Thread 0x000000001911f000 Exception <a 'java/lang/NullPointerException'> (0x00000000de46b738) thrown at [C:\re\workspace\8-2-build-windows-amd64-cygwin\jdk8u111\7883\hotspot\src\share\vm\runtime\sharedRuntime.cpp, line 605]
Event: 19.878 Thread 0x000000001911f000 Implicit null exception at 0x0000000002db66df to 0x0000000002db70d2
Event: 19.878 Thread 0x000000001911f000 Exception <a 'java/lang/NullPointerException'> (0x00000000de46bb28) thrown at [C:\re\workspace\8-2-build-windows-amd64-cygwin\jdk8u111\7883\hotspot\src\share\vm\runtime\sharedRuntime.cpp, line 605]

Events (10 events):
Event: 19.875 loading class org/lwjgl/opengl/GL31
Event: 19.875 loading class org/lwjgl/opengl/GL31 done
Event: 19.875 Thread 0x0000000018d7d000 flushing nmethod 0x0000000002abf150
Event: 19.875 Thread 0x0000000018d7d000 flushing nmethod 0x0000000002abf590
Event: 19.876 Thread 0x0000000018d7d000 flushing nmethod 0x0000000002aebe90
Event: 19.876 Thread 0x0000000018d7d000 flushing nmethod 0x0000000002afe450
Event: 19.876 Thread 0x0000000018d7d000 flushing nmethod 0x0000000002b22310
Event: 19.877 Thread 0x0000000018d7d000 flushing nmethod 0x0000000002b43ad0
Event: 19.877 Thread 0x0000000018d7d000 flushing nmethod 0x0000000002b44510
Event: 19.877 Thread 0x0000000018d7d000 flushing nmethod 0x0000000002b66390


Dynamic libraries:
0x000000013f7a0000 - 0x000000013f7d7000 	C:\Program Files\Java\jre1.8.0_111\bin\javaw.exe
0x0000000076d90000 - 0x0000000076f3b000 	C:\Windows\SYSTEM32\ntdll.dll
0x0000000076b70000 - 0x0000000076c8f000 	C:\Windows\system32\kernel32.dll
0x000007fefcf20000 - 0x000007fefcf8a000 	C:\Windows\system32\KERNELBASE.dll
0x000007fefd880000 - 0x000007fefd95b000 	C:\Windows\system32\ADVAPI32.dll
0x000007fefeef0000 - 0x000007fefef8f000 	C:\Windows\system32\msvcrt.dll
0x000007fefef90000 - 0x000007fefefaf000 	C:\Windows\SYSTEM32\sechost.dll
0x000007fefe030000 - 0x000007fefe15d000 	C:\Windows\system32\RPCRT4.dll
0x0000000076c90000 - 0x0000000076d8a000 	C:\Windows\system32\USER32.dll
0x000007fefdc70000 - 0x000007fefdcd7000 	C:\Windows\system32\GDI32.dll
0x000007fefd0d0000 - 0x000007fefd0de000 	C:\Windows\system32\LPK.dll
0x000007fefdf60000 - 0x000007fefe02a000 	C:\Windows\system32\USP10.dll
0x000007fefb4b0000 - 0x000007fefb6a4000 	C:\Windows\WinSxS\amd64_microsoft.windows.common-controls_6595b64144ccf1df_6.0.7601.23403_none_e36ad4593102f066\COMCTL32.dll
0x000007fefd960000 - 0x000007fefd9d1000 	C:\Windows\system32\SHLWAPI.dll
0x000007fefdc40000 - 0x000007fefdc6e000 	C:\Windows\system32\IMM32.DLL
0x000007fefdb30000 - 0x000007fefdc39000 	C:\Windows\system32\MSCTF.dll
0x000007fefccb0000 - 0x000007fefcce0000 	C:\Windows\system32\nvinitx.dll
0x000007fefcca0000 - 0x000007fefccac000 	C:\Windows\system32\VERSION.dll
0x0000000074920000 - 0x0000000074926000 	C:\Program Files\NVIDIA Corporation\CoProcManager\detoured.dll
0x000007fefa790000 - 0x000007fefa7c8000 	C:\Program Files\NVIDIA Corporation\CoProcManager\nvd3d9wrapx.dll
0x000007fefdce0000 - 0x000007fefdeb7000 	C:\Windows\system32\SETUPAPI.dll
0x000007fefd070000 - 0x000007fefd0a6000 	C:\Windows\system32\CFGMGR32.dll
0x000007fefda50000 - 0x000007fefdb28000 	C:\Windows\system32\OLEAUT32.dll
0x000007fefd0e0000 - 0x000007fefd2e3000 	C:\Windows\system32\ole32.dll
0x000007fefcd90000 - 0x000007fefcdaa000 	C:\Windows\system32\DEVOBJ.dll
0x000007fefa760000 - 0x000007fefa784000 	C:\Program Files\NVIDIA Corporation\CoProcManager\nvdxgiwrapx.dll
0x0000000069de0000 - 0x0000000069eb2000 	C:\Program Files\Java\jre1.8.0_111\bin\msvcr100.dll
0x00000000529c0000 - 0x000000005325a000 	C:\Program Files\Java\jre1.8.0_111\bin\server\jvm.dll
0x000007fef1bd0000 - 0x000007fef1bd9000 	C:\Windows\system32\WSOCK32.dll
0x000007fefefb0000 - 0x000007fefeffd000 	C:\Windows\system32\WS2_32.dll
0x000007fefd9e0000 - 0x000007fefd9e8000 	C:\Windows\system32\NSI.dll
0x000007fef9f40000 - 0x000007fef9f7b000 	C:\Windows\system32\WINMM.dll
0x0000000076f50000 - 0x0000000076f57000 	C:\Windows\system32\PSAPI.DLL
0x0000000053cd0000 - 0x0000000053cdf000 	C:\Program Files\Java\jre1.8.0_111\bin\verify.dll
0x0000000053ca0000 - 0x0000000053cc9000 	C:\Program Files\Java\jre1.8.0_111\bin\java.dll
0x0000000053c80000 - 0x0000000053c96000 	C:\Program Files\Java\jre1.8.0_111\bin\zip.dll
0x000007fefe160000 - 0x000007fefeeec000 	C:\Windows\system32\SHELL32.dll
0x000007fefcce0000 - 0x000007fefccef000 	C:\Windows\system32\profapi.dll
0x00000000697e0000 - 0x0000000069978000 	C:\Program Files\Java\jre1.8.0_111\bin\awt.dll
0x000007fefae40000 - 0x000007fefae58000 	C:\Windows\system32\DWMAPI.DLL
0x000007fefb250000 - 0x000007fefb2a6000 	C:\Windows\system32\uxtheme.dll
0x000007fefcbd0000 - 0x000007fefcbdf000 	C:\Windows\system32\CRYPTBASE.dll
0x000007fefc570000 - 0x000007fefc588000 	C:\Windows\system32\CRYPTSP.dll
0x000007fefc250000 - 0x000007fefc297000 	C:\Windows\system32\rsaenh.dll
0x000007fefc340000 - 0x000007fefc35f000 	C:\Windows\system32\USERENV.dll
0x0000000053c60000 - 0x0000000053c7a000 	C:\Program Files\Java\jre1.8.0_111\bin\net.dll
0x000007fefc510000 - 0x000007fefc565000 	C:\Windows\system32\mswsock.dll
0x000007fefc500000 - 0x000007fefc507000 	C:\Windows\System32\wship6.dll
0x000007fef9960000 - 0x000007fef9987000 	C:\Windows\system32\IPHLPAPI.DLL
0x000007fef9950000 - 0x000007fef995b000 	C:\Windows\system32\WINNSI.DLL
0x000007fef9740000 - 0x000007fef9758000 	C:\Windows\system32\dhcpcsvc.DLL
0x000007fef9720000 - 0x000007fef9731000 	C:\Windows\system32\dhcpcsvc6.DLL
0x0000000053c40000 - 0x0000000053c51000 	C:\Program Files\Java\jre1.8.0_111\bin\nio.dll
0x000000006c7e0000 - 0x000000006c827000 	C:\Program Files\Java\jre1.8.0_111\bin\fontmanager.dll
0x000000006c790000 - 0x000000006c7d2000 	C:\Program Files\Java\jre1.8.0_111\bin\t2k.dll
0x000007fef9ea0000 - 0x000007fef9f40000 	C:\Windows\WinSxS\amd64_microsoft.windows.common-controls_6595b64144ccf1df_5.82.7601.17514_none_a4d6a923711520a9\comctl32.dll
0x000007feff000000 - 0x000007feff099000 	C:\Windows\system32\CLBCatQ.DLL
0x000007fefb330000 - 0x000007fefb45c000 	C:\Windows\system32\propsys.dll
0x000007fefae70000 - 0x000007fefae9d000 	C:\Windows\system32\ntmarta.dll
0x000007fefd9f0000 - 0x000007fefda42000 	C:\Windows\system32\WLDAP32.dll
0x000007fefcb70000 - 0x000007fefcbc7000 	C:\Windows\system32\apphelp.dll
0x000007fef4f00000 - 0x000007fef509c000 	C:\Windows\system32\NetworkExplorer.dll
0x000007fef71f0000 - 0x000007fef7224000 	C:\Windows\System32\shdocvw.dll
0x000007fefa870000 - 0x000007fefa87b000 	C:\Windows\system32\slc.dll
0x000007fef9440000 - 0x000007fef9458000 	C:\Windows\system32\MPR.dll
0x000007fef4ef0000 - 0x000007fef4efa000 	C:\Windows\System32\drprov.dll
0x000007fefc0a0000 - 0x000007fefc0dd000 	C:\Windows\System32\WINSTA.dll
0x000007fef4ec0000 - 0x000007fef4ee2000 	C:\Windows\System32\ntlanman.dll
0x000007fef4ea0000 - 0x000007fef4ebe000 	C:\Windows\System32\davclnt.dll
0x000007fef4e90000 - 0x000007fef4e9a000 	C:\Windows\System32\DAVHLPR.dll
0x000007fefab00000 - 0x000007fefab15000 	C:\Windows\system32\wkscli.dll
0x000007fef86f0000 - 0x000007fef86ff000 	C:\Windows\system32\cscapi.dll
0x000007fefab20000 - 0x000007fefab2c000 	C:\Windows\system32\netutils.dll
0x000007fee1f70000 - 0x000007fee21e1000 	C:\Windows\system32\wpdshext.dll
0x000007fefb030000 - 0x000007fefb246000 	C:\Windows\WinSxS\amd64_microsoft.windows.gdiplus_6595b64144ccf1df_1.1.7601.23407_none_14556c1e8b95d0b8\gdiplus.dll
0x000007fef3090000 - 0x000007fef314d000 	C:\Windows\system32\PortableDeviceApi.dll
0x000007fefcf90000 - 0x000007fefcfcb000 	C:\Windows\system32\WINTRUST.dll
0x000000001d150000 - 0x000000001d2bd000 	C:\Windows\system32\CRYPT32.dll
0x000007fefcd80000 - 0x000007fefcd8f000 	C:\Windows\system32\MSASN1.dll
0x000007fef7900000 - 0x000007fef7935000 	C:\Windows\system32\EhStorShell.dll
0x000007fee9a20000 - 0x000007fee9a47000 	C:\Windows\system32\EhStorAPI.dll
0x000007fef71e0000 - 0x000007fef71ec000 	C:\Windows\system32\LINKINFO.dll
0x000007fefac20000 - 0x000007fefad4a000 	C:\Windows\system32\WindowsCodecs.dll
0x000007fef8720000 - 0x000007fef879f000 	C:\Program Files (x86)\Adobe\Adobe Creative Cloud\CoreSyncExtension\CoreSync_x64.dll
0x000007fef8710000 - 0x000007fef8713000 	C:\Windows\system32\api-ms-win-core-synch-l1-2-0.DLL
0x000007fef7880000 - 0x000007fef78fe000 	C:\Windows\System32\cscui.dll
0x000007fef8700000 - 0x000007fef870c000 	C:\Windows\System32\CSCDLL.dll
0x000007fef7800000 - 0x000007fef7880000 	C:\Windows\system32\ntshrui.dll
0x000007fefc8d0000 - 0x000007fefc8f3000 	C:\Windows\system32\srvcli.dll
0x0000000180000000 - 0x0000000180051000 	C:\Users\C17\git\MetaCiv\MetaCiv\lib\natives-win\lwjgl64.dll
0x000007fef5790000 - 0x000007fef58ad000 	C:\Windows\system32\OPENGL32.dll
0x000007fef5760000 - 0x000007fef578d000 	C:\Windows\system32\GLU32.dll
0x000007fef5660000 - 0x000007fef5751000 	C:\Windows\system32\DDRAW.dll
0x000007fef50a0000 - 0x000007fef50a8000 	C:\Windows\system32\DCIMAN32.dll
0x000000001fd50000 - 0x00000000204de000 	C:\Windows\system32\ig75icd64.dll
0x000007fef7320000 - 0x000007fef7764000 	C:\Windows\system32\igdusc64.dll
0x000007fefa3a0000 - 0x000007fefa43c000 	C:\Windows\system32\mscms.dll
0x000007fee75a0000 - 0x000007fee75e2000 	C:\Windows\system32\icm32.dll
0x000000006c760000 - 0x000000006c78a000 	C:\Program Files\Java\jre1.8.0_111\bin\dcpr.dll
0x0000000069d30000 - 0x0000000069dd2000 	C:\Program Files\Java\jre1.8.0_111\bin\mlib_image.dll
0x000007feeabc0000 - 0x000007feeace5000 	C:\Windows\system32\dbghelp.dll

VM Arguments:
jvm_args: -Djava.library.path=C:\Users\C17\git\MetaCiv\MetaCiv\lib\natives-win -Dfile.encoding=Cp1252 
java_command: civilisation.CivLauncher
java_class_path (initial): C:\Users\C17\git\MetaCiv\MetaCiv\bin;C:\Users\C17\git\MetaCiv\MetaCiv\lib\turtlekit-3.0.0.4.jar;C:\Users\C17\git\MetaCiv\MetaCiv\lib\jars\lwjgl_util.jar;C:\Users\C17\git\MetaCiv\MetaCiv\lib\jars\lwjgl.jar;C:\Users\C17\git\MetaCiv\MetaCiv\lib\jars\slick-util.jar
Launcher Type: SUN_STANDARD

Environment Variables:
PATH=C:/Program Files/Java/jre1.8.0_111/bin/server;C:/Program Files/Java/jre1.8.0_111/bin;C:/Program Files/Java/jre1.8.0_111/lib/amd64;C:\ProgramData\Oracle\Java\javapath;C:\Program Files (x86)\Intel\iCLS Client\;C:\Program Files\Intel\iCLS Client\;C:\Windows\system32;C:\Windows;C:\Windows\System32\Wbem;C:\Windows\System32\WindowsPowerShell\v1.0\;C:\Program Files (x86)\NVIDIA Corporation\PhysX\Common;C:\Program Files\Intel\Intel(R) Management Engine Components\DAL;C:\Program Files\Intel\Intel(R) Management Engine Components\IPT;C:\Program Files (x86)\Intel\Intel(R) Management Engine Components\DAL;C:\Program Files (x86)\Intel\Intel(R) Management Engine Components\IPT;C:\Program Files (x86)\Skype\Phone\;C:\Windows\system32\config\systemprofile\.dnx\bin;C:\Program Files\Microsoft DNX\Dnvm\;C:\Program Files\Microsoft SQL Server\130\Tools\Binn\;C:\Program Files\Common Files\Autodesk Shared\;C:\Users\C17\Desktop;
USERNAME=C17
OS=Windows_NT
PROCESSOR_IDENTIFIER=Intel64 Family 6 Model 60 Stepping 3, GenuineIntel



---------------  S Y S T E M  ---------------

OS: Windows 7 , 64 bit Build 7601 (6.1.7601.23455)

CPU:total 4 (2 cores per cpu, 2 threads per core) family 6 model 60 stepping 3, cmov, cx8, fxsr, mmx, sse, sse2, sse3, ssse3, sse4.1, sse4.2, popcnt, avx, avx2, aes, clmul, erms, lzcnt, ht, tsc, tscinvbit, bmi1, bmi2

Memory: 4k page, physical 8307368k(3332068k free), swap 16612876k(10862016k free)

vm_info: Java HotSpot(TM) 64-Bit Server VM (25.111-b14) for windows-amd64 JRE (1.8.0_111-b14), built on Sep 22 2016 19:24:05 by "java_re" with MS VC++ 10.0 (VS2010)

time: Tue Apr 18 21:43:52 2017
elapsed time: 19 seconds (0d 0h 0m 19s)

