#
# A fatal error has been detected by the Java Runtime Environment:
#
#  EXCEPTION_ACCESS_VIOLATION (0xc0000005) at pc=0x000000001ff3ee7e, pid=5940, tid=0x000000000000017c
#
# JRE version: Java(TM) SE Runtime Environment (8.0_111-b14) (build 1.8.0_111-b14)
# Java VM: Java HotSpot(TM) 64-Bit Server VM (25.111-b14 mixed mode windows-amd64 compressed oops)
# Problematic frame:
# C  [ig75icd64.dll+0x35ee7e]
#
# Failed to write core dump. Minidumps are not enabled by default on client versions of Windows
#
# If you would like to submit a bug report, please visit:
#   http://bugreport.java.com/bugreport/crash.jsp
# The crash happened outside the Java Virtual Machine in native code.
# See problematic frame for where to report the bug.
#

---------------  T H R E A D  ---------------

Current thread (0x0000000019e6b000):  JavaThread "Thread-20" [_thread_in_native, id=380, stack(0x000000001fae0000,0x000000001fbe0000)]

siginfo: ExceptionCode=0xc0000005, writing address 0x0000000012765000

Registers:
RAX=0x0000000000000001, RBX=0x0000000020988f00, RCX=0x0000000012765004, RDX=0x00000000202d9220
RSP=0x000000001fbde470, RBP=0x000000001fbde509, RSI=0x000000001fbde610, RDI=0x0000000000000059
R8 =0x0000000000000003, R9 =0x0000000000000008, R10=0x0000000020a24d90, R11=0x0000000000000000
R12=0x0000000000000000, R13=0x0000000000000000, R14=0x0000000000000000, R15=0x00000000000000c7
RIP=0x000000001ff3ee7e, EFLAGS=0x0000000000010202

Top of Stack: (sp=0x000000001fbde470)
0x000000001fbde470:   0000000020988f00 000000001fbde610
0x000000001fbde480:   7c05400000000000 0000000000000000
0x000000001fbde490:   0000000000000001 00000000005900c7
0x000000001fbde4a0:   0000000000000000 0000000020000000
0x000000001fbde4b0:   0000000000000001 000000001fbde6b4
0x000000001fbde4c0:   000000001fbde621 000000001ff413d7
0x000000001fbde4d0:   0000005a00000000 000000c800000000
0x000000001fbde4e0:   000000001fbde6b0 0000000020000000
0x000000001fbde4f0:   0004f01c14800001 00000e6100000000
0x000000001fbde500:   4400000000000000 3f80000000000000
0x000000001fbde510:   000000001fbde838 0000000023e67c30
0x000000001fbde520:   000000001fbde790 0000000000000000
0x000000001fbde530:   00000000000000c7 0000000000000004
0x000000001fbde540:   000000001fbde650 000000001ff3e8a8
0x000000001fbde550:   0000000000000167 000000001fbde610
0x000000001fbde560:   0000000000000000 0000000000000000 

Instructions: (pc=0x000000001ff3ee7e)
0x000000001ff3ee5e:   8d 15 ac a3 39 00 48 03 8b b8 72 06 00 33 c0 0f
0x000000001ff3ee6e:   1f 00 f3 0f 6f 02 ff c0 48 83 c1 10 48 83 c2 10
0x000000001ff3ee7e:   f3 0f 7f 41 f0 83 f8 01 72 e8 45 33 c0 48 2b d1
0x000000001ff3ee8e:   66 90 8b 04 11 41 ff c0 48 8d 49 04 89 41 fc 41 


Register to memory mapping:

RAX=0x0000000000000001 is an unknown value
RBX=0x0000000020988f00 is an unknown value
RCX=0x0000000012765004 is an unknown value
RDX=0x00000000202d9220 is an unknown value
RSP=0x000000001fbde470 is pointing into the stack for thread: 0x0000000019e6b000
RBP=0x000000001fbde509 is pointing into the stack for thread: 0x0000000019e6b000
RSI=0x000000001fbde610 is pointing into the stack for thread: 0x0000000019e6b000
RDI=0x0000000000000059 is an unknown value
R8 =0x0000000000000003 is an unknown value
R9 =0x0000000000000008 is an unknown value
R10=0x0000000020a24d90 is an unknown value
R11=0x0000000000000000 is an unknown value
R12=0x0000000000000000 is an unknown value
R13=0x0000000000000000 is an unknown value
R14=0x0000000000000000 is an unknown value
R15=0x00000000000000c7 is an unknown value


Stack: [0x000000001fae0000,0x000000001fbe0000],  sp=0x000000001fbde470,  free space=1017k
Native frames: (J=compiled Java code, j=interpreted, Vv=VM code, C=native code)
C  [ig75icd64.dll+0x35ee7e]
C  [ig75icd64.dll+0x35e8a8]
C  [ig75icd64.dll+0x36400d]
C  [ig75icd64.dll+0x3c3828]
C  [ig75icd64.dll+0x34d441]
C  0x0000000002747f74

Java frames: (J=compiled Java code, j=interpreted, Vv=VM code)
j  org.lwjgl.opengl.GL11.nglClear(IJ)V+0
j  org.lwjgl.opengl.GL11.glClear(I)V+15
j  renderEngine.MasterRenderer.prepare()V+9
j  renderEngine.MasterRenderer.render(Ljava/util/List;LrenderEngine/entities/Camera;Ljava/awt/image/BufferedImage;LrenderEngine/entities/Light;Ljava/util/ArrayList;Lorg/lwjgl/util/vector/Vector4f;FZZZLrenderEngine/shadowsMapping/ShadowFrameBuffer;LrenderEngine/sea/SeaFrameBuffers;Lorg/lwjgl/util/vector/Matrix4f;Lorg/lwjgl/util/vector/Matrix4f;)V+1
j  renderEngine.renderMain.run()V+1131
j  java.lang.Thread.run()V+11
v  ~StubRoutines::call_stub

---------------  P R O C E S S  ---------------

Java Threads: ( => current thread )
  0x0000000019e61800 JavaThread "LWJGL Timer" daemon [_thread_blocked, id=3076, stack(0x000000001eb00000,0x000000001ec00000)]
=>0x0000000019e6b000 JavaThread "Thread-20" [_thread_in_native, id=380, stack(0x000000001fae0000,0x000000001fbe0000)]
  0x0000000019e68000 JavaThread "LIVING-7" [_thread_blocked, id=1308, stack(0x000000001eee0000,0x000000001efe0000)]
  0x0000000019e64000 JavaThread "DestroyJavaVM" [_thread_blocked, id=1924, stack(0x00000000022b0000,0x00000000023b0000)]
  0x0000000019e63800 JavaThread "LIVING-2" daemon [_thread_blocked, id=2632, stack(0x000000001ec20000,0x000000001ed20000)]
  0x0000000019e62800 JavaThread "LIVING-1" daemon [_thread_blocked, id=3368, stack(0x000000001ea00000,0x000000001eb00000)]
  0x0000000019e60000 JavaThread "TimerQueue" daemon [_thread_blocked, id=4236, stack(0x000000001d8e0000,0x000000001d9e0000)]
  0x0000000019e40800 JavaThread "Swing-Shell" daemon [_thread_blocked, id=4088, stack(0x000000001cd30000,0x000000001ce30000)]
  0x0000000019d52800 JavaThread "AWT-EventQueue-0" [_thread_in_vm, id=3896, stack(0x000000001b0f0000,0x000000001b1f0000)]
  0x0000000019c7e000 JavaThread "AWT-Windows" daemon [_thread_in_native, id=4076, stack(0x0000000019650000,0x0000000019750000)]
  0x0000000019c7b000 JavaThread "AWT-Shutdown" [_thread_blocked, id=5936, stack(0x000000001a5a0000,0x000000001a6a0000)]
  0x0000000019c7a800 JavaThread "Java2D Disposer" daemon [_thread_blocked, id=5648, stack(0x000000001a480000,0x000000001a580000)]
  0x0000000018d1d800 JavaThread "Service Thread" daemon [_thread_blocked, id=5964, stack(0x00000000193b0000,0x00000000194b0000)]
  0x0000000018cac800 JavaThread "C1 CompilerThread2" daemon [_thread_blocked, id=5712, stack(0x00000000194c0000,0x00000000195c0000)]
  0x0000000018ca7000 JavaThread "C2 CompilerThread1" daemon [_thread_blocked, id=1980, stack(0x0000000019120000,0x0000000019220000)]
  0x00000000175fb800 JavaThread "C2 CompilerThread0" daemon [_thread_blocked, id=3488, stack(0x0000000019270000,0x0000000019370000)]
  0x00000000175f9000 JavaThread "Attach Listener" daemon [_thread_blocked, id=5608, stack(0x00000000188f0000,0x00000000189f0000)]
  0x00000000175f5800 JavaThread "Signal Dispatcher" daemon [_thread_blocked, id=1204, stack(0x0000000018ba0000,0x0000000018ca0000)]
  0x00000000175d9000 JavaThread "Finalizer" daemon [_thread_blocked, id=5632, stack(0x00000000189f0000,0x0000000018af0000)]
  0x0000000017592000 JavaThread "Reference Handler" daemon [_thread_blocked, id=6072, stack(0x0000000018780000,0x0000000018880000)]

Other Threads:
  0x000000001758a800 VMThread [stack: 0x0000000018570000,0x0000000018670000] [id=2008]
  0x0000000018d5f800 WatcherThread [stack: 0x00000000197a0000,0x00000000198a0000] [id=2088]

VM state:not at safepoint (normal execution)

VM Mutex/Monitor currently owned by a thread: None

Heap:
 PSYoungGen      total 316928K, used 159315K [0x00000000d5b80000, 0x00000000ea500000, 0x0000000100000000)
  eden space 299520K, 48% used [0x00000000d5b80000,0x00000000de90ac78,0x00000000e8000000)
  from space 17408K, 82% used [0x00000000e9400000,0x00000000ea20a360,0x00000000ea500000)
  to   space 18944K, 0% used [0x00000000e8000000,0x00000000e8000000,0x00000000e9280000)
 ParOldGen       total 104448K, used 65935K [0x0000000081200000, 0x0000000087800000, 0x00000000d5b80000)
  object space 104448K, 63% used [0x0000000081200000,0x0000000085263c20,0x0000000087800000)
 Metaspace       used 26534K, capacity 26913K, committed 27008K, reserved 1073152K
  class space    used 3871K, capacity 3968K, committed 3968K, reserved 1048576K

Card table byte_map: [0x0000000011af0000,0x0000000011ef0000] byte_map_base: 0x00000000116e7000

Marking Bits: (ParMarkBitMap*) 0x0000000050dda6c0
 Begin Bits: [0x0000000012890000, 0x0000000014848000)
 End Bits:   [0x0000000014848000, 0x0000000016800000)

Polling page: 0x0000000000320000

CodeCache: size=245760Kb used=12910Kb max_used=14269Kb free=232849Kb
 bounds [0x0000000002730000, 0x0000000003540000, 0x0000000011730000]
 total_blobs=4455 nmethods=3726 adapters=640
 compilation: enabled

Compilation events (10 events):
Event: 20.031 Thread 0x0000000018cac800 4409       3       org.lwjgl.opengl.GL20::glGetUniformLocation (28 bytes)
Event: 20.032 Thread 0x0000000018cac800 nmethod 4409 0x0000000002872e90 code [0x00000000028730e0, 0x0000000002873c58]
Event: 20.047 Thread 0x0000000018cac800 4411       3       org.lwjgl.util.vector.Matrix4f::setIdentity (5 bytes)
Event: 20.047 Thread 0x0000000018cac800 nmethod 4411 0x000000000299f450 code [0x000000000299f5c0, 0x000000000299f748]
Event: 20.047 Thread 0x0000000018cac800 4412       3       org.lwjgl.util.vector.Matrix4f::setIdentity (82 bytes)
Event: 20.048 Thread 0x0000000018cac800 nmethod 4412 0x0000000002957b10 code [0x0000000002957c60, 0x0000000002957e10]
Event: 20.066 Thread 0x0000000018cac800 4414       3       java.nio.HeapByteBuffer::put (167 bytes)
Event: 20.067 Thread 0x0000000018cac800 nmethod 4414 0x0000000002a11a90 code [0x0000000002a11d00, 0x0000000002a13078]
Event: 20.095 Thread 0x0000000018cac800 4416       3       org.lwjgl.opengl.GL20::glUniform3f (27 bytes)
Event: 20.096 Thread 0x0000000018cac800 nmethod 4416 0x00000000028d2810 code [0x00000000028d29e0, 0x00000000028d3138]

GC Heap History (10 events):
Event: 8.792 GC heap before
{Heap before GC invocations=8 (full 1):
 PSYoungGen      total 134656K, used 126902K [0x00000000d5b80000, 0x00000000def00000, 0x0000000100000000)
  eden space 122368K, 100% used [0x00000000d5b80000,0x00000000dd300000,0x00000000dd300000)
  from space 12288K, 36% used [0x00000000de300000,0x00000000de76d8e0,0x00000000def00000)
  to   space 14336K, 0% used [0x00000000dd300000,0x00000000dd300000,0x00000000de100000)
 ParOldGen       total 54272K, used 22735K [0x0000000081200000, 0x0000000084700000, 0x00000000d5b80000)
  object space 54272K, 41% used [0x0000000081200000,0x0000000082833e68,0x0000000084700000)
 Metaspace       used 26154K, capacity 26593K, committed 26752K, reserved 1073152K
  class space    used 3862K, capacity 3968K, committed 3968K, reserved 1048576K
Event: 8.809 GC heap after
Heap after GC invocations=8 (full 1):
 PSYoungGen      total 136704K, used 13292K [0x00000000d5b80000, 0x00000000e5380000, 0x0000000100000000)
  eden space 122368K, 0% used [0x00000000d5b80000,0x00000000d5b80000,0x00000000dd300000)
  from space 14336K, 92% used [0x00000000dd300000,0x00000000ddffb080,0x00000000de100000)
  to   space 16384K, 0% used [0x00000000e4380000,0x00000000e4380000,0x00000000e5380000)
 ParOldGen       total 54272K, used 51415K [0x0000000081200000, 0x0000000084700000, 0x00000000d5b80000)
  object space 54272K, 94% used [0x0000000081200000,0x0000000084435ed8,0x0000000084700000)
 Metaspace       used 26154K, capacity 26593K, committed 26752K, reserved 1073152K
  class space    used 3862K, capacity 3968K, committed 3968K, reserved 1048576K
}
Event: 8.809 GC heap before
{Heap before GC invocations=9 (full 2):
 PSYoungGen      total 136704K, used 13292K [0x00000000d5b80000, 0x00000000e5380000, 0x0000000100000000)
  eden space 122368K, 0% used [0x00000000d5b80000,0x00000000d5b80000,0x00000000dd300000)
  from space 14336K, 92% used [0x00000000dd300000,0x00000000ddffb080,0x00000000de100000)
  to   space 16384K, 0% used [0x00000000e4380000,0x00000000e4380000,0x00000000e5380000)
 ParOldGen       total 54272K, used 51415K [0x0000000081200000, 0x0000000084700000, 0x00000000d5b80000)
  object space 54272K, 94% used [0x0000000081200000,0x0000000084435ed8,0x0000000084700000)
 Metaspace       used 26154K, capacity 26593K, committed 26752K, reserved 1073152K
  class space    used 3862K, capacity 3968K, committed 3968K, reserved 1048576K
Event: 8.852 GC heap after
Heap after GC invocations=9 (full 2):
 PSYoungGen      total 136704K, used 0K [0x00000000d5b80000, 0x00000000e5380000, 0x0000000100000000)
  eden space 122368K, 0% used [0x00000000d5b80000,0x00000000d5b80000,0x00000000dd300000)
  from space 14336K, 0% used [0x00000000dd300000,0x00000000dd300000,0x00000000de100000)
  to   space 16384K, 0% used [0x00000000e4380000,0x00000000e4380000,0x00000000e5380000)
 ParOldGen       total 104448K, used 38016K [0x0000000081200000, 0x0000000087800000, 0x00000000d5b80000)
  object space 104448K, 36% used [0x0000000081200000,0x00000000837203e0,0x0000000087800000)
 Metaspace       used 26154K, capacity 26593K, committed 26752K, reserved 1073152K
  class space    used 3862K, capacity 3968K, committed 3968K, reserved 1048576K
}
Event: 10.267 GC heap before
{Heap before GC invocations=10 (full 2):
 PSYoungGen      total 136704K, used 122368K [0x00000000d5b80000, 0x00000000e5380000, 0x0000000100000000)
  eden space 122368K, 100% used [0x00000000d5b80000,0x00000000dd300000,0x00000000dd300000)
  from space 14336K, 0% used [0x00000000dd300000,0x00000000dd300000,0x00000000de100000)
  to   space 16384K, 0% used [0x00000000e4380000,0x00000000e4380000,0x00000000e5380000)
 ParOldGen       total 104448K, used 38016K [0x0000000081200000, 0x0000000087800000, 0x00000000d5b80000)
  object space 104448K, 36% used [0x0000000081200000,0x00000000837203e0,0x0000000087800000)
 Metaspace       used 26288K, capacity 26721K, committed 27008K, reserved 1073152K
  class space    used 3862K, capacity 3968K, committed 3968K, reserved 1048576K
Event: 10.277 GC heap after
Heap after GC invocations=10 (full 2):
 PSYoungGen      total 226816K, used 13152K [0x00000000d5b80000, 0x00000000e5080000, 0x0000000100000000)
  eden space 213504K, 0% used [0x00000000d5b80000,0x00000000d5b80000,0x00000000e2c00000)
  from space 13312K, 98% used [0x00000000e4380000,0x00000000e5058030,0x00000000e5080000)
  to   space 17408K, 0% used [0x00000000e2e80000,0x00000000e2e80000,0x00000000e3f80000)
 ParOldGen       total 104448K, used 58505K [0x0000000081200000, 0x0000000087800000, 0x00000000d5b80000)
  object space 104448K, 56% used [0x0000000081200000,0x0000000084b22430,0x0000000087800000)
 Metaspace       used 26288K, capacity 26721K, committed 27008K, reserved 1073152K
  class space    used 3862K, capacity 3968K, committed 3968K, reserved 1048576K
}
Event: 12.448 GC heap before
{Heap before GC invocations=11 (full 2):
 PSYoungGen      total 226816K, used 224618K [0x00000000d5b80000, 0x00000000e5080000, 0x0000000100000000)
  eden space 213504K, 99% used [0x00000000d5b80000,0x00000000e2a029c0,0x00000000e2c00000)
  from space 13312K, 98% used [0x00000000e4380000,0x00000000e5058030,0x00000000e5080000)
  to   space 17408K, 0% used [0x00000000e2e80000,0x00000000e2e80000,0x00000000e3f80000)
 ParOldGen       total 104448K, used 61577K [0x0000000081200000, 0x0000000087800000, 0x00000000d5b80000)
  object space 104448K, 58% used [0x0000000081200000,0x0000000084e22440,0x0000000087800000)
 Metaspace       used 26407K, capacity 26785K, committed 27008K, reserved 1073152K
  class space    used 3867K, capacity 3968K, committed 3968K, reserved 1048576K
Event: 12.453 GC heap after
Heap after GC invocations=11 (full 2):
 PSYoungGen      total 233472K, used 4562K [0x00000000d5b80000, 0x00000000ea500000, 0x0000000100000000)
  eden space 216064K, 0% used [0x00000000d5b80000,0x00000000d5b80000,0x00000000e2e80000)
  from space 17408K, 26% used [0x00000000e2e80000,0x00000000e32f4b38,0x00000000e3f80000)
  to   space 17408K, 0% used [0x00000000e9400000,0x00000000e9400000,0x00000000ea500000)
 ParOldGen       total 104448K, used 61585K [0x0000000081200000, 0x0000000087800000, 0x00000000d5b80000)
  object space 104448K, 58% used [0x0000000081200000,0x0000000084e24440,0x0000000087800000)
 Metaspace       used 26407K, capacity 26785K, committed 27008K, reserved 1073152K
  class space    used 3867K, capacity 3968K, committed 3968K, reserved 1048576K
}
Event: 14.679 GC heap before
{Heap before GC invocations=12 (full 2):
 PSYoungGen      total 233472K, used 220626K [0x00000000d5b80000, 0x00000000ea500000, 0x0000000100000000)
  eden space 216064K, 100% used [0x00000000d5b80000,0x00000000e2e80000,0x00000000e2e80000)
  from space 17408K, 26% used [0x00000000e2e80000,0x00000000e32f4b38,0x00000000e3f80000)
  to   space 17408K, 0% used [0x00000000e9400000,0x00000000e9400000,0x00000000ea500000)
 ParOldGen       total 104448K, used 65815K [0x0000000081200000, 0x0000000087800000, 0x00000000d5b80000)
  object space 104448K, 63% used [0x0000000081200000,0x0000000085245c20,0x0000000087800000)
 Metaspace       used 26461K, capacity 26849K, committed 27008K, reserved 1073152K
  class space    used 3868K, capacity 3968K, committed 3968K, reserved 1048576K
Event: 14.685 GC heap after
Heap after GC invocations=12 (full 2):
 PSYoungGen      total 316928K, used 14376K [0x00000000d5b80000, 0x00000000ea500000, 0x0000000100000000)
  eden space 299520K, 0% used [0x00000000d5b80000,0x00000000d5b80000,0x00000000e8000000)
  from space 17408K, 82% used [0x00000000e9400000,0x00000000ea20a360,0x00000000ea500000)
  to   space 18944K, 0% used [0x00000000e8000000,0x00000000e8000000,0x00000000e9280000)
 ParOldGen       total 104448K, used 65935K [0x0000000081200000, 0x0000000087800000, 0x00000000d5b80000)
  object space 104448K, 63% used [0x0000000081200000,0x0000000085263c20,0x0000000087800000)
 Metaspace       used 26461K, capacity 26849K, committed 27008K, reserved 1073152K
  class space    used 3868K, capacity 3968K, committed 3968K, reserved 1048576K
}

Deoptimization events (10 events):
Event: 19.891 Thread 0x0000000019d52800 Uncommon trap: reason=bimorphic action=maybe_recompile pc=0x000000000350b2b4 method=sun.java2d.pipe.DrawImage.blitSurfaceData(Lsun/java2d/SunGraphics2D;Lsun/java2d/pipe/Region;Lsun/java2d/SurfaceData;Lsun/java2d/SurfaceData;Lsun/java2d/loops/SurfaceType;L
Event: 19.891 Thread 0x0000000019d52800 Uncommon trap: reason=bimorphic action=maybe_recompile pc=0x00000000031ec5bc method=javax.swing.JComponent.paintBorder(Ljava/awt/Graphics;)V @ 15
Event: 19.892 Thread 0x0000000019d52800 Uncommon trap: reason=unstable_if action=reinterpret pc=0x0000000003230edc method=sun.java2d.pipe.DrawImage.copyImage(Lsun/java2d/SunGraphics2D;Ljava/awt/Image;IILjava/awt/Color;Ljava/awt/image/ImageObserver;)Z @ 4
Event: 19.892 Thread 0x0000000019d52800 Uncommon trap: reason=unstable_if action=reinterpret pc=0x00000000032e15b8 method=sun.java2d.SunGraphics2D.checkFontInfo(Lsun/java2d/loops/FontInfo;Ljava/awt/Font;Ljava/awt/font/FontRenderContext;)Lsun/java2d/loops/FontInfo; @ 1
Event: 19.893 Thread 0x0000000019d52800 Uncommon trap: reason=unstable_if action=reinterpret pc=0x000000000316d160 method=sun.java2d.SunGraphics2D.setComposite(Ljava/awt/Composite;)V @ 5
Event: 19.893 Thread 0x0000000019d52800 Uncommon trap: reason=unstable_if action=reinterpret pc=0x00000000029a9dcc method=sun.java2d.loops.MaskFill.getFromCache(Lsun/java2d/loops/SurfaceType;Lsun/java2d/loops/CompositeType;Lsun/java2d/loops/SurfaceType;)Lsun/java2d/loops/MaskFill; @ 11
Event: 19.893 Thread 0x0000000019d52800 Uncommon trap: reason=class_check action=maybe_recompile pc=0x0000000002d67990 method=sun.java2d.pipe.AlphaPaintPipe.startSequence(Lsun/java2d/SunGraphics2D;Ljava/awt/Shape;Ljava/awt/Rectangle;[I)Ljava/lang/Object; @ 10
Event: 19.893 Thread 0x0000000019d52800 Uncommon trap: reason=unstable_if action=reinterpret pc=0x00000000029c9e30 method=java.awt.image.DirectColorModel.createCompatibleWritableRaster(II)Ljava/awt/image/WritableRaster; @ 53
Event: 19.893 Thread 0x0000000019d52800 Uncommon trap: reason=range_check action=make_not_entrant pc=0x00000000034632f8 method=java.awt.image.DirectColorModel.getRedMask()I @ 5
Event: 19.894 Thread 0x0000000019d52800 Uncommon trap: reason=unstable_if action=reinterpret pc=0x00000000032131f4 method=sun.java2d.SunGraphics2D.hitClip(IIII)Z @ 6

Internal exceptions (10 events):
Event: 20.165 Thread 0x0000000019d52800 Exception <a 'java/lang/NullPointerException'> (0x00000000dd09e130) thrown at [C:\re\workspace\8-2-build-windows-amd64-cygwin\jdk8u111\7883\hotspot\src\share\vm\runtime\sharedRuntime.cpp, line 1085]
Event: 20.165 Thread 0x0000000019d52800 Exception <a 'java/lang/NullPointerException'> (0x00000000dd09e520) thrown at [C:\re\workspace\8-2-build-windows-amd64-cygwin\jdk8u111\7883\hotspot\src\share\vm\runtime\sharedRuntime.cpp, line 1085]
Event: 20.165 Thread 0x0000000019d52800 Exception <a 'java/lang/NullPointerException'> (0x00000000dd09e910) thrown at [C:\re\workspace\8-2-build-windows-amd64-cygwin\jdk8u111\7883\hotspot\src\share\vm\runtime\sharedRuntime.cpp, line 1085]
Event: 20.165 Thread 0x0000000019d52800 Exception <a 'java/lang/NullPointerException'> (0x00000000dd09ed00) thrown at [C:\re\workspace\8-2-build-windows-amd64-cygwin\jdk8u111\7883\hotspot\src\share\vm\runtime\sharedRuntime.cpp, line 1085]
Event: 20.165 Thread 0x0000000019d52800 Exception <a 'java/lang/NullPointerException'> (0x00000000dd09f0f0) thrown at [C:\re\workspace\8-2-build-windows-amd64-cygwin\jdk8u111\7883\hotspot\src\share\vm\runtime\sharedRuntime.cpp, line 1085]
Event: 20.165 Thread 0x0000000019d52800 Exception <a 'java/lang/NullPointerException'> (0x00000000dd09f4e0) thrown at [C:\re\workspace\8-2-build-windows-amd64-cygwin\jdk8u111\7883\hotspot\src\share\vm\runtime\sharedRuntime.cpp, line 1085]
Event: 20.165 Thread 0x0000000019d52800 Exception <a 'java/lang/NullPointerException'> (0x00000000dd09f8d0) thrown at [C:\re\workspace\8-2-build-windows-amd64-cygwin\jdk8u111\7883\hotspot\src\share\vm\runtime\sharedRuntime.cpp, line 1085]
Event: 20.165 Thread 0x0000000019d52800 Exception <a 'java/lang/NullPointerException'> (0x00000000dd09fcc0) thrown at [C:\re\workspace\8-2-build-windows-amd64-cygwin\jdk8u111\7883\hotspot\src\share\vm\runtime\sharedRuntime.cpp, line 1085]
Event: 20.165 Thread 0x0000000019d52800 Exception <a 'java/lang/NullPointerException'> (0x00000000dd0a00b0) thrown at [C:\re\workspace\8-2-build-windows-amd64-cygwin\jdk8u111\7883\hotspot\src\share\vm\runtime\sharedRuntime.cpp, line 1085]
Event: 20.165 Thread 0x0000000019d52800 Exception <a 'java/lang/NullPointerException'> (0x00000000dd0a04a0) thrown at [C:\re\workspace\8-2-build-windows-amd64-cygwin\jdk8u111\7883\hotspot\src\share\vm\runtime\sharedRuntime.cpp, line 1085]

Events (10 events):
Event: 20.096 Thread 0x0000000018cac800 flushing nmethod 0x000000000320c9d0
Event: 20.096 Thread 0x0000000018cac800 flushing nmethod 0x000000000320d690
Event: 20.096 Thread 0x0000000018cac800 flushing nmethod 0x000000000321ebd0
Event: 20.096 Thread 0x0000000018cac800 flushing nmethod 0x000000000321ef90
Event: 20.096 Thread 0x0000000018cac800 flushing nmethod 0x000000000322b150
Event: 20.096 Thread 0x0000000018cac800 flushing nmethod 0x000000000322c3d0
Event: 20.096 Thread 0x0000000018cac800 flushing nmethod 0x0000000003243350
Event: 20.096 Thread 0x0000000018cac800 flushing nmethod 0x000000000324db50
Event: 20.096 Thread 0x0000000018cac800 flushing nmethod 0x0000000003251b90
Event: 20.096 Thread 0x0000000018cac800 flushing nmethod 0x000000000327ad50


Dynamic libraries:
0x000000013f0e0000 - 0x000000013f117000 	C:\Program Files\Java\jre1.8.0_111\bin\javaw.exe
0x0000000077720000 - 0x00000000778cb000 	C:\Windows\SYSTEM32\ntdll.dll
0x0000000077600000 - 0x000000007771f000 	C:\Windows\system32\kernel32.dll
0x000007fefd990000 - 0x000007fefd9fa000 	C:\Windows\system32\KERNELBASE.dll
0x000007fefe590000 - 0x000007fefe66b000 	C:\Windows\system32\ADVAPI32.dll
0x000007feff890000 - 0x000007feff92f000 	C:\Windows\system32\msvcrt.dll
0x000007fefe670000 - 0x000007fefe68f000 	C:\Windows\SYSTEM32\sechost.dll
0x000007fefe7a0000 - 0x000007fefe8cd000 	C:\Windows\system32\RPCRT4.dll
0x0000000077500000 - 0x00000000775fa000 	C:\Windows\system32\USER32.dll
0x000007feff820000 - 0x000007feff887000 	C:\Windows\system32\GDI32.dll
0x000007fefe3a0000 - 0x000007fefe3ae000 	C:\Windows\system32\LPK.dll
0x000007fefe130000 - 0x000007fefe1fa000 	C:\Windows\system32\USP10.dll
0x000007fefbf20000 - 0x000007fefc114000 	C:\Windows\WinSxS\amd64_microsoft.windows.common-controls_6595b64144ccf1df_6.0.7601.23403_none_e36ad4593102f066\COMCTL32.dll
0x000007feff9b0000 - 0x000007feffa21000 	C:\Windows\system32\SHLWAPI.dll
0x000007fefe930000 - 0x000007fefe95e000 	C:\Windows\system32\IMM32.DLL
0x000007fefe690000 - 0x000007fefe799000 	C:\Windows\system32\MSCTF.dll
0x000007fefd640000 - 0x000007fefd670000 	C:\Windows\system32\nvinitx.dll
0x000007fefd630000 - 0x000007fefd63c000 	C:\Windows\system32\VERSION.dll
0x00000000752a0000 - 0x00000000752a6000 	C:\Program Files\NVIDIA Corporation\CoProcManager\detoured.dll
0x000007fefb370000 - 0x000007fefb3a8000 	C:\Program Files\NVIDIA Corporation\CoProcManager\nvd3d9wrapx.dll
0x000007fefdae0000 - 0x000007fefdcb7000 	C:\Windows\system32\SETUPAPI.dll
0x000007fefda00000 - 0x000007fefda36000 	C:\Windows\system32\CFGMGR32.dll
0x000007feff6f0000 - 0x000007feff7c8000 	C:\Windows\system32\OLEAUT32.dll
0x000007fefdf20000 - 0x000007fefe123000 	C:\Windows\system32\ole32.dll
0x000007fefd970000 - 0x000007fefd98a000 	C:\Windows\system32\DEVOBJ.dll
0x000007fefb340000 - 0x000007fefb364000 	C:\Program Files\NVIDIA Corporation\CoProcManager\nvdxgiwrapx.dll
0x0000000070750000 - 0x0000000070822000 	C:\Program Files\Java\jre1.8.0_111\bin\msvcr100.dll
0x00000000505c0000 - 0x0000000050e5a000 	C:\Program Files\Java\jre1.8.0_111\bin\server\jvm.dll
0x000007feeea60000 - 0x000007feeea69000 	C:\Windows\system32\WSOCK32.dll
0x000007feff7d0000 - 0x000007feff81d000 	C:\Windows\system32\WS2_32.dll
0x000007fefe580000 - 0x000007fefe588000 	C:\Windows\system32\NSI.dll
0x000007fefb1b0000 - 0x000007fefb1eb000 	C:\Windows\system32\WINMM.dll
0x00000000778f0000 - 0x00000000778f7000 	C:\Windows\system32\PSAPI.DLL
0x0000000074320000 - 0x000000007432f000 	C:\Program Files\Java\jre1.8.0_111\bin\verify.dll
0x00000000717a0000 - 0x00000000717c9000 	C:\Program Files\Java\jre1.8.0_111\bin\java.dll
0x0000000071780000 - 0x0000000071796000 	C:\Program Files\Java\jre1.8.0_111\bin\zip.dll
0x000007fefe960000 - 0x000007feff6ec000 	C:\Windows\system32\SHELL32.dll
0x000007fefd670000 - 0x000007fefd67f000 	C:\Windows\system32\profapi.dll
0x0000000070ba0000 - 0x0000000070d38000 	C:\Program Files\Java\jre1.8.0_111\bin\awt.dll
0x000007fefb7f0000 - 0x000007fefb808000 	C:\Windows\system32\DWMAPI.DLL
0x000007fefbdb0000 - 0x000007fefbe06000 	C:\Windows\system32\uxtheme.dll
0x000007fefd520000 - 0x000007fefd52f000 	C:\Windows\system32\CRYPTBASE.dll
0x000007fefcec0000 - 0x000007fefced8000 	C:\Windows\system32\CRYPTSP.dll
0x000007fefcba0000 - 0x000007fefcbe7000 	C:\Windows\system32\rsaenh.dll
0x000007fefcc90000 - 0x000007fefccaf000 	C:\Windows\system32\USERENV.dll
0x0000000071760000 - 0x000000007177a000 	C:\Program Files\Java\jre1.8.0_111\bin\net.dll
0x000007fefce60000 - 0x000007fefceb5000 	C:\Windows\system32\mswsock.dll
0x000007fefce50000 - 0x000007fefce57000 	C:\Windows\System32\wship6.dll
0x000007fefaab0000 - 0x000007fefaad7000 	C:\Windows\system32\IPHLPAPI.DLL
0x000007fefaaa0000 - 0x000007fefaaab000 	C:\Windows\system32\WINNSI.DLL
0x000007fef9ff0000 - 0x000007fefa008000 	C:\Windows\system32\dhcpcsvc.DLL
0x000007fef9fd0000 - 0x000007fef9fe1000 	C:\Windows\system32\dhcpcsvc6.DLL
0x0000000071740000 - 0x0000000071751000 	C:\Program Files\Java\jre1.8.0_111\bin\nio.dll
0x0000000070b50000 - 0x0000000070b97000 	C:\Program Files\Java\jre1.8.0_111\bin\fontmanager.dll
0x0000000070b00000 - 0x0000000070b42000 	C:\Program Files\Java\jre1.8.0_111\bin\t2k.dll
0x000007fefb110000 - 0x000007fefb1b0000 	C:\Windows\WinSxS\amd64_microsoft.windows.common-controls_6595b64144ccf1df_5.82.7601.17514_none_a4d6a923711520a9\comctl32.dll
0x000007fefe3b0000 - 0x000007fefe449000 	C:\Windows\system32\CLBCatQ.DLL
0x000007fefbc10000 - 0x000007fefbd3c000 	C:\Windows\system32\propsys.dll
0x000007fefc5b0000 - 0x000007fefc5dd000 	C:\Windows\system32\ntmarta.dll
0x000007fefe8d0000 - 0x000007fefe922000 	C:\Windows\system32\WLDAP32.dll
0x000007fefd4c0000 - 0x000007fefd517000 	C:\Windows\system32\apphelp.dll
0x000007fef5410000 - 0x000007fef55ac000 	C:\Windows\system32\NetworkExplorer.dll
0x000007fef7940000 - 0x000007fef7974000 	C:\Windows\System32\shdocvw.dll
0x000007fefac90000 - 0x000007fefac9b000 	C:\Windows\system32\slc.dll
0x000007fefa5b0000 - 0x000007fefa5c8000 	C:\Windows\system32\MPR.dll
0x000007fefa5d0000 - 0x000007fefa5da000 	C:\Windows\System32\drprov.dll
0x000007fefd5d0000 - 0x000007fefd60d000 	C:\Windows\System32\WINSTA.dll
0x000007fef53e0000 - 0x000007fef5402000 	C:\Windows\System32\ntlanman.dll
0x000007fef5330000 - 0x000007fef534e000 	C:\Windows\System32\davclnt.dll
0x000007fef5320000 - 0x000007fef532a000 	C:\Windows\System32\DAVHLPR.dll
0x000007fefb520000 - 0x000007fefb535000 	C:\Windows\system32\wkscli.dll
0x000007fef97a0000 - 0x000007fef97af000 	C:\Windows\system32\cscapi.dll
0x000007fefb540000 - 0x000007fefb54c000 	C:\Windows\system32\netutils.dll
0x000007fee2ec0000 - 0x000007fee3131000 	C:\Windows\system32\wpdshext.dll
0x000007fefb9a0000 - 0x000007fefbbb6000 	C:\Windows\WinSxS\amd64_microsoft.windows.gdiplus_6595b64144ccf1df_1.1.7601.23407_none_14556c1e8b95d0b8\gdiplus.dll
0x000007fef2070000 - 0x000007fef212d000 	C:\Windows\system32\PortableDeviceApi.dll
0x000007fefd720000 - 0x000007fefd75b000 	C:\Windows\system32\WINTRUST.dll
0x000000001d270000 - 0x000000001d3dd000 	C:\Windows\system32\CRYPT32.dll
0x000007fefd710000 - 0x000007fefd71f000 	C:\Windows\system32\MSASN1.dll
0x000007fef9840000 - 0x000007fef9875000 	C:\Windows\system32\EhStorShell.dll
0x000007feeef70000 - 0x000007feeef97000 	C:\Windows\system32\EhStorAPI.dll
0x000007fef7930000 - 0x000007fef793c000 	C:\Windows\system32\LINKINFO.dll
0x000007fefb680000 - 0x000007fefb7aa000 	C:\Windows\system32\WindowsCodecs.dll
0x000007fef9bd0000 - 0x000007fef9c4f000 	C:\Program Files (x86)\Adobe\Adobe Creative Cloud\CoreSyncExtension\CoreSync_x64.dll
0x000007fefa540000 - 0x000007fefa543000 	C:\Windows\system32\api-ms-win-core-synch-l1-2-0.DLL
0x000007fef97c0000 - 0x000007fef983e000 	C:\Windows\System32\cscui.dll
0x000007fef97b0000 - 0x000007fef97bc000 	C:\Windows\System32\CSCDLL.dll
0x000007fef9720000 - 0x000007fef97a0000 	C:\Windows\system32\ntshrui.dll
0x000007fefd390000 - 0x000007fefd3b3000 	C:\Windows\system32\srvcli.dll
0x0000000180000000 - 0x0000000180051000 	C:\Users\C17\git\MetaCiv\MetaCiv\lib\natives-win\lwjgl64.dll
0x000007fef6990000 - 0x000007fef6aad000 	C:\Windows\system32\OPENGL32.dll
0x000007fef6960000 - 0x000007fef698d000 	C:\Windows\system32\GLU32.dll
0x000007fef6860000 - 0x000007fef6951000 	C:\Windows\system32\DDRAW.dll
0x000007fef6850000 - 0x000007fef6858000 	C:\Windows\system32\DCIMAN32.dll
0x000000001fbe0000 - 0x000000002036e000 	C:\Windows\system32\ig75icd64.dll
0x000007fef7e30000 - 0x000007fef8274000 	C:\Windows\system32\igdusc64.dll
0x000007fefa230000 - 0x000007fefa2cc000 	C:\Windows\system32\mscms.dll
0x000007fee8060000 - 0x000007fee80a2000 	C:\Windows\system32\icm32.dll
0x0000000073fa0000 - 0x0000000073fca000 	C:\Program Files\Java\jre1.8.0_111\bin\dcpr.dll
0x00000000705f0000 - 0x0000000070692000 	C:\Program Files\Java\jre1.8.0_111\bin\mlib_image.dll
0x000007feecb40000 - 0x000007feecc65000 	C:\Windows\system32\dbghelp.dll

VM Arguments:
jvm_args: -Djava.library.path=C:\Users\C17\git\MetaCiv\MetaCiv\lib\natives-win -Dfile.encoding=Cp1252 
java_command: civilisation.CivLauncher
java_class_path (initial): C:\Users\C17\git\MetaCiv\MetaCiv\bin;C:\Users\C17\git\MetaCiv\MetaCiv\lib\turtlekit-3.0.0.4.jar;C:\Users\C17\git\MetaCiv\MetaCiv\lib\jars\lwjgl_util.jar;C:\Users\C17\git\MetaCiv\MetaCiv\lib\jars\lwjgl.jar;C:\Users\C17\git\MetaCiv\MetaCiv\lib\jars\slick-util.jar
Launcher Type: SUN_STANDARD

Environment Variables:
PATH=C:/Program Files/Java/jre1.8.0_111/bin/server;C:/Program Files/Java/jre1.8.0_111/bin;C:/Program Files/Java/jre1.8.0_111/lib/amd64;C:\ProgramData\Oracle\Java\javapath;C:\Program Files (x86)\Intel\iCLS Client\;C:\Program Files\Intel\iCLS Client\;C:\Windows\system32;C:\Windows;C:\Windows\System32\Wbem;C:\Windows\System32\WindowsPowerShell\v1.0\;C:\Program Files (x86)\NVIDIA Corporation\PhysX\Common;C:\Program Files\Intel\Intel(R) Management Engine Components\DAL;C:\Program Files\Intel\Intel(R) Management Engine Components\IPT;C:\Program Files (x86)\Intel\Intel(R) Management Engine Components\DAL;C:\Program Files (x86)\Intel\Intel(R) Management Engine Components\IPT;C:\Program Files (x86)\Skype\Phone\;C:\Windows\system32\config\systemprofile\.dnx\bin;C:\Program Files\Microsoft DNX\Dnvm\;C:\Program Files\Microsoft SQL Server\130\Tools\Binn\;C:\Program Files\Common Files\Autodesk Shared\;%R_HOME%;c:\python27\lib\site-packages\pywin32_system32;C:\Python27\Lib\site-packages\shared_libs;c:\python27\lib\site-packages\scons-2.3.0-py2.7-win32.egg\EGG-INFO\scripts;c:\python27\lib\site-packages\ann-1.1.2-win32.egg\bin;c:\python27\lib\site-packages\vplants.plantgl-2.19.0-py2.7-win32.egg\bin;c:\python27\lib\site-packages\qt4-4.8.5-py2.7-win32.egg\bin;c:\python27\lib\site-packages\vplants.aml-1.2.0-py2.7-win32.egg\bin;c:\python27\lib\site-packages\cgal-4.0-win32.egg\bin;c:\python27\lib\site-packages\mingw-5.1.4_4c-py2.7-win32.egg\bin;c:\python27\lib\site-packages\qt4_dev-4.8.5-py2.7-win32.egg\bin;c:\python27\lib\site-packages\bisonflex-2.4.1_2.5.35-win32.egg\bin;c:\python27\lib\site-packages\cmake-2.8.11.2-py2.7-win32.egg\bin;c:\python27\lib\site-packages\alinea.caribu-6.1.0-py2.7-win32.egg\bin;C:\Users\C17\Desktop;
USERNAME=C17
OS=Windows_NT
PROCESSOR_IDENTIFIER=Intel64 Family 6 Model 60 Stepping 3, GenuineIntel



---------------  S Y S T E M  ---------------

OS: Windows 7 , 64 bit Build 7601 (6.1.7601.23455)

CPU:total 4 (2 cores per cpu, 2 threads per core) family 6 model 60 stepping 3, cmov, cx8, fxsr, mmx, sse, sse2, sse3, ssse3, sse4.1, sse4.2, popcnt, avx, avx2, aes, clmul, erms, lzcnt, ht, tsc, tscinvbit, bmi1, bmi2

Memory: 4k page, physical 8307368k(3163208k free), swap 16612876k(10855780k free)

vm_info: Java HotSpot(TM) 64-Bit Server VM (25.111-b14) for windows-amd64 JRE (1.8.0_111-b14), built on Sep 22 2016 19:24:05 by "java_re" with MS VC++ 10.0 (VS2010)

time: Sat Apr 29 17:03:13 2017
elapsed time: 20 seconds (0d 0h 0m 20s)

