#
# A fatal error has been detected by the Java Runtime Environment:
#
#  EXCEPTION_ACCESS_VIOLATION (0xc0000005) at pc=0x000000001ffcee7e, pid=4176, tid=0x0000000000000818
#
# JRE version: Java(TM) SE Runtime Environment (8.0_111-b14) (build 1.8.0_111-b14)
# Java VM: Java HotSpot(TM) 64-Bit Server VM (25.111-b14 mixed mode windows-amd64 compressed oops)
# Problematic frame:
# C  [ig75icd64.dll+0x35ee7e]
#
# Failed to write core dump. Minidumps are not enabled by default on client versions of Windows
#
# If you would like to submit a bug report, please visit:
#   http://bugreport.java.com/bugreport/crash.jsp
# The crash happened outside the Java Virtual Machine in native code.
# See problematic frame for where to report the bug.
#

---------------  T H R E A D  ---------------

Current thread (0x000000001919f800):  JavaThread "Thread-21" [_thread_in_native, id=2072, stack(0x000000001fb70000,0x000000001fc70000)]

siginfo: ExceptionCode=0xc0000005, writing address 0x00000000124b5000

Registers:
RAX=0x0000000000000001, RBX=0x00000000209917c0, RCX=0x00000000124b5004, RDX=0x0000000020369220
RSP=0x000000001fc6ea10, RBP=0x000000001fc6eaa9, RSI=0x000000001fc6ebb0, RDI=0x0000000000000059
R8 =0x0000000000000003, R9 =0x0000000000000008, R10=0x0000000020a5c2c0, R11=0x0000000000000000
R12=0x0000000000000000, R13=0x0000000000000000, R14=0x0000000000000000, R15=0x00000000000000c7
RIP=0x000000001ffcee7e, EFLAGS=0x0000000000010202

Top of Stack: (sp=0x000000001fc6ea10)
0x000000001fc6ea10:   00000000209917c0 000000001fc6ebb0
0x000000001fc6ea20:   7c05400000000000 0000000000000000
0x000000001fc6ea30:   0000000000000001 00000000005900c7
0x000000001fc6ea40:   0000000000000000 0000000020000000
0x000000001fc6ea50:   0000000000000001 000000001fc6ec54
0x000000001fc6ea60:   000000001fc6ebc1 000000001ffd13d7
0x000000001fc6ea70:   0000005a00000000 000000c800000000
0x000000001fc6ea80:   000000001fc6ec50 0000000020000000
0x000000001fc6ea90:   0004f01c14800001 00000e6100000000
0x000000001fc6eaa0:   4400000000000000 3f80000000000000
0x000000001fc6eab0:   000000001fc6edd8 0000000023dcda30
0x000000001fc6eac0:   000000001fc6ed30 0000000000000000
0x000000001fc6ead0:   00000000000000c7 0000000000000004
0x000000001fc6eae0:   000000001fc6ebf0 000000001ffce8a8
0x000000001fc6eaf0:   0000000000000167 000000001fc6ebb0
0x000000001fc6eb00:   0000000000000000 0000000000000000 

Instructions: (pc=0x000000001ffcee7e)
0x000000001ffcee5e:   8d 15 ac a3 39 00 48 03 8b b8 72 06 00 33 c0 0f
0x000000001ffcee6e:   1f 00 f3 0f 6f 02 ff c0 48 83 c1 10 48 83 c2 10
0x000000001ffcee7e:   f3 0f 7f 41 f0 83 f8 01 72 e8 45 33 c0 48 2b d1
0x000000001ffcee8e:   66 90 8b 04 11 41 ff c0 48 8d 49 04 89 41 fc 41 


Register to memory mapping:

RAX=0x0000000000000001 is an unknown value
RBX=0x00000000209917c0 is an unknown value
RCX=0x00000000124b5004 is an unknown value
RDX=0x0000000020369220 is an unknown value
RSP=0x000000001fc6ea10 is pointing into the stack for thread: 0x000000001919f800
RBP=0x000000001fc6eaa9 is pointing into the stack for thread: 0x000000001919f800
RSI=0x000000001fc6ebb0 is pointing into the stack for thread: 0x000000001919f800
RDI=0x0000000000000059 is an unknown value
R8 =0x0000000000000003 is an unknown value
R9 =0x0000000000000008 is an unknown value
R10=0x0000000020a5c2c0 is an unknown value
R11=0x0000000000000000 is an unknown value
R12=0x0000000000000000 is an unknown value
R13=0x0000000000000000 is an unknown value
R14=0x0000000000000000 is an unknown value
R15=0x00000000000000c7 is an unknown value


Stack: [0x000000001fb70000,0x000000001fc70000],  sp=0x000000001fc6ea10,  free space=1018k
Native frames: (J=compiled Java code, j=interpreted, Vv=VM code, C=native code)
C  [ig75icd64.dll+0x35ee7e]
C  [ig75icd64.dll+0x35e8a8]
C  [ig75icd64.dll+0x36400d]
C  [ig75icd64.dll+0x3c3828]
C  [ig75icd64.dll+0x34d441]
C  0x0000000002937f74

Java frames: (J=compiled Java code, j=interpreted, Vv=VM code)
j  org.lwjgl.opengl.GL11.nglClear(IJ)V+0
j  org.lwjgl.opengl.GL11.glClear(I)V+15
j  renderEngine.MasterRenderer.prepare()V+9
j  renderEngine.MasterRenderer.render(Ljava/util/List;LrenderEngine/entities/Camera;Ljava/awt/image/BufferedImage;LrenderEngine/entities/Light;Ljava/util/ArrayList;Lorg/lwjgl/util/vector/Vector4f;FZZZLrenderEngine/shadowsMapping/ShadowFrameBuffer;LrenderEngine/sea/SeaFrameBuffers;Lorg/lwjgl/util/vector/Matrix4f;Lorg/lwjgl/util/vector/Matrix4f;)V+1
j  renderEngine.renderMain.run()V+1131
j  java.lang.Thread.run()V+11
v  ~StubRoutines::call_stub

---------------  P R O C E S S  ---------------

Java Threads: ( => current thread )
  0x0000000019198800 JavaThread "LWJGL Timer" daemon [_thread_blocked, id=3024, stack(0x0000000020430000,0x0000000020530000)]
=>0x000000001919f800 JavaThread "Thread-21" [_thread_in_native, id=2072, stack(0x000000001fb70000,0x000000001fc70000)]
  0x000000001919b800 JavaThread "LIVING-7" [_thread_blocked, id=3744, stack(0x000000001f420000,0x000000001f520000)]
  0x0000000019197800 JavaThread "DestroyJavaVM" [_thread_blocked, id=1740, stack(0x0000000002490000,0x0000000002590000)]
  0x0000000019197000 JavaThread "LIVING-2" daemon [_thread_blocked, id=5844, stack(0x000000001dad0000,0x000000001dbd0000)]
  0x000000001a129800 JavaThread "LIVING-1" daemon [_thread_blocked, id=6000, stack(0x000000001d990000,0x000000001da90000)]
  0x000000001a455800 JavaThread "TimerQueue" daemon [_thread_blocked, id=5820, stack(0x000000001d280000,0x000000001d380000)]
  0x000000001a3a3000 JavaThread "Swing-Shell" daemon [_thread_blocked, id=5356, stack(0x000000001c910000,0x000000001ca10000)]
  0x0000000019e24800 JavaThread "AWT-EventQueue-0" [_thread_in_vm, id=4304, stack(0x000000001a8c0000,0x000000001a9c0000)]
  0x0000000019dee000 JavaThread "AWT-Windows" daemon [_thread_in_native, id=3312, stack(0x000000001a9d0000,0x000000001aad0000)]
  0x0000000019deb000 JavaThread "AWT-Shutdown" [_thread_blocked, id=1276, stack(0x000000001a7c0000,0x000000001a8c0000)]
  0x0000000019de8800 JavaThread "Java2D Disposer" daemon [_thread_blocked, id=3624, stack(0x000000001a600000,0x000000001a700000)]
  0x0000000018f24000 JavaThread "Service Thread" daemon [_thread_blocked, id=4296, stack(0x00000000196d0000,0x00000000197d0000)]
  0x0000000018eb3000 JavaThread "C1 CompilerThread2" daemon [_thread_blocked, id=968, stack(0x00000000195d0000,0x00000000196d0000)]
  0x000000001790e800 JavaThread "C2 CompilerThread1" daemon [_thread_blocked, id=2148, stack(0x0000000019320000,0x0000000019420000)]
  0x000000001790a000 JavaThread "C2 CompilerThread0" daemon [_thread_blocked, id=3368, stack(0x0000000018a80000,0x0000000018b80000)]
  0x0000000017907000 JavaThread "Attach Listener" daemon [_thread_blocked, id=2088, stack(0x0000000018db0000,0x0000000018eb0000)]
  0x0000000017904000 JavaThread "Signal Dispatcher" daemon [_thread_blocked, id=5904, stack(0x0000000018cb0000,0x0000000018db0000)]
  0x00000000178e9800 JavaThread "Finalizer" daemon [_thread_blocked, id=5836, stack(0x0000000018b80000,0x0000000018c80000)]
  0x00000000178a2000 JavaThread "Reference Handler" daemon [_thread_blocked, id=1128, stack(0x0000000018970000,0x0000000018a70000)]

Other Threads:
  0x000000001789a800 VMThread [stack: 0x00000000187d0000,0x00000000188d0000] [id=6012]
  0x0000000018f69000 WatcherThread [stack: 0x0000000019960000,0x0000000019a60000] [id=3840]

VM state:not at safepoint (normal execution)

VM Mutex/Monitor currently owned by a thread: None

Heap:
 PSYoungGen      total 231936K, used 27071K [0x00000000d5b80000, 0x00000000e8980000, 0x0000000100000000)
  eden space 220672K, 12% used [0x00000000d5b80000,0x00000000d75efda0,0x00000000e3300000)
  from space 11264K, 0% used [0x00000000e3300000,0x00000000e3300000,0x00000000e3e00000)
  to   space 12288K, 0% used [0x00000000e7d80000,0x00000000e7d80000,0x00000000e8980000)
 ParOldGen       total 138240K, used 37971K [0x0000000081200000, 0x0000000089900000, 0x00000000d5b80000)
  object space 138240K, 27% used [0x0000000081200000,0x0000000083714d30,0x0000000089900000)
 Metaspace       used 26536K, capacity 26913K, committed 27264K, reserved 1073152K
  class space    used 3869K, capacity 3968K, committed 3968K, reserved 1048576K

Card table byte_map: [0x0000000011ce0000,0x00000000120e0000] byte_map_base: 0x00000000118d7000

Marking Bits: (ParMarkBitMap*) 0x0000000050dda6c0
 Begin Bits: [0x0000000012ba0000, 0x0000000014b58000)
 End Bits:   [0x0000000014b58000, 0x0000000016b10000)

Polling page: 0x0000000000120000

CodeCache: size=245760Kb used=12837Kb max_used=14312Kb free=232922Kb
 bounds [0x0000000002920000, 0x0000000003740000, 0x0000000011920000]
 total_blobs=4418 nmethods=3688 adapters=640
 compilation: enabled

Compilation events (10 events):
Event: 20.197 Thread 0x000000001790a000 4403       4       org.lwjgl.BufferChecks::checkFunctionAddress (23 bytes)
Event: 20.197 Thread 0x0000000018eb3000 4401       3       org.lwjgl.opengl.GL20::glGetUniformLocation (28 bytes)
Event: 20.198 Thread 0x000000001790a000 nmethod 4403 0x0000000003080d10 code [0x0000000003080e40, 0x0000000003080e98]
Event: 20.199 Thread 0x0000000018eb3000 nmethod 4401 0x0000000003455e50 code [0x00000000034560a0, 0x0000000003456c18]
Event: 20.223 Thread 0x0000000018eb3000 4406       3       org.lwjgl.util.vector.Matrix4f::setIdentity (5 bytes)
Event: 20.224 Thread 0x0000000018eb3000 nmethod 4406 0x00000000031bb390 code [0x00000000031bb500, 0x00000000031bb688]
Event: 20.224 Thread 0x0000000018eb3000 4407       3       org.lwjgl.util.vector.Matrix4f::setIdentity (82 bytes)
Event: 20.224 Thread 0x0000000018eb3000 nmethod 4407 0x0000000002bc51d0 code [0x0000000002bc5320, 0x0000000002bc54d0]
Event: 20.224 Thread 0x0000000018eb3000 4408       3       org.lwjgl.opengl.GL20::glUniform3f (27 bytes)
Event: 20.224 Thread 0x0000000018eb3000 nmethod 4408 0x0000000002ac1750 code [0x0000000002ac1920, 0x0000000002ac2078]

GC Heap History (10 events):
Event: 11.214 GC heap before
{Heap before GC invocations=10 (full 2):
 PSYoungGen      total 115712K, used 103253K [0x00000000d5b80000, 0x00000000e1e80000, 0x0000000100000000)
  eden space 105472K, 97% used [0x00000000d5b80000,0x00000000dc055600,0x00000000dc280000)
  from space 10240K, 0% used [0x00000000dc280000,0x00000000dc280000,0x00000000dcc80000)
  to   space 10240K, 0% used [0x00000000e1480000,0x00000000e1480000,0x00000000e1e80000)
 ParOldGen       total 117248K, used 41107K [0x0000000081200000, 0x0000000088480000, 0x00000000d5b80000)
  object space 117248K, 35% used [0x0000000081200000,0x0000000083a24ff0,0x0000000088480000)
 Metaspace       used 26224K, capacity 26657K, committed 27008K, reserved 1073152K
  class space    used 3861K, capacity 3968K, committed 3968K, reserved 1048576K
Event: 11.220 GC heap after
Heap after GC invocations=10 (full 2):
 PSYoungGen      total 176128K, used 8864K [0x00000000d5b80000, 0x00000000e1d80000, 0x0000000100000000)
  eden space 166912K, 0% used [0x00000000d5b80000,0x00000000d5b80000,0x00000000dfe80000)
  from space 9216K, 96% used [0x00000000e1480000,0x00000000e1d28020,0x00000000e1d80000)
  to   space 10752K, 0% used [0x00000000e0880000,0x00000000e0880000,0x00000000e1300000)
 ParOldGen       total 117248K, used 57500K [0x0000000081200000, 0x0000000088480000, 0x00000000d5b80000)
  object space 117248K, 49% used [0x0000000081200000,0x0000000084a27030,0x0000000088480000)
 Metaspace       used 26224K, capacity 26657K, committed 27008K, reserved 1073152K
  class space    used 3861K, capacity 3968K, committed 3968K, reserved 1048576K
}
Event: 12.512 GC heap before
{Heap before GC invocations=11 (full 2):
 PSYoungGen      total 176128K, used 175776K [0x00000000d5b80000, 0x00000000e1d80000, 0x0000000100000000)
  eden space 166912K, 100% used [0x00000000d5b80000,0x00000000dfe80000,0x00000000dfe80000)
  from space 9216K, 96% used [0x00000000e1480000,0x00000000e1d28020,0x00000000e1d80000)
  to   space 10752K, 0% used [0x00000000e0880000,0x00000000e0880000,0x00000000e1300000)
 ParOldGen       total 117248K, used 57508K [0x0000000081200000, 0x0000000088480000, 0x00000000d5b80000)
  object space 117248K, 49% used [0x0000000081200000,0x0000000084a29040,0x0000000088480000)
 Metaspace       used 26302K, capacity 26721K, committed 27008K, reserved 1073152K
  class space    used 3861K, capacity 3968K, committed 3968K, reserved 1048576K
Event: 12.521 GC heap after
Heap after GC invocations=11 (full 2):
 PSYoungGen      total 187904K, used 9464K [0x00000000d5b80000, 0x00000000e4900000, 0x0000000100000000)
  eden space 177152K, 0% used [0x00000000d5b80000,0x00000000d5b80000,0x00000000e0880000)
  from space 10752K, 88% used [0x00000000e0880000,0x00000000e11be030,0x00000000e1300000)
  to   space 11264K, 0% used [0x00000000e3e00000,0x00000000e3e00000,0x00000000e4900000)
 ParOldGen       total 117248K, used 65708K [0x0000000081200000, 0x0000000088480000, 0x00000000d5b80000)
  object space 117248K, 56% used [0x0000000081200000,0x000000008522b060,0x0000000088480000)
 Metaspace       used 26302K, capacity 26721K, committed 27008K, reserved 1073152K
  class space    used 3861K, capacity 3968K, committed 3968K, reserved 1048576K
}
Event: 14.066 GC heap before
{Heap before GC invocations=12 (full 2):
 PSYoungGen      total 187904K, used 186616K [0x00000000d5b80000, 0x00000000e4900000, 0x0000000100000000)
  eden space 177152K, 100% used [0x00000000d5b80000,0x00000000e0880000,0x00000000e0880000)
  from space 10752K, 88% used [0x00000000e0880000,0x00000000e11be030,0x00000000e1300000)
  to   space 11264K, 0% used [0x00000000e3e00000,0x00000000e3e00000,0x00000000e4900000)
 ParOldGen       total 117248K, used 65709K [0x0000000081200000, 0x0000000088480000, 0x00000000d5b80000)
  object space 117248K, 56% used [0x0000000081200000,0x000000008522b648,0x0000000088480000)
 Metaspace       used 26463K, capacity 26849K, committed 27008K, reserved 1073152K
  class space    used 3867K, capacity 3968K, committed 3968K, reserved 1048576K
Event: 14.072 GC heap after
Heap after GC invocations=12 (full 2):
 PSYoungGen      total 231936K, used 4270K [0x00000000d5b80000, 0x00000000e5080000, 0x0000000100000000)
  eden space 220672K, 0% used [0x00000000d5b80000,0x00000000d5b80000,0x00000000e3300000)
  from space 11264K, 37% used [0x00000000e3e00000,0x00000000e422bab0,0x00000000e4900000)
  to   space 11264K, 0% used [0x00000000e3300000,0x00000000e3300000,0x00000000e3e00000)
 ParOldGen       total 117248K, used 65885K [0x0000000081200000, 0x0000000088480000, 0x00000000d5b80000)
  object space 117248K, 56% used [0x0000000081200000,0x0000000085257648,0x0000000088480000)
 Metaspace       used 26463K, capacity 26849K, committed 27008K, reserved 1073152K
  class space    used 3867K, capacity 3968K, committed 3968K, reserved 1048576K
}
Event: 15.655 GC heap before
{Heap before GC invocations=13 (full 2):
 PSYoungGen      total 231936K, used 221202K [0x00000000d5b80000, 0x00000000e5080000, 0x0000000100000000)
  eden space 220672K, 98% used [0x00000000d5b80000,0x00000000e2f590f8,0x00000000e3300000)
  from space 11264K, 37% used [0x00000000e3e00000,0x00000000e422bab0,0x00000000e4900000)
  to   space 11264K, 0% used [0x00000000e3300000,0x00000000e3300000,0x00000000e3e00000)
 ParOldGen       total 117248K, used 65885K [0x0000000081200000, 0x0000000088480000, 0x00000000d5b80000)
  object space 117248K, 56% used [0x0000000081200000,0x0000000085257648,0x0000000088480000)
 Metaspace       used 26471K, capacity 26849K, committed 27008K, reserved 1073152K
  class space    used 3867K, capacity 3968K, committed 3968K, reserved 1048576K
Event: 15.676 GC heap after
Heap after GC invocations=13 (full 2):
 PSYoungGen      total 231936K, used 10024K [0x00000000d5b80000, 0x00000000e8980000, 0x0000000100000000)
  eden space 220672K, 0% used [0x00000000d5b80000,0x00000000d5b80000,0x00000000e3300000)
  from space 11264K, 88% used [0x00000000e3300000,0x00000000e3cca350,0x00000000e3e00000)
  to   space 12288K, 0% used [0x00000000e7d80000,0x00000000e7d80000,0x00000000e8980000)
 ParOldGen       total 117248K, used 94701K [0x0000000081200000, 0x0000000088480000, 0x00000000d5b80000)
  object space 117248K, 80% used [0x0000000081200000,0x0000000086e7b6c8,0x0000000088480000)
 Metaspace       used 26471K, capacity 26849K, committed 27008K, reserved 1073152K
  class space    used 3867K, capacity 3968K, committed 3968K, reserved 1048576K
}
Event: 15.676 GC heap before
{Heap before GC invocations=14 (full 3):
 PSYoungGen      total 231936K, used 10024K [0x00000000d5b80000, 0x00000000e8980000, 0x0000000100000000)
  eden space 220672K, 0% used [0x00000000d5b80000,0x00000000d5b80000,0x00000000e3300000)
  from space 11264K, 88% used [0x00000000e3300000,0x00000000e3cca350,0x00000000e3e00000)
  to   space 12288K, 0% used [0x00000000e7d80000,0x00000000e7d80000,0x00000000e8980000)
 ParOldGen       total 117248K, used 94701K [0x0000000081200000, 0x0000000088480000, 0x00000000d5b80000)
  object space 117248K, 80% used [0x0000000081200000,0x0000000086e7b6c8,0x0000000088480000)
 Metaspace       used 26471K, capacity 26849K, committed 27008K, reserved 1073152K
  class space    used 3867K, capacity 3968K, committed 3968K, reserved 1048576K
Event: 15.750 GC heap after
Heap after GC invocations=14 (full 3):
 PSYoungGen      total 231936K, used 0K [0x00000000d5b80000, 0x00000000e8980000, 0x0000000100000000)
  eden space 220672K, 0% used [0x00000000d5b80000,0x00000000d5b80000,0x00000000e3300000)
  from space 11264K, 0% used [0x00000000e3300000,0x00000000e3300000,0x00000000e3e00000)
  to   space 12288K, 0% used [0x00000000e7d80000,0x00000000e7d80000,0x00000000e8980000)
 ParOldGen       total 138240K, used 37971K [0x0000000081200000, 0x0000000089900000, 0x00000000d5b80000)
  object space 138240K, 27% used [0x0000000081200000,0x0000000083714d30,0x0000000089900000)
 Metaspace       used 26471K, capacity 26849K, committed 27008K, reserved 1073152K
  class space    used 3867K, capacity 3968K, committed 3968K, reserved 1048576K
}

Deoptimization events (10 events):
Event: 20.113 Thread 0x0000000019e24800 Uncommon trap: reason=bimorphic action=maybe_recompile pc=0x00000000030833fc method=javax.swing.JComponent.paintBorder(Ljava/awt/Graphics;)V @ 15
Event: 20.116 Thread 0x0000000019e24800 Uncommon trap: reason=bimorphic action=maybe_recompile pc=0x00000000030833fc method=javax.swing.JComponent.paintBorder(Ljava/awt/Graphics;)V @ 15
Event: 20.120 Thread 0x0000000019e24800 Uncommon trap: reason=bimorphic action=maybe_recompile pc=0x00000000030833fc method=javax.swing.JComponent.paintBorder(Ljava/awt/Graphics;)V @ 15
Event: 20.127 Thread 0x0000000019e24800 Uncommon trap: reason=class_check action=maybe_recompile pc=0x00000000035de090 method=sun.java2d.pipe.AlphaPaintPipe.startSequence(Lsun/java2d/SunGraphics2D;Ljava/awt/Shape;Ljava/awt/Rectangle;[I)Ljava/lang/Object; @ 10
Event: 20.127 Thread 0x0000000019e24800 Uncommon trap: reason=unstable_if action=reinterpret pc=0x00000000035af6f0 method=java.awt.image.DirectColorModel.createCompatibleWritableRaster(II)Ljava/awt/image/WritableRaster; @ 53
Event: 20.127 Thread 0x0000000019e24800 Uncommon trap: reason=range_check action=make_not_entrant pc=0x000000000356a7f8 method=java.awt.image.DirectColorModel.getRedMask()I @ 5
Event: 20.127 Thread 0x0000000019e24800 Uncommon trap: reason=unstable_if action=reinterpret pc=0x0000000003392ca0 method=sun.java2d.SunGraphics2D.hitClip(IIII)Z @ 6
Event: 20.133 Thread 0x0000000019e24800 Uncommon trap: reason=unstable_if action=reinterpret pc=0x0000000003685920 method=javax.swing.RepaintManager.updateWindows(Ljava/util/Map;)V @ 74
Event: 20.136 Thread 0x0000000019e24800 Uncommon trap: reason=unstable_if action=reinterpret pc=0x00000000035de440 method=sun.java2d.pipe.AlphaPaintPipe$TileContext.<init>(Lsun/java2d/SunGraphics2D;Ljava/awt/PaintContext;)V @ 53
Event: 20.136 Thread 0x0000000019e24800 Uncommon trap: reason=unstable_if action=reinterpret pc=0x00000000035e6fbc method=sun.java2d.pipe.AlphaPaintPipe.endSequence(Ljava/lang/Object;)V @ 56

Internal exceptions (10 events):
Event: 20.234 Thread 0x0000000019e24800 Exception <a 'java/lang/NullPointerException'> (0x00000000d73b0938) thrown at [C:\re\workspace\8-2-build-windows-amd64-cygwin\jdk8u111\7883\hotspot\src\share\vm\runtime\sharedRuntime.cpp, line 1085]
Event: 20.234 Thread 0x0000000019e24800 Exception <a 'java/lang/NullPointerException'> (0x00000000d73b0d28) thrown at [C:\re\workspace\8-2-build-windows-amd64-cygwin\jdk8u111\7883\hotspot\src\share\vm\runtime\sharedRuntime.cpp, line 1085]
Event: 20.234 Thread 0x0000000019e24800 Exception <a 'java/lang/NullPointerException'> (0x00000000d73b1118) thrown at [C:\re\workspace\8-2-build-windows-amd64-cygwin\jdk8u111\7883\hotspot\src\share\vm\runtime\sharedRuntime.cpp, line 1085]
Event: 20.234 Thread 0x0000000019e24800 Exception <a 'java/lang/NullPointerException'> (0x00000000d73b1508) thrown at [C:\re\workspace\8-2-build-windows-amd64-cygwin\jdk8u111\7883\hotspot\src\share\vm\runtime\sharedRuntime.cpp, line 1085]
Event: 20.235 Thread 0x0000000019e24800 Exception <a 'java/lang/NullPointerException'> (0x00000000d73b18f8) thrown at [C:\re\workspace\8-2-build-windows-amd64-cygwin\jdk8u111\7883\hotspot\src\share\vm\runtime\sharedRuntime.cpp, line 1085]
Event: 20.235 Thread 0x0000000019e24800 Exception <a 'java/lang/NullPointerException'> (0x00000000d73b1ce8) thrown at [C:\re\workspace\8-2-build-windows-amd64-cygwin\jdk8u111\7883\hotspot\src\share\vm\runtime\sharedRuntime.cpp, line 1085]
Event: 20.235 Thread 0x0000000019e24800 Exception <a 'java/lang/NullPointerException'> (0x00000000d73b20d8) thrown at [C:\re\workspace\8-2-build-windows-amd64-cygwin\jdk8u111\7883\hotspot\src\share\vm\runtime\sharedRuntime.cpp, line 1085]
Event: 20.235 Thread 0x0000000019e24800 Exception <a 'java/lang/NullPointerException'> (0x00000000d73b24c8) thrown at [C:\re\workspace\8-2-build-windows-amd64-cygwin\jdk8u111\7883\hotspot\src\share\vm\runtime\sharedRuntime.cpp, line 1085]
Event: 20.235 Thread 0x0000000019e24800 Exception <a 'java/lang/NullPointerException'> (0x00000000d73b28b8) thrown at [C:\re\workspace\8-2-build-windows-amd64-cygwin\jdk8u111\7883\hotspot\src\share\vm\runtime\sharedRuntime.cpp, line 1085]
Event: 20.235 Thread 0x0000000019e24800 Exception <a 'java/lang/NullPointerException'> (0x00000000d73b2ca8) thrown at [C:\re\workspace\8-2-build-windows-amd64-cygwin\jdk8u111\7883\hotspot\src\share\vm\runtime\sharedRuntime.cpp, line 1085]

Events (10 events):
Event: 20.143 Thread 0x0000000018eb3000 flushing nmethod 0x000000000350cb10
Event: 20.144 Thread 0x0000000018eb3000 flushing nmethod 0x0000000003511790
Event: 20.144 Thread 0x0000000018eb3000 flushing nmethod 0x00000000035145d0
Event: 20.144 Thread 0x0000000018eb3000 flushing nmethod 0x0000000003517cd0
Event: 20.144 Thread 0x0000000018eb3000 flushing nmethod 0x0000000003519190
Event: 20.144 Thread 0x0000000018eb3000 flushing nmethod 0x000000000351f450
Event: 20.144 Thread 0x0000000018eb3000 flushing nmethod 0x0000000003524a90
Event: 20.144 Thread 0x0000000018eb3000 flushing nmethod 0x0000000003527410
Event: 20.144 Thread 0x0000000018eb3000 flushing nmethod 0x0000000003529250
Event: 20.144 Thread 0x0000000018eb3000 flushing nmethod 0x000000000352b150


Dynamic libraries:
0x000000013f760000 - 0x000000013f797000 	C:\Program Files\Java\jre1.8.0_111\bin\javaw.exe
0x0000000077720000 - 0x00000000778cb000 	C:\Windows\SYSTEM32\ntdll.dll
0x0000000077600000 - 0x000000007771f000 	C:\Windows\system32\kernel32.dll
0x000007fefd990000 - 0x000007fefd9fa000 	C:\Windows\system32\KERNELBASE.dll
0x000007fefe590000 - 0x000007fefe66b000 	C:\Windows\system32\ADVAPI32.dll
0x000007feff890000 - 0x000007feff92f000 	C:\Windows\system32\msvcrt.dll
0x000007fefe670000 - 0x000007fefe68f000 	C:\Windows\SYSTEM32\sechost.dll
0x000007fefe7a0000 - 0x000007fefe8cd000 	C:\Windows\system32\RPCRT4.dll
0x0000000077500000 - 0x00000000775fa000 	C:\Windows\system32\USER32.dll
0x000007feff820000 - 0x000007feff887000 	C:\Windows\system32\GDI32.dll
0x000007fefe3a0000 - 0x000007fefe3ae000 	C:\Windows\system32\LPK.dll
0x000007fefe130000 - 0x000007fefe1fa000 	C:\Windows\system32\USP10.dll
0x000007fefbf20000 - 0x000007fefc114000 	C:\Windows\WinSxS\amd64_microsoft.windows.common-controls_6595b64144ccf1df_6.0.7601.23403_none_e36ad4593102f066\COMCTL32.dll
0x000007feff9b0000 - 0x000007feffa21000 	C:\Windows\system32\SHLWAPI.dll
0x000007fefe930000 - 0x000007fefe95e000 	C:\Windows\system32\IMM32.DLL
0x000007fefe690000 - 0x000007fefe799000 	C:\Windows\system32\MSCTF.dll
0x000007fefd640000 - 0x000007fefd670000 	C:\Windows\system32\nvinitx.dll
0x000007fefd630000 - 0x000007fefd63c000 	C:\Windows\system32\VERSION.dll
0x00000000752a0000 - 0x00000000752a6000 	C:\Program Files\NVIDIA Corporation\CoProcManager\detoured.dll
0x000007fefb370000 - 0x000007fefb3a8000 	C:\Program Files\NVIDIA Corporation\CoProcManager\nvd3d9wrapx.dll
0x000007fefdae0000 - 0x000007fefdcb7000 	C:\Windows\system32\SETUPAPI.dll
0x000007fefda00000 - 0x000007fefda36000 	C:\Windows\system32\CFGMGR32.dll
0x000007feff6f0000 - 0x000007feff7c8000 	C:\Windows\system32\OLEAUT32.dll
0x000007fefdf20000 - 0x000007fefe123000 	C:\Windows\system32\ole32.dll
0x000007fefd970000 - 0x000007fefd98a000 	C:\Windows\system32\DEVOBJ.dll
0x000007fefb340000 - 0x000007fefb364000 	C:\Program Files\NVIDIA Corporation\CoProcManager\nvdxgiwrapx.dll
0x0000000070ac0000 - 0x0000000070b92000 	C:\Program Files\Java\jre1.8.0_111\bin\msvcr100.dll
0x00000000505c0000 - 0x0000000050e5a000 	C:\Program Files\Java\jre1.8.0_111\bin\server\jvm.dll
0x000007feeea60000 - 0x000007feeea69000 	C:\Windows\system32\WSOCK32.dll
0x000007feff7d0000 - 0x000007feff81d000 	C:\Windows\system32\WS2_32.dll
0x000007fefe580000 - 0x000007fefe588000 	C:\Windows\system32\NSI.dll
0x000007fefb1b0000 - 0x000007fefb1eb000 	C:\Windows\system32\WINMM.dll
0x00000000778f0000 - 0x00000000778f7000 	C:\Windows\system32\PSAPI.DLL
0x0000000074320000 - 0x000000007432f000 	C:\Program Files\Java\jre1.8.0_111\bin\verify.dll
0x00000000717a0000 - 0x00000000717c9000 	C:\Program Files\Java\jre1.8.0_111\bin\java.dll
0x0000000071780000 - 0x0000000071796000 	C:\Program Files\Java\jre1.8.0_111\bin\zip.dll
0x000007fefe960000 - 0x000007feff6ec000 	C:\Windows\system32\SHELL32.dll
0x000007fefd670000 - 0x000007fefd67f000 	C:\Windows\system32\profapi.dll
0x0000000070ba0000 - 0x0000000070d38000 	C:\Program Files\Java\jre1.8.0_111\bin\awt.dll
0x000007fefb7f0000 - 0x000007fefb808000 	C:\Windows\system32\DWMAPI.DLL
0x000007fefbdb0000 - 0x000007fefbe06000 	C:\Windows\system32\uxtheme.dll
0x000007fefd520000 - 0x000007fefd52f000 	C:\Windows\system32\CRYPTBASE.dll
0x000007fefcec0000 - 0x000007fefced8000 	C:\Windows\system32\CRYPTSP.dll
0x000007fefcba0000 - 0x000007fefcbe7000 	C:\Windows\system32\rsaenh.dll
0x000007fefcc90000 - 0x000007fefccaf000 	C:\Windows\system32\USERENV.dll
0x0000000071760000 - 0x000000007177a000 	C:\Program Files\Java\jre1.8.0_111\bin\net.dll
0x000007fefce60000 - 0x000007fefceb5000 	C:\Windows\system32\mswsock.dll
0x000007fefce50000 - 0x000007fefce57000 	C:\Windows\System32\wship6.dll
0x000007fefaab0000 - 0x000007fefaad7000 	C:\Windows\system32\IPHLPAPI.DLL
0x000007fefaaa0000 - 0x000007fefaaab000 	C:\Windows\system32\WINNSI.DLL
0x000007fef9ff0000 - 0x000007fefa008000 	C:\Windows\system32\dhcpcsvc.DLL
0x000007fef9fd0000 - 0x000007fef9fe1000 	C:\Windows\system32\dhcpcsvc6.DLL
0x0000000071740000 - 0x0000000071751000 	C:\Program Files\Java\jre1.8.0_111\bin\nio.dll
0x00000000707e0000 - 0x0000000070827000 	C:\Program Files\Java\jre1.8.0_111\bin\fontmanager.dll
0x0000000070790000 - 0x00000000707d2000 	C:\Program Files\Java\jre1.8.0_111\bin\t2k.dll
0x000007fefb110000 - 0x000007fefb1b0000 	C:\Windows\WinSxS\amd64_microsoft.windows.common-controls_6595b64144ccf1df_5.82.7601.17514_none_a4d6a923711520a9\comctl32.dll
0x000007fefe3b0000 - 0x000007fefe449000 	C:\Windows\system32\CLBCatQ.DLL
0x000007fefbc10000 - 0x000007fefbd3c000 	C:\Windows\system32\propsys.dll
0x000007fefc5b0000 - 0x000007fefc5dd000 	C:\Windows\system32\ntmarta.dll
0x000007fefe8d0000 - 0x000007fefe922000 	C:\Windows\system32\WLDAP32.dll
0x000007fefd4c0000 - 0x000007fefd517000 	C:\Windows\system32\apphelp.dll
0x000007fef5410000 - 0x000007fef55ac000 	C:\Windows\system32\NetworkExplorer.dll
0x000007fef7940000 - 0x000007fef7974000 	C:\Windows\System32\shdocvw.dll
0x000007fefac90000 - 0x000007fefac9b000 	C:\Windows\system32\slc.dll
0x000007fefa5b0000 - 0x000007fefa5c8000 	C:\Windows\system32\MPR.dll
0x000007fefa5d0000 - 0x000007fefa5da000 	C:\Windows\System32\drprov.dll
0x000007fefd5d0000 - 0x000007fefd60d000 	C:\Windows\System32\WINSTA.dll
0x000007fef53e0000 - 0x000007fef5402000 	C:\Windows\System32\ntlanman.dll
0x000007fef5330000 - 0x000007fef534e000 	C:\Windows\System32\davclnt.dll
0x000007fef5320000 - 0x000007fef532a000 	C:\Windows\System32\DAVHLPR.dll
0x000007fefb520000 - 0x000007fefb535000 	C:\Windows\system32\wkscli.dll
0x000007fef97a0000 - 0x000007fef97af000 	C:\Windows\system32\cscapi.dll
0x000007fefb540000 - 0x000007fefb54c000 	C:\Windows\system32\netutils.dll
0x000007fee2ec0000 - 0x000007fee3131000 	C:\Windows\system32\wpdshext.dll
0x000007fefb9a0000 - 0x000007fefbbb6000 	C:\Windows\WinSxS\amd64_microsoft.windows.gdiplus_6595b64144ccf1df_1.1.7601.23407_none_14556c1e8b95d0b8\gdiplus.dll
0x000007fef2070000 - 0x000007fef212d000 	C:\Windows\system32\PortableDeviceApi.dll
0x000007fefd720000 - 0x000007fefd75b000 	C:\Windows\system32\WINTRUST.dll
0x000000001cce0000 - 0x000000001ce4d000 	C:\Windows\system32\CRYPT32.dll
0x000007fefd710000 - 0x000007fefd71f000 	C:\Windows\system32\MSASN1.dll
0x000007fef9840000 - 0x000007fef9875000 	C:\Windows\system32\EhStorShell.dll
0x000007feeef70000 - 0x000007feeef97000 	C:\Windows\system32\EhStorAPI.dll
0x000007fef7930000 - 0x000007fef793c000 	C:\Windows\system32\LINKINFO.dll
0x000007fefb680000 - 0x000007fefb7aa000 	C:\Windows\system32\WindowsCodecs.dll
0x000007fef9bd0000 - 0x000007fef9c4f000 	C:\Program Files (x86)\Adobe\Adobe Creative Cloud\CoreSyncExtension\CoreSync_x64.dll
0x000007fefa540000 - 0x000007fefa543000 	C:\Windows\system32\api-ms-win-core-synch-l1-2-0.DLL
0x000007fef97c0000 - 0x000007fef983e000 	C:\Windows\System32\cscui.dll
0x000007fef97b0000 - 0x000007fef97bc000 	C:\Windows\System32\CSCDLL.dll
0x000007fef9720000 - 0x000007fef97a0000 	C:\Windows\system32\ntshrui.dll
0x000007fefd390000 - 0x000007fefd3b3000 	C:\Windows\system32\srvcli.dll
0x0000000180000000 - 0x0000000180051000 	C:\Users\C17\git\MetaCiv\MetaCiv\lib\natives-win\lwjgl64.dll
0x000007fef6990000 - 0x000007fef6aad000 	C:\Windows\system32\OPENGL32.dll
0x000007fef6960000 - 0x000007fef698d000 	C:\Windows\system32\GLU32.dll
0x000007fef6860000 - 0x000007fef6951000 	C:\Windows\system32\DDRAW.dll
0x000007fef6850000 - 0x000007fef6858000 	C:\Windows\system32\DCIMAN32.dll
0x000000001fc70000 - 0x00000000203fe000 	C:\Windows\system32\ig75icd64.dll
0x000007fef7e30000 - 0x000007fef8274000 	C:\Windows\system32\igdusc64.dll
0x000007fefa230000 - 0x000007fefa2cc000 	C:\Windows\system32\mscms.dll
0x000007fee8060000 - 0x000007fee80a2000 	C:\Windows\system32\icm32.dll
0x0000000070760000 - 0x000000007078a000 	C:\Program Files\Java\jre1.8.0_111\bin\dcpr.dll
0x00000000706b0000 - 0x0000000070752000 	C:\Program Files\Java\jre1.8.0_111\bin\mlib_image.dll
0x000007feecb40000 - 0x000007feecc65000 	C:\Windows\system32\dbghelp.dll

VM Arguments:
jvm_args: -Djava.library.path=C:\Users\C17\git\MetaCiv\MetaCiv\lib\natives-win -Dfile.encoding=Cp1252 
java_command: civilisation.CivLauncher
java_class_path (initial): C:\Users\C17\git\MetaCiv\MetaCiv\bin;C:\Users\C17\git\MetaCiv\MetaCiv\lib\turtlekit-3.0.0.4.jar;C:\Users\C17\git\MetaCiv\MetaCiv\lib\jars\lwjgl_util.jar;C:\Users\C17\git\MetaCiv\MetaCiv\lib\jars\lwjgl.jar;C:\Users\C17\git\MetaCiv\MetaCiv\lib\jars\slick-util.jar
Launcher Type: SUN_STANDARD

Environment Variables:
PATH=C:/Program Files/Java/jre1.8.0_111/bin/server;C:/Program Files/Java/jre1.8.0_111/bin;C:/Program Files/Java/jre1.8.0_111/lib/amd64;C:\ProgramData\Oracle\Java\javapath;C:\Program Files (x86)\Intel\iCLS Client\;C:\Program Files\Intel\iCLS Client\;C:\Windows\system32;C:\Windows;C:\Windows\System32\Wbem;C:\Windows\System32\WindowsPowerShell\v1.0\;C:\Program Files (x86)\NVIDIA Corporation\PhysX\Common;C:\Program Files\Intel\Intel(R) Management Engine Components\DAL;C:\Program Files\Intel\Intel(R) Management Engine Components\IPT;C:\Program Files (x86)\Intel\Intel(R) Management Engine Components\DAL;C:\Program Files (x86)\Intel\Intel(R) Management Engine Components\IPT;C:\Program Files (x86)\Skype\Phone\;C:\Windows\system32\config\systemprofile\.dnx\bin;C:\Program Files\Microsoft DNX\Dnvm\;C:\Program Files\Microsoft SQL Server\130\Tools\Binn\;C:\Program Files\Common Files\Autodesk Shared\;%R_HOME%;c:\python27\lib\site-packages\pywin32_system32;C:\Python27\Lib\site-packages\shared_libs;c:\python27\lib\site-packages\scons-2.3.0-py2.7-win32.egg\EGG-INFO\scripts;c:\python27\lib\site-packages\ann-1.1.2-win32.egg\bin;c:\python27\lib\site-packages\vplants.plantgl-2.19.0-py2.7-win32.egg\bin;c:\python27\lib\site-packages\qt4-4.8.5-py2.7-win32.egg\bin;c:\python27\lib\site-packages\vplants.aml-1.2.0-py2.7-win32.egg\bin;c:\python27\lib\site-packages\cgal-4.0-win32.egg\bin;c:\python27\lib\site-packages\mingw-5.1.4_4c-py2.7-win32.egg\bin;c:\python27\lib\site-packages\qt4_dev-4.8.5-py2.7-win32.egg\bin;c:\python27\lib\site-packages\bisonflex-2.4.1_2.5.35-win32.egg\bin;c:\python27\lib\site-packages\cmake-2.8.11.2-py2.7-win32.egg\bin;c:\python27\lib\site-packages\alinea.caribu-6.1.0-py2.7-win32.egg\bin;C:\Users\C17\Desktop;
USERNAME=C17
OS=Windows_NT
PROCESSOR_IDENTIFIER=Intel64 Family 6 Model 60 Stepping 3, GenuineIntel



---------------  S Y S T E M  ---------------

OS: Windows 7 , 64 bit Build 7601 (6.1.7601.23455)

CPU:total 4 (2 cores per cpu, 2 threads per core) family 6 model 60 stepping 3, cmov, cx8, fxsr, mmx, sse, sse2, sse3, ssse3, sse4.1, sse4.2, popcnt, avx, avx2, aes, clmul, erms, lzcnt, ht, tsc, tscinvbit, bmi1, bmi2

Memory: 4k page, physical 8307368k(3302300k free), swap 16612876k(10944080k free)

vm_info: Java HotSpot(TM) 64-Bit Server VM (25.111-b14) for windows-amd64 JRE (1.8.0_111-b14), built on Sep 22 2016 19:24:05 by "java_re" with MS VC++ 10.0 (VS2010)

time: Sat Apr 29 17:13:45 2017
elapsed time: 20 seconds (0d 0h 0m 20s)

