#
# A fatal error has been detected by the Java Runtime Environment:
#
#  EXCEPTION_ACCESS_VIOLATION (0xc0000005) at pc=0x000000001ff2ee7e, pid=2580, tid=0x00000000000017d0
#
# JRE version: Java(TM) SE Runtime Environment (8.0_111-b14) (build 1.8.0_111-b14)
# Java VM: Java HotSpot(TM) 64-Bit Server VM (25.111-b14 mixed mode windows-amd64 compressed oops)
# Problematic frame:
# C  [ig75icd64.dll+0x35ee7e]
#
# Failed to write core dump. Minidumps are not enabled by default on client versions of Windows
#
# If you would like to submit a bug report, please visit:
#   http://bugreport.java.com/bugreport/crash.jsp
# The crash happened outside the Java Virtual Machine in native code.
# See problematic frame for where to report the bug.
#

---------------  T H R E A D  ---------------

Current thread (0x0000000019e50000):  JavaThread "Thread-19" [_thread_in_native, id=6096, stack(0x000000001fad0000,0x000000001fbd0000)]

siginfo: ExceptionCode=0xc0000005, writing address 0x0000000012845000

Registers:
RAX=0x0000000000000001, RBX=0x000000002084d000, RCX=0x0000000012845004, RDX=0x00000000202c9220
RSP=0x000000001fbceb30, RBP=0x000000001fbcebc9, RSI=0x000000001fbcecd0, RDI=0x0000000000000059
R8 =0x0000000000000003, R9 =0x0000000000000008, R10=0x0000000020900fb0, R11=0x0000000000000000
R12=0x0000000000000000, R13=0x0000000000000000, R14=0x0000000000000000, R15=0x00000000000000c7
RIP=0x000000001ff2ee7e, EFLAGS=0x0000000000010202

Top of Stack: (sp=0x000000001fbceb30)
0x000000001fbceb30:   000000002084d000 000000001fbcecd0
0x000000001fbceb40:   7c05400000000000 0000000000000000
0x000000001fbceb50:   0000000000000001 00000000005900c7
0x000000001fbceb60:   0000000000000000 0000000020000000
0x000000001fbceb70:   0000000000000001 000000001fbced74
0x000000001fbceb80:   000000001fbcece1 000000001ff313d7
0x000000001fbceb90:   0000005a00000000 000000c800000000
0x000000001fbceba0:   000000001fbced70 0000000020000000
0x000000001fbcebb0:   0004f01c14800001 00000e6200000000
0x000000001fbcebc0:   4400000000000000 3f80000000000000
0x000000001fbcebd0:   000000001fbceef8 000000003283bcf0
0x000000001fbcebe0:   000000001fbcee50 0000000000000000
0x000000001fbcebf0:   00000000000000c7 0000000000000004
0x000000001fbcec00:   000000001fbced10 000000001ff2e8a8
0x000000001fbcec10:   0000000000000167 000000001fbcecd0
0x000000001fbcec20:   0000000000000000 0000000000000000 

Instructions: (pc=0x000000001ff2ee7e)
0x000000001ff2ee5e:   8d 15 ac a3 39 00 48 03 8b b8 72 06 00 33 c0 0f
0x000000001ff2ee6e:   1f 00 f3 0f 6f 02 ff c0 48 83 c1 10 48 83 c2 10
0x000000001ff2ee7e:   f3 0f 7f 41 f0 83 f8 01 72 e8 45 33 c0 48 2b d1
0x000000001ff2ee8e:   66 90 8b 04 11 41 ff c0 48 8d 49 04 89 41 fc 41 


Register to memory mapping:

RAX=0x0000000000000001 is an unknown value
RBX=0x000000002084d000 is an unknown value
RCX=0x0000000012845004 is an unknown value
RDX=0x00000000202c9220 is an unknown value
RSP=0x000000001fbceb30 is pointing into the stack for thread: 0x0000000019e50000
RBP=0x000000001fbcebc9 is pointing into the stack for thread: 0x0000000019e50000
RSI=0x000000001fbcecd0 is pointing into the stack for thread: 0x0000000019e50000
RDI=0x0000000000000059 is an unknown value
R8 =0x0000000000000003 is an unknown value
R9 =0x0000000000000008 is an unknown value
R10=0x0000000020900fb0 is an unknown value
R11=0x0000000000000000 is an unknown value
R12=0x0000000000000000 is an unknown value
R13=0x0000000000000000 is an unknown value
R14=0x0000000000000000 is an unknown value
R15=0x00000000000000c7 is an unknown value


Stack: [0x000000001fad0000,0x000000001fbd0000],  sp=0x000000001fbceb30,  free space=1018k
Native frames: (J=compiled Java code, j=interpreted, Vv=VM code, C=native code)
C  [ig75icd64.dll+0x35ee7e]
C  [ig75icd64.dll+0x35e8a8]
C  [ig75icd64.dll+0x36400d]
C  [ig75icd64.dll+0x3c3828]
C  [ig75icd64.dll+0x34d441]
C  0x00000000029a7f74

Java frames: (J=compiled Java code, j=interpreted, Vv=VM code)
j  org.lwjgl.opengl.GL11.nglClear(IJ)V+0
j  org.lwjgl.opengl.GL11.glClear(I)V+15
j  renderEngine.MasterRenderer.prepare()V+9
j  renderEngine.MasterRenderer.render(Ljava/util/List;LrenderEngine/entities/Camera;Ljava/awt/image/BufferedImage;LrenderEngine/entities/Light;Ljava/util/ArrayList;Lorg/lwjgl/util/vector/Vector4f;FZZZLrenderEngine/shadowsMapping/ShadowFrameBuffer;LrenderEngine/sea/SeaFrameBuffers;Lorg/lwjgl/util/vector/Matrix4f;Lorg/lwjgl/util/vector/Matrix4f;)V+1
j  renderEngine.renderMain.run()V+1131
j  java.lang.Thread.run()V+11
v  ~StubRoutines::call_stub

---------------  P R O C E S S  ---------------

Java Threads: ( => current thread )
  0x0000000019e4a800 JavaThread "LWJGL Timer" daemon [_thread_blocked, id=5544, stack(0x000000001dbb0000,0x000000001dcb0000)]
=>0x0000000019e50000 JavaThread "Thread-19" [_thread_in_native, id=6096, stack(0x000000001fad0000,0x000000001fbd0000)]
  0x0000000019e4d800 JavaThread "LIVING-7" [_thread_blocked, id=1720, stack(0x000000001f720000,0x000000001f820000)]
  0x0000000019e49800 JavaThread "DestroyJavaVM" [_thread_blocked, id=3104, stack(0x00000000025c0000,0x00000000026c0000)]
  0x0000000019e49000 JavaThread "LIVING-2" daemon [_thread_blocked, id=5632, stack(0x000000001dd10000,0x000000001de10000)]
  0x0000000019e48000 JavaThread "LIVING-1" daemon [_thread_blocked, id=6108, stack(0x000000001da90000,0x000000001db90000)]
  0x0000000019e46000 JavaThread "TimerQueue" daemon [_thread_blocked, id=1124, stack(0x000000001d900000,0x000000001da00000)]
  0x0000000019dd2000 JavaThread "Swing-Shell" daemon [_thread_blocked, id=4052, stack(0x000000001ccf0000,0x000000001cdf0000)]
  0x0000000019c81000 JavaThread "AWT-EventQueue-0" [_thread_in_vm, id=4300, stack(0x000000001afe0000,0x000000001b0e0000)]
  0x0000000019bf1000 JavaThread "AWT-Windows" daemon [_thread_in_native, id=1256, stack(0x000000001a600000,0x000000001a700000)]
  0x0000000019bee800 JavaThread "AWT-Shutdown" [_thread_blocked, id=5364, stack(0x000000001a390000,0x000000001a490000)]
  0x0000000019bed800 JavaThread "Java2D Disposer" daemon [_thread_blocked, id=3724, stack(0x000000001a490000,0x000000001a590000)]
  0x0000000018e5e800 JavaThread "Service Thread" daemon [_thread_blocked, id=1188, stack(0x0000000019210000,0x0000000019310000)]
  0x00000000176df000 JavaThread "C1 CompilerThread2" daemon [_thread_blocked, id=4012, stack(0x00000000194d0000,0x00000000195d0000)]
  0x00000000176de800 JavaThread "C2 CompilerThread1" daemon [_thread_blocked, id=3272, stack(0x00000000193d0000,0x00000000194d0000)]
  0x00000000176d9800 JavaThread "C2 CompilerThread0" daemon [_thread_blocked, id=3988, stack(0x0000000018c00000,0x0000000018d00000)]
  0x00000000176d7000 JavaThread "Attach Listener" daemon [_thread_blocked, id=4584, stack(0x0000000018d00000,0x0000000018e00000)]
  0x00000000176d4000 JavaThread "Signal Dispatcher" daemon [_thread_blocked, id=3668, stack(0x0000000018a90000,0x0000000018b90000)]
  0x00000000176b3800 JavaThread "Finalizer" daemon [_thread_blocked, id=5964, stack(0x00000000187a0000,0x00000000188a0000)]
  0x0000000017672000 JavaThread "Reference Handler" daemon [_thread_blocked, id=5740, stack(0x0000000018650000,0x0000000018750000)]

Other Threads:
  0x000000001766a800 VMThread [stack: 0x0000000018540000,0x0000000018640000] [id=5160]
  0x0000000018e79000 WatcherThread [stack: 0x0000000019780000,0x0000000019880000] [id=2200]

VM state:not at safepoint (normal execution)

VM Mutex/Monitor currently owned by a thread: None

Heap:
 PSYoungGen      total 210432K, used 153200K [0x00000000d5b80000, 0x00000000e8b80000, 0x0000000100000000)
  eden space 188416K, 81% used [0x00000000d5b80000,0x00000000df11c068,0x00000000e1380000)
  from space 22016K, 0% used [0x00000000e1380000,0x00000000e1380000,0x00000000e2900000)
  to   space 31744K, 0% used [0x00000000e6c80000,0x00000000e6c80000,0x00000000e8b80000)
 ParOldGen       total 119296K, used 42865K [0x0000000081200000, 0x0000000088680000, 0x00000000d5b80000)
  object space 119296K, 35% used [0x0000000081200000,0x0000000083bdc450,0x0000000088680000)
 Metaspace       used 26605K, capacity 27009K, committed 27392K, reserved 1073152K
  class space    used 3879K, capacity 4000K, committed 4096K, reserved 1048576K

Card table byte_map: [0x0000000011d50000,0x0000000012150000] byte_map_base: 0x0000000011947000

Marking Bits: (ParMarkBitMap*) 0x0000000050dda6c0
 Begin Bits: [0x0000000012970000, 0x0000000014928000)
 End Bits:   [0x0000000014928000, 0x00000000168e0000)

Polling page: 0x00000000000b0000

CodeCache: size=245760Kb used=14517Kb max_used=14517Kb free=231242Kb
 bounds [0x0000000002990000, 0x00000000037d0000, 0x0000000011990000]
 total_blobs=4770 nmethods=4032 adapters=649
 compilation: enabled

Compilation events (10 events):
Event: 18.590 Thread 0x00000000176df000 4423 % !   3       turtlekit.viewer.TKDefaultViewer::render @ 30 (203 bytes)
Event: 18.592 Thread 0x00000000176df000 nmethod 4423% 0x00000000037c3010 code [0x00000000037c33e0, 0x00000000037c6058]
Event: 18.594 Thread 0x00000000176df000 4424       3       org.lwjgl.opengl.GL13::glActiveTexture (19 bytes)
Event: 18.595 Thread 0x00000000176df000 nmethod 4424 0x00000000037bec10 code [0x00000000037bede0, 0x00000000037bf4f8]
Event: 18.610 Thread 0x00000000176df000 4426       3       java.nio.HeapByteBuffer::put (167 bytes)
Event: 18.611 Thread 0x00000000176df000 nmethod 4426 0x00000000037c7990 code [0x00000000037c7c00, 0x00000000037c8f78]
Event: 18.617 Thread 0x00000000176df000 4427   !   3       turtlekit.viewer.TKDefaultViewer::render (203 bytes)
Event: 18.620 Thread 0x00000000176df000 nmethod 4427 0x00000000037c9410 code [0x00000000037c97e0, 0x00000000037cc058]
Event: 18.626 Thread 0x00000000176df000 4429       3       org.lwjgl.opengl.GL20::glUniform3f (27 bytes)
Event: 18.627 Thread 0x00000000176df000 nmethod 4429 0x00000000037cd8d0 code [0x00000000037cdaa0, 0x00000000037ce1f8]

GC Heap History (10 events):
Event: 8.975 GC heap before
{Heap before GC invocations=9 (full 1):
 PSYoungGen      total 104960K, used 104934K [0x00000000d5b80000, 0x00000000e0b00000, 0x0000000100000000)
  eden space 91648K, 100% used [0x00000000d5b80000,0x00000000db500000,0x00000000db500000)
  from space 13312K, 99% used [0x00000000db500000,0x00000000dc1f98f0,0x00000000dc200000)
  to   space 16896K, 0% used [0x00000000dfa80000,0x00000000dfa80000,0x00000000e0b00000)
 ParOldGen       total 61440K, used 21769K [0x0000000081200000, 0x0000000084e00000, 0x00000000d5b80000)
  object space 61440K, 35% used [0x0000000081200000,0x0000000082742528,0x0000000084e00000)
 Metaspace       used 26280K, capacity 26753K, committed 27136K, reserved 1073152K
  class space    used 3871K, capacity 4000K, committed 4096K, reserved 1048576K
Event: 8.993 GC heap after
Heap after GC invocations=9 (full 1):
 PSYoungGen      total 160256K, used 15796K [0x00000000d5b80000, 0x00000000e1080000, 0x0000000100000000)
  eden space 143360K, 0% used [0x00000000d5b80000,0x00000000d5b80000,0x00000000de780000)
  from space 16896K, 93% used [0x00000000dfa80000,0x00000000e09ed060,0x00000000e0b00000)
  to   space 19456K, 0% used [0x00000000de780000,0x00000000de780000,0x00000000dfa80000)
 ParOldGen       total 61440K, used 40751K [0x0000000081200000, 0x0000000084e00000, 0x00000000d5b80000)
  object space 61440K, 66% used [0x0000000081200000,0x00000000839cbf28,0x0000000084e00000)
 Metaspace       used 26280K, capacity 26753K, committed 27136K, reserved 1073152K
  class space    used 3871K, capacity 4000K, committed 4096K, reserved 1048576K
}
Event: 10.146 GC heap before
{Heap before GC invocations=10 (full 1):
 PSYoungGen      total 160256K, used 159156K [0x00000000d5b80000, 0x00000000e1080000, 0x0000000100000000)
  eden space 143360K, 100% used [0x00000000d5b80000,0x00000000de780000,0x00000000de780000)
  from space 16896K, 93% used [0x00000000dfa80000,0x00000000e09ed060,0x00000000e0b00000)
  to   space 19456K, 0% used [0x00000000de780000,0x00000000de780000,0x00000000dfa80000)
 ParOldGen       total 61440K, used 40751K [0x0000000081200000, 0x0000000084e00000, 0x00000000d5b80000)
  object space 61440K, 66% used [0x0000000081200000,0x00000000839cbf28,0x0000000084e00000)
 Metaspace       used 26362K, capacity 26817K, committed 27136K, reserved 1073152K
  class space    used 3871K, capacity 4000K, committed 4096K, reserved 1048576K
Event: 10.159 GC heap after
Heap after GC invocations=10 (full 1):
 PSYoungGen      total 162816K, used 17560K [0x00000000d5b80000, 0x00000000e4200000, 0x0000000100000000)
  eden space 143360K, 0% used [0x00000000d5b80000,0x00000000d5b80000,0x00000000de780000)
  from space 19456K, 90% used [0x00000000de780000,0x00000000df8a6050,0x00000000dfa80000)
  to   space 21504K, 0% used [0x00000000e2d00000,0x00000000e2d00000,0x00000000e4200000)
 ParOldGen       total 61440K, used 44368K [0x0000000081200000, 0x0000000084e00000, 0x00000000d5b80000)
  object space 61440K, 72% used [0x0000000081200000,0x0000000083d54108,0x0000000084e00000)
 Metaspace       used 26362K, capacity 26817K, committed 27136K, reserved 1073152K
  class space    used 3871K, capacity 4000K, committed 4096K, reserved 1048576K
}
Event: 11.395 GC heap before
{Heap before GC invocations=11 (full 1):
 PSYoungGen      total 162816K, used 160920K [0x00000000d5b80000, 0x00000000e4200000, 0x0000000100000000)
  eden space 143360K, 100% used [0x00000000d5b80000,0x00000000de780000,0x00000000de780000)
  from space 19456K, 90% used [0x00000000de780000,0x00000000df8a6050,0x00000000dfa80000)
  to   space 21504K, 0% used [0x00000000e2d00000,0x00000000e2d00000,0x00000000e4200000)
 ParOldGen       total 61440K, used 44368K [0x0000000081200000, 0x0000000084e00000, 0x00000000d5b80000)
  object space 61440K, 72% used [0x0000000081200000,0x0000000083d54108,0x0000000084e00000)
 Metaspace       used 26488K, capacity 26881K, committed 27136K, reserved 1073152K
  class space    used 3876K, capacity 4000K, committed 4096K, reserved 1048576K
Event: 11.398 GC heap after
Heap after GC invocations=11 (full 1):
 PSYoungGen      total 206336K, used 1250K [0x00000000d5b80000, 0x00000000e3e80000, 0x0000000100000000)
  eden space 188416K, 0% used [0x00000000d5b80000,0x00000000d5b80000,0x00000000e1380000)
  from space 17920K, 6% used [0x00000000e2d00000,0x00000000e2e38b38,0x00000000e3e80000)
  to   space 22016K, 0% used [0x00000000e1380000,0x00000000e1380000,0x00000000e2900000)
 ParOldGen       total 61440K, used 44440K [0x0000000081200000, 0x0000000084e00000, 0x00000000d5b80000)
  object space 61440K, 72% used [0x0000000081200000,0x0000000083d66118,0x0000000084e00000)
 Metaspace       used 26488K, capacity 26881K, committed 27136K, reserved 1073152K
  class space    used 3876K, capacity 4000K, committed 4096K, reserved 1048576K
}
Event: 12.786 GC heap before
{Heap before GC invocations=12 (full 1):
 PSYoungGen      total 206336K, used 186150K [0x00000000d5b80000, 0x00000000e3e80000, 0x0000000100000000)
  eden space 188416K, 98% used [0x00000000d5b80000,0x00000000e1010d60,0x00000000e1380000)
  from space 17920K, 6% used [0x00000000e2d00000,0x00000000e2e38b38,0x00000000e3e80000)
  to   space 22016K, 0% used [0x00000000e1380000,0x00000000e1380000,0x00000000e2900000)
 ParOldGen       total 61440K, used 48536K [0x0000000081200000, 0x0000000084e00000, 0x00000000d5b80000)
  object space 61440K, 78% used [0x0000000081200000,0x0000000084166128,0x0000000084e00000)
 Metaspace       used 26536K, capacity 26945K, committed 27136K, reserved 1073152K
  class space    used 3877K, capacity 4000K, committed 4096K, reserved 1048576K
Event: 12.803 GC heap after
Heap after GC invocations=12 (full 1):
 PSYoungGen      total 210432K, used 21992K [0x00000000d5b80000, 0x00000000e8b80000, 0x0000000100000000)
  eden space 188416K, 0% used [0x00000000d5b80000,0x00000000d5b80000,0x00000000e1380000)
  from space 22016K, 99% used [0x00000000e1380000,0x00000000e28fa370,0x00000000e2900000)
  to   space 31744K, 0% used [0x00000000e6c80000,0x00000000e6c80000,0x00000000e8b80000)
 ParOldGen       total 66048K, used 65248K [0x0000000081200000, 0x0000000085280000, 0x00000000d5b80000)
  object space 66048K, 98% used [0x0000000081200000,0x00000000851b8178,0x0000000085280000)
 Metaspace       used 26536K, capacity 26945K, committed 27136K, reserved 1073152K
  class space    used 3877K, capacity 4000K, committed 4096K, reserved 1048576K
}
Event: 12.803 GC heap before
{Heap before GC invocations=13 (full 2):
 PSYoungGen      total 210432K, used 21992K [0x00000000d5b80000, 0x00000000e8b80000, 0x0000000100000000)
  eden space 188416K, 0% used [0x00000000d5b80000,0x00000000d5b80000,0x00000000e1380000)
  from space 22016K, 99% used [0x00000000e1380000,0x00000000e28fa370,0x00000000e2900000)
  to   space 31744K, 0% used [0x00000000e6c80000,0x00000000e6c80000,0x00000000e8b80000)
 ParOldGen       total 66048K, used 65248K [0x0000000081200000, 0x0000000085280000, 0x00000000d5b80000)
  object space 66048K, 98% used [0x0000000081200000,0x00000000851b8178,0x0000000085280000)
 Metaspace       used 26536K, capacity 26945K, committed 27136K, reserved 1073152K
  class space    used 3877K, capacity 4000K, committed 4096K, reserved 1048576K
Event: 12.843 GC heap after
Heap after GC invocations=13 (full 2):
 PSYoungGen      total 210432K, used 0K [0x00000000d5b80000, 0x00000000e8b80000, 0x0000000100000000)
  eden space 188416K, 0% used [0x00000000d5b80000,0x00000000d5b80000,0x00000000e1380000)
  from space 22016K, 0% used [0x00000000e1380000,0x00000000e1380000,0x00000000e2900000)
  to   space 31744K, 0% used [0x00000000e6c80000,0x00000000e6c80000,0x00000000e8b80000)
 ParOldGen       total 119296K, used 42865K [0x0000000081200000, 0x0000000088680000, 0x00000000d5b80000)
  object space 119296K, 35% used [0x0000000081200000,0x0000000083bdc450,0x0000000088680000)
 Metaspace       used 26536K, capacity 26945K, committed 27136K, reserved 1073152K
  class space    used 3877K, capacity 4000K, committed 4096K, reserved 1048576K
}

Deoptimization events (10 events):
Event: 18.451 Thread 0x0000000019c81000 Uncommon trap: reason=class_check action=maybe_recompile pc=0x0000000003162008 method=sun.java2d.SunGraphics2D.fill(Ljava/awt/Shape;)V @ 6
Event: 18.451 Thread 0x0000000019c81000 Uncommon trap: reason=bimorphic action=maybe_recompile pc=0x00000000033b6518 method=sun.java2d.pipe.ShapeSpanIterator.appendPath(Ljava/awt/geom/PathIterator;)V @ 16
Event: 18.451 Thread 0x0000000019c81000 Uncommon trap: reason=unstable_if action=reinterpret pc=0x00000000032abbe0 method=java.awt.geom.AffineTransform.transform([FI[FII)V @ 2
Event: 18.451 Thread 0x0000000019c81000 Uncommon trap: reason=class_check action=maybe_recompile pc=0x0000000003609610 method=sun.java2d.pipe.AlphaPaintPipe.startSequence(Lsun/java2d/SunGraphics2D;Ljava/awt/Shape;Ljava/awt/Rectangle;[I)Ljava/lang/Object; @ 10
Event: 18.451 Thread 0x0000000019c81000 Uncommon trap: reason=unstable_if action=reinterpret pc=0x00000000037617b0 method=java.awt.geom.Path2D$Float.getBounds2D()Ljava/awt/geom/Rectangle2D; @ 71
Event: 18.451 Thread 0x0000000019c81000 Uncommon trap: reason=unstable_if action=reinterpret pc=0x00000000036198c4 method=sun.java2d.pipe.AlphaPaintPipe.endSequence(Ljava/lang/Object;)V @ 56
Event: 18.451 Thread 0x0000000019c81000 Uncommon trap: reason=bimorphic action=maybe_recompile pc=0x00000000034cc4e4 method=sun.java2d.pipe.DrawImage.blitSurfaceData(Lsun/java2d/SunGraphics2D;Lsun/java2d/pipe/Region;Lsun/java2d/SurfaceData;Lsun/java2d/SurfaceData;Lsun/java2d/loops/SurfaceType;L
Event: 18.451 Thread 0x0000000019c81000 Uncommon trap: reason=unstable_if action=reinterpret pc=0x000000000371ff74 method=sun.java2d.pipe.DrawImage.copyImage(Lsun/java2d/SunGraphics2D;Ljava/awt/Image;IILjava/awt/Color;Ljava/awt/image/ImageObserver;)Z @ 4
Event: 18.494 Thread 0x0000000019c81000 Uncommon trap: reason=unstable_if action=reinterpret pc=0x00000000036e95f0 method=javax.swing.RepaintManager.updateWindows(Ljava/util/Map;)V @ 74
Event: 18.511 Thread 0x0000000019c81000 Uncommon trap: reason=unstable_if action=reinterpret pc=0x00000000037b20e8 method=javax.swing.JComponent.paintChildren(Ljava/awt/Graphics;)V @ 212

Internal exceptions (10 events):
Event: 18.638 Thread 0x0000000019c81000 Exception <a 'java/lang/NullPointerException'> (0x00000000def53ec0) thrown at [C:\re\workspace\8-2-build-windows-amd64-cygwin\jdk8u111\7883\hotspot\src\share\vm\runtime\sharedRuntime.cpp, line 1085]
Event: 18.638 Thread 0x0000000019c81000 Exception <a 'java/lang/NullPointerException'> (0x00000000def542b0) thrown at [C:\re\workspace\8-2-build-windows-amd64-cygwin\jdk8u111\7883\hotspot\src\share\vm\runtime\sharedRuntime.cpp, line 1085]
Event: 18.638 Thread 0x0000000019c81000 Exception <a 'java/lang/NullPointerException'> (0x00000000def546a0) thrown at [C:\re\workspace\8-2-build-windows-amd64-cygwin\jdk8u111\7883\hotspot\src\share\vm\runtime\sharedRuntime.cpp, line 1085]
Event: 18.638 Thread 0x0000000019c81000 Exception <a 'java/lang/NullPointerException'> (0x00000000def54a90) thrown at [C:\re\workspace\8-2-build-windows-amd64-cygwin\jdk8u111\7883\hotspot\src\share\vm\runtime\sharedRuntime.cpp, line 1085]
Event: 18.638 Thread 0x0000000019c81000 Exception <a 'java/lang/NullPointerException'> (0x00000000def54e80) thrown at [C:\re\workspace\8-2-build-windows-amd64-cygwin\jdk8u111\7883\hotspot\src\share\vm\runtime\sharedRuntime.cpp, line 1085]
Event: 18.638 Thread 0x0000000019c81000 Exception <a 'java/lang/NullPointerException'> (0x00000000def55270) thrown at [C:\re\workspace\8-2-build-windows-amd64-cygwin\jdk8u111\7883\hotspot\src\share\vm\runtime\sharedRuntime.cpp, line 1085]
Event: 18.638 Thread 0x0000000019c81000 Exception <a 'java/lang/NullPointerException'> (0x00000000def55660) thrown at [C:\re\workspace\8-2-build-windows-amd64-cygwin\jdk8u111\7883\hotspot\src\share\vm\runtime\sharedRuntime.cpp, line 1085]
Event: 18.639 Thread 0x0000000019c81000 Exception <a 'java/lang/NullPointerException'> (0x00000000def55a50) thrown at [C:\re\workspace\8-2-build-windows-amd64-cygwin\jdk8u111\7883\hotspot\src\share\vm\runtime\sharedRuntime.cpp, line 1085]
Event: 18.639 Thread 0x0000000019c81000 Exception <a 'java/lang/NullPointerException'> (0x00000000def55e40) thrown at [C:\re\workspace\8-2-build-windows-amd64-cygwin\jdk8u111\7883\hotspot\src\share\vm\runtime\sharedRuntime.cpp, line 1085]
Event: 18.639 Thread 0x0000000019c81000 Exception <a 'java/lang/NullPointerException'> (0x00000000def56230) thrown at [C:\re\workspace\8-2-build-windows-amd64-cygwin\jdk8u111\7883\hotspot\src\share\vm\runtime\sharedRuntime.cpp, line 1085]

Events (10 events):
Event: 18.451 Thread 0x0000000019c81000 DEOPT UNPACKING pc=0x00000000029d582a sp=0x000000001b0db978 mode 2
Event: 18.451 Thread 0x0000000019c81000 Uncommon trap: trap_request=0xffffff65 fr.pc=0x000000000371ff74
Event: 18.451 Thread 0x0000000019c81000 DEOPT PACKING pc=0x000000000371ff74 sp=0x000000001b0dbee0
Event: 18.451 Thread 0x0000000019c81000 DEOPT UNPACKING pc=0x00000000029d582a sp=0x000000001b0dbe98 mode 2
Event: 18.494 Thread 0x0000000019c81000 Uncommon trap: trap_request=0xffffff65 fr.pc=0x00000000036e95f0
Event: 18.494 Thread 0x0000000019c81000 DEOPT PACKING pc=0x00000000036e95f0 sp=0x000000001b0ddfd0
Event: 18.494 Thread 0x0000000019c81000 DEOPT UNPACKING pc=0x00000000029d582a sp=0x000000001b0ddf18 mode 2
Event: 18.511 Thread 0x0000000019c81000 Uncommon trap: trap_request=0xffffff65 fr.pc=0x00000000037b20e8
Event: 18.511 Thread 0x0000000019c81000 DEOPT PACKING pc=0x00000000037b20e8 sp=0x000000001b0dbf70
Event: 18.511 Thread 0x0000000019c81000 DEOPT UNPACKING pc=0x00000000029d582a sp=0x000000001b0dbf20 mode 2


Dynamic libraries:
0x000000013fa10000 - 0x000000013fa47000 	C:\Program Files\Java\jre1.8.0_111\bin\javaw.exe
0x0000000077720000 - 0x00000000778cb000 	C:\Windows\SYSTEM32\ntdll.dll
0x0000000077600000 - 0x000000007771f000 	C:\Windows\system32\kernel32.dll
0x000007fefd990000 - 0x000007fefd9fa000 	C:\Windows\system32\KERNELBASE.dll
0x000007fefe590000 - 0x000007fefe66b000 	C:\Windows\system32\ADVAPI32.dll
0x000007feff890000 - 0x000007feff92f000 	C:\Windows\system32\msvcrt.dll
0x000007fefe670000 - 0x000007fefe68f000 	C:\Windows\SYSTEM32\sechost.dll
0x000007fefe7a0000 - 0x000007fefe8cd000 	C:\Windows\system32\RPCRT4.dll
0x0000000077500000 - 0x00000000775fa000 	C:\Windows\system32\USER32.dll
0x000007feff820000 - 0x000007feff887000 	C:\Windows\system32\GDI32.dll
0x000007fefe3a0000 - 0x000007fefe3ae000 	C:\Windows\system32\LPK.dll
0x000007fefe130000 - 0x000007fefe1fa000 	C:\Windows\system32\USP10.dll
0x000007fefbf20000 - 0x000007fefc114000 	C:\Windows\WinSxS\amd64_microsoft.windows.common-controls_6595b64144ccf1df_6.0.7601.23403_none_e36ad4593102f066\COMCTL32.dll
0x000007feff9b0000 - 0x000007feffa21000 	C:\Windows\system32\SHLWAPI.dll
0x000007fefe930000 - 0x000007fefe95e000 	C:\Windows\system32\IMM32.DLL
0x000007fefe690000 - 0x000007fefe799000 	C:\Windows\system32\MSCTF.dll
0x000007fefd640000 - 0x000007fefd670000 	C:\Windows\system32\nvinitx.dll
0x000007fefd630000 - 0x000007fefd63c000 	C:\Windows\system32\VERSION.dll
0x00000000752a0000 - 0x00000000752a6000 	C:\Program Files\NVIDIA Corporation\CoProcManager\detoured.dll
0x000007fefb370000 - 0x000007fefb3a8000 	C:\Program Files\NVIDIA Corporation\CoProcManager\nvd3d9wrapx.dll
0x000007fefdae0000 - 0x000007fefdcb7000 	C:\Windows\system32\SETUPAPI.dll
0x000007fefda00000 - 0x000007fefda36000 	C:\Windows\system32\CFGMGR32.dll
0x000007feff6f0000 - 0x000007feff7c8000 	C:\Windows\system32\OLEAUT32.dll
0x000007fefdf20000 - 0x000007fefe123000 	C:\Windows\system32\ole32.dll
0x000007fefd970000 - 0x000007fefd98a000 	C:\Windows\system32\DEVOBJ.dll
0x000007fefb340000 - 0x000007fefb364000 	C:\Program Files\NVIDIA Corporation\CoProcManager\nvdxgiwrapx.dll
0x0000000070750000 - 0x0000000070822000 	C:\Program Files\Java\jre1.8.0_111\bin\msvcr100.dll
0x00000000505c0000 - 0x0000000050e5a000 	C:\Program Files\Java\jre1.8.0_111\bin\server\jvm.dll
0x000007feeea60000 - 0x000007feeea69000 	C:\Windows\system32\WSOCK32.dll
0x000007feff7d0000 - 0x000007feff81d000 	C:\Windows\system32\WS2_32.dll
0x000007fefe580000 - 0x000007fefe588000 	C:\Windows\system32\NSI.dll
0x000007fefb1b0000 - 0x000007fefb1eb000 	C:\Windows\system32\WINMM.dll
0x00000000778f0000 - 0x00000000778f7000 	C:\Windows\system32\PSAPI.DLL
0x0000000074320000 - 0x000000007432f000 	C:\Program Files\Java\jre1.8.0_111\bin\verify.dll
0x00000000717a0000 - 0x00000000717c9000 	C:\Program Files\Java\jre1.8.0_111\bin\java.dll
0x0000000071780000 - 0x0000000071796000 	C:\Program Files\Java\jre1.8.0_111\bin\zip.dll
0x000007fefe960000 - 0x000007feff6ec000 	C:\Windows\system32\SHELL32.dll
0x000007fefd670000 - 0x000007fefd67f000 	C:\Windows\system32\profapi.dll
0x0000000070ba0000 - 0x0000000070d38000 	C:\Program Files\Java\jre1.8.0_111\bin\awt.dll
0x000007fefb7f0000 - 0x000007fefb808000 	C:\Windows\system32\DWMAPI.DLL
0x000007fefbdb0000 - 0x000007fefbe06000 	C:\Windows\system32\uxtheme.dll
0x000007fefd520000 - 0x000007fefd52f000 	C:\Windows\system32\CRYPTBASE.dll
0x000007fefcec0000 - 0x000007fefced8000 	C:\Windows\system32\CRYPTSP.dll
0x000007fefcba0000 - 0x000007fefcbe7000 	C:\Windows\system32\rsaenh.dll
0x000007fefcc90000 - 0x000007fefccaf000 	C:\Windows\system32\USERENV.dll
0x0000000071760000 - 0x000000007177a000 	C:\Program Files\Java\jre1.8.0_111\bin\net.dll
0x000007fefce60000 - 0x000007fefceb5000 	C:\Windows\system32\mswsock.dll
0x000007fefce50000 - 0x000007fefce57000 	C:\Windows\System32\wship6.dll
0x000007fefaab0000 - 0x000007fefaad7000 	C:\Windows\system32\IPHLPAPI.DLL
0x000007fefaaa0000 - 0x000007fefaaab000 	C:\Windows\system32\WINNSI.DLL
0x000007fef9ff0000 - 0x000007fefa008000 	C:\Windows\system32\dhcpcsvc.DLL
0x000007fef9fd0000 - 0x000007fef9fe1000 	C:\Windows\system32\dhcpcsvc6.DLL
0x0000000071740000 - 0x0000000071751000 	C:\Program Files\Java\jre1.8.0_111\bin\nio.dll
0x0000000070b50000 - 0x0000000070b97000 	C:\Program Files\Java\jre1.8.0_111\bin\fontmanager.dll
0x0000000070b00000 - 0x0000000070b42000 	C:\Program Files\Java\jre1.8.0_111\bin\t2k.dll
0x000007fefb110000 - 0x000007fefb1b0000 	C:\Windows\WinSxS\amd64_microsoft.windows.common-controls_6595b64144ccf1df_5.82.7601.17514_none_a4d6a923711520a9\comctl32.dll
0x000007fefe3b0000 - 0x000007fefe449000 	C:\Windows\system32\CLBCatQ.DLL
0x000007fefbc10000 - 0x000007fefbd3c000 	C:\Windows\system32\propsys.dll
0x000007fefc5b0000 - 0x000007fefc5dd000 	C:\Windows\system32\ntmarta.dll
0x000007fefe8d0000 - 0x000007fefe922000 	C:\Windows\system32\WLDAP32.dll
0x000007fefd4c0000 - 0x000007fefd517000 	C:\Windows\system32\apphelp.dll
0x000007fef5410000 - 0x000007fef55ac000 	C:\Windows\system32\NetworkExplorer.dll
0x000007fef7940000 - 0x000007fef7974000 	C:\Windows\System32\shdocvw.dll
0x000007fefac90000 - 0x000007fefac9b000 	C:\Windows\system32\slc.dll
0x000007fefa5b0000 - 0x000007fefa5c8000 	C:\Windows\system32\MPR.dll
0x000007fefa5d0000 - 0x000007fefa5da000 	C:\Windows\System32\drprov.dll
0x000007fefd5d0000 - 0x000007fefd60d000 	C:\Windows\System32\WINSTA.dll
0x000007fef53e0000 - 0x000007fef5402000 	C:\Windows\System32\ntlanman.dll
0x000007fef5330000 - 0x000007fef534e000 	C:\Windows\System32\davclnt.dll
0x000007fef5320000 - 0x000007fef532a000 	C:\Windows\System32\DAVHLPR.dll
0x000007fefb520000 - 0x000007fefb535000 	C:\Windows\system32\wkscli.dll
0x000007fef97a0000 - 0x000007fef97af000 	C:\Windows\system32\cscapi.dll
0x000007fefb540000 - 0x000007fefb54c000 	C:\Windows\system32\netutils.dll
0x000007fee3010000 - 0x000007fee3281000 	C:\Windows\system32\wpdshext.dll
0x000007fefb9a0000 - 0x000007fefbbb6000 	C:\Windows\WinSxS\amd64_microsoft.windows.gdiplus_6595b64144ccf1df_1.1.7601.23407_none_14556c1e8b95d0b8\gdiplus.dll
0x000007fef2070000 - 0x000007fef212d000 	C:\Windows\system32\PortableDeviceApi.dll
0x000007fefd720000 - 0x000007fefd75b000 	C:\Windows\system32\WINTRUST.dll
0x000000001d2d0000 - 0x000000001d43d000 	C:\Windows\system32\CRYPT32.dll
0x000007fefd710000 - 0x000007fefd71f000 	C:\Windows\system32\MSASN1.dll
0x000007fef9840000 - 0x000007fef9875000 	C:\Windows\system32\EhStorShell.dll
0x000007feeef70000 - 0x000007feeef97000 	C:\Windows\system32\EhStorAPI.dll
0x000007fef7930000 - 0x000007fef793c000 	C:\Windows\system32\LINKINFO.dll
0x000007fefb680000 - 0x000007fefb7aa000 	C:\Windows\system32\WindowsCodecs.dll
0x000007fef9bd0000 - 0x000007fef9c4f000 	C:\Program Files (x86)\Adobe\Adobe Creative Cloud\CoreSyncExtension\CoreSync_x64.dll
0x000007fefa540000 - 0x000007fefa543000 	C:\Windows\system32\api-ms-win-core-synch-l1-2-0.DLL
0x000007fef97c0000 - 0x000007fef983e000 	C:\Windows\System32\cscui.dll
0x000007fef97b0000 - 0x000007fef97bc000 	C:\Windows\System32\CSCDLL.dll
0x000007fef9720000 - 0x000007fef97a0000 	C:\Windows\system32\ntshrui.dll
0x000007fefd390000 - 0x000007fefd3b3000 	C:\Windows\system32\srvcli.dll
0x0000000180000000 - 0x0000000180051000 	C:\Users\C17\git\MetaCiv\MetaCiv\lib\natives-win\lwjgl64.dll
0x000007fef6990000 - 0x000007fef6aad000 	C:\Windows\system32\OPENGL32.dll
0x000007fef6960000 - 0x000007fef698d000 	C:\Windows\system32\GLU32.dll
0x000007fef6860000 - 0x000007fef6951000 	C:\Windows\system32\DDRAW.dll
0x000007fef6850000 - 0x000007fef6858000 	C:\Windows\system32\DCIMAN32.dll
0x000000001fbd0000 - 0x000000002035e000 	C:\Windows\system32\ig75icd64.dll
0x000007fef7e30000 - 0x000007fef8274000 	C:\Windows\system32\igdusc64.dll
0x000007fefa230000 - 0x000007fefa2cc000 	C:\Windows\system32\mscms.dll
0x000007fee8060000 - 0x000007fee80a2000 	C:\Windows\system32\icm32.dll
0x0000000070ad0000 - 0x0000000070afa000 	C:\Program Files\Java\jre1.8.0_111\bin\dcpr.dll
0x00000000706a0000 - 0x0000000070742000 	C:\Program Files\Java\jre1.8.0_111\bin\mlib_image.dll
0x000007feecb40000 - 0x000007feecc65000 	C:\Windows\system32\dbghelp.dll

VM Arguments:
jvm_args: -Djava.library.path=C:\Users\C17\git\MetaCiv\MetaCiv\lib\natives-win -Dfile.encoding=Cp1252 
java_command: civilisation.CivLauncher
java_class_path (initial): C:\Users\C17\git\MetaCiv\MetaCiv\bin;C:\Users\C17\git\MetaCiv\MetaCiv\lib\turtlekit-3.0.0.4.jar;C:\Users\C17\git\MetaCiv\MetaCiv\lib\jars\lwjgl_util.jar;C:\Users\C17\git\MetaCiv\MetaCiv\lib\jars\lwjgl.jar;C:\Users\C17\git\MetaCiv\MetaCiv\lib\jars\slick-util.jar
Launcher Type: SUN_STANDARD

Environment Variables:
PATH=C:/Program Files/Java/jre1.8.0_111/bin/server;C:/Program Files/Java/jre1.8.0_111/bin;C:/Program Files/Java/jre1.8.0_111/lib/amd64;C:\ProgramData\Oracle\Java\javapath;C:\Program Files (x86)\Intel\iCLS Client\;C:\Program Files\Intel\iCLS Client\;C:\Windows\system32;C:\Windows;C:\Windows\System32\Wbem;C:\Windows\System32\WindowsPowerShell\v1.0\;C:\Program Files (x86)\NVIDIA Corporation\PhysX\Common;C:\Program Files\Intel\Intel(R) Management Engine Components\DAL;C:\Program Files\Intel\Intel(R) Management Engine Components\IPT;C:\Program Files (x86)\Intel\Intel(R) Management Engine Components\DAL;C:\Program Files (x86)\Intel\Intel(R) Management Engine Components\IPT;C:\Program Files (x86)\Skype\Phone\;C:\Windows\system32\config\systemprofile\.dnx\bin;C:\Program Files\Microsoft DNX\Dnvm\;C:\Program Files\Microsoft SQL Server\130\Tools\Binn\;C:\Program Files\Common Files\Autodesk Shared\;%R_HOME%;c:\python27\lib\site-packages\pywin32_system32;C:\Python27\Lib\site-packages\shared_libs;c:\python27\lib\site-packages\scons-2.3.0-py2.7-win32.egg\EGG-INFO\scripts;c:\python27\lib\site-packages\ann-1.1.2-win32.egg\bin;c:\python27\lib\site-packages\vplants.plantgl-2.19.0-py2.7-win32.egg\bin;c:\python27\lib\site-packages\qt4-4.8.5-py2.7-win32.egg\bin;c:\python27\lib\site-packages\vplants.aml-1.2.0-py2.7-win32.egg\bin;c:\python27\lib\site-packages\cgal-4.0-win32.egg\bin;c:\python27\lib\site-packages\mingw-5.1.4_4c-py2.7-win32.egg\bin;c:\python27\lib\site-packages\qt4_dev-4.8.5-py2.7-win32.egg\bin;c:\python27\lib\site-packages\bisonflex-2.4.1_2.5.35-win32.egg\bin;c:\python27\lib\site-packages\cmake-2.8.11.2-py2.7-win32.egg\bin;c:\python27\lib\site-packages\alinea.caribu-6.1.0-py2.7-win32.egg\bin;C:\Users\C17\Desktop;
USERNAME=C17
OS=Windows_NT
PROCESSOR_IDENTIFIER=Intel64 Family 6 Model 60 Stepping 3, GenuineIntel



---------------  S Y S T E M  ---------------

OS: Windows 7 , 64 bit Build 7601 (6.1.7601.23455)

CPU:total 4 (2 cores per cpu, 2 threads per core) family 6 model 60 stepping 3, cmov, cx8, fxsr, mmx, sse, sse2, sse3, ssse3, sse4.1, sse4.2, popcnt, avx, avx2, aes, clmul, erms, lzcnt, ht, tsc, tscinvbit, bmi1, bmi2

Memory: 4k page, physical 8307368k(3235440k free), swap 16612876k(10871492k free)

vm_info: Java HotSpot(TM) 64-Bit Server VM (25.111-b14) for windows-amd64 JRE (1.8.0_111-b14), built on Sep 22 2016 19:24:05 by "java_re" with MS VC++ 10.0 (VS2010)

time: Sat Apr 29 17:15:45 2017
elapsed time: 18 seconds (0d 0h 0m 18s)

