#
# A fatal error has been detected by the Java Runtime Environment:
#
#  EXCEPTION_ACCESS_VIOLATION (0xc0000005) at pc=0x000000001f7ad4b0, pid=1300, tid=0x0000000000001750
#
# JRE version: Java(TM) SE Runtime Environment (8.0_111-b14) (build 1.8.0_111-b14)
# Java VM: Java HotSpot(TM) 64-Bit Server VM (25.111-b14 mixed mode windows-amd64 compressed oops)
# Problematic frame:
# C  [ig75icd64.dll+0x7d4b0]
#
# Failed to write core dump. Minidumps are not enabled by default on client versions of Windows
#
# If you would like to submit a bug report, please visit:
#   http://bugreport.java.com/bugreport/crash.jsp
# The crash happened outside the Java Virtual Machine in native code.
# See problematic frame for where to report the bug.
#

---------------  T H R E A D  ---------------

Current thread (0x0000000019e6c000):  JavaThread "Thread-19" [_thread_in_native, id=5968, stack(0x000000001e700000,0x000000001e800000)]

siginfo: ExceptionCode=0xc0000005, reading address 0x0000000000000000

Registers:
RAX=0x0000000000000000, RBX=0x0000000020464600, RCX=0x0000000000000000, RDX=0x0000000000000000
RSP=0x000000001e7fcf90, RBP=0x000000001e7fd0c0, RSI=0x00000000237c75a8, RDI=0x000000004f7fd000
R8 =0x0000000000000040, R9 =0x0000000000000000, R10=0x0000000000000004, R11=0x000000001e7fd780
R12=0x0000000021e6d870, R13=0x0000000000000040, R14=0x00000000237c7580, R15=0x0000000000000010
RIP=0x000000001f7ad4b0, EFLAGS=0x0000000000010202

Top of Stack: (sp=0x000000001e7fcf90)
0x000000001e7fcf90:   000000003f7e1783 0000000000000000
0x000000001e7fcfa0:   0000000000000000 0000000000000000
0x000000001e7fcfb0:   000000002047ca20 000000001f8902d9
0x000000001e7fcfc0:   0000000020464600 00000000237c75a8
0x000000001e7fcfd0:   000000001e7fd0c0 000000001d2cbae0
0x000000001e7fcfe0:   000000001e7fd001 0000000052cde95b
0x000000001e7fcff0:   0000004000000006 000000001e7fd780
0x000000001e7fd000:   000000002047ca20 0000000000000006
0x000000001e7fd010:   000000001270731c 0000000019e6c000
0x000000001e7fd020:   0000000000000054 0000000012707350
0x000000001e7fd030:   000000001e7fd070 00000000237d23c0
0x000000001e7fd040:   00000000127073d4 000000001e7fda70
0x000000001e7fd050:   000000001e7fd070 0000000000000000
0x000000001e7fd060:   0000000000000006 000000000000061f
0x000000001e7fd070:   0000000000000006 0000000000000040
0x000000001e7fd080:   0000000012707370 0000000000000006 

Instructions: (pc=0x000000001f7ad4b0)
0x000000001f7ad490:   72 9e 41 83 e0 7f 74 34 45 8b d0 44 8b c9 49 c1
0x000000001f7ad4a0:   ea 04 4d 85 d2 74 25 66 0f 1f 84 00 00 00 00 00
0x000000001f7ad4b0:   66 0f 6f 02 41 ff c1 48 83 c7 10 41 8b c1 66 0f
0x000000001f7ad4c0:   e7 47 f0 48 83 c2 10 49 3b c2 72 e4 0f 28 74 24 


Register to memory mapping:

RAX=0x0000000000000000 is an unknown value
RBX=0x0000000020464600 is an unknown value
RCX=0x0000000000000000 is an unknown value
RDX=0x0000000000000000 is an unknown value
RSP=0x000000001e7fcf90 is pointing into the stack for thread: 0x0000000019e6c000
RBP=0x000000001e7fd0c0 is pointing into the stack for thread: 0x0000000019e6c000
RSI=0x00000000237c75a8 is an unknown value
RDI=0x000000004f7fd000 is an unknown value
R8 =0x0000000000000040 is an unknown value
R9 =0x0000000000000000 is an unknown value
R10=0x0000000000000004 is an unknown value
R11=0x000000001e7fd780 is pointing into the stack for thread: 0x0000000019e6c000
R12=0x0000000021e6d870 is an unknown value
R13=0x0000000000000040 is an unknown value
R14=0x00000000237c7580 is an unknown value
R15=0x0000000000000010 is an unknown value


Stack: [0x000000001e700000,0x000000001e800000],  sp=0x000000001e7fcf90,  free space=1011k
Native frames: (J=compiled Java code, j=interpreted, Vv=VM code, C=native code)
C  [ig75icd64.dll+0x7d4b0]
C  [ig75icd64.dll+0x1602d9]
C  [ig75icd64.dll+0x206305]
C  [ig75icd64.dll+0x58fb0]
C  [ig75icd64.dll+0x251195]
C  [ig75icd64.dll+0x7c731]
C  [ig75icd64.dll+0x14ecf0]
C  [ig75icd64.dll+0x14ee51]
C  [ig75icd64.dll+0x150a43]
C  [lwjgl64.dll+0xbd00]
C  0x00000000028b7f74

Java frames: (J=compiled Java code, j=interpreted, Vv=VM code)
j  org.lwjgl.opengl.GL31.nglDrawElementsInstancedBO(IIIJIJ)V+0
j  org.lwjgl.opengl.GL31.glDrawElementsInstanced(IIIJI)V+30
J 4443 C1 renderEngine.instanced.InstancedRenderer.render(Ljava/util/Map;LrenderEngine/entities/Camera;)V (368 bytes) @ 0x0000000003682c84 [0x00000000036804e0+0x27a4]
J 4403 C1 renderEngine.MasterRenderer.render(Ljava/util/List;LrenderEngine/entities/Camera;Ljava/awt/image/BufferedImage;LrenderEngine/entities/Light;Ljava/util/ArrayList;Lorg/lwjgl/util/vector/Vector4f;FZZZLrenderEngine/shadowsMapping/ShadowFrameBuffer;LrenderEngine/sea/SeaFrameBuffers;Lorg/lwjgl/util/vector/Matrix4f;Lorg/lwjgl/util/vector/Matrix4f;)V (205 bytes) @ 0x0000000003616414 [0x00000000036142a0+0x2174]
j  renderEngine.renderMain.run()V+1149
j  java.lang.Thread.run()V+11
v  ~StubRoutines::call_stub

---------------  P R O C E S S  ---------------

Java Threads: ( => current thread )
  0x0000000019e6b000 JavaThread "LWJGL Timer" daemon [_thread_blocked, id=2220, stack(0x000000001fee0000,0x000000001ffe0000)]
=>0x0000000019e6c000 JavaThread "Thread-19" [_thread_in_native, id=5968, stack(0x000000001e700000,0x000000001e800000)]
  0x0000000019e69000 JavaThread "LIVING-7" [_thread_blocked, id=6028, stack(0x000000001f2a0000,0x000000001f3a0000)]
  0x0000000019e65000 JavaThread "DestroyJavaVM" [_thread_blocked, id=5536, stack(0x00000000024d0000,0x00000000025d0000)]
  0x000000001d26a000 JavaThread "LIVING-2" daemon [_thread_blocked, id=5396, stack(0x000000001e800000,0x000000001e900000)]
  0x000000001a08c000 JavaThread "LIVING-1" daemon [_thread_blocked, id=1744, stack(0x0000000019690000,0x0000000019790000)]
  0x0000000019c1e000 JavaThread "TimerQueue" daemon [_thread_blocked, id=5572, stack(0x000000001ce70000,0x000000001cf70000)]
  0x0000000019cca000 JavaThread "Swing-Shell" daemon [_thread_blocked, id=2136, stack(0x000000001c7a0000,0x000000001c8a0000)]
  0x0000000019b29000 JavaThread "AWT-EventQueue-0" [_thread_in_vm, id=480, stack(0x000000001af60000,0x000000001b060000)]
  0x0000000019b01800 JavaThread "AWT-Windows" daemon [_thread_in_native, id=1244, stack(0x000000001a560000,0x000000001a660000)]
  0x0000000019afe800 JavaThread "AWT-Shutdown" [_thread_blocked, id=1388, stack(0x000000001a290000,0x000000001a390000)]
  0x0000000019af8800 JavaThread "Java2D Disposer" daemon [_thread_blocked, id=1344, stack(0x0000000019800000,0x0000000019900000)]
  0x0000000018dcd000 JavaThread "Service Thread" daemon [_thread_blocked, id=1380, stack(0x00000000192d0000,0x00000000193d0000)]
  0x0000000018d61000 JavaThread "C1 CompilerThread2" daemon [_thread_blocked, id=256, stack(0x0000000018a40000,0x0000000018b40000)]
  0x0000000018d60800 JavaThread "C2 CompilerThread1" daemon [_thread_blocked, id=3284, stack(0x0000000019180000,0x0000000019280000)]
  0x0000000017588000 JavaThread "C2 CompilerThread0" daemon [_thread_blocked, id=2424, stack(0x00000000187a0000,0x00000000188a0000)]
  0x0000000017586000 JavaThread "Attach Listener" daemon [_thread_blocked, id=960, stack(0x0000000018c60000,0x0000000018d60000)]
  0x0000000017583000 JavaThread "Signal Dispatcher" daemon [_thread_blocked, id=228, stack(0x0000000018b50000,0x0000000018c50000)]
  0x000000001756c800 JavaThread "Finalizer" daemon [_thread_blocked, id=6008, stack(0x00000000188e0000,0x00000000189e0000)]
  0x0000000017525800 JavaThread "Reference Handler" daemon [_thread_blocked, id=3292, stack(0x00000000186a0000,0x00000000187a0000)]

Other Threads:
  0x000000001751a000 VMThread [stack: 0x00000000184b0000,0x00000000185b0000] [id=3388]
  0x0000000018de1800 WatcherThread [stack: 0x00000000194d0000,0x00000000195d0000] [id=5192]

VM state:not at safepoint (normal execution)

VM Mutex/Monitor currently owned by a thread: None

Heap:
 PSYoungGen      total 246272K, used 102342K [0x00000000d5b80000, 0x00000000e6680000, 0x0000000100000000)
  eden space 228352K, 43% used [0x00000000d5b80000,0x00000000dbc70728,0x00000000e3a80000)
  from space 17920K, 17% used [0x00000000e5500000,0x00000000e5801430,0x00000000e6680000)
  to   space 22528K, 0% used [0x00000000e3a80000,0x00000000e3a80000,0x00000000e5080000)
 ParOldGen       total 126464K, used 53223K [0x0000000081200000, 0x0000000088d80000, 0x00000000d5b80000)
  object space 126464K, 42% used [0x0000000081200000,0x00000000845f9da8,0x0000000088d80000)
 Metaspace       used 26851K, capacity 27223K, committed 27648K, reserved 1073152K
  class space    used 3872K, capacity 3977K, committed 4096K, reserved 1048576K

Card table byte_map: [0x0000000011c60000,0x0000000012060000] byte_map_base: 0x0000000011857000

Marking Bits: (ParMarkBitMap*) 0x00000000531da6c0
 Begin Bits: [0x0000000012820000, 0x00000000147d8000)
 End Bits:   [0x00000000147d8000, 0x0000000016790000)

Polling page: 0x0000000000320000

CodeCache: size=245760Kb used=14759Kb max_used=14870Kb free=231000Kb
 bounds [0x00000000028a0000, 0x0000000003750000, 0x00000000118a0000]
 total_blobs=4973 nmethods=4245 adapters=638
 compilation: enabled

Compilation events (10 events):
Event: 26.236 Thread 0x0000000017588000 5105       4       civilisation.individu.Human::putAttr (725 bytes)
Event: 26.351 Thread 0x0000000017588000 nmethod 5105 0x000000000358b150 code [0x000000000358b3a0, 0x000000000358cf28]
Event: 26.592 Thread 0x0000000018d61000 5107       3       sun.misc.FloatingDecimal$BinaryToASCIIBuffer::dtoa (1509 bytes)
Event: 26.600 Thread 0x0000000018d60800 5108       4       civilisation.individu.Esprit::getCognitonOfType (56 bytes)
Event: 26.602 Thread 0x0000000018d61000 nmethod 5107 0x000000000349e310 code [0x000000000349e760, 0x00000000034a0f58]
Event: 26.603 Thread 0x0000000018d61000 5106       3       sun.misc.FloatingDecimal$BinaryToASCIIBuffer::access$100 (11 bytes)
Event: 26.603 Thread 0x0000000018d61000 nmethod 5106 0x000000000349de90 code [0x000000000349e000, 0x000000000349e168]
Event: 26.618 Thread 0x0000000018d60800 nmethod 5108 0x0000000003587690 code [0x00000000035877e0, 0x0000000003587d38]
Event: 26.762 Thread 0x0000000018d61000 5109       3       civilisation.world.WorldViewer::paintPatch (287 bytes)
Event: 26.770 Thread 0x0000000018d61000 nmethod 5109 0x00000000033e3390 code [0x00000000033e3740, 0x00000000033e5c58]

GC Heap History (10 events):
Event: 11.476 GC heap before
{Heap before GC invocations=12 (full 2):
 PSYoungGen      total 153600K, used 150456K [0x00000000d5b80000, 0x00000000e2180000, 0x0000000100000000)
  eden space 137216K, 100% used [0x00000000d5b80000,0x00000000de180000,0x00000000de180000)
  from space 16384K, 80% used [0x00000000de180000,0x00000000dee6e040,0x00000000df180000)
  to   space 17920K, 0% used [0x00000000e1000000,0x00000000e1000000,0x00000000e2180000)
 ParOldGen       total 126464K, used 44911K [0x0000000081200000, 0x0000000088d80000, 0x00000000d5b80000)
  object space 126464K, 35% used [0x0000000081200000,0x0000000083ddbd88,0x0000000088d80000)
 Metaspace       used 26212K, capacity 26657K, committed 26752K, reserved 1073152K
  class space    used 3852K, capacity 3968K, committed 3968K, reserved 1048576K
Event: 11.479 GC heap after
Heap after GC invocations=12 (full 2):
 PSYoungGen      total 185344K, used 3416K [0x00000000d5b80000, 0x00000000e2280000, 0x0000000100000000)
  eden space 167424K, 0% used [0x00000000d5b80000,0x00000000d5b80000,0x00000000dff00000)
  from space 17920K, 19% used [0x00000000e1000000,0x00000000e1356030,0x00000000e2180000)
  to   space 17408K, 0% used [0x00000000dff00000,0x00000000dff00000,0x00000000e1000000)
 ParOldGen       total 126464K, used 44919K [0x0000000081200000, 0x0000000088d80000, 0x00000000d5b80000)
  object space 126464K, 35% used [0x0000000081200000,0x0000000083dddd88,0x0000000088d80000)
 Metaspace       used 26212K, capacity 26657K, committed 26752K, reserved 1073152K
  class space    used 3852K, capacity 3968K, committed 3968K, reserved 1048576K
}
Event: 12.825 GC heap before
{Heap before GC invocations=13 (full 2):
 PSYoungGen      total 185344K, used 170840K [0x00000000d5b80000, 0x00000000e2280000, 0x0000000100000000)
  eden space 167424K, 100% used [0x00000000d5b80000,0x00000000dff00000,0x00000000dff00000)
  from space 17920K, 19% used [0x00000000e1000000,0x00000000e1356030,0x00000000e2180000)
  to   space 17408K, 0% used [0x00000000dff00000,0x00000000dff00000,0x00000000e1000000)
 ParOldGen       total 126464K, used 44919K [0x0000000081200000, 0x0000000088d80000, 0x00000000d5b80000)
  object space 126464K, 35% used [0x0000000081200000,0x0000000083dddd88,0x0000000088d80000)
 Metaspace       used 26238K, capacity 26657K, committed 26752K, reserved 1073152K
  class space    used 3852K, capacity 3968K, committed 3968K, reserved 1048576K
Event: 12.835 GC heap after
Heap after GC invocations=13 (full 2):
 PSYoungGen      total 184832K, used 17400K [0x00000000d5b80000, 0x00000000e5000000, 0x0000000100000000)
  eden space 167424K, 0% used [0x00000000d5b80000,0x00000000d5b80000,0x00000000dff00000)
  from space 17408K, 99% used [0x00000000dff00000,0x00000000e0ffe050,0x00000000e1000000)
  to   space 23040K, 0% used [0x00000000e3980000,0x00000000e3980000,0x00000000e5000000)
 ParOldGen       total 126464K, used 53215K [0x0000000081200000, 0x0000000088d80000, 0x00000000d5b80000)
  object space 126464K, 42% used [0x0000000081200000,0x00000000845f7da8,0x0000000088d80000)
 Metaspace       used 26238K, capacity 26657K, committed 26752K, reserved 1073152K
  class space    used 3852K, capacity 3968K, committed 3968K, reserved 1048576K
}
Event: 17.758 GC heap before
{Heap before GC invocations=14 (full 2):
 PSYoungGen      total 184832K, used 184824K [0x00000000d5b80000, 0x00000000e5000000, 0x0000000100000000)
  eden space 167424K, 100% used [0x00000000d5b80000,0x00000000dff00000,0x00000000dff00000)
  from space 17408K, 99% used [0x00000000dff00000,0x00000000e0ffe050,0x00000000e1000000)
  to   space 23040K, 0% used [0x00000000e3980000,0x00000000e3980000,0x00000000e5000000)
 ParOldGen       total 126464K, used 53215K [0x0000000081200000, 0x0000000088d80000, 0x00000000d5b80000)
  object space 126464K, 42% used [0x0000000081200000,0x00000000845f7da8,0x0000000088d80000)
 Metaspace       used 26590K, capacity 26983K, committed 27392K, reserved 1073152K
  class space    used 3866K, capacity 3969K, committed 4096K, reserved 1048576K
Event: 17.768 GC heap after
Heap after GC invocations=14 (full 2):
 PSYoungGen      total 218112K, used 3050K [0x00000000d5b80000, 0x00000000e4b80000, 0x0000000100000000)
  eden space 199680K, 0% used [0x00000000d5b80000,0x00000000d5b80000,0x00000000e1e80000)
  from space 18432K, 16% used [0x00000000e3980000,0x00000000e3c7aba0,0x00000000e4b80000)
  to   space 23040K, 0% used [0x00000000e1e80000,0x00000000e1e80000,0x00000000e3500000)
 ParOldGen       total 126464K, used 53215K [0x0000000081200000, 0x0000000088d80000, 0x00000000d5b80000)
  object space 126464K, 42% used [0x0000000081200000,0x00000000845f7da8,0x0000000088d80000)
 Metaspace       used 26590K, capacity 26983K, committed 27392K, reserved 1073152K
  class space    used 3866K, capacity 3969K, committed 4096K, reserved 1048576K
}
Event: 21.999 GC heap before
{Heap before GC invocations=15 (full 2):
 PSYoungGen      total 218112K, used 202730K [0x00000000d5b80000, 0x00000000e4b80000, 0x0000000100000000)
  eden space 199680K, 100% used [0x00000000d5b80000,0x00000000e1e80000,0x00000000e1e80000)
  from space 18432K, 16% used [0x00000000e3980000,0x00000000e3c7aba0,0x00000000e4b80000)
  to   space 23040K, 0% used [0x00000000e1e80000,0x00000000e1e80000,0x00000000e3500000)
 ParOldGen       total 126464K, used 53215K [0x0000000081200000, 0x0000000088d80000, 0x00000000d5b80000)
  object space 126464K, 42% used [0x0000000081200000,0x00000000845f7da8,0x0000000088d80000)
 Metaspace       used 26742K, capacity 27159K, committed 27392K, reserved 1073152K
  class space    used 3871K, capacity 3977K, committed 4096K, reserved 1048576K
Event: 22.007 GC heap after
Heap after GC invocations=15 (full 2):
 PSYoungGen      total 222720K, used 2523K [0x00000000d5b80000, 0x00000000e6b80000, 0x0000000100000000)
  eden space 199680K, 0% used [0x00000000d5b80000,0x00000000d5b80000,0x00000000e1e80000)
  from space 23040K, 10% used [0x00000000e1e80000,0x00000000e20f6cc0,0x00000000e3500000)
  to   space 23040K, 0% used [0x00000000e5500000,0x00000000e5500000,0x00000000e6b80000)
 ParOldGen       total 126464K, used 53223K [0x0000000081200000, 0x0000000088d80000, 0x00000000d5b80000)
  object space 126464K, 42% used [0x0000000081200000,0x00000000845f9da8,0x0000000088d80000)
 Metaspace       used 26742K, capacity 27159K, committed 27392K, reserved 1073152K
  class space    used 3871K, capacity 3977K, committed 4096K, reserved 1048576K
}
Event: 25.212 GC heap before
{Heap before GC invocations=16 (full 2):
 PSYoungGen      total 222720K, used 202203K [0x00000000d5b80000, 0x00000000e6b80000, 0x0000000100000000)
  eden space 199680K, 100% used [0x00000000d5b80000,0x00000000e1e80000,0x00000000e1e80000)
  from space 23040K, 10% used [0x00000000e1e80000,0x00000000e20f6cc0,0x00000000e3500000)
  to   space 23040K, 0% used [0x00000000e5500000,0x00000000e5500000,0x00000000e6b80000)
 ParOldGen       total 126464K, used 53223K [0x0000000081200000, 0x0000000088d80000, 0x00000000d5b80000)
  object space 126464K, 42% used [0x0000000081200000,0x00000000845f9da8,0x0000000088d80000)
 Metaspace       used 26810K, capacity 27223K, committed 27648K, reserved 1073152K
  class space    used 3871K, capacity 3977K, committed 4096K, reserved 1048576K
Event: 25.220 GC heap after
Heap after GC invocations=16 (full 2):
 PSYoungGen      total 246272K, used 3077K [0x00000000d5b80000, 0x00000000e6680000, 0x0000000100000000)
  eden space 228352K, 0% used [0x00000000d5b80000,0x00000000d5b80000,0x00000000e3a80000)
  from space 17920K, 17% used [0x00000000e5500000,0x00000000e5801430,0x00000000e6680000)
  to   space 22528K, 0% used [0x00000000e3a80000,0x00000000e3a80000,0x00000000e5080000)
 ParOldGen       total 126464K, used 53223K [0x0000000081200000, 0x0000000088d80000, 0x00000000d5b80000)
  object space 126464K, 42% used [0x0000000081200000,0x00000000845f9da8,0x0000000088d80000)
 Metaspace       used 26810K, capacity 27223K, committed 27648K, reserved 1073152K
  class space    used 3871K, capacity 3977K, committed 4096K, reserved 1048576K
}

Deoptimization events (10 events):
Event: 19.137 Thread 0x0000000019b29000 Uncommon trap: reason=class_check action=maybe_recompile pc=0x0000000003110448 method=sun.java2d.SunGraphics2D.fill(Ljava/awt/Shape;)V @ 6
Event: 19.137 Thread 0x0000000019b29000 Uncommon trap: reason=bimorphic action=maybe_recompile pc=0x000000000333f9d8 method=sun.java2d.pipe.ShapeSpanIterator.appendPath(Ljava/awt/geom/PathIterator;)V @ 16
Event: 19.137 Thread 0x0000000019b29000 Uncommon trap: reason=unstable_if action=reinterpret pc=0x00000000031eb220 method=java.awt.geom.AffineTransform.transform([FI[FII)V @ 2
Event: 19.138 Thread 0x0000000019b29000 Uncommon trap: reason=class_check action=maybe_recompile pc=0x00000000034da250 method=sun.java2d.pipe.AlphaPaintPipe.startSequence(Lsun/java2d/SunGraphics2D;Ljava/awt/Shape;Ljava/awt/Rectangle;[I)Ljava/lang/Object; @ 10
Event: 19.138 Thread 0x0000000019b29000 Uncommon trap: reason=unstable_if action=reinterpret pc=0x00000000036690b0 method=java.awt.geom.Path2D$Float.getBounds2D()Ljava/awt/geom/Rectangle2D; @ 71
Event: 21.170 Thread 0x0000000019e69000 Uncommon trap: reason=unstable_if action=reinterpret pc=0x00000000031481ac method=java.lang.Math.max(FF)F @ 37
Event: 21.498 Thread 0x0000000019b29000 Uncommon trap: reason=speculate_class_check action=maybe_recompile pc=0x0000000002bc5ebc method=java.awt.Component.move(II)V @ 23
Event: 21.498 Thread 0x0000000019b29000 Uncommon trap: reason=speculate_class_check action=maybe_recompile pc=0x0000000002bc5ebc method=java.awt.Component.move(II)V @ 23
Event: 23.420 Thread 0x0000000019c1e000 Uncommon trap: reason=unstable_if action=reinterpret pc=0x0000000003418600 method=sun.awt.PostEventQueue.flush()V @ 23
Event: 26.761 Thread 0x0000000019b29000 Uncommon trap: reason=unstable_if action=reinterpret pc=0x0000000002f17b28 method=civilisation.world.WorldViewer.paintPatch(Ljava/awt/Graphics;Lturtlekit/kernel/Patch;III)V @ 235

Internal exceptions (10 events):
Event: 26.782 Thread 0x0000000019b29000 Exception <a 'java/lang/NullPointerException'> (0x00000000dba00500) thrown at [C:\re\workspace\8-2-build-windows-amd64-cygwin\jdk8u111\7883\hotspot\src\share\vm\runtime\sharedRuntime.cpp, line 605]
Event: 26.782 Thread 0x0000000019b29000 Implicit null exception at 0x00000000033e4fdf to 0x00000000033e59d2
Event: 26.782 Thread 0x0000000019b29000 Exception <a 'java/lang/NullPointerException'> (0x00000000dba008f0) thrown at [C:\re\workspace\8-2-build-windows-amd64-cygwin\jdk8u111\7883\hotspot\src\share\vm\runtime\sharedRuntime.cpp, line 605]
Event: 26.782 Thread 0x0000000019b29000 Implicit null exception at 0x00000000033e4fdf to 0x00000000033e59d2
Event: 26.782 Thread 0x0000000019b29000 Exception <a 'java/lang/NullPointerException'> (0x00000000dba00ce0) thrown at [C:\re\workspace\8-2-build-windows-amd64-cygwin\jdk8u111\7883\hotspot\src\share\vm\runtime\sharedRuntime.cpp, line 605]
Event: 26.782 Thread 0x0000000019b29000 Implicit null exception at 0x00000000033e4fdf to 0x00000000033e59d2
Event: 26.782 Thread 0x0000000019b29000 Exception <a 'java/lang/NullPointerException'> (0x00000000dba010d0) thrown at [C:\re\workspace\8-2-build-windows-amd64-cygwin\jdk8u111\7883\hotspot\src\share\vm\runtime\sharedRuntime.cpp, line 605]
Event: 26.782 Thread 0x0000000019b29000 Implicit null exception at 0x00000000033e4fdf to 0x00000000033e59d2
Event: 26.782 Thread 0x0000000019b29000 Exception <a 'java/lang/NullPointerException'> (0x00000000dba014c0) thrown at [C:\re\workspace\8-2-build-windows-amd64-cygwin\jdk8u111\7883\hotspot\src\share\vm\runtime\sharedRuntime.cpp, line 605]
Event: 26.782 Thread 0x0000000019b29000 Implicit null exception at 0x00000000033e4fdf to 0x00000000033e59d2

Events (10 events):
Event: 23.423 Thread 0x0000000018d61000 flushing nmethod 0x00000000036afd90
Event: 25.045 Thread 0x0000000019b29000 DEOPT PACKING pc=0x0000000002c6aa2a sp=0x000000001b05dc40
Event: 25.045 Thread 0x0000000019b29000 DEOPT UNPACKING pc=0x00000000028e787f sp=0x000000001b05d9b8 mode 0
Event: 25.211 Executing VM operation: ParallelGCFailedAllocation
Event: 25.220 Executing VM operation: ParallelGCFailedAllocation done
Event: 26.761 Thread 0x0000000019b29000 Uncommon trap: trap_request=0xffffff65 fr.pc=0x0000000002f17b28
Event: 26.761 Thread 0x0000000019b29000 DEOPT PACKING pc=0x0000000002f17b28 sp=0x000000001b05c790
Event: 26.761 Thread 0x0000000019b29000 DEOPT UNPACKING pc=0x00000000028e582a sp=0x000000001b05c748 mode 2
Event: 26.778 loading class org/lwjgl/opengl/GL31
Event: 26.778 loading class org/lwjgl/opengl/GL31 done


Dynamic libraries:
0x000000013f7a0000 - 0x000000013f7d7000 	C:\Program Files\Java\jre1.8.0_111\bin\javaw.exe
0x0000000076d90000 - 0x0000000076f3b000 	C:\Windows\SYSTEM32\ntdll.dll
0x0000000076b70000 - 0x0000000076c8f000 	C:\Windows\system32\kernel32.dll
0x000007fefcf20000 - 0x000007fefcf8a000 	C:\Windows\system32\KERNELBASE.dll
0x000007fefd880000 - 0x000007fefd95b000 	C:\Windows\system32\ADVAPI32.dll
0x000007fefeef0000 - 0x000007fefef8f000 	C:\Windows\system32\msvcrt.dll
0x000007fefef90000 - 0x000007fefefaf000 	C:\Windows\SYSTEM32\sechost.dll
0x000007fefe030000 - 0x000007fefe15d000 	C:\Windows\system32\RPCRT4.dll
0x0000000076c90000 - 0x0000000076d8a000 	C:\Windows\system32\USER32.dll
0x000007fefdc70000 - 0x000007fefdcd7000 	C:\Windows\system32\GDI32.dll
0x000007fefd0d0000 - 0x000007fefd0de000 	C:\Windows\system32\LPK.dll
0x000007fefdf60000 - 0x000007fefe02a000 	C:\Windows\system32\USP10.dll
0x000007fefb4b0000 - 0x000007fefb6a4000 	C:\Windows\WinSxS\amd64_microsoft.windows.common-controls_6595b64144ccf1df_6.0.7601.23403_none_e36ad4593102f066\COMCTL32.dll
0x000007fefd960000 - 0x000007fefd9d1000 	C:\Windows\system32\SHLWAPI.dll
0x000007fefdc40000 - 0x000007fefdc6e000 	C:\Windows\system32\IMM32.DLL
0x000007fefdb30000 - 0x000007fefdc39000 	C:\Windows\system32\MSCTF.dll
0x000007fefccb0000 - 0x000007fefcce0000 	C:\Windows\system32\nvinitx.dll
0x000007fefcca0000 - 0x000007fefccac000 	C:\Windows\system32\VERSION.dll
0x0000000074920000 - 0x0000000074926000 	C:\Program Files\NVIDIA Corporation\CoProcManager\detoured.dll
0x000007fefa790000 - 0x000007fefa7c8000 	C:\Program Files\NVIDIA Corporation\CoProcManager\nvd3d9wrapx.dll
0x000007fefdce0000 - 0x000007fefdeb7000 	C:\Windows\system32\SETUPAPI.dll
0x000007fefd070000 - 0x000007fefd0a6000 	C:\Windows\system32\CFGMGR32.dll
0x000007fefda50000 - 0x000007fefdb28000 	C:\Windows\system32\OLEAUT32.dll
0x000007fefd0e0000 - 0x000007fefd2e3000 	C:\Windows\system32\ole32.dll
0x000007fefcd90000 - 0x000007fefcdaa000 	C:\Windows\system32\DEVOBJ.dll
0x000007fefa760000 - 0x000007fefa784000 	C:\Program Files\NVIDIA Corporation\CoProcManager\nvdxgiwrapx.dll
0x0000000069de0000 - 0x0000000069eb2000 	C:\Program Files\Java\jre1.8.0_111\bin\msvcr100.dll
0x00000000529c0000 - 0x000000005325a000 	C:\Program Files\Java\jre1.8.0_111\bin\server\jvm.dll
0x000007fef1bd0000 - 0x000007fef1bd9000 	C:\Windows\system32\WSOCK32.dll
0x000007fefefb0000 - 0x000007fefeffd000 	C:\Windows\system32\WS2_32.dll
0x000007fefd9e0000 - 0x000007fefd9e8000 	C:\Windows\system32\NSI.dll
0x000007fef9f40000 - 0x000007fef9f7b000 	C:\Windows\system32\WINMM.dll
0x0000000076f50000 - 0x0000000076f57000 	C:\Windows\system32\PSAPI.DLL
0x0000000053cd0000 - 0x0000000053cdf000 	C:\Program Files\Java\jre1.8.0_111\bin\verify.dll
0x0000000053ca0000 - 0x0000000053cc9000 	C:\Program Files\Java\jre1.8.0_111\bin\java.dll
0x0000000053c80000 - 0x0000000053c96000 	C:\Program Files\Java\jre1.8.0_111\bin\zip.dll
0x000007fefe160000 - 0x000007fefeeec000 	C:\Windows\system32\SHELL32.dll
0x000007fefcce0000 - 0x000007fefccef000 	C:\Windows\system32\profapi.dll
0x00000000697e0000 - 0x0000000069978000 	C:\Program Files\Java\jre1.8.0_111\bin\awt.dll
0x000007fefae40000 - 0x000007fefae58000 	C:\Windows\system32\DWMAPI.DLL
0x000007fefb250000 - 0x000007fefb2a6000 	C:\Windows\system32\uxtheme.dll
0x000007fefcbd0000 - 0x000007fefcbdf000 	C:\Windows\system32\CRYPTBASE.dll
0x000007fefc570000 - 0x000007fefc588000 	C:\Windows\system32\CRYPTSP.dll
0x000007fefc250000 - 0x000007fefc297000 	C:\Windows\system32\rsaenh.dll
0x000007fefc340000 - 0x000007fefc35f000 	C:\Windows\system32\USERENV.dll
0x0000000053c60000 - 0x0000000053c7a000 	C:\Program Files\Java\jre1.8.0_111\bin\net.dll
0x000007fefc510000 - 0x000007fefc565000 	C:\Windows\system32\mswsock.dll
0x000007fefc500000 - 0x000007fefc507000 	C:\Windows\System32\wship6.dll
0x000007fef9960000 - 0x000007fef9987000 	C:\Windows\system32\IPHLPAPI.DLL
0x000007fef9950000 - 0x000007fef995b000 	C:\Windows\system32\WINNSI.DLL
0x000007fef9740000 - 0x000007fef9758000 	C:\Windows\system32\dhcpcsvc.DLL
0x000007fef9720000 - 0x000007fef9731000 	C:\Windows\system32\dhcpcsvc6.DLL
0x0000000053c40000 - 0x0000000053c51000 	C:\Program Files\Java\jre1.8.0_111\bin\nio.dll
0x000000006c7e0000 - 0x000000006c827000 	C:\Program Files\Java\jre1.8.0_111\bin\fontmanager.dll
0x000000006c790000 - 0x000000006c7d2000 	C:\Program Files\Java\jre1.8.0_111\bin\t2k.dll
0x000007fef9ea0000 - 0x000007fef9f40000 	C:\Windows\WinSxS\amd64_microsoft.windows.common-controls_6595b64144ccf1df_5.82.7601.17514_none_a4d6a923711520a9\comctl32.dll
0x000007feff000000 - 0x000007feff099000 	C:\Windows\system32\CLBCatQ.DLL
0x000007fefb330000 - 0x000007fefb45c000 	C:\Windows\system32\propsys.dll
0x000007fefae70000 - 0x000007fefae9d000 	C:\Windows\system32\ntmarta.dll
0x000007fefd9f0000 - 0x000007fefda42000 	C:\Windows\system32\WLDAP32.dll
0x000007fefcb70000 - 0x000007fefcbc7000 	C:\Windows\system32\apphelp.dll
0x000007fef4f00000 - 0x000007fef509c000 	C:\Windows\system32\NetworkExplorer.dll
0x000007fef71f0000 - 0x000007fef7224000 	C:\Windows\System32\shdocvw.dll
0x000007fefa870000 - 0x000007fefa87b000 	C:\Windows\system32\slc.dll
0x000007fef9440000 - 0x000007fef9458000 	C:\Windows\system32\MPR.dll
0x000007fef4ef0000 - 0x000007fef4efa000 	C:\Windows\System32\drprov.dll
0x000007fefc0a0000 - 0x000007fefc0dd000 	C:\Windows\System32\WINSTA.dll
0x000007fef4ec0000 - 0x000007fef4ee2000 	C:\Windows\System32\ntlanman.dll
0x000007fef4ea0000 - 0x000007fef4ebe000 	C:\Windows\System32\davclnt.dll
0x000007fef4e90000 - 0x000007fef4e9a000 	C:\Windows\System32\DAVHLPR.dll
0x000007fefab00000 - 0x000007fefab15000 	C:\Windows\system32\wkscli.dll
0x000007fef86f0000 - 0x000007fef86ff000 	C:\Windows\system32\cscapi.dll
0x000007fefab20000 - 0x000007fefab2c000 	C:\Windows\system32\netutils.dll
0x000007fee1df0000 - 0x000007fee2061000 	C:\Windows\system32\wpdshext.dll
0x000007fefb030000 - 0x000007fefb246000 	C:\Windows\WinSxS\amd64_microsoft.windows.gdiplus_6595b64144ccf1df_1.1.7601.23407_none_14556c1e8b95d0b8\gdiplus.dll
0x000007fef3090000 - 0x000007fef314d000 	C:\Windows\system32\PortableDeviceApi.dll
0x000007fefcf90000 - 0x000007fefcfcb000 	C:\Windows\system32\WINTRUST.dll
0x000000001cbf0000 - 0x000000001cd5d000 	C:\Windows\system32\CRYPT32.dll
0x000007fefcd80000 - 0x000007fefcd8f000 	C:\Windows\system32\MSASN1.dll
0x000007fef7900000 - 0x000007fef7935000 	C:\Windows\system32\EhStorShell.dll
0x000007fee9a20000 - 0x000007fee9a47000 	C:\Windows\system32\EhStorAPI.dll
0x000007fef71e0000 - 0x000007fef71ec000 	C:\Windows\system32\LINKINFO.dll
0x000007fefac20000 - 0x000007fefad4a000 	C:\Windows\system32\WindowsCodecs.dll
0x000007fef8720000 - 0x000007fef879f000 	C:\Program Files (x86)\Adobe\Adobe Creative Cloud\CoreSyncExtension\CoreSync_x64.dll
0x000007fef8710000 - 0x000007fef8713000 	C:\Windows\system32\api-ms-win-core-synch-l1-2-0.DLL
0x000007fef7880000 - 0x000007fef78fe000 	C:\Windows\System32\cscui.dll
0x000007fef8700000 - 0x000007fef870c000 	C:\Windows\System32\CSCDLL.dll
0x000007fef7800000 - 0x000007fef7880000 	C:\Windows\system32\ntshrui.dll
0x000007fefc8d0000 - 0x000007fefc8f3000 	C:\Windows\system32\srvcli.dll
0x0000000180000000 - 0x0000000180051000 	C:\Users\C17\git\MetaCiv\MetaCiv\lib\natives-win\lwjgl64.dll
0x000007fef5790000 - 0x000007fef58ad000 	C:\Windows\system32\OPENGL32.dll
0x000007fef5760000 - 0x000007fef578d000 	C:\Windows\system32\GLU32.dll
0x000007fef5660000 - 0x000007fef5751000 	C:\Windows\system32\DDRAW.dll
0x000007fef50a0000 - 0x000007fef50a8000 	C:\Windows\system32\DCIMAN32.dll
0x000000001f730000 - 0x000000001febe000 	C:\Windows\system32\ig75icd64.dll
0x000007fef7320000 - 0x000007fef7764000 	C:\Windows\system32\igdusc64.dll
0x000007fefa3a0000 - 0x000007fefa43c000 	C:\Windows\system32\mscms.dll
0x000007fee74d0000 - 0x000007fee7512000 	C:\Windows\system32\icm32.dll
0x000000006c760000 - 0x000000006c78a000 	C:\Program Files\Java\jre1.8.0_111\bin\dcpr.dll
0x0000000069690000 - 0x0000000069732000 	C:\Program Files\Java\jre1.8.0_111\bin\mlib_image.dll
0x000007feeabc0000 - 0x000007feeace5000 	C:\Windows\system32\dbghelp.dll

VM Arguments:
jvm_args: -Djava.library.path=C:\Users\C17\git\MetaCiv\MetaCiv\lib\natives-win -Dfile.encoding=Cp1252 
java_command: civilisation.CivLauncher
java_class_path (initial): C:\Users\C17\git\MetaCiv\MetaCiv\bin;C:\Users\C17\git\MetaCiv\MetaCiv\lib\turtlekit-3.0.0.4.jar;C:\Users\C17\git\MetaCiv\MetaCiv\lib\jars\lwjgl_util.jar;C:\Users\C17\git\MetaCiv\MetaCiv\lib\jars\lwjgl.jar;C:\Users\C17\git\MetaCiv\MetaCiv\lib\jars\slick-util.jar
Launcher Type: SUN_STANDARD

Environment Variables:
PATH=C:/Program Files/Java/jre1.8.0_111/bin/server;C:/Program Files/Java/jre1.8.0_111/bin;C:/Program Files/Java/jre1.8.0_111/lib/amd64;C:\ProgramData\Oracle\Java\javapath;C:\Program Files (x86)\Intel\iCLS Client\;C:\Program Files\Intel\iCLS Client\;C:\Windows\system32;C:\Windows;C:\Windows\System32\Wbem;C:\Windows\System32\WindowsPowerShell\v1.0\;C:\Program Files (x86)\NVIDIA Corporation\PhysX\Common;C:\Program Files\Intel\Intel(R) Management Engine Components\DAL;C:\Program Files\Intel\Intel(R) Management Engine Components\IPT;C:\Program Files (x86)\Intel\Intel(R) Management Engine Components\DAL;C:\Program Files (x86)\Intel\Intel(R) Management Engine Components\IPT;C:\Program Files (x86)\Skype\Phone\;C:\Windows\system32\config\systemprofile\.dnx\bin;C:\Program Files\Microsoft DNX\Dnvm\;C:\Program Files\Microsoft SQL Server\130\Tools\Binn\;C:\Program Files\Common Files\Autodesk Shared\;C:\Users\C17\Desktop;
USERNAME=C17
OS=Windows_NT
PROCESSOR_IDENTIFIER=Intel64 Family 6 Model 60 Stepping 3, GenuineIntel



---------------  S Y S T E M  ---------------

OS: Windows 7 , 64 bit Build 7601 (6.1.7601.23455)

CPU:total 4 (2 cores per cpu, 2 threads per core) family 6 model 60 stepping 3, cmov, cx8, fxsr, mmx, sse, sse2, sse3, ssse3, sse4.1, sse4.2, popcnt, avx, avx2, aes, clmul, erms, lzcnt, ht, tsc, tscinvbit, bmi1, bmi2

Memory: 4k page, physical 8307368k(3242616k free), swap 16612876k(10717556k free)

vm_info: Java HotSpot(TM) 64-Bit Server VM (25.111-b14) for windows-amd64 JRE (1.8.0_111-b14), built on Sep 22 2016 19:24:05 by "java_re" with MS VC++ 10.0 (VS2010)

time: Tue Apr 18 21:46:48 2017
elapsed time: 26 seconds (0d 0h 0m 26s)

