#
# A fatal error has been detected by the Java Runtime Environment:
#
#  EXCEPTION_ACCESS_VIOLATION (0xc0000005) at pc=0x000000005f94ce84, pid=5280, tid=0x0000000000000f28
#
# JRE version: Java(TM) SE Runtime Environment (8.0_111-b14) (build 1.8.0_111-b14)
# Java VM: Java HotSpot(TM) 64-Bit Server VM (25.111-b14 mixed mode windows-amd64 compressed oops)
# Problematic frame:
# C  [ig75icd64.dll+0x25ce84]
#
# Failed to write core dump. Minidumps are not enabled by default on client versions of Windows
#
# If you would like to submit a bug report, please visit:
#   http://bugreport.java.com/bugreport/crash.jsp
# The crash happened outside the Java Virtual Machine in native code.
# See problematic frame for where to report the bug.
#

---------------  T H R E A D  ---------------

Current thread (0x0000000059e26800):  JavaThread "Thread-20" [_thread_in_native, id=3880, stack(0x000000005f5f0000,0x000000005f6f0000)]

siginfo: ExceptionCode=0xc0000005, reading address 0x0000000000000000

Registers:
RAX=0x000000000036d520, RBX=0x000000005f6eec70, RCX=0x0000000063f3b310, RDX=0x000000005f6eec70
RSP=0x000000005f6eebf0, RBP=0x0000000060312b80, RSI=0x0000000000000000, RDI=0x0000000063f3b310
R8 =0x0000000060312b80, R9 =0x000000005f6f0000, R10=0x00000000003058c0, R11=0x000000005f6eece8
R12=0x0000000000000000, R13=0x00000000d5ff6068, R14=0x000000005f6eef18, R15=0x0000000059e26800
RIP=0x000000005f94ce84, EFLAGS=0x0000000000010246

Top of Stack: (sp=0x000000005f6eebf0)
0x000000005f6eebf0:   0000002a00000029 0000001500000016
0x000000005f6eec00:   0000004e00000007 0000003200000041
0x000000005f6eec10:   0000004500000000 000084c900000044
0x000000005f6eec20:   000000005f6eecc0 00000000000000c0
0x000000005f6eec30:   0000000060312b80 000000005f94adc0
0x000000005f6eec40:   7805400000000000 0000000000000000
0x000000005f6eec50:   0000000063f3b310 0000000000000000
0x000000005f6eec60:   0000000060312b80 000000005f94d200
0x000000005f6eec70:   0000000000000001 0000000063f3b310
0x000000005f6eec80:   0000000060312b80 0000000000000002
0x000000005f6eec90:   00000000003058c0 0000000000305760
0x000000005f6eeca0:   000000006407dcb4 0000000000000000
0x000000005f6eecb0:   0000000060312b80 000000005f94d348
0x000000005f6eecc0:   0000000000000001 0000000063f3b310
0x000000005f6eecd0:   0000000059e26800 0000000000000006
0x000000005f6eece0:   0000000060312b80 000000005f949aee 

Instructions: (pc=0x000000005f94ce84)
0x000000005f94ce64:   80 78 58 00 48 8b f9 c7 02 01 00 00 00 74 06 48
0x000000005f94ce74:   8b 70 50 eb 04 48 8b 70 48 49 8b 80 00 71 06 00
0x000000005f94ce84:   48 8b 0e 4c 8d 4c 24 58 48 89 44 24 28 48 8d 44
0x000000005f94ce94:   24 50 41 b8 0a 00 00 00 48 8b d6 48 89 44 24 20 


Register to memory mapping:

RAX=0x000000000036d520 is an unknown value
RBX=0x000000005f6eec70 is pointing into the stack for thread: 0x0000000059e26800
RCX=0x0000000063f3b310 is an unknown value
RDX=0x000000005f6eec70 is pointing into the stack for thread: 0x0000000059e26800
RSP=0x000000005f6eebf0 is pointing into the stack for thread: 0x0000000059e26800
RBP=0x0000000060312b80 is an unknown value
RSI=0x0000000000000000 is an unknown value
RDI=0x0000000063f3b310 is an unknown value
R8 =0x0000000060312b80 is an unknown value
R9 =0x000000005f6f0000 is pointing into the stack for thread: 0x0000000059e26800
R10=0x00000000003058c0 is an unknown value
R11=0x000000005f6eece8 is pointing into the stack for thread: 0x0000000059e26800
R12=0x0000000000000000 is an unknown value
R13=0x00000000d5ff6068 is an oop
org.lwjgl.util.vector.Vector3f 
 - klass: 'org/lwjgl/util/vector/Vector3f'
R14=0x000000005f6eef18 is pointing into the stack for thread: 0x0000000059e26800
R15=0x0000000059e26800 is a thread


Stack: [0x000000005f5f0000,0x000000005f6f0000],  sp=0x000000005f6eebf0,  free space=1018k
Native frames: (J=compiled Java code, j=interpreted, Vv=VM code, C=native code)
C  [ig75icd64.dll+0x25ce84]
C  [ig75icd64.dll+0x25adc0]
C  [ig75icd64.dll+0x25d200]
C  [ig75icd64.dll+0x25d348]
C  [ig75icd64.dll+0x259aee]
C  [ig75icd64.dll+0x131bf4]
C  [ig75icd64.dll+0x26f294]
C  [ig75icd64.dll+0x14e420]
C  [ig75icd64.dll+0x14ee04]
C  [ig75icd64.dll+0x150871]
C  0x0000000002d4181c

Java frames: (J=compiled Java code, j=interpreted, Vv=VM code)
J 4707  org.lwjgl.opengl.GL11.nglDrawElementsBO(IIIJJ)V (0 bytes) @ 0x0000000002d41796 [0x0000000002d41740+0x56]
J 4848 C1 renderEngine.TerrainRenderer.render(LrenderEngine/terrains/Terrain;Ljava/util/ArrayList;FZLrenderEngine/shadowsMapping/ShadowFrameBuffer;Lorg/lwjgl/util/vector/Matrix4f;)V (38 bytes) @ 0x00000000032263c4 [0x00000000032259a0+0xa24]
J 4724 C1 renderEngine.MasterRenderer.render(Ljava/util/List;LrenderEngine/entities/Camera;Ljava/awt/image/BufferedImage;LrenderEngine/entities/Light;Ljava/util/ArrayList;Lorg/lwjgl/util/vector/Vector4f;FZZZLrenderEngine/shadowsMapping/ShadowFrameBuffer;LrenderEngine/sea/SeaFrameBuffers;Lorg/lwjgl/util/vector/Matrix4f;Lorg/lwjgl/util/vector/Matrix4f;Z)V (200 bytes) @ 0x000000000340f714 [0x000000000340c560+0x31b4]
j  renderEngine.renderMain.run()V+1724
j  java.lang.Thread.run()V+11
v  ~StubRoutines::call_stub

---------------  P R O C E S S  ---------------

Java Threads: ( => current thread )
  0x0000000059e22000 JavaThread "LWJGL Timer" daemon [_thread_blocked, id=4192, stack(0x000000005ee80000,0x000000005ef80000)]
=>0x0000000059e26800 JavaThread "Thread-20" [_thread_in_native, id=3880, stack(0x000000005f5f0000,0x000000005f6f0000)]
  0x0000000059e23800 JavaThread "LIVING-7" [_thread_blocked, id=7496, stack(0x000000005efe0000,0x000000005f0e0000)]
  0x0000000059e20000 JavaThread "DestroyJavaVM" [_thread_blocked, id=7452, stack(0x0000000002600000,0x0000000002700000)]
  0x0000000059e1f000 JavaThread "LIVING-2" daemon [_thread_blocked, id=6724, stack(0x000000005ae90000,0x000000005af90000)]
  0x0000000059e1e800 JavaThread "LIVING-1" daemon [_thread_blocked, id=6968, stack(0x000000005aba0000,0x000000005aca0000)]
  0x0000000059e1d000 JavaThread "TimerQueue" daemon [_thread_blocked, id=7260, stack(0x000000005d5c0000,0x000000005d6c0000)]
  0x0000000059e17000 JavaThread "Swing-Shell" daemon [_thread_blocked, id=5416, stack(0x000000005d0e0000,0x000000005d1e0000)]
  0x0000000059d86800 JavaThread "AWT-EventQueue-0" [_thread_in_vm, id=4020, stack(0x000000005b350000,0x000000005b450000)]
  0x0000000059d0e000 JavaThread "AWT-Windows" daemon [_thread_in_native, id=7944, stack(0x000000005a7d0000,0x000000005a8d0000)]
  0x0000000059d0b800 JavaThread "AWT-Shutdown" [_thread_blocked, id=6456, stack(0x000000005a600000,0x000000005a700000)]
  0x0000000059d05000 JavaThread "Java2D Disposer" daemon [_thread_blocked, id=7396, stack(0x000000005a480000,0x000000005a580000)]
  0x00000000591be000 JavaThread "Service Thread" daemon [_thread_blocked, id=3708, stack(0x0000000058f20000,0x0000000059020000)]
  0x0000000059154800 JavaThread "C1 CompilerThread2" daemon [_thread_in_native, id=5384, stack(0x0000000059580000,0x0000000059680000)]
  0x0000000059154000 JavaThread "C2 CompilerThread1" daemon [_thread_blocked, id=7800, stack(0x00000000596f0000,0x00000000597f0000)]
  0x000000005766c000 JavaThread "C2 CompilerThread0" daemon [_thread_blocked, id=7692, stack(0x0000000059050000,0x0000000059150000)]
  0x000000005766a000 JavaThread "Attach Listener" daemon [_thread_blocked, id=7848, stack(0x0000000058df0000,0x0000000058ef0000)]
  0x0000000057666800 JavaThread "Signal Dispatcher" daemon [_thread_blocked, id=6588, stack(0x0000000058be0000,0x0000000058ce0000)]
  0x000000005764e800 JavaThread "Finalizer" daemon [_thread_blocked, id=3420, stack(0x0000000058810000,0x0000000058910000)]
  0x0000000057605800 JavaThread "Reference Handler" daemon [_thread_blocked, id=5440, stack(0x0000000058970000,0x0000000058a70000)]

Other Threads:
  0x00000000575fe800 VMThread [stack: 0x00000000586b0000,0x00000000587b0000] [id=8188]
  0x00000000591f0800 WatcherThread [stack: 0x0000000059830000,0x0000000059930000] [id=7664]

VM state:not at safepoint (normal execution)

VM Mutex/Monitor currently owned by a thread: None

Heap:
 PSYoungGen      total 373760K, used 197242K [0x00000000d5b80000, 0x00000000f9300000, 0x0000000100000000)
  eden space 201216K, 40% used [0x00000000d5b80000,0x00000000daad9d00,0x00000000e2000000)
  from space 172544K, 67% used [0x00000000e2000000,0x00000000e9144ed0,0x00000000ec880000)
  to   space 183808K, 0% used [0x00000000edf80000,0x00000000edf80000,0x00000000f9300000)
 ParOldGen       total 312832K, used 75544K [0x0000000081200000, 0x0000000094380000, 0x00000000d5b80000)
  object space 312832K, 24% used [0x0000000081200000,0x0000000085bc63e0,0x0000000094380000)
 Metaspace       used 27224K, capacity 27617K, committed 27904K, reserved 1073152K
  class space    used 3992K, capacity 4096K, committed 4096K, reserved 1048576K

Card table byte_map: [0x0000000011d90000,0x0000000012190000] byte_map_base: 0x0000000011987000

Marking Bits: (ParMarkBitMap*) 0x000000006ff3a6c0
 Begin Bits: [0x0000000012900000, 0x00000000148b8000)
 End Bits:   [0x00000000148b8000, 0x0000000016870000)

Polling page: 0x0000000000220000

CodeCache: size=245760Kb used=14033Kb max_used=14460Kb free=231727Kb
 bounds [0x00000000029d0000, 0x0000000003820000, 0x00000000119d0000]
 total_blobs=4839 nmethods=4100 adapters=649
 compilation: enabled

Compilation events (10 events):
Event: 42.816 Thread 0x0000000059154800 4994       3       sun.swing.MenuItemLayoutHelper::max (40 bytes)
Event: 42.817 Thread 0x0000000059154800 nmethod 4994 0x0000000002cac5d0 code [0x0000000002cac740, 0x0000000002cac970]
Event: 42.817 Thread 0x0000000059154800 4991       1       sun.swing.MenuItemLayoutHelper$LayoutResult::access$900 (5 bytes)
Event: 42.817 Thread 0x0000000059154800 nmethod 4991 0x000000000333b390 code [0x000000000333b4e0, 0x000000000333b5d0]
Event: 42.817 Thread 0x0000000059154800 4992       1       sun.swing.MenuItemLayoutHelper$LayoutResult::access$800 (5 bytes)
Event: 42.817 Thread 0x0000000059154800 nmethod 4992 0x0000000002cc75d0 code [0x0000000002cc7720, 0x0000000002cc7810]
Event: 42.818 Thread 0x0000000059154800 4993       1       sun.swing.MenuItemLayoutHelper$LayoutResult::access$500 (5 bytes)
Event: 42.818 Thread 0x0000000059154800 nmethod 4993 0x0000000002cc9690 code [0x0000000002cc97e0, 0x0000000002cc98d0]
Event: 42.818 Thread 0x0000000059154800 4995       1       sun.swing.MenuItemLayoutHelper$RectSize::getOrigWidth (5 bytes)
Event: 42.818 Thread 0x0000000059154800 nmethod 4995 0x0000000003447610 code [0x0000000003447760, 0x0000000003447870]

GC Heap History (10 events):
Event: 16.175 GC heap before
{Heap before GC invocations=20 (full 5):
 PSYoungGen      total 293376K, used 172762K [0x00000000d5b80000, 0x00000000f2200000, 0x0000000100000000)
  eden space 173568K, 99% used [0x00000000d5b80000,0x00000000e0436898,0x00000000e0500000)
  from space 119808K, 0% used [0x00000000e8c00000,0x00000000e8c00000,0x00000000f0100000)
  to   space 138240K, 0% used [0x00000000e0500000,0x00000000e0500000,0x00000000e8c00000)
 ParOldGen       total 312832K, used 75512K [0x0000000081200000, 0x0000000094380000, 0x00000000d5b80000)
  object space 312832K, 24% used [0x0000000081200000,0x0000000085bbe3e0,0x0000000094380000)
 Metaspace       used 26832K, capacity 27265K, committed 27392K, reserved 1073152K
  class space    used 3958K, capacity 4064K, committed 4096K, reserved 1048576K
Event: 16.179 GC heap after
Heap after GC invocations=20 (full 5):
 PSYoungGen      total 311808K, used 1216K [0x00000000d5b80000, 0x00000000f2e00000, 0x0000000100000000)
  eden space 173568K, 0% used [0x00000000d5b80000,0x00000000d5b80000,0x00000000e0500000)
  from space 138240K, 0% used [0x00000000e0500000,0x00000000e0630000,0x00000000e8c00000)
  to   space 136704K, 0% used [0x00000000ea880000,0x00000000ea880000,0x00000000f2e00000)
 ParOldGen       total 312832K, used 75520K [0x0000000081200000, 0x0000000094380000, 0x00000000d5b80000)
  object space 312832K, 24% used [0x0000000081200000,0x0000000085bc03e0,0x0000000094380000)
 Metaspace       used 26832K, capacity 27265K, committed 27392K, reserved 1073152K
  class space    used 3958K, capacity 4064K, committed 4096K, reserved 1048576K
}
Event: 22.143 GC heap before
{Heap before GC invocations=21 (full 5):
 PSYoungGen      total 311808K, used 160112K [0x00000000d5b80000, 0x00000000f2e00000, 0x0000000100000000)
  eden space 173568K, 91% used [0x00000000d5b80000,0x00000000df6ac320,0x00000000e0500000)
  from space 138240K, 0% used [0x00000000e0500000,0x00000000e0630000,0x00000000e8c00000)
  to   space 136704K, 0% used [0x00000000ea880000,0x00000000ea880000,0x00000000f2e00000)
 ParOldGen       total 312832K, used 75520K [0x0000000081200000, 0x0000000094380000, 0x00000000d5b80000)
  object space 312832K, 24% used [0x0000000081200000,0x0000000085bc03e0,0x0000000094380000)
 Metaspace       used 27105K, capacity 27553K, committed 27648K, reserved 1073152K
  class space    used 3992K, capacity 4096K, committed 4096K, reserved 1048576K
Event: 22.147 GC heap after
Heap after GC invocations=21 (full 5):
 PSYoungGen      total 323584K, used 1344K [0x00000000d5b80000, 0x00000000f2280000, 0x0000000100000000)
  eden space 198656K, 0% used [0x00000000d5b80000,0x00000000d5b80000,0x00000000e1d80000)
  from space 124928K, 1% used [0x00000000ea880000,0x00000000ea9d0000,0x00000000f2280000)
  to   space 133632K, 0% used [0x00000000e1d80000,0x00000000e1d80000,0x00000000ea000000)
 ParOldGen       total 312832K, used 75528K [0x0000000081200000, 0x0000000094380000, 0x00000000d5b80000)
  object space 312832K, 24% used [0x0000000081200000,0x0000000085bc23e0,0x0000000094380000)
 Metaspace       used 27105K, capacity 27553K, committed 27648K, reserved 1073152K
  class space    used 3992K, capacity 4096K, committed 4096K, reserved 1048576K
}
Event: 23.484 GC heap before
{Heap before GC invocations=22 (full 5):
 PSYoungGen      total 323584K, used 200000K [0x00000000d5b80000, 0x00000000f2280000, 0x0000000100000000)
  eden space 198656K, 100% used [0x00000000d5b80000,0x00000000e1d80000,0x00000000e1d80000)
  from space 124928K, 1% used [0x00000000ea880000,0x00000000ea9d0000,0x00000000f2280000)
  to   space 133632K, 0% used [0x00000000e1d80000,0x00000000e1d80000,0x00000000ea000000)
 ParOldGen       total 312832K, used 75528K [0x0000000081200000, 0x0000000094380000, 0x00000000d5b80000)
  object space 312832K, 24% used [0x0000000081200000,0x0000000085bc23e0,0x0000000094380000)
 Metaspace       used 27115K, capacity 27553K, committed 27648K, reserved 1073152K
  class space    used 3992K, capacity 4096K, committed 4096K, reserved 1048576K
Event: 23.511 GC heap after
Heap after GC invocations=22 (full 5):
 PSYoungGen      total 332288K, used 128211K [0x00000000d5b80000, 0x00000000f6280000, 0x0000000100000000)
  eden space 198656K, 0% used [0x00000000d5b80000,0x00000000d5b80000,0x00000000e1d80000)
  from space 133632K, 95% used [0x00000000e1d80000,0x00000000e9ab4f00,0x00000000ea000000)
  to   space 157696K, 0% used [0x00000000ec880000,0x00000000ec880000,0x00000000f6280000)
 ParOldGen       total 312832K, used 75528K [0x0000000081200000, 0x0000000094380000, 0x00000000d5b80000)
  object space 312832K, 24% used [0x0000000081200000,0x0000000085bc23e0,0x0000000094380000)
 Metaspace       used 27115K, capacity 27553K, committed 27648K, reserved 1073152K
  class space    used 3992K, capacity 4096K, committed 4096K, reserved 1048576K
}
Event: 29.598 GC heap before
{Heap before GC invocations=23 (full 5):
 PSYoungGen      total 332288K, used 325597K [0x00000000d5b80000, 0x00000000f6280000, 0x0000000100000000)
  eden space 198656K, 99% used [0x00000000d5b80000,0x00000000e1c42660,0x00000000e1d80000)
  from space 133632K, 95% used [0x00000000e1d80000,0x00000000e9ab4f00,0x00000000ea000000)
  to   space 157696K, 0% used [0x00000000ec880000,0x00000000ec880000,0x00000000f6280000)
 ParOldGen       total 312832K, used 75528K [0x0000000081200000, 0x0000000094380000, 0x00000000d5b80000)
  object space 312832K, 24% used [0x0000000081200000,0x0000000085bc23e0,0x0000000094380000)
 Metaspace       used 27164K, capacity 27553K, committed 27648K, reserved 1073152K
  class space    used 3992K, capacity 4096K, committed 4096K, reserved 1048576K
Event: 29.636 GC heap after
Heap after GC invocations=23 (full 5):
 PSYoungGen      total 358912K, used 116083K [0x00000000d5b80000, 0x00000000f7d00000, 0x0000000100000000)
  eden space 201216K, 0% used [0x00000000d5b80000,0x00000000d5b80000,0x00000000e2000000)
  from space 157696K, 73% used [0x00000000ec880000,0x00000000f39dced0,0x00000000f6280000)
  to   space 172544K, 0% used [0x00000000e2000000,0x00000000e2000000,0x00000000ec880000)
 ParOldGen       total 312832K, used 75536K [0x0000000081200000, 0x0000000094380000, 0x00000000d5b80000)
  object space 312832K, 24% used [0x0000000081200000,0x0000000085bc43e0,0x0000000094380000)
 Metaspace       used 27164K, capacity 27553K, committed 27648K, reserved 1073152K
  class space    used 3992K, capacity 4096K, committed 4096K, reserved 1048576K
}
Event: 37.614 GC heap before
{Heap before GC invocations=24 (full 5):
 PSYoungGen      total 358912K, used 316927K [0x00000000d5b80000, 0x00000000f7d00000, 0x0000000100000000)
  eden space 201216K, 99% used [0x00000000d5b80000,0x00000000e1fa2f50,0x00000000e2000000)
  from space 157696K, 73% used [0x00000000ec880000,0x00000000f39dced0,0x00000000f6280000)
  to   space 172544K, 0% used [0x00000000e2000000,0x00000000e2000000,0x00000000ec880000)
 ParOldGen       total 312832K, used 75536K [0x0000000081200000, 0x0000000094380000, 0x00000000d5b80000)
  object space 312832K, 24% used [0x0000000081200000,0x0000000085bc43e0,0x0000000094380000)
 Metaspace       used 27213K, capacity 27617K, committed 27904K, reserved 1073152K
  class space    used 3992K, capacity 4096K, committed 4096K, reserved 1048576K
Event: 37.634 GC heap after
Heap after GC invocations=24 (full 5):
 PSYoungGen      total 373760K, used 115987K [0x00000000d5b80000, 0x00000000f9300000, 0x0000000100000000)
  eden space 201216K, 0% used [0x00000000d5b80000,0x00000000d5b80000,0x00000000e2000000)
  from space 172544K, 67% used [0x00000000e2000000,0x00000000e9144ed0,0x00000000ec880000)
  to   space 183808K, 0% used [0x00000000edf80000,0x00000000edf80000,0x00000000f9300000)
 ParOldGen       total 312832K, used 75544K [0x0000000081200000, 0x0000000094380000, 0x00000000d5b80000)
  object space 312832K, 24% used [0x0000000081200000,0x0000000085bc63e0,0x0000000094380000)
 Metaspace       used 27213K, capacity 27617K, committed 27904K, reserved 1073152K
  class space    used 3992K, capacity 4096K, committed 4096K, reserved 1048576K
}

Deoptimization events (10 events):
Event: 22.741 Thread 0x0000000059e26800 Uncommon trap: reason=unstable_if action=reinterpret pc=0x000000000377d748 method=renderEngine.terrains.Terrain.getHeight2(IILjava/awt/image/BufferedImage;Ljava/util/ArrayList;)F @ 231
Event: 22.747 Thread 0x0000000059e26800 Uncommon trap: reason=unstable_if action=reinterpret pc=0x000000000378b768 method=renderEngine.terrains.Terrain.generateTerrain(LrenderEngine/loaders/Loader;Ljava/awt/image/BufferedImage;Ljava/awt/image/BufferedImage;Ljava/util/ArrayList;)LrenderEngine/mo
Event: 42.343 Thread 0x0000000059d86800 Uncommon trap: reason=unstable_if action=reinterpret pc=0x0000000003804b98 method=sun.swing.SwingUtilities2.drawStringUnderlineCharAt(Ljavax/swing/JComponent;Ljava/awt/Graphics;Ljava/lang/String;III)V @ 29
Event: 42.343 Thread 0x0000000059d86800 Uncommon trap: reason=unstable_if action=reinterpret pc=0x000000000379c748 method=sun.java2d.SunGraphics2D.hitClip(IIII)Z @ 6
Event: 42.445 Thread 0x0000000059d0e000 Uncommon trap: reason=unstable_if action=reinterpret pc=0x0000000003546710 method=java.util.IdentityHashMap.put(Ljava/lang/Object;Ljava/lang/Object;)Ljava/lang/Object; @ 38
Event: 42.700 Thread 0x0000000059d86800 Uncommon trap: reason=class_check action=maybe_recompile pc=0x0000000002b9ef4c method=java.awt.geom.RectIterator.<init>(Ljava/awt/geom/Rectangle2D;Ljava/awt/geom/AffineTransform;)V @ 6
Event: 42.700 Thread 0x0000000059d86800 Uncommon trap: reason=class_check action=maybe_recompile pc=0x0000000002b9ef4c method=java.awt.geom.RectIterator.<init>(Ljava/awt/geom/Rectangle2D;Ljava/awt/geom/AffineTransform;)V @ 6
Event: 42.700 Thread 0x0000000059d86800 Uncommon trap: reason=class_check action=maybe_recompile pc=0x000000000323bbf8 method=sun.java2d.SunGraphics2D.fill(Ljava/awt/Shape;)V @ 6
Event: 42.701 Thread 0x0000000059d86800 Uncommon trap: reason=bimorphic action=maybe_recompile pc=0x000000000345fa08 method=sun.java2d.pipe.ShapeSpanIterator.appendPath(Ljava/awt/geom/PathIterator;)V @ 16
Event: 42.701 Thread 0x0000000059d86800 Uncommon trap: reason=unstable_if action=reinterpret pc=0x0000000003318b10 method=java.awt.geom.AffineTransform.transform([FI[FII)V @ 2

Internal exceptions (10 events):
Event: 42.842 Thread 0x0000000059d86800 Exception <a 'java/lang/NullPointerException'> (0x00000000da7c5ae0) thrown at [C:\re\workspace\8-2-build-windows-amd64-cygwin\jdk8u111\7883\hotspot\src\share\vm\runtime\sharedRuntime.cpp, line 1085]
Event: 42.842 Thread 0x0000000059d86800 Exception <a 'java/lang/NullPointerException'> (0x00000000da7c5ed0) thrown at [C:\re\workspace\8-2-build-windows-amd64-cygwin\jdk8u111\7883\hotspot\src\share\vm\runtime\sharedRuntime.cpp, line 1085]
Event: 42.842 Thread 0x0000000059d86800 Exception <a 'java/lang/NullPointerException'> (0x00000000da7c62c0) thrown at [C:\re\workspace\8-2-build-windows-amd64-cygwin\jdk8u111\7883\hotspot\src\share\vm\runtime\sharedRuntime.cpp, line 1085]
Event: 42.842 Thread 0x0000000059d86800 Exception <a 'java/lang/NullPointerException'> (0x00000000da7c66b0) thrown at [C:\re\workspace\8-2-build-windows-amd64-cygwin\jdk8u111\7883\hotspot\src\share\vm\runtime\sharedRuntime.cpp, line 1085]
Event: 42.842 Thread 0x0000000059d86800 Exception <a 'java/lang/NullPointerException'> (0x00000000da7c6aa0) thrown at [C:\re\workspace\8-2-build-windows-amd64-cygwin\jdk8u111\7883\hotspot\src\share\vm\runtime\sharedRuntime.cpp, line 1085]
Event: 42.842 Thread 0x0000000059d86800 Exception <a 'java/lang/NullPointerException'> (0x00000000da7c6e90) thrown at [C:\re\workspace\8-2-build-windows-amd64-cygwin\jdk8u111\7883\hotspot\src\share\vm\runtime\sharedRuntime.cpp, line 1085]
Event: 42.842 Thread 0x0000000059d86800 Exception <a 'java/lang/NullPointerException'> (0x00000000da7c7280) thrown at [C:\re\workspace\8-2-build-windows-amd64-cygwin\jdk8u111\7883\hotspot\src\share\vm\runtime\sharedRuntime.cpp, line 1085]
Event: 42.842 Thread 0x0000000059d86800 Exception <a 'java/lang/NullPointerException'> (0x00000000da7c7670) thrown at [C:\re\workspace\8-2-build-windows-amd64-cygwin\jdk8u111\7883\hotspot\src\share\vm\runtime\sharedRuntime.cpp, line 1085]
Event: 42.842 Thread 0x0000000059d86800 Exception <a 'java/lang/NullPointerException'> (0x00000000da7c7a60) thrown at [C:\re\workspace\8-2-build-windows-amd64-cygwin\jdk8u111\7883\hotspot\src\share\vm\runtime\sharedRuntime.cpp, line 1085]
Event: 42.842 Thread 0x0000000059d86800 Exception <a 'java/lang/NullPointerException'> (0x00000000da7c7e50) thrown at [C:\re\workspace\8-2-build-windows-amd64-cygwin\jdk8u111\7883\hotspot\src\share\vm\runtime\sharedRuntime.cpp, line 1085]

Events (10 events):
Event: 42.818 Thread 0x0000000059154800 flushing nmethod 0x0000000003534490
Event: 42.818 Thread 0x0000000059154800 flushing nmethod 0x000000000353cad0
Event: 42.818 Thread 0x0000000059154800 flushing nmethod 0x000000000356bed0
Event: 42.818 Thread 0x0000000059154800 flushing nmethod 0x000000000356c1d0
Event: 42.818 Thread 0x0000000059154800 flushing nmethod 0x000000000358f490
Event: 42.818 Thread 0x0000000059154800 flushing nmethod 0x00000000035c0f10
Event: 42.818 Thread 0x0000000059154800 flushing nmethod 0x00000000036715d0
Event: 42.819 Thread 0x0000000059154800 flushing nmethod 0x00000000036b6f10
Event: 42.819 Thread 0x0000000059154800 flushing nmethod 0x00000000037f0f10
Event: 42.819 Thread 0x0000000059154800 flushing nmethod 0x00000000037f3210


Dynamic libraries:
0x000000013f2f0000 - 0x000000013f327000 	C:\Program Files\Java\jre1.8.0_111\bin\javaw.exe
0x0000000077510000 - 0x00000000776bb000 	C:\Windows\SYSTEM32\ntdll.dll
0x00000000773f0000 - 0x000000007750f000 	C:\Windows\system32\kernel32.dll
0x000007fefd510000 - 0x000007fefd57a000 	C:\Windows\system32\KERNELBASE.dll
0x000007fefe280000 - 0x000007fefe35b000 	C:\Windows\system32\ADVAPI32.dll
0x000007fefe360000 - 0x000007fefe3ff000 	C:\Windows\system32\msvcrt.dll
0x000007fefe260000 - 0x000007fefe27f000 	C:\Windows\SYSTEM32\sechost.dll
0x000007fefd8c0000 - 0x000007fefd9ed000 	C:\Windows\system32\RPCRT4.dll
0x00000000772f0000 - 0x00000000773ea000 	C:\Windows\system32\USER32.dll
0x000007feff5a0000 - 0x000007feff607000 	C:\Windows\system32\GDI32.dll
0x000007fefe460000 - 0x000007fefe46e000 	C:\Windows\system32\LPK.dll
0x000007feff2f0000 - 0x000007feff3ba000 	C:\Windows\system32\USP10.dll
0x000007fefaf10000 - 0x000007fefb104000 	C:\Windows\WinSxS\amd64_microsoft.windows.common-controls_6595b64144ccf1df_6.0.7601.23403_none_e36ad4593102f066\COMCTL32.dll
0x000007fefd840000 - 0x000007fefd8b1000 	C:\Windows\system32\SHLWAPI.dll
0x000007fefe1b0000 - 0x000007fefe1de000 	C:\Windows\system32\IMM32.DLL
0x000007fefdbe0000 - 0x000007fefdce9000 	C:\Windows\system32\MSCTF.dll
0x000007fefd430000 - 0x000007fefd460000 	C:\Windows\system32\nvinitx.dll
0x000007fefd420000 - 0x000007fefd42c000 	C:\Windows\system32\VERSION.dll
0x00000000750a0000 - 0x00000000750a6000 	C:\Program Files\NVIDIA Corporation\CoProcManager\detoured.dll
0x000007fefbf30000 - 0x000007fefbf68000 	C:\Program Files\NVIDIA Corporation\CoProcManager\nvd3d9wrapx.dll
0x000007feff3c0000 - 0x000007feff597000 	C:\Windows\system32\SETUPAPI.dll
0x000007fefd7f0000 - 0x000007fefd826000 	C:\Windows\system32\CFGMGR32.dll
0x000007fefde70000 - 0x000007fefdf48000 	C:\Windows\system32\OLEAUT32.dll
0x000007feff610000 - 0x000007feff813000 	C:\Windows\system32\ole32.dll
0x000007fefd620000 - 0x000007fefd63a000 	C:\Windows\system32\DEVOBJ.dll
0x000007fefbf00000 - 0x000007fefbf24000 	C:\Program Files\NVIDIA Corporation\CoProcManager\nvdxgiwrapx.dll
0x00000000778e0000 - 0x00000000779b2000 	C:\Program Files\Java\jre1.8.0_111\bin\msvcr100.dll
0x000000006f720000 - 0x000000006ffba000 	C:\Program Files\Java\jre1.8.0_111\bin\server\jvm.dll
0x000007fef17b0000 - 0x000007fef17b9000 	C:\Windows\system32\WSOCK32.dll
0x000007feff2a0000 - 0x000007feff2ed000 	C:\Windows\system32\WS2_32.dll
0x000007fefd830000 - 0x000007fefd838000 	C:\Windows\system32\NSI.dll
0x000007fefbb30000 - 0x000007fefbb6b000 	C:\Windows\system32\WINMM.dll
0x00000000776e0000 - 0x00000000776e7000 	C:\Windows\system32\PSAPI.DLL
0x00000000596a0000 - 0x00000000596af000 	C:\Program Files\Java\jre1.8.0_111\bin\verify.dll
0x0000000077e00000 - 0x0000000077e29000 	C:\Program Files\Java\jre1.8.0_111\bin\java.dll
0x0000000077de0000 - 0x0000000077df6000 	C:\Program Files\Java\jre1.8.0_111\bin\zip.dll
0x000007fefe510000 - 0x000007feff29c000 	C:\Windows\system32\SHELL32.dll
0x000007fefd460000 - 0x000007fefd46f000 	C:\Windows\system32\profapi.dll
0x000000006ca30000 - 0x000000006cbc8000 	C:\Program Files\Java\jre1.8.0_111\bin\awt.dll
0x000007fefbd90000 - 0x000007fefbda8000 	C:\Windows\system32\DWMAPI.DLL
0x000007fefb940000 - 0x000007fefb996000 	C:\Windows\system32\uxtheme.dll
0x000007fefd310000 - 0x000007fefd31f000 	C:\Windows\system32\CRYPTBASE.dll
0x000007fefccb0000 - 0x000007fefccc8000 	C:\Windows\system32\CRYPTSP.dll
0x000007fefc990000 - 0x000007fefc9d7000 	C:\Windows\system32\rsaenh.dll
0x000007fefca80000 - 0x000007fefca9f000 	C:\Windows\system32\USERENV.dll
0x0000000077dc0000 - 0x0000000077dda000 	C:\Program Files\Java\jre1.8.0_111\bin\net.dll
0x000007fefcc50000 - 0x000007fefcca5000 	C:\Windows\system32\mswsock.dll
0x000007fefcc40000 - 0x000007fefcc47000 	C:\Windows\System32\wship6.dll
0x000007fef9ec0000 - 0x000007fef9ee7000 	C:\Windows\system32\IPHLPAPI.DLL
0x000007fef9eb0000 - 0x000007fef9ebb000 	C:\Windows\system32\WINNSI.DLL
0x000007fef9bb0000 - 0x000007fef9bc8000 	C:\Windows\system32\dhcpcsvc.DLL
0x000007fef9b90000 - 0x000007fef9ba1000 	C:\Windows\system32\dhcpcsvc6.DLL
0x0000000077da0000 - 0x0000000077db1000 	C:\Program Files\Java\jre1.8.0_111\bin\nio.dll
0x0000000073f30000 - 0x0000000073f77000 	C:\Program Files\Java\jre1.8.0_111\bin\fontmanager.dll
0x0000000073f80000 - 0x0000000073fc2000 	C:\Program Files\Java\jre1.8.0_111\bin\t2k.dll
0x000007fefba90000 - 0x000007fefbb30000 	C:\Windows\WinSxS\amd64_microsoft.windows.common-controls_6595b64144ccf1df_5.82.7601.17514_none_a4d6a923711520a9\comctl32.dll
0x000007fefe470000 - 0x000007fefe509000 	C:\Windows\system32\CLBCatQ.DLL
0x000007fefbfa0000 - 0x000007fefc0cc000 	C:\Windows\system32\propsys.dll
0x000007fefc3a0000 - 0x000007fefc3cd000 	C:\Windows\system32\ntmarta.dll
0x000007fefe400000 - 0x000007fefe452000 	C:\Windows\system32\WLDAP32.dll
0x000007fefd2b0000 - 0x000007fefd307000 	C:\Windows\system32\apphelp.dll
0x000007fef73f0000 - 0x000007fef758c000 	C:\Windows\system32\NetworkExplorer.dll
0x000007fef7970000 - 0x000007fef79a4000 	C:\Windows\System32\shdocvw.dll
0x000007fefa420000 - 0x000007fefa42b000 	C:\Windows\system32\slc.dll
0x000007fef9e70000 - 0x000007fef9e88000 	C:\Windows\system32\MPR.dll
0x000007fef73e0000 - 0x000007fef73ea000 	C:\Windows\System32\drprov.dll
0x000007fefd3e0000 - 0x000007fefd41d000 	C:\Windows\System32\WINSTA.dll
0x000007fef73b0000 - 0x000007fef73d2000 	C:\Windows\System32\ntlanman.dll
0x000007fef7390000 - 0x000007fef73ae000 	C:\Windows\System32\davclnt.dll
0x000007fef7380000 - 0x000007fef738a000 	C:\Windows\System32\DAVHLPR.dll
0x000007fefa520000 - 0x000007fefa535000 	C:\Windows\system32\wkscli.dll
0x000007fef9360000 - 0x000007fef936f000 	C:\Windows\system32\cscapi.dll
0x000007fefa540000 - 0x000007fefa54c000 	C:\Windows\system32\netutils.dll
0x000007fee4930000 - 0x000007fee4ba1000 	C:\Windows\system32\wpdshext.dll
0x000007fefbb70000 - 0x000007fefbd86000 	C:\Windows\WinSxS\amd64_microsoft.windows.gdiplus_6595b64144ccf1df_1.1.7601.23407_none_14556c1e8b95d0b8\gdiplus.dll
0x000007fef1ac0000 - 0x000007fef1b7d000 	C:\Windows\system32\PortableDeviceApi.dll
0x000007fefd640000 - 0x000007fefd67b000 	C:\Windows\system32\WINTRUST.dll
0x000007fefd680000 - 0x000007fefd7ed000 	C:\Windows\system32\CRYPT32.dll
0x0000000002350000 - 0x000000000235f000 	C:\Windows\system32\MSASN1.dll
0x000007fef9890000 - 0x000007fef98c5000 	C:\Windows\system32\EhStorShell.dll
0x000007feeed10000 - 0x000007feeed37000 	C:\Windows\system32\EhStorAPI.dll
0x000007fef7960000 - 0x000007fef796c000 	C:\Windows\system32\LINKINFO.dll
0x000007fefa2f0000 - 0x000007fefa41a000 	C:\Windows\system32\WindowsCodecs.dll
0x000007fef98d0000 - 0x000007fef994f000 	C:\Program Files (x86)\Adobe\Adobe Creative Cloud\CoreSyncExtension\CoreSync_x64.dll
0x000007fefb420000 - 0x000007fefb423000 	C:\Windows\system32\api-ms-win-core-synch-l1-2-0.DLL
0x000007fef9380000 - 0x000007fef93fe000 	C:\Windows\System32\cscui.dll
0x000007fef9370000 - 0x000007fef937c000 	C:\Windows\System32\CSCDLL.dll
0x000007fef9240000 - 0x000007fef92c0000 	C:\Windows\system32\ntshrui.dll
0x000007fefcf50000 - 0x000007fefcf73000 	C:\Windows\system32\srvcli.dll
0x0000000180000000 - 0x0000000180051000 	C:\Users\C17\git\MetaCiv\MetaCiv\lib\natives\lwjgl64.dll
0x000007fef6570000 - 0x000007fef668d000 	C:\Windows\system32\OPENGL32.dll
0x000007fef50a0000 - 0x000007fef50cd000 	C:\Windows\system32\GLU32.dll
0x000007fef4b50000 - 0x000007fef4c41000 	C:\Windows\system32\DDRAW.dll
0x000007fef4b40000 - 0x000007fef4b48000 	C:\Windows\system32\DCIMAN32.dll
0x000000005f6f0000 - 0x000000005fe7e000 	C:\Windows\system32\ig75icd64.dll
0x000007fef7e00000 - 0x000007fef8244000 	C:\Windows\system32\igdusc64.dll
0x000007fefb110000 - 0x000007fefb1ac000 	C:\Windows\system32\mscms.dll
0x000007fee6e80000 - 0x000007fee6ec2000 	C:\Windows\system32\icm32.dll
0x0000000012600000 - 0x000000001262a000 	C:\Program Files\Java\jre1.8.0_111\bin\dcpr.dll
0x0000000012740000 - 0x00000000127e2000 	C:\Program Files\Java\jre1.8.0_111\bin\mlib_image.dll
0x000007feec960000 - 0x000007feeca85000 	C:\Windows\system32\dbghelp.dll

VM Arguments:
jvm_args: -Djava.library.path=C:\Users\C17\git\MetaCiv\MetaCiv\lib\natives -Dfile.encoding=Cp1252 
java_command: civilisation.CivLauncher
java_class_path (initial): C:\Users\C17\git\MetaCiv\MetaCiv\bin;C:\Users\C17\git\MetaCiv\MetaCiv\lib\turtlekit-3.0.0.4.jar;C:\Users\C17\git\MetaCiv\MetaCiv\lib\jars\lwjgl_util.jar;C:\Users\C17\git\MetaCiv\MetaCiv\lib\jars\lwjgl.jar;C:\Users\C17\git\MetaCiv\MetaCiv\lib\jars\slick-util.jar
Launcher Type: SUN_STANDARD

Environment Variables:
PATH=C:/Program Files/Java/jre1.8.0_111/bin/server;C:/Program Files/Java/jre1.8.0_111/bin;C:/Program Files/Java/jre1.8.0_111/lib/amd64;C:\ProgramData\Oracle\Java\javapath;C:\Program Files (x86)\Intel\iCLS Client\;C:\Program Files\Intel\iCLS Client\;C:\Windows\system32;C:\Windows;C:\Windows\System32\Wbem;C:\Windows\System32\WindowsPowerShell\v1.0\;C:\Program Files (x86)\NVIDIA Corporation\PhysX\Common;C:\Program Files\Intel\Intel(R) Management Engine Components\DAL;C:\Program Files\Intel\Intel(R) Management Engine Components\IPT;C:\Program Files (x86)\Intel\Intel(R) Management Engine Components\DAL;C:\Program Files (x86)\Intel\Intel(R) Management Engine Components\IPT;C:\Program Files (x86)\Skype\Phone\;C:\Windows\system32\config\systemprofile\.dnx\bin;C:\Program Files\Microsoft DNX\Dnvm\;C:\Program Files\Microsoft SQL Server\130\Tools\Binn\;C:\Program Files\Common Files\Autodesk Shared\;%R_HOME%;c:\python27\lib\site-packages\pywin32_system32;C:\Python27\Lib\site-packages\shared_libs;c:\python27\lib\site-packages\scons-2.3.0-py2.7-win32.egg\EGG-INFO\scripts;c:\python27\lib\site-packages\ann-1.1.2-win32.egg\bin;c:\python27\lib\site-packages\vplants.plantgl-2.19.0-py2.7-win32.egg\bin;c:\python27\lib\site-packages\qt4-4.8.5-py2.7-win32.egg\bin;c:\python27\lib\site-packages\vplants.aml-1.2.0-py2.7-win32.egg\bin;c:\python27\lib\site-packages\cgal-4.0-win32.egg\bin;c:\python27\lib\site-packages\mingw-5.1.4_4c-py2.7-win32.egg\bin;c:\python27\lib\site-packages\qt4_dev-4.8.5-py2.7-win32.egg\bin;c:\python27\lib\site-packages\bisonflex-2.4.1_2.5.35-win32.egg\bin;c:\python27\lib\site-packages\cmake-2.8.11.2-py2.7-win32.egg\bin;c:\python27\lib\site-packages\alinea.caribu-6.1.0-py2.7-win32.egg\bin;C:\Users\C17\Desktop;
USERNAME=C17
OS=Windows_NT
PROCESSOR_IDENTIFIER=Intel64 Family 6 Model 60 Stepping 3, GenuineIntel



---------------  S Y S T E M  ---------------

OS: Windows 7 , 64 bit Build 7601 (6.1.7601.23455)

CPU:total 4 (2 cores per cpu, 2 threads per core) family 6 model 60 stepping 3, cmov, cx8, fxsr, mmx, sse, sse2, sse3, ssse3, sse4.1, sse4.2, popcnt, avx, avx2, aes, clmul, erms, lzcnt, ht, tsc, tscinvbit, bmi1, bmi2

Memory: 4k page, physical 8307368k(1249940k free), swap 16612876k(7450404k free)

vm_info: Java HotSpot(TM) 64-Bit Server VM (25.111-b14) for windows-amd64 JRE (1.8.0_111-b14), built on Sep 22 2016 19:24:05 by "java_re" with MS VC++ 10.0 (VS2010)

time: Sat May 20 17:16:52 2017
elapsed time: 42 seconds (0d 0h 0m 42s)

