#
# A fatal error has been detected by the Java Runtime Environment:
#
#  EXCEPTION_ACCESS_VIOLATION (0xc0000005) at pc=0x00000000201dee7e, pid=5968, tid=0x0000000000000fac
#
# JRE version: Java(TM) SE Runtime Environment (8.0_111-b14) (build 1.8.0_111-b14)
# Java VM: Java HotSpot(TM) 64-Bit Server VM (25.111-b14 mixed mode windows-amd64 compressed oops)
# Problematic frame:
# C  [ig75icd64.dll+0x35ee7e]
#
# Failed to write core dump. Minidumps are not enabled by default on client versions of Windows
#
# If you would like to submit a bug report, please visit:
#   http://bugreport.java.com/bugreport/crash.jsp
# The crash happened outside the Java Virtual Machine in native code.
# See problematic frame for where to report the bug.
#

---------------  T H R E A D  ---------------

Current thread (0x000000001a195800):  JavaThread "Thread-20" [_thread_in_native, id=4012, stack(0x0000000019dc0000,0x0000000019ec0000)]

siginfo: ExceptionCode=0xc0000005, writing address 0x00000000024c5000

Registers:
RAX=0x0000000000000001, RBX=0x0000000020ab06c0, RCX=0x00000000024c5004, RDX=0x0000000020579220
RSP=0x0000000019ebecc0, RBP=0x0000000019ebed59, RSI=0x0000000019ebee60, RDI=0x0000000000000059
R8 =0x0000000000000003, R9 =0x0000000000000008, R10=0x0000000020b37820, R11=0x0000000000000000
R12=0x0000000000000000, R13=0x0000000000000000, R14=0x0000000000000000, R15=0x00000000000000c7
RIP=0x00000000201dee7e, EFLAGS=0x0000000000010202

Top of Stack: (sp=0x0000000019ebecc0)
0x0000000019ebecc0:   0000000020ab06c0 0000000019ebee60
0x0000000019ebecd0:   7c05400000000000 0000000000000000
0x0000000019ebece0:   0000000000000001 00000000005900c7
0x0000000019ebecf0:   0000000000000000 0000000020000000
0x0000000019ebed00:   0000000000000001 0000000019ebef04
0x0000000019ebed10:   0000000019ebee71 00000000201e13d7
0x0000000019ebed20:   0000005a00000000 000000c800000000
0x0000000019ebed30:   0000000019ebef00 0000000020000000
0x0000000019ebed40:   0004f01c14800001 00000e6100000000
0x0000000019ebed50:   4400000000000000 3f80000000000000
0x0000000019ebed60:   0000000019ebf088 000000002420f5e0
0x0000000019ebed70:   0000000019ebefe0 0000000000000000
0x0000000019ebed80:   00000000000000c7 0000000000000004
0x0000000019ebed90:   0000000019ebeea0 00000000201de8a8
0x0000000019ebeda0:   0000000000000167 0000000019ebee60
0x0000000019ebedb0:   0000000000000000 0000000000000000 

Instructions: (pc=0x00000000201dee7e)
0x00000000201dee5e:   8d 15 ac a3 39 00 48 03 8b b8 72 06 00 33 c0 0f
0x00000000201dee6e:   1f 00 f3 0f 6f 02 ff c0 48 83 c1 10 48 83 c2 10
0x00000000201dee7e:   f3 0f 7f 41 f0 83 f8 01 72 e8 45 33 c0 48 2b d1
0x00000000201dee8e:   66 90 8b 04 11 41 ff c0 48 8d 49 04 89 41 fc 41 


Register to memory mapping:

RAX=0x0000000000000001 is an unknown value
RBX=0x0000000020ab06c0 is an unknown value
RCX=0x00000000024c5004 is an unknown value
RDX=0x0000000020579220 is an unknown value
RSP=0x0000000019ebecc0 is pointing into the stack for thread: 0x000000001a195800
RBP=0x0000000019ebed59 is pointing into the stack for thread: 0x000000001a195800
RSI=0x0000000019ebee60 is pointing into the stack for thread: 0x000000001a195800
RDI=0x0000000000000059 is an unknown value
R8 =0x0000000000000003 is an unknown value
R9 =0x0000000000000008 is an unknown value
R10=0x0000000020b37820 is an unknown value
R11=0x0000000000000000 is an unknown value
R12=0x0000000000000000 is an unknown value
R13=0x0000000000000000 is an unknown value
R14=0x0000000000000000 is an unknown value
R15=0x00000000000000c7 is an unknown value


Stack: [0x0000000019dc0000,0x0000000019ec0000],  sp=0x0000000019ebecc0,  free space=1019k
Native frames: (J=compiled Java code, j=interpreted, Vv=VM code, C=native code)
C  [ig75icd64.dll+0x35ee7e]
C  [ig75icd64.dll+0x35e8a8]
C  [ig75icd64.dll+0x36400d]
C  [ig75icd64.dll+0x3c3828]
C  [ig75icd64.dll+0x34d441]
C  0x00000000028c7f74

Java frames: (J=compiled Java code, j=interpreted, Vv=VM code)
j  org.lwjgl.opengl.GL11.nglClear(IJ)V+0
j  org.lwjgl.opengl.GL11.glClear(I)V+15
j  renderEngine.MasterRenderer.prepare()V+9
j  renderEngine.MasterRenderer.render(Ljava/util/List;LrenderEngine/entities/Camera;Ljava/awt/image/BufferedImage;LrenderEngine/entities/Light;Ljava/util/ArrayList;Lorg/lwjgl/util/vector/Vector4f;FZZZLrenderEngine/shadowsMapping/ShadowFrameBuffer;LrenderEngine/sea/SeaFrameBuffers;Lorg/lwjgl/util/vector/Matrix4f;Lorg/lwjgl/util/vector/Matrix4f;)V+1
j  renderEngine.renderMain.run()V+1131
j  java.lang.Thread.run()V+11
v  ~StubRoutines::call_stub

---------------  P R O C E S S  ---------------

Java Threads: ( => current thread )
  0x000000001a18c800 JavaThread "LWJGL Timer" daemon [_thread_blocked, id=5632, stack(0x000000001d7c0000,0x000000001d8c0000)]
=>0x000000001a195800 JavaThread "Thread-20" [_thread_in_native, id=4012, stack(0x0000000019dc0000,0x0000000019ec0000)]
  0x000000001a192800 JavaThread "LIVING-7" [_thread_blocked, id=2736, stack(0x000000001f9c0000,0x000000001fac0000)]
  0x000000001a18f000 JavaThread "DestroyJavaVM" [_thread_blocked, id=384, stack(0x00000000024e0000,0x00000000025e0000)]
  0x000000001a18e000 JavaThread "LIVING-2" daemon [_thread_blocked, id=2632, stack(0x000000001efb0000,0x000000001f0b0000)]
  0x000000001a18d800 JavaThread "LIVING-1" daemon [_thread_blocked, id=4404, stack(0x000000001eea0000,0x000000001efa0000)]
  0x000000001a18c000 JavaThread "TimerQueue" daemon [_thread_blocked, id=1232, stack(0x000000001d8f0000,0x000000001d9f0000)]
  0x000000001a094800 JavaThread "Swing-Shell" daemon [_thread_blocked, id=2064, stack(0x000000001cf90000,0x000000001d090000)]
  0x0000000019f81000 JavaThread "AWT-EventQueue-0" [_thread_in_vm, id=3472, stack(0x000000001ab20000,0x000000001ac20000)]
  0x0000000019f4b000 JavaThread "AWT-Windows" daemon [_thread_in_native, id=3136, stack(0x000000001a9e0000,0x000000001aae0000)]
  0x0000000019f48800 JavaThread "AWT-Shutdown" [_thread_blocked, id=1268, stack(0x0000000019cc0000,0x0000000019dc0000)]
  0x0000000019f40000 JavaThread "Java2D Disposer" daemon [_thread_blocked, id=3552, stack(0x000000001a7d0000,0x000000001a8d0000)]
  0x000000001914c000 JavaThread "Service Thread" daemon [_thread_blocked, id=5312, stack(0x0000000019940000,0x0000000019a40000)]
  0x00000000190e3000 JavaThread "C1 CompilerThread2" daemon [_thread_blocked, id=4152, stack(0x0000000019770000,0x0000000019870000)]
  0x000000001778e800 JavaThread "C2 CompilerThread1" daemon [_thread_blocked, id=4136, stack(0x00000000195a0000,0x00000000196a0000)]
  0x000000001778a000 JavaThread "C2 CompilerThread0" daemon [_thread_blocked, id=824, stack(0x0000000018fe0000,0x00000000190e0000)]
  0x0000000017787000 JavaThread "Attach Listener" daemon [_thread_blocked, id=3912, stack(0x0000000018c40000,0x0000000018d40000)]
  0x0000000017784000 JavaThread "Signal Dispatcher" daemon [_thread_blocked, id=1876, stack(0x0000000018d50000,0x0000000018e50000)]
  0x0000000017769800 JavaThread "Finalizer" daemon [_thread_blocked, id=5636, stack(0x0000000018ab0000,0x0000000018bb0000)]
  0x0000000017722000 JavaThread "Reference Handler" daemon [_thread_blocked, id=5940, stack(0x00000000188c0000,0x00000000189c0000)]

Other Threads:
  0x000000001771a800 VMThread [stack: 0x0000000018730000,0x0000000018830000] [id=1604]
  0x0000000019187000 WatcherThread [stack: 0x0000000019b50000,0x0000000019c50000] [id=4264]

VM state:not at safepoint (normal execution)

VM Mutex/Monitor currently owned by a thread: None

Heap:
 PSYoungGen      total 295936K, used 179108K [0x00000000d5b80000, 0x00000000e9d80000, 0x0000000100000000)
  eden space 269312K, 59% used [0x00000000d5b80000,0x00000000df89f030,0x00000000e6280000)
  from space 26624K, 68% used [0x00000000e8380000,0x00000000e954a370,0x00000000e9d80000)
  to   space 30208K, 0% used [0x00000000e6280000,0x00000000e6280000,0x00000000e8000000)
 ParOldGen       total 105472K, used 44702K [0x0000000081200000, 0x0000000087900000, 0x00000000d5b80000)
  object space 105472K, 42% used [0x0000000081200000,0x0000000083da79e0,0x0000000087900000)
 Metaspace       used 26630K, capacity 27009K, committed 27392K, reserved 1073152K
  class space    used 3881K, capacity 4000K, committed 4096K, reserved 1048576K

Card table byte_map: [0x0000000011c70000,0x0000000012070000] byte_map_base: 0x0000000011867000

Marking Bits: (ParMarkBitMap*) 0x0000000050dda6c0
 Begin Bits: [0x0000000012a20000, 0x00000000149d8000)
 End Bits:   [0x00000000149d8000, 0x0000000016990000)

Polling page: 0x0000000000120000

CodeCache: size=245760Kb used=14657Kb max_used=14687Kb free=231102Kb
 bounds [0x00000000028b0000, 0x0000000003720000, 0x00000000118b0000]
 total_blobs=4723 nmethods=3985 adapters=649
 compilation: enabled

Compilation events (10 events):
Event: 19.570 Thread 0x00000000190e3000 nmethod 4372 0x0000000003019610 code [0x0000000003019780, 0x0000000003019b30]
Event: 19.570 Thread 0x00000000190e3000 4373       3       javax.swing.DefaultButtonModel::isArmed (15 bytes)
Event: 19.570 Thread 0x00000000190e3000 nmethod 4373 0x00000000036f9610 code [0x00000000036f9760, 0x00000000036f9910]
Event: 19.631 Thread 0x000000001778a000 nmethod 4367 0x00000000036fcbd0 code [0x00000000036fcf00, 0x00000000036ff498]
Event: 19.631 Thread 0x000000001778a000 4368       4       sun.java2d.SurfaceData::getSourceSurfaceData (110 bytes)
Event: 19.636 Thread 0x000000001778a000 nmethod 4368 0x00000000036fb210 code [0x00000000036fb3c0, 0x00000000036fb778]
Event: 19.636 Thread 0x000000001778a000 4369       4       sun.java2d.pipe.DrawImage::blitSurfaceData (145 bytes)
Event: 19.656 Thread 0x000000001778a000 nmethod 4369 0x0000000003705890 code [0x0000000003705aa0, 0x00000000037071e0]
Event: 19.689 Thread 0x00000000190e3000 4375       3       org.lwjgl.opengl.GL20::glUniform3f (27 bytes)
Event: 19.689 Thread 0x00000000190e3000 nmethod 4375 0x00000000036fa490 code [0x00000000036fa660, 0x00000000036fadb8]

GC Heap History (10 events):
Event: 9.805 GC heap before
{Heap before GC invocations=8 (full 1):
 PSYoungGen      total 126464K, used 125758K [0x00000000d5b80000, 0x00000000de300000, 0x0000000100000000)
  eden space 117760K, 99% used [0x00000000d5b80000,0x00000000dce077a8,0x00000000dce80000)
  from space 8704K, 97% used [0x00000000dda80000,0x00000000de2c8428,0x00000000de300000)
  to   space 10240K, 0% used [0x00000000dcf00000,0x00000000dcf00000,0x00000000dd900000)
 ParOldGen       total 54784K, used 12316K [0x0000000081200000, 0x0000000084780000, 0x00000000d5b80000)
  object space 54784K, 22% used [0x0000000081200000,0x0000000081e07198,0x0000000084780000)
 Metaspace       used 26310K, capacity 26753K, committed 27136K, reserved 1073152K
  class space    used 3872K, capacity 4000K, committed 4096K, reserved 1048576K
Event: 9.826 GC heap after
Heap after GC invocations=8 (full 1):
 PSYoungGen      total 128512K, used 10229K [0x00000000d5b80000, 0x00000000e5780000, 0x0000000100000000)
  eden space 118272K, 0% used [0x00000000d5b80000,0x00000000d5b80000,0x00000000dcf00000)
  from space 10240K, 99% used [0x00000000dcf00000,0x00000000dd8fd5a0,0x00000000dd900000)
  to   space 26624K, 0% used [0x00000000e3d80000,0x00000000e3d80000,0x00000000e5780000)
 ParOldGen       total 54784K, used 42492K [0x0000000081200000, 0x0000000084780000, 0x00000000d5b80000)
  object space 54784K, 77% used [0x0000000081200000,0x0000000083b7f218,0x0000000084780000)
 Metaspace       used 26310K, capacity 26753K, committed 27136K, reserved 1073152K
  class space    used 3872K, capacity 4000K, committed 4096K, reserved 1048576K
}
Event: 9.827 GC heap before
{Heap before GC invocations=9 (full 2):
 PSYoungGen      total 128512K, used 10229K [0x00000000d5b80000, 0x00000000e5780000, 0x0000000100000000)
  eden space 118272K, 0% used [0x00000000d5b80000,0x00000000d5b80000,0x00000000dcf00000)
  from space 10240K, 99% used [0x00000000dcf00000,0x00000000dd8fd5a0,0x00000000dd900000)
  to   space 26624K, 0% used [0x00000000e3d80000,0x00000000e3d80000,0x00000000e5780000)
 ParOldGen       total 54784K, used 42492K [0x0000000081200000, 0x0000000084780000, 0x00000000d5b80000)
  object space 54784K, 77% used [0x0000000081200000,0x0000000083b7f218,0x0000000084780000)
 Metaspace       used 26310K, capacity 26753K, committed 27136K, reserved 1073152K
  class space    used 3872K, capacity 4000K, committed 4096K, reserved 1048576K
Event: 9.879 GC heap after
Heap after GC invocations=9 (full 2):
 PSYoungGen      total 128512K, used 0K [0x00000000d5b80000, 0x00000000e5780000, 0x0000000100000000)
  eden space 118272K, 0% used [0x00000000d5b80000,0x00000000d5b80000,0x00000000dcf00000)
  from space 10240K, 0% used [0x00000000dcf00000,0x00000000dcf00000,0x00000000dd900000)
  to   space 26624K, 0% used [0x00000000e3d80000,0x00000000e3d80000,0x00000000e5780000)
 ParOldGen       total 105472K, used 37148K [0x0000000081200000, 0x0000000087900000, 0x00000000d5b80000)
  object space 105472K, 35% used [0x0000000081200000,0x0000000083647038,0x0000000087900000)
 Metaspace       used 26310K, capacity 26753K, committed 27136K, reserved 1073152K
  class space    used 3872K, capacity 4000K, committed 4096K, reserved 1048576K
}
Event: 11.061 GC heap before
{Heap before GC invocations=10 (full 2):
 PSYoungGen      total 128512K, used 114889K [0x00000000d5b80000, 0x00000000e5780000, 0x0000000100000000)
  eden space 118272K, 97% used [0x00000000d5b80000,0x00000000dcbb2478,0x00000000dcf00000)
  from space 10240K, 0% used [0x00000000dcf00000,0x00000000dcf00000,0x00000000dd900000)
  to   space 26624K, 0% used [0x00000000e3d80000,0x00000000e3d80000,0x00000000e5780000)
 ParOldGen       total 105472K, used 37148K [0x0000000081200000, 0x0000000087900000, 0x00000000d5b80000)
  object space 105472K, 35% used [0x0000000081200000,0x0000000083647038,0x0000000087900000)
 Metaspace       used 26400K, capacity 26817K, committed 27136K, reserved 1073152K
  class space    used 3873K, capacity 4000K, committed 4096K, reserved 1048576K
Event: 11.073 GC heap after
Heap after GC invocations=10 (full 2):
 PSYoungGen      total 225280K, used 21344K [0x00000000d5b80000, 0x00000000e5700000, 0x0000000100000000)
  eden space 199168K, 0% used [0x00000000d5b80000,0x00000000d5b80000,0x00000000e1e00000)
  from space 26112K, 81% used [0x00000000e3d80000,0x00000000e5258050,0x00000000e5700000)
  to   space 29184K, 0% used [0x00000000e1e00000,0x00000000e1e00000,0x00000000e3a80000)
 ParOldGen       total 105472K, used 37156K [0x0000000081200000, 0x0000000087900000, 0x00000000d5b80000)
  object space 105472K, 35% used [0x0000000081200000,0x0000000083649038,0x0000000087900000)
 Metaspace       used 26400K, capacity 26817K, committed 27136K, reserved 1073152K
  class space    used 3873K, capacity 4000K, committed 4096K, reserved 1048576K
}
Event: 12.653 GC heap before
{Heap before GC invocations=11 (full 2):
 PSYoungGen      total 225280K, used 219545K [0x00000000d5b80000, 0x00000000e5700000, 0x0000000100000000)
  eden space 199168K, 99% used [0x00000000d5b80000,0x00000000e1d0e500,0x00000000e1e00000)
  from space 26112K, 81% used [0x00000000e3d80000,0x00000000e5258050,0x00000000e5700000)
  to   space 29184K, 0% used [0x00000000e1e00000,0x00000000e1e00000,0x00000000e3a80000)
 ParOldGen       total 105472K, used 40240K [0x0000000081200000, 0x0000000087900000, 0x00000000d5b80000)
  object space 105472K, 38% used [0x0000000081200000,0x000000008394c330,0x0000000087900000)
 Metaspace       used 26453K, capacity 26881K, committed 27136K, reserved 1073152K
  class space    used 3873K, capacity 4000K, committed 4096K, reserved 1048576K
Event: 12.658 GC heap after
Heap after GC invocations=11 (full 2):
 PSYoungGen      total 228352K, used 1472K [0x00000000d5b80000, 0x00000000ea000000, 0x0000000100000000)
  eden space 199168K, 0% used [0x00000000d5b80000,0x00000000d5b80000,0x00000000e1e00000)
  from space 29184K, 5% used [0x00000000e1e00000,0x00000000e1f70000,0x00000000e3a80000)
  to   space 29184K, 0% used [0x00000000e8380000,0x00000000e8380000,0x00000000ea000000)
 ParOldGen       total 105472K, used 40248K [0x0000000081200000, 0x0000000087900000, 0x00000000d5b80000)
  object space 105472K, 38% used [0x0000000081200000,0x000000008394e330,0x0000000087900000)
 Metaspace       used 26453K, capacity 26881K, committed 27136K, reserved 1073152K
  class space    used 3873K, capacity 4000K, committed 4096K, reserved 1048576K
}
Event: 14.289 GC heap before
{Heap before GC invocations=12 (full 2):
 PSYoungGen      total 228352K, used 200640K [0x00000000d5b80000, 0x00000000ea000000, 0x0000000100000000)
  eden space 199168K, 100% used [0x00000000d5b80000,0x00000000e1e00000,0x00000000e1e00000)
  from space 29184K, 5% used [0x00000000e1e00000,0x00000000e1f70000,0x00000000e3a80000)
  to   space 29184K, 0% used [0x00000000e8380000,0x00000000e8380000,0x00000000ea000000)
 ParOldGen       total 105472K, used 44526K [0x0000000081200000, 0x0000000087900000, 0x00000000d5b80000)
  object space 105472K, 42% used [0x0000000081200000,0x0000000083d7b9e0,0x0000000087900000)
 Metaspace       used 26569K, capacity 26945K, committed 27136K, reserved 1073152K
  class space    used 3879K, capacity 4000K, committed 4096K, reserved 1048576K
Event: 14.302 GC heap after
Heap after GC invocations=12 (full 2):
 PSYoungGen      total 295936K, used 18216K [0x00000000d5b80000, 0x00000000e9d80000, 0x0000000100000000)
  eden space 269312K, 0% used [0x00000000d5b80000,0x00000000d5b80000,0x00000000e6280000)
  from space 26624K, 68% used [0x00000000e8380000,0x00000000e954a370,0x00000000e9d80000)
  to   space 30208K, 0% used [0x00000000e6280000,0x00000000e6280000,0x00000000e8000000)
 ParOldGen       total 105472K, used 44702K [0x0000000081200000, 0x0000000087900000, 0x00000000d5b80000)
  object space 105472K, 42% used [0x0000000081200000,0x0000000083da79e0,0x0000000087900000)
 Metaspace       used 26569K, capacity 26945K, committed 27136K, reserved 1073152K
  class space    used 3879K, capacity 4000K, committed 4096K, reserved 1048576K
}

Deoptimization events (10 events):
Event: 19.559 Thread 0x0000000019f81000 Uncommon trap: reason=class_check action=maybe_recompile pc=0x00000000033d9ea0 method=javax.swing.JComponent.paintChildren(Ljava/awt/Graphics;)V @ 85
Event: 19.559 Thread 0x0000000019f81000 Uncommon trap: reason=bimorphic action=maybe_recompile pc=0x0000000003443b98 method=sun.java2d.pipe.DrawImage.blitSurfaceData(Lsun/java2d/SunGraphics2D;Lsun/java2d/pipe/Region;Lsun/java2d/SurfaceData;Lsun/java2d/SurfaceData;Lsun/java2d/loops/SurfaceType;L
Event: 19.559 Thread 0x0000000019f81000 Uncommon trap: reason=bimorphic action=maybe_recompile pc=0x0000000003443b98 method=sun.java2d.pipe.DrawImage.blitSurfaceData(Lsun/java2d/SunGraphics2D;Lsun/java2d/pipe/Region;Lsun/java2d/SurfaceData;Lsun/java2d/SurfaceData;Lsun/java2d/loops/SurfaceType;L
Event: 19.566 Thread 0x0000000019f81000 Uncommon trap: reason=bimorphic action=maybe_recompile pc=0x0000000003443b98 method=sun.java2d.pipe.DrawImage.blitSurfaceData(Lsun/java2d/SunGraphics2D;Lsun/java2d/pipe/Region;Lsun/java2d/SurfaceData;Lsun/java2d/SurfaceData;Lsun/java2d/loops/SurfaceType;L
Event: 19.566 Thread 0x0000000019f81000 Uncommon trap: reason=bimorphic action=maybe_recompile pc=0x0000000003443b98 method=sun.java2d.pipe.DrawImage.blitSurfaceData(Lsun/java2d/SunGraphics2D;Lsun/java2d/pipe/Region;Lsun/java2d/SurfaceData;Lsun/java2d/SurfaceData;Lsun/java2d/loops/SurfaceType;L
Event: 19.568 Thread 0x0000000019f81000 Uncommon trap: reason=unstable_if action=reinterpret pc=0x0000000003386660 method=sun.java2d.SunGraphics2D.setComposite(Ljava/awt/Composite;)V @ 5
Event: 19.568 Thread 0x0000000019f81000 Uncommon trap: reason=unstable_if action=reinterpret pc=0x0000000002ff0e24 method=sun.java2d.loops.MaskFill.getFromCache(Lsun/java2d/loops/SurfaceType;Lsun/java2d/loops/CompositeType;Lsun/java2d/loops/SurfaceType;)Lsun/java2d/loops/MaskFill; @ 11
Event: 19.569 Thread 0x0000000019f81000 Uncommon trap: reason=class_check action=maybe_recompile pc=0x0000000003573ed0 method=sun.java2d.pipe.AlphaPaintPipe.startSequence(Lsun/java2d/SunGraphics2D;Ljava/awt/Shape;Ljava/awt/Rectangle;[I)Ljava/lang/Object; @ 10
Event: 19.569 Thread 0x0000000019f81000 Uncommon trap: reason=unstable_if action=reinterpret pc=0x000000000358565c method=java.awt.image.DirectColorModel.createCompatibleWritableRaster(II)Ljava/awt/image/WritableRaster; @ 53
Event: 19.569 Thread 0x0000000019f81000 Uncommon trap: reason=range_check action=make_not_entrant pc=0x000000000353c284 method=java.awt.image.DirectColorModel.getRedMask()I @ 5

Internal exceptions (10 events):
Event: 19.699 Thread 0x0000000019f81000 Exception <a 'java/lang/NullPointerException'> (0x00000000df64b318) thrown at [C:\re\workspace\8-2-build-windows-amd64-cygwin\jdk8u111\7883\hotspot\src\share\vm\runtime\sharedRuntime.cpp, line 1085]
Event: 19.699 Thread 0x0000000019f81000 Exception <a 'java/lang/NullPointerException'> (0x00000000df64b708) thrown at [C:\re\workspace\8-2-build-windows-amd64-cygwin\jdk8u111\7883\hotspot\src\share\vm\runtime\sharedRuntime.cpp, line 1085]
Event: 19.699 Thread 0x0000000019f81000 Exception <a 'java/lang/NullPointerException'> (0x00000000df64baf8) thrown at [C:\re\workspace\8-2-build-windows-amd64-cygwin\jdk8u111\7883\hotspot\src\share\vm\runtime\sharedRuntime.cpp, line 1085]
Event: 19.699 Thread 0x0000000019f81000 Exception <a 'java/lang/NullPointerException'> (0x00000000df64bee8) thrown at [C:\re\workspace\8-2-build-windows-amd64-cygwin\jdk8u111\7883\hotspot\src\share\vm\runtime\sharedRuntime.cpp, line 1085]
Event: 19.699 Thread 0x0000000019f81000 Exception <a 'java/lang/NullPointerException'> (0x00000000df64c2d8) thrown at [C:\re\workspace\8-2-build-windows-amd64-cygwin\jdk8u111\7883\hotspot\src\share\vm\runtime\sharedRuntime.cpp, line 1085]
Event: 19.699 Thread 0x0000000019f81000 Exception <a 'java/lang/NullPointerException'> (0x00000000df64c6c8) thrown at [C:\re\workspace\8-2-build-windows-amd64-cygwin\jdk8u111\7883\hotspot\src\share\vm\runtime\sharedRuntime.cpp, line 1085]
Event: 19.700 Thread 0x0000000019f81000 Exception <a 'java/lang/NullPointerException'> (0x00000000df64cab8) thrown at [C:\re\workspace\8-2-build-windows-amd64-cygwin\jdk8u111\7883\hotspot\src\share\vm\runtime\sharedRuntime.cpp, line 1085]
Event: 19.700 Thread 0x0000000019f81000 Exception <a 'java/lang/NullPointerException'> (0x00000000df64cea8) thrown at [C:\re\workspace\8-2-build-windows-amd64-cygwin\jdk8u111\7883\hotspot\src\share\vm\runtime\sharedRuntime.cpp, line 1085]
Event: 19.700 Thread 0x0000000019f81000 Exception <a 'java/lang/NullPointerException'> (0x00000000df64d298) thrown at [C:\re\workspace\8-2-build-windows-amd64-cygwin\jdk8u111\7883\hotspot\src\share\vm\runtime\sharedRuntime.cpp, line 1085]
Event: 19.700 Thread 0x0000000019f81000 Exception <a 'java/lang/NullPointerException'> (0x00000000df64d688) thrown at [C:\re\workspace\8-2-build-windows-amd64-cygwin\jdk8u111\7883\hotspot\src\share\vm\runtime\sharedRuntime.cpp, line 1085]

Events (10 events):
Event: 19.568 Thread 0x0000000019f81000 DEOPT UNPACKING pc=0x00000000028f582a sp=0x000000001ac1c098 mode 2
Event: 19.569 Thread 0x0000000019f81000 Uncommon trap: trap_request=0xffffffde fr.pc=0x0000000003573ed0
Event: 19.569 Thread 0x0000000019f81000 DEOPT PACKING pc=0x0000000003573ed0 sp=0x000000001ac1bfb0
Event: 19.569 Thread 0x0000000019f81000 DEOPT UNPACKING pc=0x00000000028f582a sp=0x000000001ac1bf40 mode 2
Event: 19.569 Thread 0x0000000019f81000 Uncommon trap: trap_request=0xffffff65 fr.pc=0x000000000358565c
Event: 19.569 Thread 0x0000000019f81000 DEOPT PACKING pc=0x000000000358565c sp=0x000000001ac1bce0
Event: 19.569 Thread 0x0000000019f81000 DEOPT UNPACKING pc=0x00000000028f582a sp=0x000000001ac1bcf0 mode 2
Event: 19.569 Thread 0x0000000019f81000 Uncommon trap: trap_request=0xffffffe4 fr.pc=0x000000000353c284
Event: 19.569 Thread 0x0000000019f81000 DEOPT PACKING pc=0x000000000353c284 sp=0x000000001ac1be40
Event: 19.569 Thread 0x0000000019f81000 DEOPT UNPACKING pc=0x00000000028f582a sp=0x000000001ac1bd58 mode 2


Dynamic libraries:
0x000000013fa10000 - 0x000000013fa47000 	C:\Program Files\Java\jre1.8.0_111\bin\javaw.exe
0x0000000077720000 - 0x00000000778cb000 	C:\Windows\SYSTEM32\ntdll.dll
0x0000000077600000 - 0x000000007771f000 	C:\Windows\system32\kernel32.dll
0x000007fefd990000 - 0x000007fefd9fa000 	C:\Windows\system32\KERNELBASE.dll
0x000007fefe590000 - 0x000007fefe66b000 	C:\Windows\system32\ADVAPI32.dll
0x000007feff890000 - 0x000007feff92f000 	C:\Windows\system32\msvcrt.dll
0x000007fefe670000 - 0x000007fefe68f000 	C:\Windows\SYSTEM32\sechost.dll
0x000007fefe7a0000 - 0x000007fefe8cd000 	C:\Windows\system32\RPCRT4.dll
0x0000000077500000 - 0x00000000775fa000 	C:\Windows\system32\USER32.dll
0x000007feff820000 - 0x000007feff887000 	C:\Windows\system32\GDI32.dll
0x000007fefe3a0000 - 0x000007fefe3ae000 	C:\Windows\system32\LPK.dll
0x000007fefe130000 - 0x000007fefe1fa000 	C:\Windows\system32\USP10.dll
0x000007fefbf20000 - 0x000007fefc114000 	C:\Windows\WinSxS\amd64_microsoft.windows.common-controls_6595b64144ccf1df_6.0.7601.23403_none_e36ad4593102f066\COMCTL32.dll
0x000007feff9b0000 - 0x000007feffa21000 	C:\Windows\system32\SHLWAPI.dll
0x000007fefe930000 - 0x000007fefe95e000 	C:\Windows\system32\IMM32.DLL
0x000007fefe690000 - 0x000007fefe799000 	C:\Windows\system32\MSCTF.dll
0x000007fefd640000 - 0x000007fefd670000 	C:\Windows\system32\nvinitx.dll
0x000007fefd630000 - 0x000007fefd63c000 	C:\Windows\system32\VERSION.dll
0x00000000752a0000 - 0x00000000752a6000 	C:\Program Files\NVIDIA Corporation\CoProcManager\detoured.dll
0x000007fefb370000 - 0x000007fefb3a8000 	C:\Program Files\NVIDIA Corporation\CoProcManager\nvd3d9wrapx.dll
0x000007fefdae0000 - 0x000007fefdcb7000 	C:\Windows\system32\SETUPAPI.dll
0x000007fefda00000 - 0x000007fefda36000 	C:\Windows\system32\CFGMGR32.dll
0x000007feff6f0000 - 0x000007feff7c8000 	C:\Windows\system32\OLEAUT32.dll
0x000007fefdf20000 - 0x000007fefe123000 	C:\Windows\system32\ole32.dll
0x000007fefd970000 - 0x000007fefd98a000 	C:\Windows\system32\DEVOBJ.dll
0x000007fefb340000 - 0x000007fefb364000 	C:\Program Files\NVIDIA Corporation\CoProcManager\nvdxgiwrapx.dll
0x0000000070ac0000 - 0x0000000070b92000 	C:\Program Files\Java\jre1.8.0_111\bin\msvcr100.dll
0x00000000505c0000 - 0x0000000050e5a000 	C:\Program Files\Java\jre1.8.0_111\bin\server\jvm.dll
0x000007feeea60000 - 0x000007feeea69000 	C:\Windows\system32\WSOCK32.dll
0x000007feff7d0000 - 0x000007feff81d000 	C:\Windows\system32\WS2_32.dll
0x000007fefe580000 - 0x000007fefe588000 	C:\Windows\system32\NSI.dll
0x000007fefb1b0000 - 0x000007fefb1eb000 	C:\Windows\system32\WINMM.dll
0x00000000778f0000 - 0x00000000778f7000 	C:\Windows\system32\PSAPI.DLL
0x0000000074320000 - 0x000000007432f000 	C:\Program Files\Java\jre1.8.0_111\bin\verify.dll
0x00000000717a0000 - 0x00000000717c9000 	C:\Program Files\Java\jre1.8.0_111\bin\java.dll
0x0000000071780000 - 0x0000000071796000 	C:\Program Files\Java\jre1.8.0_111\bin\zip.dll
0x000007fefe960000 - 0x000007feff6ec000 	C:\Windows\system32\SHELL32.dll
0x000007fefd670000 - 0x000007fefd67f000 	C:\Windows\system32\profapi.dll
0x0000000070ba0000 - 0x0000000070d38000 	C:\Program Files\Java\jre1.8.0_111\bin\awt.dll
0x000007fefb7f0000 - 0x000007fefb808000 	C:\Windows\system32\DWMAPI.DLL
0x000007fefbdb0000 - 0x000007fefbe06000 	C:\Windows\system32\uxtheme.dll
0x000007fefd520000 - 0x000007fefd52f000 	C:\Windows\system32\CRYPTBASE.dll
0x000007fefcec0000 - 0x000007fefced8000 	C:\Windows\system32\CRYPTSP.dll
0x000007fefcba0000 - 0x000007fefcbe7000 	C:\Windows\system32\rsaenh.dll
0x000007fefcc90000 - 0x000007fefccaf000 	C:\Windows\system32\USERENV.dll
0x0000000071760000 - 0x000000007177a000 	C:\Program Files\Java\jre1.8.0_111\bin\net.dll
0x000007fefce60000 - 0x000007fefceb5000 	C:\Windows\system32\mswsock.dll
0x000007fefce50000 - 0x000007fefce57000 	C:\Windows\System32\wship6.dll
0x000007fefaab0000 - 0x000007fefaad7000 	C:\Windows\system32\IPHLPAPI.DLL
0x000007fefaaa0000 - 0x000007fefaaab000 	C:\Windows\system32\WINNSI.DLL
0x000007fef9ff0000 - 0x000007fefa008000 	C:\Windows\system32\dhcpcsvc.DLL
0x000007fef9fd0000 - 0x000007fef9fe1000 	C:\Windows\system32\dhcpcsvc6.DLL
0x0000000071740000 - 0x0000000071751000 	C:\Program Files\Java\jre1.8.0_111\bin\nio.dll
0x00000000707e0000 - 0x0000000070827000 	C:\Program Files\Java\jre1.8.0_111\bin\fontmanager.dll
0x0000000070790000 - 0x00000000707d2000 	C:\Program Files\Java\jre1.8.0_111\bin\t2k.dll
0x000007fefb110000 - 0x000007fefb1b0000 	C:\Windows\WinSxS\amd64_microsoft.windows.common-controls_6595b64144ccf1df_5.82.7601.17514_none_a4d6a923711520a9\comctl32.dll
0x000007fefe3b0000 - 0x000007fefe449000 	C:\Windows\system32\CLBCatQ.DLL
0x000007fefbc10000 - 0x000007fefbd3c000 	C:\Windows\system32\propsys.dll
0x000007fefc5b0000 - 0x000007fefc5dd000 	C:\Windows\system32\ntmarta.dll
0x000007fefe8d0000 - 0x000007fefe922000 	C:\Windows\system32\WLDAP32.dll
0x000007fefd4c0000 - 0x000007fefd517000 	C:\Windows\system32\apphelp.dll
0x000007fef5410000 - 0x000007fef55ac000 	C:\Windows\system32\NetworkExplorer.dll
0x000007fef7940000 - 0x000007fef7974000 	C:\Windows\System32\shdocvw.dll
0x000007fefac90000 - 0x000007fefac9b000 	C:\Windows\system32\slc.dll
0x000007fefa5b0000 - 0x000007fefa5c8000 	C:\Windows\system32\MPR.dll
0x000007fefa5d0000 - 0x000007fefa5da000 	C:\Windows\System32\drprov.dll
0x000007fefd5d0000 - 0x000007fefd60d000 	C:\Windows\System32\WINSTA.dll
0x000007fef53e0000 - 0x000007fef5402000 	C:\Windows\System32\ntlanman.dll
0x000007fef5330000 - 0x000007fef534e000 	C:\Windows\System32\davclnt.dll
0x000007fef5320000 - 0x000007fef532a000 	C:\Windows\System32\DAVHLPR.dll
0x000007fefb520000 - 0x000007fefb535000 	C:\Windows\system32\wkscli.dll
0x000007fef97a0000 - 0x000007fef97af000 	C:\Windows\system32\cscapi.dll
0x000007fefb540000 - 0x000007fefb54c000 	C:\Windows\system32\netutils.dll
0x000007fee3010000 - 0x000007fee3281000 	C:\Windows\system32\wpdshext.dll
0x000007fefb9a0000 - 0x000007fefbbb6000 	C:\Windows\WinSxS\amd64_microsoft.windows.gdiplus_6595b64144ccf1df_1.1.7601.23407_none_14556c1e8b95d0b8\gdiplus.dll
0x000007fef2070000 - 0x000007fef212d000 	C:\Windows\system32\PortableDeviceApi.dll
0x000007fefd720000 - 0x000007fefd75b000 	C:\Windows\system32\WINTRUST.dll
0x000000001d420000 - 0x000000001d58d000 	C:\Windows\system32\CRYPT32.dll
0x000007fefd710000 - 0x000007fefd71f000 	C:\Windows\system32\MSASN1.dll
0x000007fef9840000 - 0x000007fef9875000 	C:\Windows\system32\EhStorShell.dll
0x000007feeef70000 - 0x000007feeef97000 	C:\Windows\system32\EhStorAPI.dll
0x000007fef7930000 - 0x000007fef793c000 	C:\Windows\system32\LINKINFO.dll
0x000007fefb680000 - 0x000007fefb7aa000 	C:\Windows\system32\WindowsCodecs.dll
0x000007fef9bd0000 - 0x000007fef9c4f000 	C:\Program Files (x86)\Adobe\Adobe Creative Cloud\CoreSyncExtension\CoreSync_x64.dll
0x000007fefa540000 - 0x000007fefa543000 	C:\Windows\system32\api-ms-win-core-synch-l1-2-0.DLL
0x000007fef97c0000 - 0x000007fef983e000 	C:\Windows\System32\cscui.dll
0x000007fef97b0000 - 0x000007fef97bc000 	C:\Windows\System32\CSCDLL.dll
0x000007fef9720000 - 0x000007fef97a0000 	C:\Windows\system32\ntshrui.dll
0x000007fefd390000 - 0x000007fefd3b3000 	C:\Windows\system32\srvcli.dll
0x0000000180000000 - 0x0000000180051000 	C:\Users\C17\git\MetaCiv\MetaCiv\lib\natives-win\lwjgl64.dll
0x000007fef6990000 - 0x000007fef6aad000 	C:\Windows\system32\OPENGL32.dll
0x000007fef6960000 - 0x000007fef698d000 	C:\Windows\system32\GLU32.dll
0x000007fef6860000 - 0x000007fef6951000 	C:\Windows\system32\DDRAW.dll
0x000007fef6850000 - 0x000007fef6858000 	C:\Windows\system32\DCIMAN32.dll
0x000000001fe80000 - 0x000000002060e000 	C:\Windows\system32\ig75icd64.dll
0x000007fef7e30000 - 0x000007fef8274000 	C:\Windows\system32\igdusc64.dll
0x000007fefa230000 - 0x000007fefa2cc000 	C:\Windows\system32\mscms.dll
0x000007fee8060000 - 0x000007fee80a2000 	C:\Windows\system32\icm32.dll
0x0000000073fa0000 - 0x0000000073fca000 	C:\Program Files\Java\jre1.8.0_111\bin\dcpr.dll
0x00000000706e0000 - 0x0000000070782000 	C:\Program Files\Java\jre1.8.0_111\bin\mlib_image.dll
0x000007feecb40000 - 0x000007feecc65000 	C:\Windows\system32\dbghelp.dll

VM Arguments:
jvm_args: -Djava.library.path=C:\Users\C17\git\MetaCiv\MetaCiv\lib\natives-win -Dfile.encoding=Cp1252 
java_command: civilisation.CivLauncher
java_class_path (initial): C:\Users\C17\git\MetaCiv\MetaCiv\bin;C:\Users\C17\git\MetaCiv\MetaCiv\lib\turtlekit-3.0.0.4.jar;C:\Users\C17\git\MetaCiv\MetaCiv\lib\jars\lwjgl_util.jar;C:\Users\C17\git\MetaCiv\MetaCiv\lib\jars\lwjgl.jar;C:\Users\C17\git\MetaCiv\MetaCiv\lib\jars\slick-util.jar
Launcher Type: SUN_STANDARD

Environment Variables:
PATH=C:/Program Files/Java/jre1.8.0_111/bin/server;C:/Program Files/Java/jre1.8.0_111/bin;C:/Program Files/Java/jre1.8.0_111/lib/amd64;C:\ProgramData\Oracle\Java\javapath;C:\Program Files (x86)\Intel\iCLS Client\;C:\Program Files\Intel\iCLS Client\;C:\Windows\system32;C:\Windows;C:\Windows\System32\Wbem;C:\Windows\System32\WindowsPowerShell\v1.0\;C:\Program Files (x86)\NVIDIA Corporation\PhysX\Common;C:\Program Files\Intel\Intel(R) Management Engine Components\DAL;C:\Program Files\Intel\Intel(R) Management Engine Components\IPT;C:\Program Files (x86)\Intel\Intel(R) Management Engine Components\DAL;C:\Program Files (x86)\Intel\Intel(R) Management Engine Components\IPT;C:\Program Files (x86)\Skype\Phone\;C:\Windows\system32\config\systemprofile\.dnx\bin;C:\Program Files\Microsoft DNX\Dnvm\;C:\Program Files\Microsoft SQL Server\130\Tools\Binn\;C:\Program Files\Common Files\Autodesk Shared\;%R_HOME%;c:\python27\lib\site-packages\pywin32_system32;C:\Python27\Lib\site-packages\shared_libs;c:\python27\lib\site-packages\scons-2.3.0-py2.7-win32.egg\EGG-INFO\scripts;c:\python27\lib\site-packages\ann-1.1.2-win32.egg\bin;c:\python27\lib\site-packages\vplants.plantgl-2.19.0-py2.7-win32.egg\bin;c:\python27\lib\site-packages\qt4-4.8.5-py2.7-win32.egg\bin;c:\python27\lib\site-packages\vplants.aml-1.2.0-py2.7-win32.egg\bin;c:\python27\lib\site-packages\cgal-4.0-win32.egg\bin;c:\python27\lib\site-packages\mingw-5.1.4_4c-py2.7-win32.egg\bin;c:\python27\lib\site-packages\qt4_dev-4.8.5-py2.7-win32.egg\bin;c:\python27\lib\site-packages\bisonflex-2.4.1_2.5.35-win32.egg\bin;c:\python27\lib\site-packages\cmake-2.8.11.2-py2.7-win32.egg\bin;c:\python27\lib\site-packages\alinea.caribu-6.1.0-py2.7-win32.egg\bin;C:\Users\C17\Desktop;
USERNAME=C17
OS=Windows_NT
PROCESSOR_IDENTIFIER=Intel64 Family 6 Model 60 Stepping 3, GenuineIntel



---------------  S Y S T E M  ---------------

OS: Windows 7 , 64 bit Build 7601 (6.1.7601.23455)

CPU:total 4 (2 cores per cpu, 2 threads per core) family 6 model 60 stepping 3, cmov, cx8, fxsr, mmx, sse, sse2, sse3, ssse3, sse4.1, sse4.2, popcnt, avx, avx2, aes, clmul, erms, lzcnt, ht, tsc, tscinvbit, bmi1, bmi2

Memory: 4k page, physical 8307368k(3260620k free), swap 16612876k(10857964k free)

vm_info: Java HotSpot(TM) 64-Bit Server VM (25.111-b14) for windows-amd64 JRE (1.8.0_111-b14), built on Sep 22 2016 19:24:05 by "java_re" with MS VC++ 10.0 (VS2010)

time: Sat Apr 29 17:16:51 2017
elapsed time: 19 seconds (0d 0h 0m 19s)

