#
# A fatal error has been detected by the Java Runtime Environment:
#
#  EXCEPTION_ACCESS_VIOLATION (0xc0000005) at pc=0x000000001fe6d4b0, pid=568, tid=0x00000000000015c4
#
# JRE version: Java(TM) SE Runtime Environment (8.0_111-b14) (build 1.8.0_111-b14)
# Java VM: Java HotSpot(TM) 64-Bit Server VM (25.111-b14 mixed mode windows-amd64 compressed oops)
# Problematic frame:
# C  [ig75icd64.dll+0x7d4b0]
#
# Failed to write core dump. Minidumps are not enabled by default on client versions of Windows
#
# If you would like to submit a bug report, please visit:
#   http://bugreport.java.com/bugreport/crash.jsp
# The crash happened outside the Java Virtual Machine in native code.
# See problematic frame for where to report the bug.
#

---------------  T H R E A D  ---------------

Current thread (0x000000001e0b3800):  JavaThread "Thread-21" [_thread_in_native, id=5572, stack(0x000000001fcf0000,0x000000001fdf0000)]

siginfo: ExceptionCode=0xc0000005, reading address 0x0000000000000000

Registers:
RAX=0x0000000000000000, RBX=0x0000000020ba9000, RCX=0x0000000000000000, RDX=0x0000000000000000
RSP=0x000000001fded240, RBP=0x000000001fded370, RSI=0x0000000023ae52c8, RDI=0x000000004ecfd000
R8 =0x0000000000000040, R9 =0x0000000000000000, R10=0x0000000000000004, R11=0x000000001fdeda30
R12=0x00000000224bbbd0, R13=0x0000000000000040, R14=0x0000000023ae52a0, R15=0x0000000000000010
RIP=0x000000001fe6d4b0, EFLAGS=0x0000000000010202

Top of Stack: (sp=0x000000001fded240)
0x000000001fded240:   000000003f6ddba3 0000000000000000
0x000000001fded250:   0000000000000000 0000000000000000
0x000000001fded260:   0000000020bc1420 000000001ff502d9
0x000000001fded270:   0000000020ba9000 0000000023ae52c8
0x000000001fded280:   000000001fded370 000000001a3229b0
0x000000001fded290:   000000001fded301 0000000052cde95b
0x000000001fded2a0:   0000004000000006 000000001fdeda30
0x000000001fded2b0:   0000000020bc1420 0000000000000006
0x000000001fded2c0:   00000000187a7164 000000001e0b3800
0x000000001fded2d0:   0000000000000054 00000000187a7198
0x000000001fded2e0:   000000001fded320 0000000023e708d0
0x000000001fded2f0:   00000000187a721c 000000001fdedd20
0x000000001fded300:   000000001fded320 0000000000000000
0x000000001fded310:   0000000000000006 00000000000004db
0x000000001fded320:   0000000000000006 0000000000000040
0x000000001fded330:   00000000187a71b8 0000000000000006 

Instructions: (pc=0x000000001fe6d4b0)
0x000000001fe6d490:   72 9e 41 83 e0 7f 74 34 45 8b d0 44 8b c9 49 c1
0x000000001fe6d4a0:   ea 04 4d 85 d2 74 25 66 0f 1f 84 00 00 00 00 00
0x000000001fe6d4b0:   66 0f 6f 02 41 ff c1 48 83 c7 10 41 8b c1 66 0f
0x000000001fe6d4c0:   e7 47 f0 48 83 c2 10 49 3b c2 72 e4 0f 28 74 24 


Register to memory mapping:

RAX=0x0000000000000000 is an unknown value
RBX=0x0000000020ba9000 is an unknown value
RCX=0x0000000000000000 is an unknown value
RDX=0x0000000000000000 is an unknown value
RSP=0x000000001fded240 is pointing into the stack for thread: 0x000000001e0b3800
RBP=0x000000001fded370 is pointing into the stack for thread: 0x000000001e0b3800
RSI=0x0000000023ae52c8 is an unknown value
RDI=0x000000004ecfd000 is an unknown value
R8 =0x0000000000000040 is an unknown value
R9 =0x0000000000000000 is an unknown value
R10=0x0000000000000004 is an unknown value
R11=0x000000001fdeda30 is pointing into the stack for thread: 0x000000001e0b3800
R12=0x00000000224bbbd0 is an unknown value
R13=0x0000000000000040 is an unknown value
R14=0x0000000023ae52a0 is an unknown value
R15=0x0000000000000010 is an unknown value


Stack: [0x000000001fcf0000,0x000000001fdf0000],  sp=0x000000001fded240,  free space=1012k
Native frames: (J=compiled Java code, j=interpreted, Vv=VM code, C=native code)
C  [ig75icd64.dll+0x7d4b0]
C  [ig75icd64.dll+0x1602d9]
C  [ig75icd64.dll+0x206305]
C  [ig75icd64.dll+0x58fb0]
C  [ig75icd64.dll+0x251195]
C  [ig75icd64.dll+0x7c731]
C  [ig75icd64.dll+0x14ecf0]
C  [ig75icd64.dll+0x14ee51]
C  [ig75icd64.dll+0x150a43]
C  [lwjgl64.dll+0xbd00]
C  0x0000000002817f74

Java frames: (J=compiled Java code, j=interpreted, Vv=VM code)
j  org.lwjgl.opengl.GL31.nglDrawElementsInstancedBO(IIIJIJ)V+0
j  org.lwjgl.opengl.GL31.glDrawElementsInstanced(IIIJI)V+30
J 4406 C1 renderEngine.instanced.InstancedRenderer.render(Ljava/util/Map;LrenderEngine/entities/Camera;)V (368 bytes) @ 0x00000000035c0684 [0x00000000035bdee0+0x27a4]
J 4366 C1 renderEngine.MasterRenderer.render(Ljava/util/List;LrenderEngine/entities/Camera;Ljava/awt/image/BufferedImage;LrenderEngine/entities/Light;Ljava/util/ArrayList;Lorg/lwjgl/util/vector/Vector4f;FZZZLrenderEngine/shadowsMapping/ShadowFrameBuffer;LrenderEngine/sea/SeaFrameBuffers;Lorg/lwjgl/util/vector/Matrix4f;Lorg/lwjgl/util/vector/Matrix4f;)V (205 bytes) @ 0x000000000355c714 [0x000000000355a5a0+0x2174]
j  renderEngine.renderMain.run()V+1149
j  java.lang.Thread.run()V+11
v  ~StubRoutines::call_stub

---------------  P R O C E S S  ---------------

Java Threads: ( => current thread )
  0x000000001e0b4800 JavaThread "LWJGL Timer" daemon [_thread_blocked, id=5204, stack(0x0000000024a50000,0x0000000024b50000)]
=>0x000000001e0b3800 JavaThread "Thread-21" [_thread_in_native, id=5572, stack(0x000000001fcf0000,0x000000001fdf0000)]
  0x000000001a3b9000 JavaThread "LIVING-7" [_thread_in_native, id=5568, stack(0x000000001f4c0000,0x000000001f5c0000)]
  0x000000001a3b5000 JavaThread "DestroyJavaVM" [_thread_blocked, id=1388, stack(0x0000000002430000,0x0000000002530000)]
  0x000000001d5d1000 JavaThread "LIVING-2" daemon [_thread_blocked, id=6128, stack(0x000000001ea00000,0x000000001eb00000)]
  0x000000001a068800 JavaThread "LIVING-1" daemon [_thread_blocked, id=3572, stack(0x0000000019920000,0x0000000019a20000)]
  0x0000000019e86000 JavaThread "TimerQueue" daemon [_thread_blocked, id=2392, stack(0x000000001d110000,0x000000001d210000)]
  0x0000000019dee000 JavaThread "Swing-Shell" daemon [_thread_blocked, id=4776, stack(0x000000001cc70000,0x000000001cd70000)]
  0x0000000019ca4000 JavaThread "AWT-EventQueue-0" [_thread_in_Java, id=3632, stack(0x000000001a600000,0x000000001a700000)]
  0x0000000019c7e000 JavaThread "AWT-Windows" daemon [_thread_in_native, id=3760, stack(0x000000001a8f0000,0x000000001a9f0000)]
  0x0000000019c7b800 JavaThread "AWT-Shutdown" [_thread_blocked, id=4152, stack(0x000000001a770000,0x000000001a870000)]
  0x0000000019c2b000 JavaThread "Java2D Disposer" daemon [_thread_blocked, id=3840, stack(0x000000001a4d0000,0x000000001a5d0000)]
  0x0000000018f4a800 JavaThread "Service Thread" daemon [_thread_blocked, id=5716, stack(0x0000000018cd0000,0x0000000018dd0000)]
  0x0000000018ee6000 JavaThread "C1 CompilerThread2" daemon [_thread_blocked, id=3336, stack(0x00000000194c0000,0x00000000195c0000)]
  0x0000000018ee1000 JavaThread "C2 CompilerThread1" daemon [_thread_blocked, id=156, stack(0x00000000193b0000,0x00000000194b0000)]
  0x0000000017799000 JavaThread "C2 CompilerThread0" daemon [_thread_blocked, id=5916, stack(0x0000000018de0000,0x0000000018ee0000)]
  0x0000000017794800 JavaThread "Attach Listener" daemon [_thread_blocked, id=2220, stack(0x0000000018b60000,0x0000000018c60000)]
  0x0000000017791800 JavaThread "Signal Dispatcher" daemon [_thread_blocked, id=5640, stack(0x0000000018940000,0x0000000018a40000)]
  0x0000000017779000 JavaThread "Finalizer" daemon [_thread_blocked, id=6096, stack(0x0000000018a40000,0x0000000018b40000)]
  0x0000000017731800 JavaThread "Reference Handler" daemon [_thread_blocked, id=3084, stack(0x00000000187d0000,0x00000000188d0000)]

Other Threads:
  0x000000001772a000 VMThread [stack: 0x00000000186a0000,0x00000000187a0000] [id=5656]
  0x0000000018f73000 WatcherThread [stack: 0x00000000196d0000,0x00000000197d0000] [id=3236]

VM state:not at safepoint (normal execution)

VM Mutex/Monitor currently owned by a thread: None

Heap:
 PSYoungGen      total 215040K, used 166607K [0x00000000d5b80000, 0x00000000e6300000, 0x0000000100000000)
  eden space 197632K, 82% used [0x00000000d5b80000,0x00000000dfb74fb8,0x00000000e1c80000)
  from space 17408K, 16% used [0x00000000e1c80000,0x00000000e1f3edc0,0x00000000e2d80000)
  to   space 16896K, 0% used [0x00000000e5280000,0x00000000e5280000,0x00000000e6300000)
 ParOldGen       total 119808K, used 72451K [0x0000000081200000, 0x0000000088700000, 0x00000000d5b80000)
  object space 119808K, 60% used [0x0000000081200000,0x00000000858c0ce0,0x0000000088700000)
 Metaspace       used 26828K, capacity 27223K, committed 27648K, reserved 1073152K
  class space    used 3873K, capacity 3977K, committed 4096K, reserved 1048576K

Card table byte_map: [0x0000000011bc0000,0x0000000011fc0000] byte_map_base: 0x00000000117b7000

Marking Bits: (ParMarkBitMap*) 0x00000000531da6c0
 Begin Bits: [0x0000000012a30000, 0x00000000149e8000)
 End Bits:   [0x00000000149e8000, 0x00000000169a0000)

Polling page: 0x0000000000320000

CodeCache: size=245760Kb used=14684Kb max_used=14684Kb free=231075Kb
 bounds [0x0000000002800000, 0x00000000036a0000, 0x0000000011800000]
 total_blobs=4896 nmethods=4168 adapters=638
 compilation: enabled

Compilation events (10 events):
Event: 23.855 Thread 0x0000000018ee6000 nmethod 5004 0x00000000030074d0 code [0x00000000030076a0, 0x0000000003007b68]
Event: 23.855 Thread 0x0000000018ee6000 5005       1       java.util.HashMap$KeySet::size (8 bytes)
Event: 23.855 Thread 0x0000000018ee6000 nmethod 5005 0x00000000030071d0 code [0x0000000003007320, 0x0000000003007430]
Event: 23.984 Thread 0x0000000018ee6000 5006       3       civilisation.world.WorldViewer::paintTurtle (30 bytes)
Event: 23.985 Thread 0x0000000018ee6000 nmethod 5006 0x0000000003006c90 code [0x0000000003006e00, 0x00000000030070b8]
Event: 23.985 Thread 0x0000000018ee6000 5007       3       civilisation.world.WorldViewer::paintOneTurtle (928 bytes)
Event: 23.998 Thread 0x0000000018ee6000 nmethod 5007 0x0000000003268b10 code [0x00000000032692e0, 0x0000000003270188]
Event: 23.998 Thread 0x0000000018ee6000 5008       3       civilisation.world.WorldViewer::paintPatch (287 bytes)
Event: 24.000 Thread 0x0000000018ee6000 nmethod 5008 0x000000000313a2d0 code [0x000000000313a680, 0x000000000313cb98]
Event: 24.085 Thread 0x0000000018ee1000 5009       4       civilisation.world.WorldViewer::paintPatch (287 bytes)

GC Heap History (10 events):
Event: 10.140 GC heap before
{Heap before GC invocations=11 (full 2):
 PSYoungGen      total 139776K, used 138688K [0x00000000d5b80000, 0x00000000df780000, 0x0000000100000000)
  eden space 125952K, 100% used [0x00000000d5b80000,0x00000000dd680000,0x00000000dd680000)
  from space 13824K, 92% used [0x00000000dea00000,0x00000000df670030,0x00000000df780000)
  to   space 16896K, 0% used [0x00000000dd680000,0x00000000dd680000,0x00000000de700000)
 ParOldGen       total 119808K, used 51925K [0x0000000081200000, 0x0000000088700000, 0x00000000d5b80000)
  object space 119808K, 43% used [0x0000000081200000,0x00000000844b55e8,0x0000000088700000)
 Metaspace       used 26130K, capacity 26529K, committed 26752K, reserved 1073152K
  class space    used 3853K, capacity 3968K, committed 3968K, reserved 1048576K
Event: 10.147 GC heap after
Heap after GC invocations=11 (full 2):
 PSYoungGen      total 142848K, used 3714K [0x00000000d5b80000, 0x00000000e1a80000, 0x0000000100000000)
  eden space 125952K, 0% used [0x00000000d5b80000,0x00000000d5b80000,0x00000000dd680000)
  from space 16896K, 21% used [0x00000000dd680000,0x00000000dda20850,0x00000000de700000)
  to   space 16384K, 0% used [0x00000000e0a80000,0x00000000e0a80000,0x00000000e1a80000)
 ParOldGen       total 119808K, used 51933K [0x0000000081200000, 0x0000000088700000, 0x00000000d5b80000)
  object space 119808K, 43% used [0x0000000081200000,0x00000000844b75e8,0x0000000088700000)
 Metaspace       used 26130K, capacity 26529K, committed 26752K, reserved 1073152K
  class space    used 3853K, capacity 3968K, committed 3968K, reserved 1048576K
}
Event: 11.167 GC heap before
{Heap before GC invocations=12 (full 2):
 PSYoungGen      total 142848K, used 129666K [0x00000000d5b80000, 0x00000000e1a80000, 0x0000000100000000)
  eden space 125952K, 100% used [0x00000000d5b80000,0x00000000dd680000,0x00000000dd680000)
  from space 16896K, 21% used [0x00000000dd680000,0x00000000dda20850,0x00000000de700000)
  to   space 16384K, 0% used [0x00000000e0a80000,0x00000000e0a80000,0x00000000e1a80000)
 ParOldGen       total 119808K, used 51933K [0x0000000081200000, 0x0000000088700000, 0x00000000d5b80000)
  object space 119808K, 43% used [0x0000000081200000,0x00000000844b75e8,0x0000000088700000)
 Metaspace       used 26198K, capacity 26593K, committed 26752K, reserved 1073152K
  class space    used 3853K, capacity 3968K, committed 3968K, reserved 1048576K
Event: 11.177 GC heap after
Heap after GC invocations=12 (full 2):
 PSYoungGen      total 177664K, used 13344K [0x00000000d5b80000, 0x00000000e1c00000, 0x0000000100000000)
  eden space 161280K, 0% used [0x00000000d5b80000,0x00000000d5b80000,0x00000000df900000)
  from space 16384K, 81% used [0x00000000e0a80000,0x00000000e1788030,0x00000000e1a80000)
  to   space 17920K, 0% used [0x00000000df900000,0x00000000df900000,0x00000000e0a80000)
 ParOldGen       total 119808K, used 72421K [0x0000000081200000, 0x0000000088700000, 0x00000000d5b80000)
  object space 119808K, 60% used [0x0000000081200000,0x00000000858b9638,0x0000000088700000)
 Metaspace       used 26198K, capacity 26593K, committed 26752K, reserved 1073152K
  class space    used 3853K, capacity 3968K, committed 3968K, reserved 1048576K
}
Event: 12.467 GC heap before
{Heap before GC invocations=13 (full 2):
 PSYoungGen      total 177664K, used 174624K [0x00000000d5b80000, 0x00000000e1c00000, 0x0000000100000000)
  eden space 161280K, 100% used [0x00000000d5b80000,0x00000000df900000,0x00000000df900000)
  from space 16384K, 81% used [0x00000000e0a80000,0x00000000e1788030,0x00000000e1a80000)
  to   space 17920K, 0% used [0x00000000df900000,0x00000000df900000,0x00000000e0a80000)
 ParOldGen       total 119808K, used 72429K [0x0000000081200000, 0x0000000088700000, 0x00000000d5b80000)
  object space 119808K, 60% used [0x0000000081200000,0x00000000858bb648,0x0000000088700000)
 Metaspace       used 26224K, capacity 26657K, committed 26752K, reserved 1073152K
  class space    used 3853K, capacity 3968K, committed 3968K, reserved 1048576K
Event: 12.472 GC heap after
Heap after GC invocations=13 (full 2):
 PSYoungGen      total 179200K, used 5240K [0x00000000d5b80000, 0x00000000e4280000, 0x0000000100000000)
  eden space 161280K, 0% used [0x00000000d5b80000,0x00000000d5b80000,0x00000000df900000)
  from space 17920K, 29% used [0x00000000df900000,0x00000000dfe1e020,0x00000000e0a80000)
  to   space 17408K, 0% used [0x00000000e3180000,0x00000000e3180000,0x00000000e4280000)
 ParOldGen       total 119808K, used 72437K [0x0000000081200000, 0x0000000088700000, 0x00000000d5b80000)
  object space 119808K, 60% used [0x0000000081200000,0x00000000858bd648,0x0000000088700000)
 Metaspace       used 26224K, capacity 26657K, committed 26752K, reserved 1073152K
  class space    used 3853K, capacity 3968K, committed 3968K, reserved 1048576K
}
Event: 16.785 GC heap before
{Heap before GC invocations=14 (full 2):
 PSYoungGen      total 179200K, used 166520K [0x00000000d5b80000, 0x00000000e4280000, 0x0000000100000000)
  eden space 161280K, 100% used [0x00000000d5b80000,0x00000000df900000,0x00000000df900000)
  from space 17920K, 29% used [0x00000000df900000,0x00000000dfe1e020,0x00000000e0a80000)
  to   space 17408K, 0% used [0x00000000e3180000,0x00000000e3180000,0x00000000e4280000)
 ParOldGen       total 119808K, used 72443K [0x0000000081200000, 0x0000000088700000, 0x00000000d5b80000)
  object space 119808K, 60% used [0x0000000081200000,0x00000000858bece0,0x0000000088700000)
 Metaspace       used 26570K, capacity 26983K, committed 27392K, reserved 1073152K
  class space    used 3867K, capacity 3969K, committed 4096K, reserved 1048576K
Event: 16.799 GC heap after
Heap after GC invocations=14 (full 2):
 PSYoungGen      total 210944K, used 3242K [0x00000000d5b80000, 0x00000000e3e80000, 0x0000000100000000)
  eden space 197632K, 0% used [0x00000000d5b80000,0x00000000d5b80000,0x00000000e1c80000)
  from space 13312K, 24% used [0x00000000e3180000,0x00000000e34aaaa0,0x00000000e3e80000)
  to   space 17408K, 0% used [0x00000000e1c80000,0x00000000e1c80000,0x00000000e2d80000)
 ParOldGen       total 119808K, used 72443K [0x0000000081200000, 0x0000000088700000, 0x00000000d5b80000)
  object space 119808K, 60% used [0x0000000081200000,0x00000000858bece0,0x0000000088700000)
 Metaspace       used 26570K, capacity 26983K, committed 27392K, reserved 1073152K
  class space    used 3867K, capacity 3969K, committed 4096K, reserved 1048576K
}
Event: 21.209 GC heap before
{Heap before GC invocations=15 (full 2):
 PSYoungGen      total 210944K, used 200874K [0x00000000d5b80000, 0x00000000e3e80000, 0x0000000100000000)
  eden space 197632K, 100% used [0x00000000d5b80000,0x00000000e1c80000,0x00000000e1c80000)
  from space 13312K, 24% used [0x00000000e3180000,0x00000000e34aaaa0,0x00000000e3e80000)
  to   space 17408K, 0% used [0x00000000e1c80000,0x00000000e1c80000,0x00000000e2d80000)
 ParOldGen       total 119808K, used 72443K [0x0000000081200000, 0x0000000088700000, 0x00000000d5b80000)
  object space 119808K, 60% used [0x0000000081200000,0x00000000858bece0,0x0000000088700000)
 Metaspace       used 26718K, capacity 27141K, committed 27392K, reserved 1073152K
  class space    used 3870K, capacity 3974K, committed 4096K, reserved 1048576K
Event: 21.219 GC heap after
Heap after GC invocations=15 (full 2):
 PSYoungGen      total 215040K, used 2811K [0x00000000d5b80000, 0x00000000e6300000, 0x0000000100000000)
  eden space 197632K, 0% used [0x00000000d5b80000,0x00000000d5b80000,0x00000000e1c80000)
  from space 17408K, 16% used [0x00000000e1c80000,0x00000000e1f3edc0,0x00000000e2d80000)
  to   space 16896K, 0% used [0x00000000e5280000,0x00000000e5280000,0x00000000e6300000)
 ParOldGen       total 119808K, used 72451K [0x0000000081200000, 0x0000000088700000, 0x00000000d5b80000)
  object space 119808K, 60% used [0x0000000081200000,0x00000000858c0ce0,0x0000000088700000)
 Metaspace       used 26718K, capacity 27141K, committed 27392K, reserved 1073152K
  class space    used 3870K, capacity 3974K, committed 4096K, reserved 1048576K
}

Deoptimization events (10 events):
Event: 16.917 Thread 0x0000000019ca4000 Uncommon trap: reason=class_check action=maybe_recompile pc=0x000000000342f910 method=sun.java2d.pipe.AlphaPaintPipe.startSequence(Lsun/java2d/SunGraphics2D;Ljava/awt/Shape;Ljava/awt/Rectangle;[I)Ljava/lang/Object; @ 10
Event: 16.921 Thread 0x0000000019ca4000 Uncommon trap: reason=unstable_if action=reinterpret pc=0x000000000343d9b4 method=sun.java2d.pipe.AlphaPaintPipe$TileContext.<init>(Lsun/java2d/SunGraphics2D;Ljava/awt/PaintContext;)V @ 53
Event: 16.931 Thread 0x000000001a3b9000 Uncommon trap: reason=unstable_if action=reinterpret pc=0x00000000031c807c method=java.util.TreeMap.getEntry(Ljava/lang/Object;)Ljava/util/TreeMap$Entry; @ 36
Event: 17.334 Thread 0x0000000019ca4000 Uncommon trap: reason=class_check action=maybe_recompile pc=0x000000000342f910 method=sun.java2d.pipe.AlphaPaintPipe.startSequence(Lsun/java2d/SunGraphics2D;Ljava/awt/Shape;Ljava/awt/Rectangle;[I)Ljava/lang/Object; @ 10
Event: 18.715 Thread 0x000000001a3b9000 Uncommon trap: reason=unstable_if action=reinterpret pc=0x00000000031aec8c method=civilisation.individu.Human.AStar(Lturtlekit/kernel/Patch;)Ljava/util/ArrayList; @ 514
Event: 18.753 Thread 0x000000001a3b9000 Uncommon trap: reason=unstable_if action=reinterpret pc=0x0000000003036580 method=civilisation.individu.Human.AStar(Lturtlekit/kernel/Patch;)Ljava/util/ArrayList; @ 514
Event: 19.544 Thread 0x0000000019ca4000 Uncommon trap: reason=class_check action=maybe_recompile pc=0x00000000029496c8 method=sun.java2d.SunGraphics2D.fill(Ljava/awt/Shape;)V @ 6
Event: 19.544 Thread 0x0000000019ca4000 Uncommon trap: reason=bimorphic action=maybe_recompile pc=0x0000000003289798 method=sun.java2d.pipe.ShapeSpanIterator.appendPath(Ljava/awt/geom/PathIterator;)V @ 16
Event: 22.752 Thread 0x000000001a3b9000 Uncommon trap: reason=unstable_if action=reinterpret pc=0x000000000331b92c method=java.lang.Math.max(FF)F @ 37
Event: 23.988 Thread 0x0000000019ca4000 Uncommon trap: reason=unstable_if action=reinterpret pc=0x0000000002eb4520 method=civilisation.world.WorldViewer.paintPatch(Ljava/awt/Graphics;Lturtlekit/kernel/Patch;III)V @ 235

Internal exceptions (10 events):
Event: 24.104 Thread 0x0000000019ca4000 Exception <a 'java/lang/NullPointerException'> (0x00000000deba7aa0) thrown at [C:\re\workspace\8-2-build-windows-amd64-cygwin\jdk8u111\7883\hotspot\src\share\vm\runtime\sharedRuntime.cpp, line 605]
Event: 24.104 Thread 0x0000000019ca4000 Implicit null exception at 0x000000000313bf1f to 0x000000000313c912
Event: 24.104 Thread 0x0000000019ca4000 Exception <a 'java/lang/NullPointerException'> (0x00000000deba7e90) thrown at [C:\re\workspace\8-2-build-windows-amd64-cygwin\jdk8u111\7883\hotspot\src\share\vm\runtime\sharedRuntime.cpp, line 605]
Event: 24.104 Thread 0x0000000019ca4000 Implicit null exception at 0x000000000313bf1f to 0x000000000313c912
Event: 24.104 Thread 0x0000000019ca4000 Exception <a 'java/lang/NullPointerException'> (0x00000000deba8280) thrown at [C:\re\workspace\8-2-build-windows-amd64-cygwin\jdk8u111\7883\hotspot\src\share\vm\runtime\sharedRuntime.cpp, line 605]
Event: 24.104 Thread 0x0000000019ca4000 Implicit null exception at 0x000000000313bf1f to 0x000000000313c912
Event: 24.104 Thread 0x0000000019ca4000 Exception <a 'java/lang/NullPointerException'> (0x00000000deba8670) thrown at [C:\re\workspace\8-2-build-windows-amd64-cygwin\jdk8u111\7883\hotspot\src\share\vm\runtime\sharedRuntime.cpp, line 605]
Event: 24.104 Thread 0x0000000019ca4000 Implicit null exception at 0x000000000313bf1f to 0x000000000313c912
Event: 24.104 Thread 0x0000000019ca4000 Exception <a 'java/lang/NullPointerException'> (0x00000000deba8a60) thrown at [C:\re\workspace\8-2-build-windows-amd64-cygwin\jdk8u111\7883\hotspot\src\share\vm\runtime\sharedRuntime.cpp, line 605]
Event: 24.104 Thread 0x0000000019ca4000 Implicit null exception at 0x000000000313bf1f to 0x000000000313c912

Events (10 events):
Event: 23.498 Thread 0x000000001a3b9000 DEOPT UNPACKING pc=0x000000000284787f sp=0x000000001f5be7d8 mode 0
Event: 23.508 Thread 0x000000001a3b9000 DEOPT PACKING pc=0x00000000030ef3aa sp=0x000000001f5be9f0
Event: 23.508 Thread 0x000000001a3b9000 DEOPT UNPACKING pc=0x000000000284787f sp=0x000000001f5be7d8 mode 0
Event: 23.518 Thread 0x000000001a3b9000 DEOPT PACKING pc=0x00000000030ef3aa sp=0x000000001f5be9f0
Event: 23.518 Thread 0x000000001a3b9000 DEOPT UNPACKING pc=0x000000000284787f sp=0x000000001f5be7d8 mode 0
Event: 23.988 Thread 0x0000000019ca4000 Uncommon trap: trap_request=0xffffff65 fr.pc=0x0000000002eb4520
Event: 23.988 Thread 0x0000000019ca4000 DEOPT PACKING pc=0x0000000002eb4520 sp=0x000000001a6fcc20
Event: 23.989 Thread 0x0000000019ca4000 DEOPT UNPACKING pc=0x000000000284582a sp=0x000000001a6fcbd8 mode 2
Event: 24.005 loading class org/lwjgl/opengl/GL31
Event: 24.005 loading class org/lwjgl/opengl/GL31 done


Dynamic libraries:
0x000000013f7a0000 - 0x000000013f7d7000 	C:\Program Files\Java\jre1.8.0_111\bin\javaw.exe
0x0000000076d90000 - 0x0000000076f3b000 	C:\Windows\SYSTEM32\ntdll.dll
0x0000000076b70000 - 0x0000000076c8f000 	C:\Windows\system32\kernel32.dll
0x000007fefcf20000 - 0x000007fefcf8a000 	C:\Windows\system32\KERNELBASE.dll
0x000007fefd880000 - 0x000007fefd95b000 	C:\Windows\system32\ADVAPI32.dll
0x000007fefeef0000 - 0x000007fefef8f000 	C:\Windows\system32\msvcrt.dll
0x000007fefef90000 - 0x000007fefefaf000 	C:\Windows\SYSTEM32\sechost.dll
0x000007fefe030000 - 0x000007fefe15d000 	C:\Windows\system32\RPCRT4.dll
0x0000000076c90000 - 0x0000000076d8a000 	C:\Windows\system32\USER32.dll
0x000007fefdc70000 - 0x000007fefdcd7000 	C:\Windows\system32\GDI32.dll
0x000007fefd0d0000 - 0x000007fefd0de000 	C:\Windows\system32\LPK.dll
0x000007fefdf60000 - 0x000007fefe02a000 	C:\Windows\system32\USP10.dll
0x000007fefb4b0000 - 0x000007fefb6a4000 	C:\Windows\WinSxS\amd64_microsoft.windows.common-controls_6595b64144ccf1df_6.0.7601.23403_none_e36ad4593102f066\COMCTL32.dll
0x000007fefd960000 - 0x000007fefd9d1000 	C:\Windows\system32\SHLWAPI.dll
0x000007fefdc40000 - 0x000007fefdc6e000 	C:\Windows\system32\IMM32.DLL
0x000007fefdb30000 - 0x000007fefdc39000 	C:\Windows\system32\MSCTF.dll
0x000007fefccb0000 - 0x000007fefcce0000 	C:\Windows\system32\nvinitx.dll
0x000007fefcca0000 - 0x000007fefccac000 	C:\Windows\system32\VERSION.dll
0x0000000074920000 - 0x0000000074926000 	C:\Program Files\NVIDIA Corporation\CoProcManager\detoured.dll
0x000007fefa790000 - 0x000007fefa7c8000 	C:\Program Files\NVIDIA Corporation\CoProcManager\nvd3d9wrapx.dll
0x000007fefdce0000 - 0x000007fefdeb7000 	C:\Windows\system32\SETUPAPI.dll
0x000007fefd070000 - 0x000007fefd0a6000 	C:\Windows\system32\CFGMGR32.dll
0x000007fefda50000 - 0x000007fefdb28000 	C:\Windows\system32\OLEAUT32.dll
0x000007fefd0e0000 - 0x000007fefd2e3000 	C:\Windows\system32\ole32.dll
0x000007fefcd90000 - 0x000007fefcdaa000 	C:\Windows\system32\DEVOBJ.dll
0x000007fefa760000 - 0x000007fefa784000 	C:\Program Files\NVIDIA Corporation\CoProcManager\nvdxgiwrapx.dll
0x0000000069de0000 - 0x0000000069eb2000 	C:\Program Files\Java\jre1.8.0_111\bin\msvcr100.dll
0x00000000529c0000 - 0x000000005325a000 	C:\Program Files\Java\jre1.8.0_111\bin\server\jvm.dll
0x000007fef1bd0000 - 0x000007fef1bd9000 	C:\Windows\system32\WSOCK32.dll
0x000007fefefb0000 - 0x000007fefeffd000 	C:\Windows\system32\WS2_32.dll
0x000007fefd9e0000 - 0x000007fefd9e8000 	C:\Windows\system32\NSI.dll
0x000007fef9f40000 - 0x000007fef9f7b000 	C:\Windows\system32\WINMM.dll
0x0000000076f50000 - 0x0000000076f57000 	C:\Windows\system32\PSAPI.DLL
0x0000000053cd0000 - 0x0000000053cdf000 	C:\Program Files\Java\jre1.8.0_111\bin\verify.dll
0x0000000053ca0000 - 0x0000000053cc9000 	C:\Program Files\Java\jre1.8.0_111\bin\java.dll
0x0000000053c80000 - 0x0000000053c96000 	C:\Program Files\Java\jre1.8.0_111\bin\zip.dll
0x000007fefe160000 - 0x000007fefeeec000 	C:\Windows\system32\SHELL32.dll
0x000007fefcce0000 - 0x000007fefccef000 	C:\Windows\system32\profapi.dll
0x00000000697e0000 - 0x0000000069978000 	C:\Program Files\Java\jre1.8.0_111\bin\awt.dll
0x000007fefae40000 - 0x000007fefae58000 	C:\Windows\system32\DWMAPI.DLL
0x000007fefb250000 - 0x000007fefb2a6000 	C:\Windows\system32\uxtheme.dll
0x000007fefcbd0000 - 0x000007fefcbdf000 	C:\Windows\system32\CRYPTBASE.dll
0x000007fefc570000 - 0x000007fefc588000 	C:\Windows\system32\CRYPTSP.dll
0x000007fefc250000 - 0x000007fefc297000 	C:\Windows\system32\rsaenh.dll
0x000007fefc340000 - 0x000007fefc35f000 	C:\Windows\system32\USERENV.dll
0x0000000053c60000 - 0x0000000053c7a000 	C:\Program Files\Java\jre1.8.0_111\bin\net.dll
0x000007fefc510000 - 0x000007fefc565000 	C:\Windows\system32\mswsock.dll
0x000007fefc500000 - 0x000007fefc507000 	C:\Windows\System32\wship6.dll
0x000007fef9960000 - 0x000007fef9987000 	C:\Windows\system32\IPHLPAPI.DLL
0x000007fef9950000 - 0x000007fef995b000 	C:\Windows\system32\WINNSI.DLL
0x000007fef9740000 - 0x000007fef9758000 	C:\Windows\system32\dhcpcsvc.DLL
0x000007fef9720000 - 0x000007fef9731000 	C:\Windows\system32\dhcpcsvc6.DLL
0x0000000053c40000 - 0x0000000053c51000 	C:\Program Files\Java\jre1.8.0_111\bin\nio.dll
0x000000006c7e0000 - 0x000000006c827000 	C:\Program Files\Java\jre1.8.0_111\bin\fontmanager.dll
0x000000006c790000 - 0x000000006c7d2000 	C:\Program Files\Java\jre1.8.0_111\bin\t2k.dll
0x000007fef9ea0000 - 0x000007fef9f40000 	C:\Windows\WinSxS\amd64_microsoft.windows.common-controls_6595b64144ccf1df_5.82.7601.17514_none_a4d6a923711520a9\comctl32.dll
0x000007feff000000 - 0x000007feff099000 	C:\Windows\system32\CLBCatQ.DLL
0x000007fefb330000 - 0x000007fefb45c000 	C:\Windows\system32\propsys.dll
0x000007fefae70000 - 0x000007fefae9d000 	C:\Windows\system32\ntmarta.dll
0x000007fefd9f0000 - 0x000007fefda42000 	C:\Windows\system32\WLDAP32.dll
0x000007fefcb70000 - 0x000007fefcbc7000 	C:\Windows\system32\apphelp.dll
0x000007fef4f00000 - 0x000007fef509c000 	C:\Windows\system32\NetworkExplorer.dll
0x000007fef71f0000 - 0x000007fef7224000 	C:\Windows\System32\shdocvw.dll
0x000007fefa870000 - 0x000007fefa87b000 	C:\Windows\system32\slc.dll
0x000007fef9440000 - 0x000007fef9458000 	C:\Windows\system32\MPR.dll
0x000007fef4ef0000 - 0x000007fef4efa000 	C:\Windows\System32\drprov.dll
0x000007fefc0a0000 - 0x000007fefc0dd000 	C:\Windows\System32\WINSTA.dll
0x000007fef4ec0000 - 0x000007fef4ee2000 	C:\Windows\System32\ntlanman.dll
0x000007fef4ea0000 - 0x000007fef4ebe000 	C:\Windows\System32\davclnt.dll
0x000007fef4e90000 - 0x000007fef4e9a000 	C:\Windows\System32\DAVHLPR.dll
0x000007fefab00000 - 0x000007fefab15000 	C:\Windows\system32\wkscli.dll
0x000007fef86f0000 - 0x000007fef86ff000 	C:\Windows\system32\cscapi.dll
0x000007fefab20000 - 0x000007fefab2c000 	C:\Windows\system32\netutils.dll
0x000007fee21f0000 - 0x000007fee2461000 	C:\Windows\system32\wpdshext.dll
0x000007fefb030000 - 0x000007fefb246000 	C:\Windows\WinSxS\amd64_microsoft.windows.gdiplus_6595b64144ccf1df_1.1.7601.23407_none_14556c1e8b95d0b8\gdiplus.dll
0x000007fef3090000 - 0x000007fef314d000 	C:\Windows\system32\PortableDeviceApi.dll
0x000007fefcf90000 - 0x000007fefcfcb000 	C:\Windows\system32\WINTRUST.dll
0x000000001ce70000 - 0x000000001cfdd000 	C:\Windows\system32\CRYPT32.dll
0x000007fefcd80000 - 0x000007fefcd8f000 	C:\Windows\system32\MSASN1.dll
0x000007fef7900000 - 0x000007fef7935000 	C:\Windows\system32\EhStorShell.dll
0x000007fee75c0000 - 0x000007fee75e7000 	C:\Windows\system32\EhStorAPI.dll
0x000007fef71e0000 - 0x000007fef71ec000 	C:\Windows\system32\LINKINFO.dll
0x000007fefac20000 - 0x000007fefad4a000 	C:\Windows\system32\WindowsCodecs.dll
0x000007fef8720000 - 0x000007fef879f000 	C:\Program Files (x86)\Adobe\Adobe Creative Cloud\CoreSyncExtension\CoreSync_x64.dll
0x000007fef8710000 - 0x000007fef8713000 	C:\Windows\system32\api-ms-win-core-synch-l1-2-0.DLL
0x000007fef7880000 - 0x000007fef78fe000 	C:\Windows\System32\cscui.dll
0x000007fef8700000 - 0x000007fef870c000 	C:\Windows\System32\CSCDLL.dll
0x000007fef7800000 - 0x000007fef7880000 	C:\Windows\system32\ntshrui.dll
0x000007fefc8d0000 - 0x000007fefc8f3000 	C:\Windows\system32\srvcli.dll
0x0000000180000000 - 0x0000000180051000 	C:\Users\C17\git\MetaCiv\MetaCiv\lib\natives-win\lwjgl64.dll
0x000007fef5790000 - 0x000007fef58ad000 	C:\Windows\system32\OPENGL32.dll
0x000007fef5760000 - 0x000007fef578d000 	C:\Windows\system32\GLU32.dll
0x000007fef5660000 - 0x000007fef5751000 	C:\Windows\system32\DDRAW.dll
0x000007fef50a0000 - 0x000007fef50a8000 	C:\Windows\system32\DCIMAN32.dll
0x000000001fdf0000 - 0x000000002057e000 	C:\Windows\system32\ig75icd64.dll
0x000007fef7320000 - 0x000007fef7764000 	C:\Windows\system32\igdusc64.dll
0x000007fefa3a0000 - 0x000007fefa43c000 	C:\Windows\system32\mscms.dll
0x000007fee7570000 - 0x000007fee75b2000 	C:\Windows\system32\icm32.dll
0x0000000069db0000 - 0x0000000069dda000 	C:\Program Files\Java\jre1.8.0_111\bin\dcpr.dll
0x0000000069d00000 - 0x0000000069da2000 	C:\Program Files\Java\jre1.8.0_111\bin\mlib_image.dll
0x000007feeabc0000 - 0x000007feeace5000 	C:\Windows\system32\dbghelp.dll

VM Arguments:
jvm_args: -Djava.library.path=C:\Users\C17\git\MetaCiv\MetaCiv\lib\natives-win -Dfile.encoding=Cp1252 
java_command: civilisation.CivLauncher
java_class_path (initial): C:\Users\C17\git\MetaCiv\MetaCiv\bin;C:\Users\C17\git\MetaCiv\MetaCiv\lib\turtlekit-3.0.0.4.jar;C:\Users\C17\git\MetaCiv\MetaCiv\lib\jars\lwjgl_util.jar;C:\Users\C17\git\MetaCiv\MetaCiv\lib\jars\lwjgl.jar;C:\Users\C17\git\MetaCiv\MetaCiv\lib\jars\slick-util.jar
Launcher Type: SUN_STANDARD

Environment Variables:
PATH=C:/Program Files/Java/jre1.8.0_111/bin/server;C:/Program Files/Java/jre1.8.0_111/bin;C:/Program Files/Java/jre1.8.0_111/lib/amd64;C:\ProgramData\Oracle\Java\javapath;C:\Program Files (x86)\Intel\iCLS Client\;C:\Program Files\Intel\iCLS Client\;C:\Windows\system32;C:\Windows;C:\Windows\System32\Wbem;C:\Windows\System32\WindowsPowerShell\v1.0\;C:\Program Files (x86)\NVIDIA Corporation\PhysX\Common;C:\Program Files\Intel\Intel(R) Management Engine Components\DAL;C:\Program Files\Intel\Intel(R) Management Engine Components\IPT;C:\Program Files (x86)\Intel\Intel(R) Management Engine Components\DAL;C:\Program Files (x86)\Intel\Intel(R) Management Engine Components\IPT;C:\Program Files (x86)\Skype\Phone\;C:\Windows\system32\config\systemprofile\.dnx\bin;C:\Program Files\Microsoft DNX\Dnvm\;C:\Program Files\Microsoft SQL Server\130\Tools\Binn\;C:\Program Files\Common Files\Autodesk Shared\;C:\Users\C17\Desktop;
USERNAME=C17
OS=Windows_NT
PROCESSOR_IDENTIFIER=Intel64 Family 6 Model 60 Stepping 3, GenuineIntel



---------------  S Y S T E M  ---------------

OS: Windows 7 , 64 bit Build 7601 (6.1.7601.23455)

CPU:total 4 (2 cores per cpu, 2 threads per core) family 6 model 60 stepping 3, cmov, cx8, fxsr, mmx, sse, sse2, sse3, ssse3, sse4.1, sse4.2, popcnt, avx, avx2, aes, clmul, erms, lzcnt, ht, tsc, tscinvbit, bmi1, bmi2

Memory: 4k page, physical 8307368k(3308544k free), swap 16612876k(10790524k free)

vm_info: Java HotSpot(TM) 64-Bit Server VM (25.111-b14) for windows-amd64 JRE (1.8.0_111-b14), built on Sep 22 2016 19:24:05 by "java_re" with MS VC++ 10.0 (VS2010)

time: Tue Apr 18 21:43:01 2017
elapsed time: 24 seconds (0d 0h 0m 24s)

