#
# A fatal error has been detected by the Java Runtime Environment:
#
#  EXCEPTION_ACCESS_VIOLATION (0xc0000005) at pc=0x000000005f68cd44, pid=8184, tid=0x0000000000001938
#
# JRE version: Java(TM) SE Runtime Environment (8.0_111-b14) (build 1.8.0_111-b14)
# Java VM: Java HotSpot(TM) 64-Bit Server VM (25.111-b14 mixed mode windows-amd64 compressed oops)
# Problematic frame:
# C  [ig75icd64.dll+0x1cd44]
#
# Failed to write core dump. Minidumps are not enabled by default on client versions of Windows
#
# If you would like to submit a bug report, please visit:
#   http://bugreport.java.com/bugreport/crash.jsp
# The crash happened outside the Java Virtual Machine in native code.
# See problematic frame for where to report the bug.
#

---------------  T H R E A D  ---------------

Current thread (0x000000005dc35800):  JavaThread "Thread-21" [_thread_in_native, id=6456, stack(0x0000000059a90000,0x0000000059b90000)]

siginfo: ExceptionCode=0xc0000005, writing address 0x0000000012735008

Registers:
RAX=0x0000000000000001, RBX=0x0000000060379000, RCX=0x0000000012735018, RDX=0x0000000059b8d680
RSP=0x0000000059b8d5a0, RBP=0x0000000059b8d6f0, RSI=0x0000000063f24f80, RDI=0x0000000000000001
R8 =0x0000000000000014, R9 =0x0000000000000000, R10=0x0000000000000001, R11=0x0000000000000001
R12=0x0000000000000000, R13=0x0000000012734fd4, R14=0x00000000603e0340, R15=0x000000006228dd30
RIP=0x000000005f68cd44, EFLAGS=0x0000000000010202

Top of Stack: (sp=0x0000000059b8d5a0)
0x0000000059b8d5a0:   0000001500000015 00000000fffffff4
0x0000000059b8d5b0:   0000000081fff210 0100000000000190
0x0000000059b8d5c0:   0000000059b8d7d0 00000000030376f8
0x0000000059b8d5d0:   0000000000000003 0000000000000003
0x0000000059b8d5e0:   ffffffff9fc1fce0 000000005f7cebf4
0x0000000059b8d5f0:   00000000127340fc 0000000000031440
0x0000000059b8d600:   00000011000000ae fffffff400000011
0x0000000059b8d610:   0000000000000009 0000000000000898
0x0000000059b8d620:   0100001000000003 0000000000000003
0x0000000059b8d630:   ffffffff9fc1fce0 000000005f7cebf4
0x0000000059b8d640:   0000000012734fb8 00000000603e03b8
0x0000000059b8d650:   000000000002a320 000000000313b658
0x0000000059b8d660:   0000000012734118 0000000000001754
0x0000000059b8d670:   010000107a000003 0000000000000000
0x0000000059b8d680:   ffffffff00000000 000000005f7cebf4
0x0000000059b8d690:   000000006228dd30 00000000603e03b8 

Instructions: (pc=0x000000005f68cd44)
0x000000005f68cd24:   d1 49 c1 eb 04 4d 85 db 0f 84 24 02 00 00 f3 0f
0x000000005f68cd34:   6f 02 41 ff c2 48 83 c1 10 41 8b c2 48 83 c2 10
0x000000005f68cd44:   f3 0f 7f 41 f0 49 3b c3 72 e4 e9 03 02 00 00 48
0x000000005f68cd54:   89 7c 24 40 8b f9 83 e7 0f 74 68 48 89 5c 24 50 


Register to memory mapping:

RAX=0x0000000000000001 is an unknown value
RBX=0x0000000060379000 is an unknown value
RCX=0x0000000012735018 is an unknown value
RDX=0x0000000059b8d680 is pointing into the stack for thread: 0x000000005dc35800
RSP=0x0000000059b8d5a0 is pointing into the stack for thread: 0x000000005dc35800
RBP=0x0000000059b8d6f0 is pointing into the stack for thread: 0x000000005dc35800
RSI=0x0000000063f24f80 is an unknown value
RDI=0x0000000000000001 is an unknown value
R8 =0x0000000000000014 is an unknown value
R9 =0x0000000000000000 is an unknown value
R10=0x0000000000000001 is an unknown value
R11=0x0000000000000001 is an unknown value
R12=0x0000000000000000 is an unknown value
R13=0x0000000012734fd4 is an unknown value
R14=0x00000000603e0340 is an unknown value
R15=0x000000006228dd30 is an unknown value


Stack: [0x0000000059a90000,0x0000000059b90000],  sp=0x0000000059b8d5a0,  free space=1013k
Native frames: (J=compiled Java code, j=interpreted, Vv=VM code, C=native code)
C  [ig75icd64.dll+0x1cd44]
C  [ig75icd64.dll+0x15ebf4]
C  [ig75icd64.dll+0x206305]
C  [ig75icd64.dll+0x58fb0]
C  [ig75icd64.dll+0x251195]
C  [ig75icd64.dll+0x7c731]
C  [ig75icd64.dll+0x14ecf0]
C  [ig75icd64.dll+0x14ee51]
C  [ig75icd64.dll+0x150871]
C  0x000000000328a65c

Java frames: (J=compiled Java code, j=interpreted, Vv=VM code)
J 4535  org.lwjgl.opengl.GL11.nglDrawElementsBO(IIIJJ)V (0 bytes) @ 0x000000000328a5d6 [0x000000000328a580+0x56]
J 4890 C2 renderEngine.MasterRenderer.render(Ljava/util/List;LrenderEngine/entities/Camera;Ljava/awt/image/BufferedImage;LrenderEngine/entities/Light;Ljava/util/ArrayList;Lorg/lwjgl/util/vector/Vector4f;FZZZLrenderEngine/shadowsMapping/ShadowFrameBuffer;LrenderEngine/sea/SeaFrameBuffers;Lorg/lwjgl/util/vector/Matrix4f;Lorg/lwjgl/util/vector/Matrix4f;Z)V (200 bytes) @ 0x00000000036b4674 [0x00000000036b2be0+0x1a94]
j  renderEngine.renderMain.run()V+1724
j  java.lang.Thread.run()V+11
v  ~StubRoutines::call_stub

---------------  P R O C E S S  ---------------

Java Threads: ( => current thread )
  0x000000005a027800 JavaThread "LWJGL Timer" daemon [_thread_blocked, id=3724, stack(0x0000000059ca0000,0x0000000059da0000)]
=>0x000000005dc35800 JavaThread "Thread-21" [_thread_in_native, id=6456, stack(0x0000000059a90000,0x0000000059b90000)]
  0x000000005dc31800 JavaThread "LIVING-7" [_thread_blocked, id=5840, stack(0x000000005f100000,0x000000005f200000)]
  0x000000005a029800 JavaThread "DestroyJavaVM" [_thread_blocked, id=6748, stack(0x0000000002540000,0x0000000002640000)]
  0x000000005a029000 JavaThread "LIVING-2" daemon [_thread_blocked, id=7004, stack(0x000000005e7d0000,0x000000005e8d0000)]
  0x000000005a028000 JavaThread "LIVING-1" daemon [_thread_blocked, id=8172, stack(0x000000005e6b0000,0x000000005e7b0000)]
  0x000000005a026000 JavaThread "TimerQueue" daemon [_thread_blocked, id=3600, stack(0x000000005ae50000,0x000000005af50000)]
  0x0000000059fff800 JavaThread "Swing-Shell" daemon [_thread_blocked, id=4580, stack(0x000000005d1d0000,0x000000005d2d0000)]
  0x0000000059e64000 JavaThread "AWT-EventQueue-0" [_thread_in_vm, id=5524, stack(0x000000005b2d0000,0x000000005b3d0000)]
  0x0000000059e3c000 JavaThread "AWT-Windows" daemon [_thread_in_native, id=5180, stack(0x000000005a8f0000,0x000000005a9f0000)]
  0x0000000059de7000 JavaThread "AWT-Shutdown" [_thread_blocked, id=7668, stack(0x0000000059b90000,0x0000000059c90000)]
  0x0000000059de6800 JavaThread "Java2D Disposer" daemon [_thread_blocked, id=8168, stack(0x000000005a710000,0x000000005a810000)]
  0x0000000059104800 JavaThread "Service Thread" daemon [_thread_blocked, id=7904, stack(0x0000000059880000,0x0000000059980000)]
  0x0000000059087000 JavaThread "C1 CompilerThread2" daemon [_thread_blocked, id=6432, stack(0x0000000059490000,0x0000000059590000)]
  0x0000000059086800 JavaThread "C2 CompilerThread1" daemon [_thread_blocked, id=6580, stack(0x0000000058c40000,0x0000000058d40000)]
  0x000000005772e800 JavaThread "C2 CompilerThread0" daemon [_thread_blocked, id=6628, stack(0x0000000058f80000,0x0000000059080000)]
  0x000000005772c000 JavaThread "Attach Listener" daemon [_thread_blocked, id=6712, stack(0x0000000058db0000,0x0000000058eb0000)]
  0x0000000057729000 JavaThread "Signal Dispatcher" daemon [_thread_blocked, id=7660, stack(0x0000000058b30000,0x0000000058c30000)]
  0x000000005770e800 JavaThread "Finalizer" daemon [_thread_blocked, id=3688, stack(0x00000000587d0000,0x00000000588d0000)]
  0x00000000576c7800 JavaThread "Reference Handler" daemon [_thread_blocked, id=5868, stack(0x0000000058990000,0x0000000058a90000)]

Other Threads:
  0x00000000576c0800 VMThread [stack: 0x00000000586c0000,0x00000000587c0000] [id=7864]
  0x0000000059126800 WatcherThread [stack: 0x0000000059770000,0x0000000059870000] [id=3644]

VM state:not at safepoint (normal execution)

VM Mutex/Monitor currently owned by a thread: None

Heap:
 PSYoungGen      total 344576K, used 26275K [0x00000000d5b80000, 0x00000000ebf00000, 0x0000000100000000)
  eden space 327168K, 7% used [0x00000000d5b80000,0x00000000d735eb90,0x00000000e9b00000)
  from space 17408K, 10% used [0x00000000eae00000,0x00000000eafca310,0x00000000ebf00000)
  to   space 18432K, 0% used [0x00000000e9b00000,0x00000000e9b00000,0x00000000ead00000)
 ParOldGen       total 361984K, used 193933K [0x0000000081200000, 0x0000000097380000, 0x00000000d5b80000)
  object space 361984K, 53% used [0x0000000081200000,0x000000008cf63640,0x0000000097380000)
 Metaspace       used 27487K, capacity 27905K, committed 28288K, reserved 1073152K
  class space    used 4012K, capacity 4128K, committed 4224K, reserved 1048576K

Card table byte_map: [0x0000000011cd0000,0x00000000120d0000] byte_map_base: 0x00000000118c7000

Marking Bits: (ParMarkBitMap*) 0x000000006ff3a6c0
 Begin Bits: [0x00000000129c0000, 0x0000000014978000)
 End Bits:   [0x0000000014978000, 0x0000000016930000)

Polling page: 0x0000000000220000

CodeCache: size=245760Kb used=14891Kb max_used=15863Kb free=230868Kb
 bounds [0x0000000002910000, 0x0000000003900000, 0x0000000011910000]
 total_blobs=5088 nmethods=4347 adapters=651
 compilation: enabled

Compilation events (10 events):
Event: 281.418 Thread 0x0000000059087000 5690       1       sun.swing.MenuItemLayoutHelper$LayoutResult::access$500 (5 bytes)
Event: 281.418 Thread 0x0000000059087000 nmethod 5690 0x00000000032e9990 code [0x00000000032e9ae0, 0x00000000032e9bd0]
Event: 281.418 Thread 0x0000000059087000 5685       3       javax.swing.plaf.metal.MetalButtonUI::update (135 bytes)
Event: 281.419 Thread 0x0000000059087000 nmethod 5685 0x0000000003611090 code [0x0000000003611320, 0x00000000036129f8]
Event: 281.419 Thread 0x0000000059087000 5692       1       sun.swing.MenuItemLayoutHelper$RectSize::getOrigWidth (5 bytes)
Event: 281.419 Thread 0x0000000059087000 nmethod 5692 0x0000000002d52510 code [0x0000000002d52660, 0x0000000002d52770]
Event: 281.463 Thread 0x0000000059087000 5693 % !   3       turtlekit.viewer.TKDefaultViewer::render @ 30 (203 bytes)
Event: 281.465 Thread 0x0000000059087000 nmethod 5693% 0x00000000033c6cd0 code [0x00000000033c70a0, 0x00000000033c9c58]
Event: 281.489 Thread 0x0000000059087000 5694   !   3       turtlekit.viewer.TKDefaultViewer::render (203 bytes)
Event: 281.491 Thread 0x0000000059087000 nmethod 5694 0x000000000366c290 code [0x000000000366c660, 0x000000000366ee18]

GC Heap History (10 events):
Event: 217.865 GC heap before
{Heap before GC invocations=46 (full 6):
 PSYoungGen      total 349696K, used 324362K [0x00000000d5b80000, 0x00000000ec980000, 0x0000000100000000)
  eden space 323584K, 99% used [0x00000000d5b80000,0x00000000e9698678,0x00000000e9780000)
  from space 26112K, 6% used [0x00000000e9780000,0x00000000e992a310,0x00000000eb100000)
  to   space 24576K, 0% used [0x00000000eb180000,0x00000000eb180000,0x00000000ec980000)
 ParOldGen       total 361984K, used 182657K [0x0000000081200000, 0x0000000097380000, 0x00000000d5b80000)
  object space 361984K, 50% used [0x0000000081200000,0x000000008c4605c0,0x0000000097380000)
 Metaspace       used 27252K, capacity 27617K, committed 27904K, reserved 1073152K
  class space    used 3981K, capacity 4096K, committed 4096K, reserved 1048576K
Event: 217.874 GC heap after
Heap after GC invocations=46 (full 6):
 PSYoungGen      total 346112K, used 1672K [0x00000000d5b80000, 0x00000000ec600000, 0x0000000100000000)
  eden space 325120K, 0% used [0x00000000d5b80000,0x00000000d5b80000,0x00000000e9900000)
  from space 20992K, 7% used [0x00000000eb180000,0x00000000eb322310,0x00000000ec600000)
  to   space 23040K, 0% used [0x00000000e9900000,0x00000000e9900000,0x00000000eaf80000)
 ParOldGen       total 361984K, used 182657K [0x0000000081200000, 0x0000000097380000, 0x00000000d5b80000)
  object space 361984K, 50% used [0x0000000081200000,0x000000008c4605c0,0x0000000097380000)
 Metaspace       used 27252K, capacity 27617K, committed 27904K, reserved 1073152K
  class space    used 3981K, capacity 4096K, committed 4096K, reserved 1048576K
}
Event: 238.385 GC heap before
{Heap before GC invocations=47 (full 6):
 PSYoungGen      total 346112K, used 325880K [0x00000000d5b80000, 0x00000000ec600000, 0x0000000100000000)
  eden space 325120K, 99% used [0x00000000d5b80000,0x00000000e981bcf0,0x00000000e9900000)
  from space 20992K, 7% used [0x00000000eb180000,0x00000000eb322310,0x00000000ec600000)
  to   space 23040K, 0% used [0x00000000e9900000,0x00000000e9900000,0x00000000eaf80000)
 ParOldGen       total 361984K, used 182657K [0x0000000081200000, 0x0000000097380000, 0x00000000d5b80000)
  object space 361984K, 50% used [0x0000000081200000,0x000000008c4605c0,0x0000000097380000)
 Metaspace       used 27252K, capacity 27617K, committed 27904K, reserved 1073152K
  class space    used 3981K, capacity 4096K, committed 4096K, reserved 1048576K
Event: 238.393 GC heap after
Heap after GC invocations=47 (full 6):
 PSYoungGen      total 348160K, used 1640K [0x00000000d5b80000, 0x00000000ec580000, 0x0000000100000000)
  eden space 325120K, 0% used [0x00000000d5b80000,0x00000000d5b80000,0x00000000e9900000)
  from space 23040K, 7% used [0x00000000e9900000,0x00000000e9a9a310,0x00000000eaf80000)
  to   space 22016K, 0% used [0x00000000eb000000,0x00000000eb000000,0x00000000ec580000)
 ParOldGen       total 361984K, used 182665K [0x0000000081200000, 0x0000000097380000, 0x00000000d5b80000)
  object space 361984K, 50% used [0x0000000081200000,0x000000008c4625c0,0x0000000097380000)
 Metaspace       used 27252K, capacity 27617K, committed 27904K, reserved 1073152K
  class space    used 3981K, capacity 4096K, committed 4096K, reserved 1048576K
}
Event: 253.882 GC heap before
{Heap before GC invocations=48 (full 6):
 PSYoungGen      total 348160K, used 325596K [0x00000000d5b80000, 0x00000000ec580000, 0x0000000100000000)
  eden space 325120K, 99% used [0x00000000d5b80000,0x00000000e97dcfe0,0x00000000e9900000)
  from space 23040K, 7% used [0x00000000e9900000,0x00000000e9a9a310,0x00000000eaf80000)
  to   space 22016K, 0% used [0x00000000eb000000,0x00000000eb000000,0x00000000ec580000)
 ParOldGen       total 361984K, used 184071K [0x0000000081200000, 0x0000000097380000, 0x00000000d5b80000)
  object space 361984K, 50% used [0x0000000081200000,0x000000008c5c1ed0,0x0000000097380000)
 Metaspace       used 27434K, capacity 27841K, committed 28288K, reserved 1073152K
  class space    used 4012K, capacity 4128K, committed 4224K, reserved 1048576K
Event: 253.893 GC heap after
Heap after GC invocations=48 (full 6):
 PSYoungGen      total 344576K, used 1640K [0x00000000d5b80000, 0x00000000ec200000, 0x0000000100000000)
  eden space 326144K, 0% used [0x00000000d5b80000,0x00000000d5b80000,0x00000000e9a00000)
  from space 18432K, 8% used [0x00000000eb000000,0x00000000eb19a310,0x00000000ec200000)
  to   space 20480K, 0% used [0x00000000e9a00000,0x00000000e9a00000,0x00000000eae00000)
 ParOldGen       total 361984K, used 184079K [0x0000000081200000, 0x0000000097380000, 0x00000000d5b80000)
  object space 361984K, 50% used [0x0000000081200000,0x000000008c5c3ed0,0x0000000097380000)
 Metaspace       used 27434K, capacity 27841K, committed 28288K, reserved 1073152K
  class space    used 4012K, capacity 4128K, committed 4224K, reserved 1048576K
}
Event: 265.830 GC heap before
{Heap before GC invocations=49 (full 6):
 PSYoungGen      total 344576K, used 327784K [0x00000000d5b80000, 0x00000000ec200000, 0x0000000100000000)
  eden space 326144K, 100% used [0x00000000d5b80000,0x00000000e9a00000,0x00000000e9a00000)
  from space 18432K, 8% used [0x00000000eb000000,0x00000000eb19a310,0x00000000ec200000)
  to   space 20480K, 0% used [0x00000000e9a00000,0x00000000e9a00000,0x00000000eae00000)
 ParOldGen       total 361984K, used 193925K [0x0000000081200000, 0x0000000097380000, 0x00000000d5b80000)
  object space 361984K, 53% used [0x0000000081200000,0x000000008cf61640,0x0000000097380000)
 Metaspace       used 27477K, capacity 27905K, committed 28288K, reserved 1073152K
  class space    used 4012K, capacity 4128K, committed 4224K, reserved 1048576K
Event: 265.839 GC heap after
Heap after GC invocations=49 (full 6):
 PSYoungGen      total 346624K, used 1768K [0x00000000d5b80000, 0x00000000ec100000, 0x0000000100000000)
  eden space 326144K, 0% used [0x00000000d5b80000,0x00000000d5b80000,0x00000000e9a00000)
  from space 20480K, 8% used [0x00000000e9a00000,0x00000000e9bba310,0x00000000eae00000)
  to   space 19456K, 0% used [0x00000000eae00000,0x00000000eae00000,0x00000000ec100000)
 ParOldGen       total 361984K, used 193933K [0x0000000081200000, 0x0000000097380000, 0x00000000d5b80000)
  object space 361984K, 53% used [0x0000000081200000,0x000000008cf63640,0x0000000097380000)
 Metaspace       used 27477K, capacity 27905K, committed 28288K, reserved 1073152K
  class space    used 4012K, capacity 4128K, committed 4224K, reserved 1048576K
}
Event: 281.099 GC heap before
{Heap before GC invocations=50 (full 6):
 PSYoungGen      total 346624K, used 327912K [0x00000000d5b80000, 0x00000000ec100000, 0x0000000100000000)
  eden space 326144K, 100% used [0x00000000d5b80000,0x00000000e9a00000,0x00000000e9a00000)
  from space 20480K, 8% used [0x00000000e9a00000,0x00000000e9bba310,0x00000000eae00000)
  to   space 19456K, 0% used [0x00000000eae00000,0x00000000eae00000,0x00000000ec100000)
 ParOldGen       total 361984K, used 193933K [0x0000000081200000, 0x0000000097380000, 0x00000000d5b80000)
  object space 361984K, 53% used [0x0000000081200000,0x000000008cf63640,0x0000000097380000)
 Metaspace       used 27477K, capacity 27905K, committed 28288K, reserved 1073152K
  class space    used 4012K, capacity 4128K, committed 4224K, reserved 1048576K
Event: 281.112 GC heap after
Heap after GC invocations=50 (full 6):
 PSYoungGen      total 344576K, used 1832K [0x00000000d5b80000, 0x00000000ebf00000, 0x0000000100000000)
  eden space 327168K, 0% used [0x00000000d5b80000,0x00000000d5b80000,0x00000000e9b00000)
  from space 17408K, 10% used [0x00000000eae00000,0x00000000eafca310,0x00000000ebf00000)
  to   space 18432K, 0% used [0x00000000e9b00000,0x00000000e9b00000,0x00000000ead00000)
 ParOldGen       total 361984K, used 193933K [0x0000000081200000, 0x0000000097380000, 0x00000000d5b80000)
  object space 361984K, 53% used [0x0000000081200000,0x000000008cf63640,0x0000000097380000)
 Metaspace       used 27477K, capacity 27905K, committed 28288K, reserved 1073152K
  class space    used 4012K, capacity 4128K, committed 4224K, reserved 1048576K
}

Deoptimization events (10 events):
Event: 281.072 Thread 0x0000000059e3c000 Uncommon trap: reason=unstable_if action=reinterpret pc=0x0000000003466bcc method=java.util.IdentityHashMap.put(Ljava/lang/Object;Ljava/lang/Object;)Ljava/lang/Object; @ 38
Event: 281.305 Thread 0x0000000059e64000 Uncommon trap: reason=unstable_if action=reinterpret pc=0x00000000032f3298 method=javax.swing.border.TitledBorder.getBorder()Ljavax/swing/border/Border; @ 4
Event: 281.305 Thread 0x0000000059e64000 Uncommon trap: reason=class_check action=maybe_recompile pc=0x00000000031f4880 method=javax.swing.border.TitledBorder.getBorderInsets(Ljavax/swing/border/Border;Ljava/awt/Component;Ljava/awt/Insets;)Ljava/awt/Insets; @ 16
Event: 281.305 Thread 0x0000000059e64000 Uncommon trap: reason=class_check action=maybe_recompile pc=0x00000000031957f8 method=sun.java2d.SunGraphics2D.fill(Ljava/awt/Shape;)V @ 6
Event: 281.305 Thread 0x0000000059e64000 Uncommon trap: reason=unstable_if action=reinterpret pc=0x000000000346719c method=java.awt.geom.Path2D$Float.getPathIterator(Ljava/awt/geom/AffineTransform;)Ljava/awt/geom/PathIterator; @ 1
Event: 281.305 Thread 0x0000000059e64000 Uncommon trap: reason=bimorphic action=maybe_recompile pc=0x00000000033d6948 method=sun.java2d.pipe.ShapeSpanIterator.appendPath(Ljava/awt/geom/PathIterator;)V @ 16
Event: 281.305 Thread 0x0000000059e64000 Uncommon trap: reason=unstable_if action=reinterpret pc=0x0000000003266b90 method=java.awt.geom.AffineTransform.transform([FI[FII)V @ 2
Event: 281.306 Thread 0x0000000059e64000 Uncommon trap: reason=unstable_if action=reinterpret pc=0x0000000002b6591c method=java.awt.geom.Path2D$Float.getBounds2D()Ljava/awt/geom/Rectangle2D; @ 71
Event: 281.384 Thread 0x0000000059e64000 Uncommon trap: reason=bimorphic action=maybe_recompile pc=0x000000000319f83c method=javax.swing.RepaintManager$4.run()Ljava/lang/Void; @ 91
Event: 281.420 Thread 0x0000000059e64000 Uncommon trap: reason=bimorphic action=maybe_recompile pc=0x000000000319f83c method=javax.swing.RepaintManager$4.run()Ljava/lang/Void; @ 91

Internal exceptions (10 events):
Event: 281.589 Thread 0x0000000059e64000 Exception <a 'java/lang/NullPointerException'> (0x00000000d718cd80) thrown at [C:\re\workspace\8-2-build-windows-amd64-cygwin\jdk8u111\7883\hotspot\src\share\vm\runtime\sharedRuntime.cpp, line 1085]
Event: 281.589 Thread 0x0000000059e64000 Exception <a 'java/lang/NullPointerException'> (0x00000000d718d170) thrown at [C:\re\workspace\8-2-build-windows-amd64-cygwin\jdk8u111\7883\hotspot\src\share\vm\runtime\sharedRuntime.cpp, line 1085]
Event: 281.589 Thread 0x0000000059e64000 Exception <a 'java/lang/NullPointerException'> (0x00000000d718d560) thrown at [C:\re\workspace\8-2-build-windows-amd64-cygwin\jdk8u111\7883\hotspot\src\share\vm\runtime\sharedRuntime.cpp, line 1085]
Event: 281.589 Thread 0x0000000059e64000 Exception <a 'java/lang/NullPointerException'> (0x00000000d718d950) thrown at [C:\re\workspace\8-2-build-windows-amd64-cygwin\jdk8u111\7883\hotspot\src\share\vm\runtime\sharedRuntime.cpp, line 1085]
Event: 281.589 Thread 0x0000000059e64000 Exception <a 'java/lang/NullPointerException'> (0x00000000d718dd40) thrown at [C:\re\workspace\8-2-build-windows-amd64-cygwin\jdk8u111\7883\hotspot\src\share\vm\runtime\sharedRuntime.cpp, line 1085]
Event: 281.589 Thread 0x0000000059e64000 Exception <a 'java/lang/NullPointerException'> (0x00000000d718e130) thrown at [C:\re\workspace\8-2-build-windows-amd64-cygwin\jdk8u111\7883\hotspot\src\share\vm\runtime\sharedRuntime.cpp, line 1085]
Event: 281.589 Thread 0x0000000059e64000 Exception <a 'java/lang/NullPointerException'> (0x00000000d718e520) thrown at [C:\re\workspace\8-2-build-windows-amd64-cygwin\jdk8u111\7883\hotspot\src\share\vm\runtime\sharedRuntime.cpp, line 1085]
Event: 281.590 Thread 0x0000000059e64000 Exception <a 'java/lang/NullPointerException'> (0x00000000d718e910) thrown at [C:\re\workspace\8-2-build-windows-amd64-cygwin\jdk8u111\7883\hotspot\src\share\vm\runtime\sharedRuntime.cpp, line 1085]
Event: 281.590 Thread 0x0000000059e64000 Exception <a 'java/lang/NullPointerException'> (0x00000000d718ed00) thrown at [C:\re\workspace\8-2-build-windows-amd64-cygwin\jdk8u111\7883\hotspot\src\share\vm\runtime\sharedRuntime.cpp, line 1085]
Event: 281.590 Thread 0x0000000059e64000 Exception <a 'java/lang/NullPointerException'> (0x00000000d718f0f0) thrown at [C:\re\workspace\8-2-build-windows-amd64-cygwin\jdk8u111\7883\hotspot\src\share\vm\runtime\sharedRuntime.cpp, line 1085]

Events (10 events):
Event: 281.305 Executing VM operation: RevokeBias
Event: 281.305 Executing VM operation: RevokeBias done
Event: 281.306 Thread 0x0000000059e64000 DEOPT PACKING pc=0x0000000002b6591c sp=0x000000005b3cbda0
Event: 281.306 Thread 0x0000000059e64000 DEOPT UNPACKING pc=0x000000000295582a sp=0x000000005b3cbd38 mode 2
Event: 281.384 Thread 0x0000000059e64000 Uncommon trap: trap_request=0xffffffc6 fr.pc=0x000000000319f83c
Event: 281.384 Thread 0x0000000059e64000 DEOPT PACKING pc=0x000000000319f83c sp=0x000000005b3cd490
Event: 281.384 Thread 0x0000000059e64000 DEOPT UNPACKING pc=0x000000000295582a sp=0x000000005b3cd3f8 mode 2
Event: 281.420 Thread 0x0000000059e64000 Uncommon trap: trap_request=0xffffffc6 fr.pc=0x000000000319f83c
Event: 281.420 Thread 0x0000000059e64000 DEOPT PACKING pc=0x000000000319f83c sp=0x000000005b3cd490
Event: 281.420 Thread 0x0000000059e64000 DEOPT UNPACKING pc=0x000000000295582a sp=0x000000005b3cd3f8 mode 2


Dynamic libraries:
0x000000013f2f0000 - 0x000000013f327000 	C:\Program Files\Java\jre1.8.0_111\bin\javaw.exe
0x0000000077510000 - 0x00000000776bb000 	C:\Windows\SYSTEM32\ntdll.dll
0x00000000773f0000 - 0x000000007750f000 	C:\Windows\system32\kernel32.dll
0x000007fefd510000 - 0x000007fefd57a000 	C:\Windows\system32\KERNELBASE.dll
0x000007fefe280000 - 0x000007fefe35b000 	C:\Windows\system32\ADVAPI32.dll
0x000007fefe360000 - 0x000007fefe3ff000 	C:\Windows\system32\msvcrt.dll
0x000007fefe260000 - 0x000007fefe27f000 	C:\Windows\SYSTEM32\sechost.dll
0x000007fefd8c0000 - 0x000007fefd9ed000 	C:\Windows\system32\RPCRT4.dll
0x00000000772f0000 - 0x00000000773ea000 	C:\Windows\system32\USER32.dll
0x000007feff5a0000 - 0x000007feff607000 	C:\Windows\system32\GDI32.dll
0x000007fefe460000 - 0x000007fefe46e000 	C:\Windows\system32\LPK.dll
0x000007feff2f0000 - 0x000007feff3ba000 	C:\Windows\system32\USP10.dll
0x000007fefaf10000 - 0x000007fefb104000 	C:\Windows\WinSxS\amd64_microsoft.windows.common-controls_6595b64144ccf1df_6.0.7601.23403_none_e36ad4593102f066\COMCTL32.dll
0x000007fefd840000 - 0x000007fefd8b1000 	C:\Windows\system32\SHLWAPI.dll
0x000007fefe1b0000 - 0x000007fefe1de000 	C:\Windows\system32\IMM32.DLL
0x000007fefdbe0000 - 0x000007fefdce9000 	C:\Windows\system32\MSCTF.dll
0x000007fefd430000 - 0x000007fefd460000 	C:\Windows\system32\nvinitx.dll
0x000007fefd420000 - 0x000007fefd42c000 	C:\Windows\system32\VERSION.dll
0x00000000750a0000 - 0x00000000750a6000 	C:\Program Files\NVIDIA Corporation\CoProcManager\detoured.dll
0x000007fefbf30000 - 0x000007fefbf68000 	C:\Program Files\NVIDIA Corporation\CoProcManager\nvd3d9wrapx.dll
0x000007feff3c0000 - 0x000007feff597000 	C:\Windows\system32\SETUPAPI.dll
0x000007fefd7f0000 - 0x000007fefd826000 	C:\Windows\system32\CFGMGR32.dll
0x000007fefde70000 - 0x000007fefdf48000 	C:\Windows\system32\OLEAUT32.dll
0x000007feff610000 - 0x000007feff813000 	C:\Windows\system32\ole32.dll
0x000007fefd620000 - 0x000007fefd63a000 	C:\Windows\system32\DEVOBJ.dll
0x000007fefbf00000 - 0x000007fefbf24000 	C:\Program Files\NVIDIA Corporation\CoProcManager\nvdxgiwrapx.dll
0x00000000778e0000 - 0x00000000779b2000 	C:\Program Files\Java\jre1.8.0_111\bin\msvcr100.dll
0x000000006f720000 - 0x000000006ffba000 	C:\Program Files\Java\jre1.8.0_111\bin\server\jvm.dll
0x000007fef17b0000 - 0x000007fef17b9000 	C:\Windows\system32\WSOCK32.dll
0x000007feff2a0000 - 0x000007feff2ed000 	C:\Windows\system32\WS2_32.dll
0x000007fefd830000 - 0x000007fefd838000 	C:\Windows\system32\NSI.dll
0x000007fefbb30000 - 0x000007fefbb6b000 	C:\Windows\system32\WINMM.dll
0x00000000776e0000 - 0x00000000776e7000 	C:\Windows\system32\PSAPI.DLL
0x00000000596a0000 - 0x00000000596af000 	C:\Program Files\Java\jre1.8.0_111\bin\verify.dll
0x0000000077e00000 - 0x0000000077e29000 	C:\Program Files\Java\jre1.8.0_111\bin\java.dll
0x0000000077de0000 - 0x0000000077df6000 	C:\Program Files\Java\jre1.8.0_111\bin\zip.dll
0x000007fefe510000 - 0x000007feff29c000 	C:\Windows\system32\SHELL32.dll
0x000007fefd460000 - 0x000007fefd46f000 	C:\Windows\system32\profapi.dll
0x000000006ca30000 - 0x000000006cbc8000 	C:\Program Files\Java\jre1.8.0_111\bin\awt.dll
0x000007fefbd90000 - 0x000007fefbda8000 	C:\Windows\system32\DWMAPI.DLL
0x000007fefb940000 - 0x000007fefb996000 	C:\Windows\system32\uxtheme.dll
0x000007fefd310000 - 0x000007fefd31f000 	C:\Windows\system32\CRYPTBASE.dll
0x000007fefccb0000 - 0x000007fefccc8000 	C:\Windows\system32\CRYPTSP.dll
0x000007fefc990000 - 0x000007fefc9d7000 	C:\Windows\system32\rsaenh.dll
0x000007fefca80000 - 0x000007fefca9f000 	C:\Windows\system32\USERENV.dll
0x0000000077dc0000 - 0x0000000077dda000 	C:\Program Files\Java\jre1.8.0_111\bin\net.dll
0x000007fefcc50000 - 0x000007fefcca5000 	C:\Windows\system32\mswsock.dll
0x000007fefcc40000 - 0x000007fefcc47000 	C:\Windows\System32\wship6.dll
0x000007fef9ec0000 - 0x000007fef9ee7000 	C:\Windows\system32\IPHLPAPI.DLL
0x000007fef9eb0000 - 0x000007fef9ebb000 	C:\Windows\system32\WINNSI.DLL
0x000007fef9bb0000 - 0x000007fef9bc8000 	C:\Windows\system32\dhcpcsvc.DLL
0x000007fef9b90000 - 0x000007fef9ba1000 	C:\Windows\system32\dhcpcsvc6.DLL
0x0000000077da0000 - 0x0000000077db1000 	C:\Program Files\Java\jre1.8.0_111\bin\nio.dll
0x0000000073f30000 - 0x0000000073f77000 	C:\Program Files\Java\jre1.8.0_111\bin\fontmanager.dll
0x0000000073f80000 - 0x0000000073fc2000 	C:\Program Files\Java\jre1.8.0_111\bin\t2k.dll
0x000007fefba90000 - 0x000007fefbb30000 	C:\Windows\WinSxS\amd64_microsoft.windows.common-controls_6595b64144ccf1df_5.82.7601.17514_none_a4d6a923711520a9\comctl32.dll
0x000007fefe470000 - 0x000007fefe509000 	C:\Windows\system32\CLBCatQ.DLL
0x000007fefbfa0000 - 0x000007fefc0cc000 	C:\Windows\system32\propsys.dll
0x000007fefc3a0000 - 0x000007fefc3cd000 	C:\Windows\system32\ntmarta.dll
0x000007fefe400000 - 0x000007fefe452000 	C:\Windows\system32\WLDAP32.dll
0x000007fefd2b0000 - 0x000007fefd307000 	C:\Windows\system32\apphelp.dll
0x000007fef73f0000 - 0x000007fef758c000 	C:\Windows\system32\NetworkExplorer.dll
0x000007fef7970000 - 0x000007fef79a4000 	C:\Windows\System32\shdocvw.dll
0x000007fefa420000 - 0x000007fefa42b000 	C:\Windows\system32\slc.dll
0x000007fef9e70000 - 0x000007fef9e88000 	C:\Windows\system32\MPR.dll
0x000007fef73e0000 - 0x000007fef73ea000 	C:\Windows\System32\drprov.dll
0x000007fefd3e0000 - 0x000007fefd41d000 	C:\Windows\System32\WINSTA.dll
0x000007fef73b0000 - 0x000007fef73d2000 	C:\Windows\System32\ntlanman.dll
0x000007fef7390000 - 0x000007fef73ae000 	C:\Windows\System32\davclnt.dll
0x000007fef7380000 - 0x000007fef738a000 	C:\Windows\System32\DAVHLPR.dll
0x000007fefa520000 - 0x000007fefa535000 	C:\Windows\system32\wkscli.dll
0x000007fef9360000 - 0x000007fef936f000 	C:\Windows\system32\cscapi.dll
0x000007fefa540000 - 0x000007fefa54c000 	C:\Windows\system32\netutils.dll
0x000007fee4930000 - 0x000007fee4ba1000 	C:\Windows\system32\wpdshext.dll
0x000007fefbb70000 - 0x000007fefbd86000 	C:\Windows\WinSxS\amd64_microsoft.windows.gdiplus_6595b64144ccf1df_1.1.7601.23407_none_14556c1e8b95d0b8\gdiplus.dll
0x000007fef1ac0000 - 0x000007fef1b7d000 	C:\Windows\system32\PortableDeviceApi.dll
0x000007fefd640000 - 0x000007fefd67b000 	C:\Windows\system32\WINTRUST.dll
0x000007fefd680000 - 0x000007fefd7ed000 	C:\Windows\system32\CRYPT32.dll
0x0000000002470000 - 0x000000000247f000 	C:\Windows\system32\MSASN1.dll
0x000007fef9890000 - 0x000007fef98c5000 	C:\Windows\system32\EhStorShell.dll
0x000007feeed10000 - 0x000007feeed37000 	C:\Windows\system32\EhStorAPI.dll
0x000007fef7960000 - 0x000007fef796c000 	C:\Windows\system32\LINKINFO.dll
0x000007fefa2f0000 - 0x000007fefa41a000 	C:\Windows\system32\WindowsCodecs.dll
0x000007fef98d0000 - 0x000007fef994f000 	C:\Program Files (x86)\Adobe\Adobe Creative Cloud\CoreSyncExtension\CoreSync_x64.dll
0x000007fefb420000 - 0x000007fefb423000 	C:\Windows\system32\api-ms-win-core-synch-l1-2-0.DLL
0x000007fef9380000 - 0x000007fef93fe000 	C:\Windows\System32\cscui.dll
0x000007fef9370000 - 0x000007fef937c000 	C:\Windows\System32\CSCDLL.dll
0x000007fef9240000 - 0x000007fef92c0000 	C:\Windows\system32\ntshrui.dll
0x000007fefcf50000 - 0x000007fefcf73000 	C:\Windows\system32\srvcli.dll
0x0000000180000000 - 0x0000000180051000 	C:\Users\C17\git\MetaCiv\MetaCiv\lib\natives\lwjgl64.dll
0x000007fef6570000 - 0x000007fef668d000 	C:\Windows\system32\OPENGL32.dll
0x000007fef50a0000 - 0x000007fef50cd000 	C:\Windows\system32\GLU32.dll
0x000007fef4b50000 - 0x000007fef4c41000 	C:\Windows\system32\DDRAW.dll
0x000007fef4b40000 - 0x000007fef4b48000 	C:\Windows\system32\DCIMAN32.dll
0x000000005f670000 - 0x000000005fdfe000 	C:\Windows\system32\ig75icd64.dll
0x000007fef7e00000 - 0x000007fef8244000 	C:\Windows\system32\igdusc64.dll
0x000007fefb110000 - 0x000007fefb1ac000 	C:\Windows\system32\mscms.dll
0x000007fee6e80000 - 0x000007fee6ec2000 	C:\Windows\system32\icm32.dll
0x0000000058610000 - 0x000000005863a000 	C:\Program Files\Java\jre1.8.0_111\bin\dcpr.dll
0x00000000588d0000 - 0x0000000058972000 	C:\Program Files\Java\jre1.8.0_111\bin\mlib_image.dll
0x000007feec960000 - 0x000007feeca85000 	C:\Windows\system32\dbghelp.dll

VM Arguments:
jvm_args: -Djava.library.path=C:\Users\C17\git\MetaCiv\MetaCiv\lib\natives -Dfile.encoding=Cp1252 
java_command: civilisation.CivLauncher
java_class_path (initial): C:\Users\C17\git\MetaCiv\MetaCiv\bin;C:\Users\C17\git\MetaCiv\MetaCiv\lib\turtlekit-3.0.0.4.jar;C:\Users\C17\git\MetaCiv\MetaCiv\lib\jars\lwjgl_util.jar;C:\Users\C17\git\MetaCiv\MetaCiv\lib\jars\lwjgl.jar;C:\Users\C17\git\MetaCiv\MetaCiv\lib\jars\slick-util.jar
Launcher Type: SUN_STANDARD

Environment Variables:
PATH=C:/Program Files/Java/jre1.8.0_111/bin/server;C:/Program Files/Java/jre1.8.0_111/bin;C:/Program Files/Java/jre1.8.0_111/lib/amd64;C:\ProgramData\Oracle\Java\javapath;C:\Program Files (x86)\Intel\iCLS Client\;C:\Program Files\Intel\iCLS Client\;C:\Windows\system32;C:\Windows;C:\Windows\System32\Wbem;C:\Windows\System32\WindowsPowerShell\v1.0\;C:\Program Files (x86)\NVIDIA Corporation\PhysX\Common;C:\Program Files\Intel\Intel(R) Management Engine Components\DAL;C:\Program Files\Intel\Intel(R) Management Engine Components\IPT;C:\Program Files (x86)\Intel\Intel(R) Management Engine Components\DAL;C:\Program Files (x86)\Intel\Intel(R) Management Engine Components\IPT;C:\Program Files (x86)\Skype\Phone\;C:\Windows\system32\config\systemprofile\.dnx\bin;C:\Program Files\Microsoft DNX\Dnvm\;C:\Program Files\Microsoft SQL Server\130\Tools\Binn\;C:\Program Files\Common Files\Autodesk Shared\;%R_HOME%;c:\python27\lib\site-packages\pywin32_system32;C:\Python27\Lib\site-packages\shared_libs;c:\python27\lib\site-packages\scons-2.3.0-py2.7-win32.egg\EGG-INFO\scripts;c:\python27\lib\site-packages\ann-1.1.2-win32.egg\bin;c:\python27\lib\site-packages\vplants.plantgl-2.19.0-py2.7-win32.egg\bin;c:\python27\lib\site-packages\qt4-4.8.5-py2.7-win32.egg\bin;c:\python27\lib\site-packages\vplants.aml-1.2.0-py2.7-win32.egg\bin;c:\python27\lib\site-packages\cgal-4.0-win32.egg\bin;c:\python27\lib\site-packages\mingw-5.1.4_4c-py2.7-win32.egg\bin;c:\python27\lib\site-packages\qt4_dev-4.8.5-py2.7-win32.egg\bin;c:\python27\lib\site-packages\bisonflex-2.4.1_2.5.35-win32.egg\bin;c:\python27\lib\site-packages\cmake-2.8.11.2-py2.7-win32.egg\bin;c:\python27\lib\site-packages\alinea.caribu-6.1.0-py2.7-win32.egg\bin;C:\Users\C17\Desktop;
USERNAME=C17
OS=Windows_NT
PROCESSOR_IDENTIFIER=Intel64 Family 6 Model 60 Stepping 3, GenuineIntel



---------------  S Y S T E M  ---------------

OS: Windows 7 , 64 bit Build 7601 (6.1.7601.23455)

CPU:total 4 (2 cores per cpu, 2 threads per core) family 6 model 60 stepping 3, cmov, cx8, fxsr, mmx, sse, sse2, sse3, ssse3, sse4.1, sse4.2, popcnt, avx, avx2, aes, clmul, erms, lzcnt, ht, tsc, tscinvbit, bmi1, bmi2

Memory: 4k page, physical 8307368k(1272700k free), swap 16612876k(7218020k free)

vm_info: Java HotSpot(TM) 64-Bit Server VM (25.111-b14) for windows-amd64 JRE (1.8.0_111-b14), built on Sep 22 2016 19:24:05 by "java_re" with MS VC++ 10.0 (VS2010)

time: Sat May 20 17:29:43 2017
elapsed time: 281 seconds (0d 0h 4m 41s)

